<?xml version="1.0" encoding="UTF-8"?><TestSessionContainer xmlns="http://www.codecover.org/xml/testsession-container" Date="1690907371221" TestSessionContainerId="e68be733-3438-4781-8776-e7f5359be118" version="1.0">
    <SrcFileList>
        <SrcFile Content="package login;&#13;&#10;&#13;&#10;import java.awt.Color;&#13;&#10;&#13;&#10;import games.GamesFrame;&#13;&#10;&#13;&#10;public class LoginActions {&#13;&#10;&#9;&#13;&#10;&#9;LoginFrame loginFrame;&#13;&#10;&#9;String userID;&#13;&#10;&#9;String password;&#13;&#10;&#9;&#13;&#10;&#9;LoginActions(LoginFrame loginFrame){&#13;&#10;&#9;&#9;this.loginFrame = loginFrame;&#13;&#10;&#9;}&#13;&#10;&#9;&#13;&#10;&#9;void loginButtonAction() {&#13;&#10;&#9;&#9;&#13;&#10;&#9;&#9;userID = loginFrame.userIDField.getText().toLowerCase();&#13;&#10;&#9;&#9;password = String.valueOf(loginFrame.userPasswordField.getPassword());&#13;&#10;&#9;&#9;&#13;&#10;&#9;&#9;// For MCDC Testing purposes&#13;&#10;&#9;&#9;&#13;&#10;&#9;&#9;if(!(loginFrame.credentialsMap.isEmpty()) &amp;&amp;&#13;&#10;&#9;&#9;&#9;&#9;(((loginFrame.credentialsMap.containsKey(userID)) &#13;&#10;&#9;&#9;&#9;&#9;&amp;&amp; (loginFrame.credentialsMap.get(userID)).getPassword().equals(password)) &#13;&#10;&#9;&#9;&#9;&#9;|| (userID.equals(&quot;guest&quot;) &amp;&amp; password.equals(&quot;guest&quot;)))){&#13;&#10;&#9;&#9;&#9;&#13;&#10;&#9;&#9;&#9;if (userID.equals(&quot;guest&quot;) &amp; password.equals(&quot;guest&quot;)) {&#13;&#10;&#9;&#9;&#9;&#9;if (loginFrame.credentialsMap.containsKey(&quot;guestUser&quot;)) {&#13;&#10;&#9;&#9;&#9;&#9;&#9;loginFrame.messageLabel.setForeground(Color.green);&#13;&#10;&#9;&#9;&#9;&#9;&#9;loginFrame.messageLabel.setText(&quot;Login successful&quot;);&#13;&#10;&#9;&#9;&#9;&#9;&#9;loginFrame.user = loginFrame.credentialsMap.get(&quot;guestUser&quot;);&#13;&#10;&#9;&#9;&#9;&#9;}&#13;&#10;&#9;&#9;&#9;&#9;else {&#13;&#10;&#9;&#9;&#9;&#9;&#9;loginFrame.messageLabel.setForeground(Color.red);&#13;&#10;&#9;&#9;&#9;&#9;&#9;loginFrame.messageLabel.setText(&quot;An error has occurred&quot;);&#13;&#10;&#9;&#9;&#9;&#9;&#9;return;&#13;&#10;&#9;&#9;&#9;&#9;}&#13;&#10;&#9;&#9;&#9;}&#13;&#10;&#9;&#9;&#9;else {&#13;&#10;&#9;&#9;&#9;&#9;loginFrame.messageLabel.setForeground(Color.green);&#13;&#10;&#9;&#9;&#9;&#9;loginFrame.messageLabel.setText(&quot;Login successful&quot;);&#13;&#10;&#9;&#9;&#9;&#9;loginFrame.user = loginFrame.credentialsMap.get(userID);&#13;&#10;&#9;&#9;&#9;}&#13;&#10;&#9;&#9;&#9;loginFrame.dispose(); // close loginFrame frame&#13;&#10;&#9;&#9;&#9;GamesFrame gamesFrame = new GamesFrame(loginFrame.user, loginFrame.setupFacade.getGamesList());&#13;&#10;&#9;&#9;&#9;&#13;&#10;&#9;&#9;}&#13;&#10;&#9;&#9;&#13;&#10;&#9;&#9;else if (!(loginFrame.credentialsMap.isEmpty()) &amp;&amp;&#13;&#10;&#9;&#9;&#9;&#9;((loginFrame.credentialsMap.containsKey(userID) &amp;&amp;&#13;&#10;&#9;&#9;&#9;&#9;!(loginFrame.credentialsMap.get(userID)).getPassword().equals(password))&#13;&#10;&#9;&#9;&#9;&#9;|| (userID.equals(&quot;guest&quot;) &amp;&amp; !(password.equals(&quot;guest&quot;))))) {&#13;&#10;&#9;&#9;&#9;&#13;&#10;&#9;&#9;&#9;loginFrame.messageLabel.setForeground(Color.red);&#13;&#10;&#9;&#9;&#9;loginFrame.messageLabel.setText(&quot;Wrong password&quot;);&#13;&#10;&#9;&#9;&#9;&#13;&#10;&#9;&#9;}&#13;&#10;&#9;&#9;&#13;&#10;&#9;&#9;else if (loginFrame.credentialsMap.isEmpty() ||&#13;&#10;&#9;&#9;&#9;&#9;!(loginFrame.credentialsMap.containsKey(userID)) || !(userID.equals(&quot;guest&quot;))) {&#13;&#10;&#9;&#9;&#9;loginFrame.messageLabel.setForeground(Color.red);&#13;&#10;&#9;&#9;&#9;loginFrame.messageLabel.setText(&quot;Username not found&quot;);&#13;&#10;&#9;&#9;}&#13;&#10;&#9;&#9;&#13;&#10;&#9;}&#13;&#10;&#13;&#10;}&#13;&#10;" Filename="LoginActions.java" Intrnl_Id="1"/>
    </SrcFileList>
    <CritList>
        <CritListEntry Name="org.codecover.model.utils.criteria.LoopCoverage" PluginName="org.codecover"/>
        <CritListEntry Name="org.codecover.model.utils.criteria.QMOCoverage" PluginName="org.codecover"/>
        <CritListEntry Name="org.codecover.model.utils.criteria.ConditionCoverage" PluginName="org.codecover"/>
        <CritListEntry Name="org.codecover.model.utils.criteria.BranchCoverage" PluginName="org.codecover"/>
        <CritListEntry Name="org.codecover.model.utils.criteria.SynchronizedStatementCoverage" PluginName="org.codecover"/>
        <CritListEntry Name="org.codecover.model.utils.criteria.StatementCoverage" PluginName="org.codecover"/>
    </CritList>
    <BoolOpList>
        <BoolOp Arity="2" Intrnl_Id="2" Name="conditional and (&amp;&amp;)">
            <BoolAssgnmntBoolMapList>
                <MapEntry BoolAssgnmnt="02" Value="false"/>
                <MapEntry BoolAssgnmnt="10" Value="false"/>
                <MapEntry BoolAssgnmnt="11" Value="true"/>
            </BoolAssgnmntBoolMapList>
        </BoolOp>
        <BoolOp Arity="2" Intrnl_Id="3" Name="conditional or (||)">
            <BoolAssgnmntBoolMapList>
                <MapEntry BoolAssgnmnt="00" Value="false"/>
                <MapEntry BoolAssgnmnt="01" Value="true"/>
                <MapEntry BoolAssgnmnt="12" Value="true"/>
            </BoolAssgnmntBoolMapList>
        </BoolOp>
        <BoolOp Arity="1" Intrnl_Id="4" Name="not (!)">
            <BoolAssgnmntBoolMapList>
                <MapEntry BoolAssgnmnt="1" Value="false"/>
                <MapEntry BoolAssgnmnt="0" Value="true"/>
            </BoolAssgnmntBoolMapList>
        </BoolOp>
        <BoolOp Arity="2" Intrnl_Id="5" Name="and (&amp;)">
            <BoolAssgnmntBoolMapList>
                <MapEntry BoolAssgnmnt="00" Value="false"/>
                <MapEntry BoolAssgnmnt="01" Value="false"/>
                <MapEntry BoolAssgnmnt="10" Value="false"/>
                <MapEntry BoolAssgnmnt="11" Value="true"/>
            </BoolAssgnmntBoolMapList>
        </BoolOp>
    </BoolOpList>
    <HierarchyLvlTypeList>
        <HierarchyLvlType EnglishName="package" IntrnlName="package" Intrnl_Id="6"/>
        <HierarchyLvlType EnglishName="method" IntrnlName="method" Intrnl_Id="7"/>
        <HierarchyLvlType EnglishName="class" IntrnlName="class" Intrnl_Id="8"/>
        <HierarchyLvlType EnglishName="default package" IntrnlName="default package" Intrnl_Id="9"/>
    </HierarchyLvlTypeList>
    <MASTRoot>
        <HierarchyLvl HierarchyLvlId="158" HierarchyLvlTypeId="9" Intrnl_Id="10" Name="default package">
            <Header/>
            <LocList/>
            <HierarchyLvl HierarchyLvlId="157" HierarchyLvlTypeId="6" Intrnl_Id="11" Name="login">
                <Header/>
                <LocList/>
                <HierarchyLvl HierarchyLvlId="156" HierarchyLvlTypeId="8" Intrnl_Id="12" Name="LoginActions">
                    <Header>
                        <Loc EndOffset="97" SrcFileId="1" StartOffset="72"/>
                    </Header>
                    <LocList>
                        <Loc EndOffset="2193" SrcFileId="1" StartOffset="72"/>
                    </LocList>
                    <HierarchyLvl HierarchyLvlId="154" HierarchyLvlTypeId="7" Intrnl_Id="13" Name="LoginActions">
                        <Header>
                            <Loc EndOffset="204" SrcFileId="1" StartOffset="169"/>
                        </Header>
                        <LocList>
                            <Loc EndOffset="242" SrcFileId="1" StartOffset="169"/>
                        </LocList>
                        <StmntSeq Intrnl_Id="14">
                            <LocList>
                                <Loc EndOffset="238" SrcFileId="1" StartOffset="209"/>
                            </LocList>
                            <BasicStmnt CovItemId="S1" CovItemPrefix="login.LoginActions.java" Intrnl_Id="15">
                                <LocList>
                                    <Loc EndOffset="238" SrcFileId="1" StartOffset="209"/>
                                </LocList>
                            </BasicStmnt>
                        </StmntSeq>
                    </HierarchyLvl>
                    <HierarchyLvl HierarchyLvlId="155" HierarchyLvlTypeId="7" Intrnl_Id="16" Name="loginButtonAction">
                        <Header>
                            <Loc EndOffset="272" SrcFileId="1" StartOffset="248"/>
                        </Header>
                        <LocList>
                            <Loc EndOffset="2188" SrcFileId="1" StartOffset="248"/>
                        </LocList>
                        <StmntSeq Intrnl_Id="17">
                            <LocList>
                                <Loc EndOffset="338" SrcFileId="1" StartOffset="282"/>
                                <Loc EndOffset="412" SrcFileId="1" StartOffset="342"/>
                                <Loc EndOffset="2180" SrcFileId="1" StartOffset="456"/>
                            </LocList>
                            <BasicStmnt CovItemId="S2" CovItemPrefix="login.LoginActions.java" Intrnl_Id="18">
                                <LocList>
                                    <Loc EndOffset="338" SrcFileId="1" StartOffset="282"/>
                                </LocList>
                            </BasicStmnt>
                            <BasicStmnt CovItemId="S3" CovItemPrefix="login.LoginActions.java" Intrnl_Id="19">
                                <LocList>
                                    <Loc EndOffset="412" SrcFileId="1" StartOffset="342"/>
                                </LocList>
                            </BasicStmnt>
                            <CondStmnt CovItemId="S4" CovItemPrefix="login.LoginActions.java" Intrnl_Id="20">
                                <Branch CovItemId="B1" CovItemPrefix="login.LoginActions.java" Implct="false" Intrnl_Id="21">
                                    <Cond/>
                                    <LocList>
                                        <Loc EndOffset="1537" SrcFileId="1" StartOffset="700"/>
                                    </LocList>
                                    <StmntSeq Intrnl_Id="22">
                                        <LocList>
                                            <Loc EndOffset="1375" SrcFileId="1" StartOffset="711"/>
                                            <Loc EndOffset="1401" SrcFileId="1" StartOffset="1380"/>
                                            <Loc EndOffset="1527" SrcFileId="1" StartOffset="1432"/>
                                        </LocList>
                                        <CondStmnt CovItemId="S5" CovItemPrefix="login.LoginActions.java" Intrnl_Id="23">
                                            <Branch CovItemId="B3" CovItemPrefix="login.LoginActions.java" Implct="false" Intrnl_Id="24">
                                                <Cond/>
                                                <LocList>
                                                    <Loc EndOffset="1181" SrcFileId="1" StartOffset="766"/>
                                                </LocList>
                                                <StmntSeq Intrnl_Id="25">
                                                    <LocList>
                                                        <Loc EndOffset="1175" SrcFileId="1" StartOffset="773"/>
                                                    </LocList>
                                                    <CondStmnt CovItemId="S6" CovItemPrefix="login.LoginActions.java" Intrnl_Id="26">
                                                        <Branch CovItemId="B5" CovItemPrefix="login.LoginActions.java" Implct="false" Intrnl_Id="27">
                                                            <Cond/>
                                                            <LocList>
                                                                <Loc EndOffset="1022" SrcFileId="1" StartOffset="829"/>
                                                            </LocList>
                                                            <StmntSeq Intrnl_Id="28">
                                                                <LocList>
                                                                    <Loc EndOffset="888" SrcFileId="1" StartOffset="837"/>
                                                                    <Loc EndOffset="947" SrcFileId="1" StartOffset="895"/>
                                                                    <Loc EndOffset="1015" SrcFileId="1" StartOffset="954"/>
                                                                </LocList>
                                                                <BasicStmnt CovItemId="S7" CovItemPrefix="login.LoginActions.java" Intrnl_Id="29">
                                                                    <LocList>
                                                                        <Loc EndOffset="888" SrcFileId="1" StartOffset="837"/>
                                                                    </LocList>
                                                                </BasicStmnt>
                                                                <BasicStmnt CovItemId="S8" CovItemPrefix="login.LoginActions.java" Intrnl_Id="30">
                                                                    <LocList>
                                                                        <Loc EndOffset="947" SrcFileId="1" StartOffset="895"/>
                                                                    </LocList>
                                                                </BasicStmnt>
                                                                <BasicStmnt CovItemId="S9" CovItemPrefix="login.LoginActions.java" Intrnl_Id="31">
                                                                    <LocList>
                                                                        <Loc EndOffset="1015" SrcFileId="1" StartOffset="954"/>
                                                                    </LocList>
                                                                </BasicStmnt>
                                                            </StmntSeq>
                                                        </Branch>
                                                        <Branch CovItemId="B6" CovItemPrefix="login.LoginActions.java" Implct="false" Intrnl_Id="32">
                                                            <Cond>
                                                                <Loc EndOffset="1032" SrcFileId="1" StartOffset="1028"/>
                                                            </Cond>
                                                            <LocList>
                                                                <Loc EndOffset="1175" SrcFileId="1" StartOffset="1033"/>
                                                            </LocList>
                                                            <StmntSeq Intrnl_Id="33">
                                                                <LocList>
                                                                    <Loc EndOffset="1090" SrcFileId="1" StartOffset="1041"/>
                                                                    <Loc EndOffset="1154" SrcFileId="1" StartOffset="1097"/>
                                                                    <Loc EndOffset="1168" SrcFileId="1" StartOffset="1161"/>
                                                                </LocList>
                                                                <BasicStmnt CovItemId="S10" CovItemPrefix="login.LoginActions.java" Intrnl_Id="34">
                                                                    <LocList>
                                                                        <Loc EndOffset="1090" SrcFileId="1" StartOffset="1041"/>
                                                                    </LocList>
                                                                </BasicStmnt>
                                                                <BasicStmnt CovItemId="S11" CovItemPrefix="login.LoginActions.java" Intrnl_Id="35">
                                                                    <LocList>
                                                                        <Loc EndOffset="1154" SrcFileId="1" StartOffset="1097"/>
                                                                    </LocList>
                                                                </BasicStmnt>
                                                                <BasicStmnt CovItemId="S12" CovItemPrefix="login.LoginActions.java" Intrnl_Id="36">
                                                                    <LocList>
                                                                        <Loc EndOffset="1168" SrcFileId="1" StartOffset="1161"/>
                                                                    </LocList>
                                                                </BasicStmnt>
                                                            </StmntSeq>
                                                        </Branch>
                                                        <Keyword EndOffset="775" SrcFileId="1" StartOffset="773"/>
                                                        <LocList>
                                                            <Loc EndOffset="1175" SrcFileId="1" StartOffset="773"/>
                                                        </LocList>
                                                        <RootTerm CovItemId="C3" CovItemPrefix="login.LoginActions.java" Intrnl_Id="37">
                                                            <BasicBoolTerm Intrnl_Id="38">
                                                                <LocList>
                                                                    <Loc EndOffset="827" SrcFileId="1" StartOffset="777"/>
                                                                </LocList>
                                                            </BasicBoolTerm>
                                                        </RootTerm>
                                                    </CondStmnt>
                                                </StmntSeq>
                                            </Branch>
                                            <Branch CovItemId="B4" CovItemPrefix="login.LoginActions.java" Implct="false" Intrnl_Id="39">
                                                <Cond>
                                                    <Loc EndOffset="1190" SrcFileId="1" StartOffset="1186"/>
                                                </Cond>
                                                <LocList>
                                                    <Loc EndOffset="1375" SrcFileId="1" StartOffset="1191"/>
                                                </LocList>
                                                <StmntSeq Intrnl_Id="40">
                                                    <LocList>
                                                        <Loc EndOffset="1249" SrcFileId="1" StartOffset="1198"/>
                                                        <Loc EndOffset="1307" SrcFileId="1" StartOffset="1255"/>
                                                        <Loc EndOffset="1369" SrcFileId="1" StartOffset="1313"/>
                                                    </LocList>
                                                    <BasicStmnt CovItemId="S13" CovItemPrefix="login.LoginActions.java" Intrnl_Id="41">
                                                        <LocList>
                                                            <Loc EndOffset="1249" SrcFileId="1" StartOffset="1198"/>
                                                        </LocList>
                                                    </BasicStmnt>
                                                    <BasicStmnt CovItemId="S14" CovItemPrefix="login.LoginActions.java" Intrnl_Id="42">
                                                        <LocList>
                                                            <Loc EndOffset="1307" SrcFileId="1" StartOffset="1255"/>
                                                        </LocList>
                                                    </BasicStmnt>
                                                    <BasicStmnt CovItemId="S15" CovItemPrefix="login.LoginActions.java" Intrnl_Id="43">
                                                        <LocList>
                                                            <Loc EndOffset="1369" SrcFileId="1" StartOffset="1313"/>
                                                        </LocList>
                                                    </BasicStmnt>
                                                </StmntSeq>
                                            </Branch>
                                            <Keyword EndOffset="713" SrcFileId="1" StartOffset="711"/>
                                            <LocList>
                                                <Loc EndOffset="1375" SrcFileId="1" StartOffset="711"/>
                                            </LocList>
                                            <RootTerm CovItemId="C2" CovItemPrefix="login.LoginActions.java" Intrnl_Id="44">
                                                <OpTerm BooleanOpId="5" Intrnl_Id="45">
                                                    <BasicBoolTerm Intrnl_Id="46">
                                                        <LocList>
                                                            <Loc EndOffset="737" SrcFileId="1" StartOffset="715"/>
                                                        </LocList>
                                                    </BasicBoolTerm>
                                                    <BasicBoolTerm Intrnl_Id="47">
                                                        <LocList>
                                                            <Loc EndOffset="764" SrcFileId="1" StartOffset="740"/>
                                                        </LocList>
                                                    </BasicBoolTerm>
                                                    <LocList>
                                                        <Loc EndOffset="739" SrcFileId="1" StartOffset="738"/>
                                                    </LocList>
                                                </OpTerm>
                                            </RootTerm>
                                        </CondStmnt>
                                        <BasicStmnt CovItemId="S16" CovItemPrefix="login.LoginActions.java" Intrnl_Id="48">
                                            <LocList>
                                                <Loc EndOffset="1401" SrcFileId="1" StartOffset="1380"/>
                                            </LocList>
                                        </BasicStmnt>
                                        <BasicStmnt CovItemId="S17" CovItemPrefix="login.LoginActions.java" Intrnl_Id="49">
                                            <LocList>
                                                <Loc EndOffset="1527" SrcFileId="1" StartOffset="1432"/>
                                            </LocList>
                                        </BasicStmnt>
                                    </StmntSeq>
                                </Branch>
                                <Branch CovItemId="B2" CovItemPrefix="login.LoginActions.java" Implct="false" Intrnl_Id="50">
                                    <Cond>
                                        <Loc EndOffset="1549" SrcFileId="1" StartOffset="1545"/>
                                    </Cond>
                                    <LocList>
                                        <Loc EndOffset="2180" SrcFileId="1" StartOffset="1550"/>
                                    </LocList>
                                    <StmntSeq Intrnl_Id="51">
                                        <LocList>
                                            <Loc EndOffset="2180" SrcFileId="1" StartOffset="1550"/>
                                        </LocList>
                                        <CondStmnt CovItemId="S18" CovItemPrefix="login.LoginActions.java" Intrnl_Id="52">
                                            <Branch CovItemId="B7" CovItemPrefix="login.LoginActions.java" Implct="false" Intrnl_Id="53">
                                                <Cond/>
                                                <LocList>
                                                    <Loc EndOffset="1921" SrcFileId="1" StartOffset="1796"/>
                                                </LocList>
                                                <StmntSeq Intrnl_Id="54">
                                                    <LocList>
                                                        <Loc EndOffset="1856" SrcFileId="1" StartOffset="1807"/>
                                                        <Loc EndOffset="1911" SrcFileId="1" StartOffset="1861"/>
                                                    </LocList>
                                                    <BasicStmnt CovItemId="S19" CovItemPrefix="login.LoginActions.java" Intrnl_Id="55">
                                                        <LocList>
                                                            <Loc EndOffset="1856" SrcFileId="1" StartOffset="1807"/>
                                                        </LocList>
                                                    </BasicStmnt>
                                                    <BasicStmnt CovItemId="S20" CovItemPrefix="login.LoginActions.java" Intrnl_Id="56">
                                                        <LocList>
                                                            <Loc EndOffset="1911" SrcFileId="1" StartOffset="1861"/>
                                                        </LocList>
                                                    </BasicStmnt>
                                                </StmntSeq>
                                            </Branch>
                                            <Branch CovItemId="B8" CovItemPrefix="login.LoginActions.java" Implct="false" Intrnl_Id="57">
                                                <Cond>
                                                    <Loc EndOffset="1933" SrcFileId="1" StartOffset="1929"/>
                                                </Cond>
                                                <LocList>
                                                    <Loc EndOffset="2180" SrcFileId="1" StartOffset="1934"/>
                                                </LocList>
                                                <StmntSeq Intrnl_Id="58">
                                                    <LocList>
                                                        <Loc EndOffset="2180" SrcFileId="1" StartOffset="1934"/>
                                                    </LocList>
                                                    <CondStmnt CovItemId="S21" CovItemPrefix="login.LoginActions.java" Intrnl_Id="59">
                                                        <Branch CovItemId="B9" CovItemPrefix="login.LoginActions.java" Implct="false" Intrnl_Id="60">
                                                            <Cond/>
                                                            <LocList>
                                                                <Loc EndOffset="2180" SrcFileId="1" StartOffset="2061"/>
                                                            </LocList>
                                                            <StmntSeq Intrnl_Id="61">
                                                                <LocList>
                                                                    <Loc EndOffset="2116" SrcFileId="1" StartOffset="2067"/>
                                                                    <Loc EndOffset="2175" SrcFileId="1" StartOffset="2121"/>
                                                                </LocList>
                                                                <BasicStmnt CovItemId="S22" CovItemPrefix="login.LoginActions.java" Intrnl_Id="62">
                                                                    <LocList>
                                                                        <Loc EndOffset="2116" SrcFileId="1" StartOffset="2067"/>
                                                                    </LocList>
                                                                </BasicStmnt>
                                                                <BasicStmnt CovItemId="S23" CovItemPrefix="login.LoginActions.java" Intrnl_Id="63">
                                                                    <LocList>
                                                                        <Loc EndOffset="2175" SrcFileId="1" StartOffset="2121"/>
                                                                    </LocList>
                                                                </BasicStmnt>
                                                            </StmntSeq>
                                                        </Branch>
                                                        <Branch CovItemId="B10" CovItemPrefix="login.LoginActions.java" Implct="true" Intrnl_Id="64">
                                                            <Cond/>
                                                            <LocList/>
                                                            <StmntSeq Intrnl_Id="65">
                                                                <LocList/>
                                                            </StmntSeq>
                                                        </Branch>
                                                        <Keyword EndOffset="1936" SrcFileId="1" StartOffset="1934"/>
                                                        <LocList>
                                                            <Loc EndOffset="2180" SrcFileId="1" StartOffset="1934"/>
                                                        </LocList>
                                                        <RootTerm CovItemId="C5" CovItemPrefix="login.LoginActions.java" Intrnl_Id="66">
                                                            <OpTerm BooleanOpId="3" Intrnl_Id="67">
                                                                <OpTerm BooleanOpId="3" Intrnl_Id="68">
                                                                    <BasicBoolTerm Intrnl_Id="69">
                                                                        <LocList>
                                                                            <Loc EndOffset="1973" SrcFileId="1" StartOffset="1938"/>
                                                                        </LocList>
                                                                    </BasicBoolTerm>
                                                                    <OpTerm BooleanOpId="4" Intrnl_Id="70">
                                                                        <BasicBoolTerm Intrnl_Id="71">
                                                                            <LocList>
                                                                                <Loc EndOffset="2029" SrcFileId="1" StartOffset="1984"/>
                                                                            </LocList>
                                                                        </BasicBoolTerm>
                                                                        <LocList>
                                                                            <Loc EndOffset="1983" SrcFileId="1" StartOffset="1982"/>
                                                                        </LocList>
                                                                    </OpTerm>
                                                                    <LocList>
                                                                        <Loc EndOffset="1976" SrcFileId="1" StartOffset="1974"/>
                                                                    </LocList>
                                                                </OpTerm>
                                                                <OpTerm BooleanOpId="4" Intrnl_Id="72">
                                                                    <BasicBoolTerm Intrnl_Id="73">
                                                                        <LocList>
                                                                            <Loc EndOffset="2058" SrcFileId="1" StartOffset="2036"/>
                                                                        </LocList>
                                                                    </BasicBoolTerm>
                                                                    <LocList>
                                                                        <Loc EndOffset="2035" SrcFileId="1" StartOffset="2034"/>
                                                                    </LocList>
                                                                </OpTerm>
                                                                <LocList>
                                                                    <Loc EndOffset="2033" SrcFileId="1" StartOffset="2031"/>
                                                                </LocList>
                                                            </OpTerm>
                                                        </RootTerm>
                                                    </CondStmnt>
                                                </StmntSeq>
                                            </Branch>
                                            <Keyword EndOffset="1552" SrcFileId="1" StartOffset="1550"/>
                                            <LocList>
                                                <Loc EndOffset="2180" SrcFileId="1" StartOffset="1550"/>
                                            </LocList>
                                            <RootTerm CovItemId="C4" CovItemPrefix="login.LoginActions.java" Intrnl_Id="74">
                                                <OpTerm BooleanOpId="2" Intrnl_Id="75">
                                                    <OpTerm BooleanOpId="4" Intrnl_Id="76">
                                                        <BasicBoolTerm Intrnl_Id="77">
                                                            <LocList>
                                                                <Loc EndOffset="1591" SrcFileId="1" StartOffset="1556"/>
                                                            </LocList>
                                                        </BasicBoolTerm>
                                                        <LocList>
                                                            <Loc EndOffset="1555" SrcFileId="1" StartOffset="1554"/>
                                                        </LocList>
                                                    </OpTerm>
                                                    <OpTerm BooleanOpId="3" Intrnl_Id="78">
                                                        <OpTerm BooleanOpId="2" Intrnl_Id="79">
                                                            <BasicBoolTerm Intrnl_Id="80">
                                                                <LocList>
                                                                    <Loc EndOffset="1648" SrcFileId="1" StartOffset="1603"/>
                                                                </LocList>
                                                            </BasicBoolTerm>
                                                            <OpTerm BooleanOpId="4" Intrnl_Id="81">
                                                                <BasicBoolTerm Intrnl_Id="82">
                                                                    <LocList>
                                                                        <Loc EndOffset="1728" SrcFileId="1" StartOffset="1658"/>
                                                                    </LocList>
                                                                </BasicBoolTerm>
                                                                <LocList>
                                                                    <Loc EndOffset="1658" SrcFileId="1" StartOffset="1657"/>
                                                                </LocList>
                                                            </OpTerm>
                                                            <LocList>
                                                                <Loc EndOffset="1651" SrcFileId="1" StartOffset="1649"/>
                                                            </LocList>
                                                        </OpTerm>
                                                        <OpTerm BooleanOpId="2" Intrnl_Id="83">
                                                            <BasicBoolTerm Intrnl_Id="84">
                                                                <LocList>
                                                                    <Loc EndOffset="1761" SrcFileId="1" StartOffset="1739"/>
                                                                </LocList>
                                                            </BasicBoolTerm>
                                                            <OpTerm BooleanOpId="4" Intrnl_Id="85">
                                                                <BasicBoolTerm Intrnl_Id="86">
                                                                    <LocList>
                                                                        <Loc EndOffset="1791" SrcFileId="1" StartOffset="1767"/>
                                                                    </LocList>
                                                                </BasicBoolTerm>
                                                                <LocList>
                                                                    <Loc EndOffset="1766" SrcFileId="1" StartOffset="1765"/>
                                                                </LocList>
                                                            </OpTerm>
                                                            <LocList>
                                                                <Loc EndOffset="1764" SrcFileId="1" StartOffset="1762"/>
                                                            </LocList>
                                                        </OpTerm>
                                                        <LocList>
                                                            <Loc EndOffset="1737" SrcFileId="1" StartOffset="1735"/>
                                                        </LocList>
                                                    </OpTerm>
                                                    <LocList>
                                                        <Loc EndOffset="1595" SrcFileId="1" StartOffset="1593"/>
                                                    </LocList>
                                                </OpTerm>
                                            </RootTerm>
                                        </CondStmnt>
                                    </StmntSeq>
                                </Branch>
                                <Keyword EndOffset="458" SrcFileId="1" StartOffset="456"/>
                                <LocList>
                                    <Loc EndOffset="2180" SrcFileId="1" StartOffset="456"/>
                                </LocList>
                                <RootTerm CovItemId="C1" CovItemPrefix="login.LoginActions.java" Intrnl_Id="87">
                                    <OpTerm BooleanOpId="2" Intrnl_Id="88">
                                        <OpTerm BooleanOpId="4" Intrnl_Id="89">
                                            <BasicBoolTerm Intrnl_Id="90">
                                                <LocList>
                                                    <Loc EndOffset="496" SrcFileId="1" StartOffset="461"/>
                                                </LocList>
                                            </BasicBoolTerm>
                                            <LocList>
                                                <Loc EndOffset="460" SrcFileId="1" StartOffset="459"/>
                                            </LocList>
                                        </OpTerm>
                                        <OpTerm BooleanOpId="3" Intrnl_Id="91">
                                            <OpTerm BooleanOpId="2" Intrnl_Id="92">
                                                <BasicBoolTerm Intrnl_Id="93">
                                                    <LocList>
                                                        <Loc EndOffset="554" SrcFileId="1" StartOffset="509"/>
                                                    </LocList>
                                                </BasicBoolTerm>
                                                <BasicBoolTerm Intrnl_Id="94">
                                                    <LocList>
                                                        <Loc EndOffset="635" SrcFileId="1" StartOffset="565"/>
                                                    </LocList>
                                                </BasicBoolTerm>
                                                <LocList>
                                                    <Loc EndOffset="564" SrcFileId="1" StartOffset="562"/>
                                                </LocList>
                                            </OpTerm>
                                            <OpTerm BooleanOpId="2" Intrnl_Id="95">
                                                <BasicBoolTerm Intrnl_Id="96">
                                                    <LocList>
                                                        <Loc EndOffset="669" SrcFileId="1" StartOffset="647"/>
                                                    </LocList>
                                                </BasicBoolTerm>
                                                <BasicBoolTerm Intrnl_Id="97">
                                                    <LocList>
                                                        <Loc EndOffset="697" SrcFileId="1" StartOffset="673"/>
                                                    </LocList>
                                                </BasicBoolTerm>
                                                <LocList>
                                                    <Loc EndOffset="672" SrcFileId="1" StartOffset="670"/>
                                                </LocList>
                                            </OpTerm>
                                            <LocList>
                                                <Loc EndOffset="645" SrcFileId="1" StartOffset="643"/>
                                            </LocList>
                                        </OpTerm>
                                        <LocList>
                                            <Loc EndOffset="500" SrcFileId="1" StartOffset="498"/>
                                        </LocList>
                                    </OpTerm>
                                </RootTerm>
                            </CondStmnt>
                        </StmntSeq>
                    </HierarchyLvl>
                </HierarchyLvl>
            </HierarchyLvl>
        </HierarchyLvl>
    </MASTRoot>
</TestSessionContainer>
