<?xml version="1.0" encoding="UTF-8"?><TestSessionContainer xmlns="http://www.codecover.org/xml/testsession-container" Date="1690919506596" TestSessionContainerId="fb3c2875-7744-4c22-b3a5-145bc03441b1" version="1.0">
    <SrcFileList>
        <SrcFile Content="package login;&#13;&#10;&#13;&#10;import java.awt.Color;&#13;&#10;&#13;&#10;import games.GamesFrame;&#13;&#10;&#13;&#10;public class LoginActions {&#13;&#10;&#9;&#13;&#10;&#9;LoginFrame loginFrame;&#13;&#10;&#9;String userID;&#13;&#10;&#9;String password;&#13;&#10;&#9;&#13;&#10;&#9;LoginActions(LoginFrame loginFrame){&#13;&#10;&#9;&#9;this.loginFrame = loginFrame;&#13;&#10;&#9;}&#13;&#10;&#9;&#13;&#10;&#9;void loginButtonAction() {&#13;&#10;&#9;&#9;&#13;&#10;&#9;&#9;userID = loginFrame.userIDField.getText().toLowerCase();&#13;&#10;&#9;&#9;password = String.valueOf(loginFrame.userPasswordField.getPassword());&#13;&#10;&#9;&#9;&#13;&#10;&#9;&#9;// Adapted for MCDC Testing purposes&#13;&#10;&#9;&#9;&#13;&#10;&#9;&#9;if(!(loginFrame.credentialsMap.isEmpty()) &amp;&amp;&#13;&#10;&#9;&#9;&#9;&#9;(((loginFrame.credentialsMap.containsKey(userID)) &#13;&#10;&#9;&#9;&#9;&#9;&amp;&amp; (loginFrame.credentialsMap.get(userID)).getPassword().equals(password))&#13;&#10;&#9;&#9;&#9;&#9;|| (userID.equals(&quot;guest&quot;) &amp;&amp; password.equals(&quot;guest&quot;)))){&#13;&#10;&#9;&#9;&#9;&#13;&#10;&#9;&#9;&#9;if (userID.equals(&quot;guest&quot;) &amp;&amp; password.equals(&quot;guest&quot;)) {&#13;&#10;&#9;&#9;&#9;&#9;// bitwise operator &amp; to avoid the short circuit evaluation&#13;&#10;&#9;&#9;&#9;&#9;// in order to cover all the conditions in testing&#13;&#10;&#9;&#9;&#9;&#9;if (loginFrame.credentialsMap.containsKey(&quot;guestUser&quot;)) {&#13;&#10;&#9;&#9;&#9;&#9;&#9;loginFrame.messageLabel.setForeground(Color.green);&#13;&#10;&#9;&#9;&#9;&#9;&#9;loginFrame.messageLabel.setText(&quot;Login successful&quot;);&#13;&#10;&#9;&#9;&#9;&#9;&#9;loginFrame.user = loginFrame.credentialsMap.get(&quot;guestUser&quot;);&#13;&#10;&#9;&#9;&#9;&#9;}&#13;&#10;&#9;&#9;&#9;&#9;else {&#13;&#10;&#9;&#9;&#9;&#9;&#9;loginFrame.messageLabel.setForeground(Color.red);&#13;&#10;&#9;&#9;&#9;&#9;&#9;loginFrame.messageLabel.setText(&quot;An error has occurred&quot;);&#13;&#10;&#9;&#9;&#9;&#9;&#9;return;&#13;&#10;&#9;&#9;&#9;&#9;}&#13;&#10;&#9;&#9;&#9;}&#13;&#10;&#9;&#9;&#9;else {&#13;&#10;&#9;&#9;&#9;&#9;loginFrame.messageLabel.setForeground(Color.green);&#13;&#10;&#9;&#9;&#9;&#9;loginFrame.messageLabel.setText(&quot;Login successful&quot;);&#13;&#10;&#9;&#9;&#9;&#9;loginFrame.user = loginFrame.credentialsMap.get(userID);&#13;&#10;&#9;&#9;&#9;}&#13;&#10;&#9;&#9;&#9;loginFrame.dispose(); // close loginFrame frame&#13;&#10;&#9;&#9;&#9;GamesFrame gamesFrame = new GamesFrame(loginFrame.user, loginFrame.setupFacade.getGamesList());&#13;&#10;&#9;&#9;&#9;&#13;&#10;&#9;&#9;}&#13;&#10;&#9;&#9;&#13;&#10;&#9;&#9;else if (!(loginFrame.credentialsMap.isEmpty()) &amp;&amp;&#13;&#10;&#9;&#9;&#9;&#9;((loginFrame.credentialsMap.containsKey(userID) &#13;&#10;&#9;&#9;&#9;&#9;&amp;&amp; !(loginFrame.credentialsMap.get(userID).getPassword().equals(password)))&#13;&#10;&#9;&#9;&#9;&#9;|| (userID.equals(&quot;guest&quot;) &amp;&amp; !(password.equals(&quot;guest&quot;))))) {&#13;&#10;&#9;&#9;&#9;&#13;&#10;&#9;&#9;&#9;loginFrame.messageLabel.setForeground(Color.red);&#13;&#10;&#9;&#9;&#9;loginFrame.messageLabel.setText(&quot;Wrong password&quot;);&#13;&#10;&#9;&#9;&#9;&#13;&#10;&#9;&#9;}&#13;&#10;&#9;&#9;&#13;&#10;&#9;&#9;else {&#13;&#10;&#9;&#9;&#9;loginFrame.messageLabel.setForeground(Color.red);&#13;&#10;&#9;&#9;&#9;loginFrame.messageLabel.setText(&quot;Username not found&quot;);&#13;&#10;&#9;&#9;}&#13;&#10;&#9;&#9;&#13;&#10;&#9;}&#13;&#10;&#13;&#10;}&#13;&#10;" Filename="LoginActions.java" Intrnl_Id="1"/>
    </SrcFileList>
    <CritList>
        <CritListEntry Name="org.codecover.model.utils.criteria.LoopCoverage" PluginName="org.codecover"/>
        <CritListEntry Name="org.codecover.model.utils.criteria.QMOCoverage" PluginName="org.codecover"/>
        <CritListEntry Name="org.codecover.model.utils.criteria.ConditionCoverage" PluginName="org.codecover"/>
        <CritListEntry Name="org.codecover.model.utils.criteria.BranchCoverage" PluginName="org.codecover"/>
        <CritListEntry Name="org.codecover.model.utils.criteria.SynchronizedStatementCoverage" PluginName="org.codecover"/>
        <CritListEntry Name="org.codecover.model.utils.criteria.StatementCoverage" PluginName="org.codecover"/>
    </CritList>
    <BoolOpList>
        <BoolOp Arity="2" Intrnl_Id="2" Name="conditional and (&amp;&amp;)">
            <BoolAssgnmntBoolMapList>
                <MapEntry BoolAssgnmnt="02" Value="false"/>
                <MapEntry BoolAssgnmnt="10" Value="false"/>
                <MapEntry BoolAssgnmnt="11" Value="true"/>
            </BoolAssgnmntBoolMapList>
        </BoolOp>
        <BoolOp Arity="2" Intrnl_Id="3" Name="conditional or (||)">
            <BoolAssgnmntBoolMapList>
                <MapEntry BoolAssgnmnt="00" Value="false"/>
                <MapEntry BoolAssgnmnt="01" Value="true"/>
                <MapEntry BoolAssgnmnt="12" Value="true"/>
            </BoolAssgnmntBoolMapList>
        </BoolOp>
        <BoolOp Arity="1" Intrnl_Id="4" Name="not (!)">
            <BoolAssgnmntBoolMapList>
                <MapEntry BoolAssgnmnt="1" Value="false"/>
                <MapEntry BoolAssgnmnt="0" Value="true"/>
            </BoolAssgnmntBoolMapList>
        </BoolOp>
    </BoolOpList>
    <HierarchyLvlTypeList>
        <HierarchyLvlType EnglishName="package" IntrnlName="package" Intrnl_Id="5"/>
        <HierarchyLvlType EnglishName="method" IntrnlName="method" Intrnl_Id="6"/>
        <HierarchyLvlType EnglishName="class" IntrnlName="class" Intrnl_Id="7"/>
        <HierarchyLvlType EnglishName="default package" IntrnlName="default package" Intrnl_Id="8"/>
    </HierarchyLvlTypeList>
    <MASTRoot>
        <HierarchyLvl HierarchyLvlId="170" HierarchyLvlTypeId="8" Intrnl_Id="9" Name="default package">
            <Header/>
            <LocList/>
            <HierarchyLvl HierarchyLvlId="169" HierarchyLvlTypeId="5" Intrnl_Id="10" Name="login">
                <Header/>
                <LocList/>
                <HierarchyLvl HierarchyLvlId="168" HierarchyLvlTypeId="7" Intrnl_Id="11" Name="LoginActions">
                    <Header>
                        <Loc EndOffset="97" SrcFileId="1" StartOffset="72"/>
                    </Header>
                    <LocList>
                        <Loc EndOffset="2196" SrcFileId="1" StartOffset="72"/>
                    </LocList>
                    <HierarchyLvl HierarchyLvlId="166" HierarchyLvlTypeId="6" Intrnl_Id="12" Name="LoginActions">
                        <Header>
                            <Loc EndOffset="204" SrcFileId="1" StartOffset="169"/>
                        </Header>
                        <LocList>
                            <Loc EndOffset="242" SrcFileId="1" StartOffset="169"/>
                        </LocList>
                        <StmntSeq Intrnl_Id="13">
                            <LocList>
                                <Loc EndOffset="238" SrcFileId="1" StartOffset="209"/>
                            </LocList>
                            <BasicStmnt CovItemId="S1" CovItemPrefix="login.LoginActions.java" Intrnl_Id="14">
                                <LocList>
                                    <Loc EndOffset="238" SrcFileId="1" StartOffset="209"/>
                                </LocList>
                            </BasicStmnt>
                        </StmntSeq>
                    </HierarchyLvl>
                    <HierarchyLvl HierarchyLvlId="167" HierarchyLvlTypeId="6" Intrnl_Id="15" Name="loginButtonAction">
                        <Header>
                            <Loc EndOffset="272" SrcFileId="1" StartOffset="248"/>
                        </Header>
                        <LocList>
                            <Loc EndOffset="2191" SrcFileId="1" StartOffset="248"/>
                        </LocList>
                        <StmntSeq Intrnl_Id="16">
                            <LocList>
                                <Loc EndOffset="338" SrcFileId="1" StartOffset="282"/>
                                <Loc EndOffset="412" SrcFileId="1" StartOffset="342"/>
                                <Loc EndOffset="2183" SrcFileId="1" StartOffset="464"/>
                            </LocList>
                            <BasicStmnt CovItemId="S2" CovItemPrefix="login.LoginActions.java" Intrnl_Id="17">
                                <LocList>
                                    <Loc EndOffset="338" SrcFileId="1" StartOffset="282"/>
                                </LocList>
                            </BasicStmnt>
                            <BasicStmnt CovItemId="S3" CovItemPrefix="login.LoginActions.java" Intrnl_Id="18">
                                <LocList>
                                    <Loc EndOffset="412" SrcFileId="1" StartOffset="342"/>
                                </LocList>
                            </BasicStmnt>
                            <CondStmnt CovItemId="S4" CovItemPrefix="login.LoginActions.java" Intrnl_Id="19">
                                <Branch CovItemId="B1" CovItemPrefix="login.LoginActions.java" Implct="false" Intrnl_Id="20">
                                    <Cond/>
                                    <LocList>
                                        <Loc EndOffset="1666" SrcFileId="1" StartOffset="707"/>
                                    </LocList>
                                    <StmntSeq Intrnl_Id="21">
                                        <LocList>
                                            <Loc EndOffset="1504" SrcFileId="1" StartOffset="718"/>
                                            <Loc EndOffset="1530" SrcFileId="1" StartOffset="1509"/>
                                            <Loc EndOffset="1656" SrcFileId="1" StartOffset="1561"/>
                                        </LocList>
                                        <CondStmnt CovItemId="S5" CovItemPrefix="login.LoginActions.java" Intrnl_Id="22">
                                            <Branch CovItemId="B3" CovItemPrefix="login.LoginActions.java" Implct="false" Intrnl_Id="23">
                                                <Cond/>
                                                <LocList>
                                                    <Loc EndOffset="1310" SrcFileId="1" StartOffset="774"/>
                                                </LocList>
                                                <StmntSeq Intrnl_Id="24">
                                                    <LocList>
                                                        <Loc EndOffset="1304" SrcFileId="1" StartOffset="902"/>
                                                    </LocList>
                                                    <CondStmnt CovItemId="S6" CovItemPrefix="login.LoginActions.java" Intrnl_Id="25">
                                                        <Branch CovItemId="B5" CovItemPrefix="login.LoginActions.java" Implct="false" Intrnl_Id="26">
                                                            <Cond/>
                                                            <LocList>
                                                                <Loc EndOffset="1151" SrcFileId="1" StartOffset="958"/>
                                                            </LocList>
                                                            <StmntSeq Intrnl_Id="27">
                                                                <LocList>
                                                                    <Loc EndOffset="1017" SrcFileId="1" StartOffset="966"/>
                                                                    <Loc EndOffset="1076" SrcFileId="1" StartOffset="1024"/>
                                                                    <Loc EndOffset="1144" SrcFileId="1" StartOffset="1083"/>
                                                                </LocList>
                                                                <BasicStmnt CovItemId="S7" CovItemPrefix="login.LoginActions.java" Intrnl_Id="28">
                                                                    <LocList>
                                                                        <Loc EndOffset="1017" SrcFileId="1" StartOffset="966"/>
                                                                    </LocList>
                                                                </BasicStmnt>
                                                                <BasicStmnt CovItemId="S8" CovItemPrefix="login.LoginActions.java" Intrnl_Id="29">
                                                                    <LocList>
                                                                        <Loc EndOffset="1076" SrcFileId="1" StartOffset="1024"/>
                                                                    </LocList>
                                                                </BasicStmnt>
                                                                <BasicStmnt CovItemId="S9" CovItemPrefix="login.LoginActions.java" Intrnl_Id="30">
                                                                    <LocList>
                                                                        <Loc EndOffset="1144" SrcFileId="1" StartOffset="1083"/>
                                                                    </LocList>
                                                                </BasicStmnt>
                                                            </StmntSeq>
                                                        </Branch>
                                                        <Branch CovItemId="B6" CovItemPrefix="login.LoginActions.java" Implct="false" Intrnl_Id="31">
                                                            <Cond>
                                                                <Loc EndOffset="1161" SrcFileId="1" StartOffset="1157"/>
                                                            </Cond>
                                                            <LocList>
                                                                <Loc EndOffset="1304" SrcFileId="1" StartOffset="1162"/>
                                                            </LocList>
                                                            <StmntSeq Intrnl_Id="32">
                                                                <LocList>
                                                                    <Loc EndOffset="1219" SrcFileId="1" StartOffset="1170"/>
                                                                    <Loc EndOffset="1283" SrcFileId="1" StartOffset="1226"/>
                                                                    <Loc EndOffset="1297" SrcFileId="1" StartOffset="1290"/>
                                                                </LocList>
                                                                <BasicStmnt CovItemId="S10" CovItemPrefix="login.LoginActions.java" Intrnl_Id="33">
                                                                    <LocList>
                                                                        <Loc EndOffset="1219" SrcFileId="1" StartOffset="1170"/>
                                                                    </LocList>
                                                                </BasicStmnt>
                                                                <BasicStmnt CovItemId="S11" CovItemPrefix="login.LoginActions.java" Intrnl_Id="34">
                                                                    <LocList>
                                                                        <Loc EndOffset="1283" SrcFileId="1" StartOffset="1226"/>
                                                                    </LocList>
                                                                </BasicStmnt>
                                                                <BasicStmnt CovItemId="S12" CovItemPrefix="login.LoginActions.java" Intrnl_Id="35">
                                                                    <LocList>
                                                                        <Loc EndOffset="1297" SrcFileId="1" StartOffset="1290"/>
                                                                    </LocList>
                                                                </BasicStmnt>
                                                            </StmntSeq>
                                                        </Branch>
                                                        <Keyword EndOffset="904" SrcFileId="1" StartOffset="902"/>
                                                        <LocList>
                                                            <Loc EndOffset="1304" SrcFileId="1" StartOffset="902"/>
                                                        </LocList>
                                                        <RootTerm CovItemId="C3" CovItemPrefix="login.LoginActions.java" Intrnl_Id="36">
                                                            <BasicBoolTerm Intrnl_Id="37">
                                                                <LocList>
                                                                    <Loc EndOffset="956" SrcFileId="1" StartOffset="906"/>
                                                                </LocList>
                                                            </BasicBoolTerm>
                                                        </RootTerm>
                                                    </CondStmnt>
                                                </StmntSeq>
                                            </Branch>
                                            <Branch CovItemId="B4" CovItemPrefix="login.LoginActions.java" Implct="false" Intrnl_Id="38">
                                                <Cond>
                                                    <Loc EndOffset="1319" SrcFileId="1" StartOffset="1315"/>
                                                </Cond>
                                                <LocList>
                                                    <Loc EndOffset="1504" SrcFileId="1" StartOffset="1320"/>
                                                </LocList>
                                                <StmntSeq Intrnl_Id="39">
                                                    <LocList>
                                                        <Loc EndOffset="1378" SrcFileId="1" StartOffset="1327"/>
                                                        <Loc EndOffset="1436" SrcFileId="1" StartOffset="1384"/>
                                                        <Loc EndOffset="1498" SrcFileId="1" StartOffset="1442"/>
                                                    </LocList>
                                                    <BasicStmnt CovItemId="S13" CovItemPrefix="login.LoginActions.java" Intrnl_Id="40">
                                                        <LocList>
                                                            <Loc EndOffset="1378" SrcFileId="1" StartOffset="1327"/>
                                                        </LocList>
                                                    </BasicStmnt>
                                                    <BasicStmnt CovItemId="S14" CovItemPrefix="login.LoginActions.java" Intrnl_Id="41">
                                                        <LocList>
                                                            <Loc EndOffset="1436" SrcFileId="1" StartOffset="1384"/>
                                                        </LocList>
                                                    </BasicStmnt>
                                                    <BasicStmnt CovItemId="S15" CovItemPrefix="login.LoginActions.java" Intrnl_Id="42">
                                                        <LocList>
                                                            <Loc EndOffset="1498" SrcFileId="1" StartOffset="1442"/>
                                                        </LocList>
                                                    </BasicStmnt>
                                                </StmntSeq>
                                            </Branch>
                                            <Keyword EndOffset="720" SrcFileId="1" StartOffset="718"/>
                                            <LocList>
                                                <Loc EndOffset="1504" SrcFileId="1" StartOffset="718"/>
                                            </LocList>
                                            <RootTerm CovItemId="C2" CovItemPrefix="login.LoginActions.java" Intrnl_Id="43">
                                                <OpTerm BooleanOpId="2" Intrnl_Id="44">
                                                    <BasicBoolTerm Intrnl_Id="45">
                                                        <LocList>
                                                            <Loc EndOffset="744" SrcFileId="1" StartOffset="722"/>
                                                        </LocList>
                                                    </BasicBoolTerm>
                                                    <BasicBoolTerm Intrnl_Id="46">
                                                        <LocList>
                                                            <Loc EndOffset="772" SrcFileId="1" StartOffset="748"/>
                                                        </LocList>
                                                    </BasicBoolTerm>
                                                    <LocList>
                                                        <Loc EndOffset="747" SrcFileId="1" StartOffset="745"/>
                                                    </LocList>
                                                </OpTerm>
                                            </RootTerm>
                                        </CondStmnt>
                                        <BasicStmnt CovItemId="S16" CovItemPrefix="login.LoginActions.java" Intrnl_Id="47">
                                            <LocList>
                                                <Loc EndOffset="1530" SrcFileId="1" StartOffset="1509"/>
                                            </LocList>
                                        </BasicStmnt>
                                        <BasicStmnt CovItemId="S17" CovItemPrefix="login.LoginActions.java" Intrnl_Id="48">
                                            <LocList>
                                                <Loc EndOffset="1656" SrcFileId="1" StartOffset="1561"/>
                                            </LocList>
                                        </BasicStmnt>
                                    </StmntSeq>
                                </Branch>
                                <Branch CovItemId="B2" CovItemPrefix="login.LoginActions.java" Implct="false" Intrnl_Id="49">
                                    <Cond>
                                        <Loc EndOffset="1678" SrcFileId="1" StartOffset="1674"/>
                                    </Cond>
                                    <LocList>
                                        <Loc EndOffset="2183" SrcFileId="1" StartOffset="1679"/>
                                    </LocList>
                                    <StmntSeq Intrnl_Id="50">
                                        <LocList>
                                            <Loc EndOffset="2183" SrcFileId="1" StartOffset="1679"/>
                                        </LocList>
                                        <CondStmnt CovItemId="S18" CovItemPrefix="login.LoginActions.java" Intrnl_Id="51">
                                            <Branch CovItemId="B7" CovItemPrefix="login.LoginActions.java" Implct="false" Intrnl_Id="52">
                                                <Cond/>
                                                <LocList>
                                                    <Loc EndOffset="2051" SrcFileId="1" StartOffset="1926"/>
                                                </LocList>
                                                <StmntSeq Intrnl_Id="53">
                                                    <LocList>
                                                        <Loc EndOffset="1986" SrcFileId="1" StartOffset="1937"/>
                                                        <Loc EndOffset="2041" SrcFileId="1" StartOffset="1991"/>
                                                    </LocList>
                                                    <BasicStmnt CovItemId="S19" CovItemPrefix="login.LoginActions.java" Intrnl_Id="54">
                                                        <LocList>
                                                            <Loc EndOffset="1986" SrcFileId="1" StartOffset="1937"/>
                                                        </LocList>
                                                    </BasicStmnt>
                                                    <BasicStmnt CovItemId="S20" CovItemPrefix="login.LoginActions.java" Intrnl_Id="55">
                                                        <LocList>
                                                            <Loc EndOffset="2041" SrcFileId="1" StartOffset="1991"/>
                                                        </LocList>
                                                    </BasicStmnt>
                                                </StmntSeq>
                                            </Branch>
                                            <Branch CovItemId="B8" CovItemPrefix="login.LoginActions.java" Implct="false" Intrnl_Id="56">
                                                <Cond>
                                                    <Loc EndOffset="2063" SrcFileId="1" StartOffset="2059"/>
                                                </Cond>
                                                <LocList>
                                                    <Loc EndOffset="2183" SrcFileId="1" StartOffset="2064"/>
                                                </LocList>
                                                <StmntSeq Intrnl_Id="57">
                                                    <LocList>
                                                        <Loc EndOffset="2119" SrcFileId="1" StartOffset="2070"/>
                                                        <Loc EndOffset="2178" SrcFileId="1" StartOffset="2124"/>
                                                    </LocList>
                                                    <BasicStmnt CovItemId="S21" CovItemPrefix="login.LoginActions.java" Intrnl_Id="58">
                                                        <LocList>
                                                            <Loc EndOffset="2119" SrcFileId="1" StartOffset="2070"/>
                                                        </LocList>
                                                    </BasicStmnt>
                                                    <BasicStmnt CovItemId="S22" CovItemPrefix="login.LoginActions.java" Intrnl_Id="59">
                                                        <LocList>
                                                            <Loc EndOffset="2178" SrcFileId="1" StartOffset="2124"/>
                                                        </LocList>
                                                    </BasicStmnt>
                                                </StmntSeq>
                                            </Branch>
                                            <Keyword EndOffset="1681" SrcFileId="1" StartOffset="1679"/>
                                            <LocList>
                                                <Loc EndOffset="2183" SrcFileId="1" StartOffset="1679"/>
                                            </LocList>
                                            <RootTerm CovItemId="C4" CovItemPrefix="login.LoginActions.java" Intrnl_Id="60">
                                                <OpTerm BooleanOpId="2" Intrnl_Id="61">
                                                    <OpTerm BooleanOpId="4" Intrnl_Id="62">
                                                        <BasicBoolTerm Intrnl_Id="63">
                                                            <LocList>
                                                                <Loc EndOffset="1720" SrcFileId="1" StartOffset="1685"/>
                                                            </LocList>
                                                        </BasicBoolTerm>
                                                        <LocList>
                                                            <Loc EndOffset="1684" SrcFileId="1" StartOffset="1683"/>
                                                        </LocList>
                                                    </OpTerm>
                                                    <OpTerm BooleanOpId="3" Intrnl_Id="64">
                                                        <OpTerm BooleanOpId="2" Intrnl_Id="65">
                                                            <BasicBoolTerm Intrnl_Id="66">
                                                                <LocList>
                                                                    <Loc EndOffset="1777" SrcFileId="1" StartOffset="1732"/>
                                                                </LocList>
                                                            </BasicBoolTerm>
                                                            <OpTerm BooleanOpId="4" Intrnl_Id="67">
                                                                <BasicBoolTerm Intrnl_Id="68">
                                                                    <LocList>
                                                                        <Loc EndOffset="1857" SrcFileId="1" StartOffset="1789"/>
                                                                    </LocList>
                                                                </BasicBoolTerm>
                                                                <LocList>
                                                                    <Loc EndOffset="1788" SrcFileId="1" StartOffset="1787"/>
                                                                </LocList>
                                                            </OpTerm>
                                                            <LocList>
                                                                <Loc EndOffset="1786" SrcFileId="1" StartOffset="1784"/>
                                                            </LocList>
                                                        </OpTerm>
                                                        <OpTerm BooleanOpId="2" Intrnl_Id="69">
                                                            <BasicBoolTerm Intrnl_Id="70">
                                                                <LocList>
                                                                    <Loc EndOffset="1891" SrcFileId="1" StartOffset="1869"/>
                                                                </LocList>
                                                            </BasicBoolTerm>
                                                            <OpTerm BooleanOpId="4" Intrnl_Id="71">
                                                                <BasicBoolTerm Intrnl_Id="72">
                                                                    <LocList>
                                                                        <Loc EndOffset="1921" SrcFileId="1" StartOffset="1897"/>
                                                                    </LocList>
                                                                </BasicBoolTerm>
                                                                <LocList>
                                                                    <Loc EndOffset="1896" SrcFileId="1" StartOffset="1895"/>
                                                                </LocList>
                                                            </OpTerm>
                                                            <LocList>
                                                                <Loc EndOffset="1894" SrcFileId="1" StartOffset="1892"/>
                                                            </LocList>
                                                        </OpTerm>
                                                        <LocList>
                                                            <Loc EndOffset="1867" SrcFileId="1" StartOffset="1865"/>
                                                        </LocList>
                                                    </OpTerm>
                                                    <LocList>
                                                        <Loc EndOffset="1724" SrcFileId="1" StartOffset="1722"/>
                                                    </LocList>
                                                </OpTerm>
                                            </RootTerm>
                                        </CondStmnt>
                                    </StmntSeq>
                                </Branch>
                                <Keyword EndOffset="466" SrcFileId="1" StartOffset="464"/>
                                <LocList>
                                    <Loc EndOffset="2183" SrcFileId="1" StartOffset="464"/>
                                </LocList>
                                <RootTerm CovItemId="C1" CovItemPrefix="login.LoginActions.java" Intrnl_Id="73">
                                    <OpTerm BooleanOpId="2" Intrnl_Id="74">
                                        <OpTerm BooleanOpId="4" Intrnl_Id="75">
                                            <BasicBoolTerm Intrnl_Id="76">
                                                <LocList>
                                                    <Loc EndOffset="504" SrcFileId="1" StartOffset="469"/>
                                                </LocList>
                                            </BasicBoolTerm>
                                            <LocList>
                                                <Loc EndOffset="468" SrcFileId="1" StartOffset="467"/>
                                            </LocList>
                                        </OpTerm>
                                        <OpTerm BooleanOpId="3" Intrnl_Id="77">
                                            <OpTerm BooleanOpId="2" Intrnl_Id="78">
                                                <BasicBoolTerm Intrnl_Id="79">
                                                    <LocList>
                                                        <Loc EndOffset="562" SrcFileId="1" StartOffset="517"/>
                                                    </LocList>
                                                </BasicBoolTerm>
                                                <BasicBoolTerm Intrnl_Id="80">
                                                    <LocList>
                                                        <Loc EndOffset="643" SrcFileId="1" StartOffset="573"/>
                                                    </LocList>
                                                </BasicBoolTerm>
                                                <LocList>
                                                    <Loc EndOffset="572" SrcFileId="1" StartOffset="570"/>
                                                </LocList>
                                            </OpTerm>
                                            <OpTerm BooleanOpId="2" Intrnl_Id="81">
                                                <BasicBoolTerm Intrnl_Id="82">
                                                    <LocList>
                                                        <Loc EndOffset="676" SrcFileId="1" StartOffset="654"/>
                                                    </LocList>
                                                </BasicBoolTerm>
                                                <BasicBoolTerm Intrnl_Id="83">
                                                    <LocList>
                                                        <Loc EndOffset="704" SrcFileId="1" StartOffset="680"/>
                                                    </LocList>
                                                </BasicBoolTerm>
                                                <LocList>
                                                    <Loc EndOffset="679" SrcFileId="1" StartOffset="677"/>
                                                </LocList>
                                            </OpTerm>
                                            <LocList>
                                                <Loc EndOffset="652" SrcFileId="1" StartOffset="650"/>
                                            </LocList>
                                        </OpTerm>
                                        <LocList>
                                            <Loc EndOffset="508" SrcFileId="1" StartOffset="506"/>
                                        </LocList>
                                    </OpTerm>
                                </RootTerm>
                            </CondStmnt>
                        </StmntSeq>
                    </HierarchyLvl>
                </HierarchyLvl>
            </HierarchyLvl>
        </HierarchyLvl>
    </MASTRoot>
</TestSessionContainer>
