<?xml version="1.0" encoding="UTF-8"?><TestSessionContainer xmlns="http://www.codecover.org/xml/testsession-container" Date="1690878433320" TestSessionContainerId="ae56d34e-ac48-489e-87e5-f4817b6bb6fd" version="1.0">
    <SrcFileList>
        <SrcFile Content="package login;&#13;&#10;&#13;&#10;import java.awt.Color;&#13;&#10;import java.awt.Font;&#13;&#10;import java.awt.Graphics;&#13;&#10;import java.awt.Image;&#13;&#10;import java.awt.event.ActionEvent;&#13;&#10;import java.awt.event.ActionListener;&#13;&#10;import java.io.File;&#13;&#10;import java.io.IOException;&#13;&#10;import java.util.HashMap;&#13;&#10;&#13;&#10;import javax.imageio.ImageIO;&#13;&#10;import javax.swing.BorderFactory;&#13;&#10;import javax.swing.ImageIcon;&#13;&#10;import javax.swing.JButton;&#13;&#10;import javax.swing.JFrame;&#13;&#10;import javax.swing.JLabel;&#13;&#10;import javax.swing.JPanel;&#13;&#10;import javax.swing.JPasswordField;&#13;&#10;import javax.swing.JTextField;&#13;&#10;import javax.swing.border.Border;&#13;&#10;&#13;&#10;import games.GamesFrame;&#13;&#10;&#13;&#10;public class LoginFrame extends JFrame implements ActionListener{&#13;&#10;&#9;&#13;&#10;&#9;// welcome&#13;&#10;&#9;JPanel welcomePanel = new JPanel();&#13;&#10;&#9;JLabel welcomeLabel = new JLabel(&quot;Welcome to the Retro Gaming Console&quot;);&#13;&#10;&#9;// login&#13;&#10;&#9;JLabel loginInfoLabel = new JLabel(&quot;Please login to your account&quot;);&#13;&#10;&#9;JPanel loginPanel = new JPanel();&#13;&#10;&#9;public JButton loginButton = new JButton(&quot;Log in&quot;);&#13;&#10;&#9;JButton resetButton = new JButton(&quot;Reset&quot;);&#13;&#10;&#9;JTextField userIDField = new JTextField();&#13;&#10;&#9;JPasswordField userPasswordField = new JPasswordField();&#13;&#10;&#9;JLabel userIDLabel = new JLabel(&quot;Username:&quot;);&#13;&#10;&#9;JLabel userPasswordLabel = new JLabel(&quot;Password:&quot;);&#13;&#10;&#9;JLabel messageLabel = new JLabel();&#13;&#10;&#9;SetupFacade setupFacade;&#13;&#10;&#9;HashMap&lt;String,Person&gt; credentialsMap;&#13;&#10;&#9;Person user;&#13;&#10;&#9;// signup&#13;&#10;&#9;JPanel signupPanel = new JPanel();&#13;&#10;&#9;JLabel signupLabel = new JLabel(&quot;Don't have an account?&quot;);&#13;&#10;&#9;JButton signupButton = new JButton(&quot;Sign up&quot;);&#13;&#10;&#9;JLabel guestLabel = new JLabel(&quot;or continue as a guest*&quot;);&#13;&#10;&#9;JButton guestButton = new JButton(&quot;Guest&quot;);&#13;&#10;&#9;JLabel signupInfoLabel = new JLabel();&#13;&#10;&#9;&#13;&#10;&#9;public LoginFrame(SetupFacade setupFacade) {&#13;&#10;&#9;&#9;this.setTitle(&quot;Retro Gaming Console&quot;);&#13;&#10;&#9;&#9;this.setDefaultCloseOperation(JFrame.EXIT_ON_CLOSE); //exit from application&#13;&#10;&#9;&#9;this.setResizable(false); //prevent from being resized&#13;&#10;&#9;&#9;this.setSize(900,506); //sets the x-dimension, and y-dimension&#13;&#10;&#9;&#9;this.setLocationRelativeTo(null); // position of the frame center of the screen&#13;&#10;&#9;&#9;&#13;&#10;&#9;&#9;// icon&#13;&#10;&#9;&#9;this.setIcon();&#13;&#10;&#9;&#9;&#13;&#10;&#9;&#9;// background image&#13;&#10;&#9;&#9;this.setBackground();&#13;&#10;&#9;&#9;&#13;&#10;&#9;&#9;// Welcome Panel&#13;&#10;&#9;&#9;this.setWelcome();&#13;&#10;&#9;&#9;&#13;&#10;&#9;&#9;// login panel&#13;&#10;&#9;&#9;this.setLogin(setupFacade);&#13;&#10;&#9;&#9;&#13;&#10;&#9;&#9;// signup panel&#13;&#10;&#9;&#9;this.setSignup();&#13;&#10;&#9;&#9;&#13;&#10;&#9;&#9;//Actions&#13;&#10;&#9;&#9;Actions actions = new Actions(this);&#13;&#10;&#13;&#10;&#9;&#9;//pack(); // resize to accommodate all the components&#13;&#10;&#9;&#9;this.setLayout(null); // custom layout&#13;&#10;&#9;&#9;this.setVisible(true); // frame visible&#9;&#13;&#10;&#9;}&#13;&#10;&#9;&#13;&#10;&#9;private void setWelcome() {&#13;&#10;&#9;&#9;welcomeLabel.setForeground(new Color(0xFFFFF)); //set font color of text&#13;&#10;&#9;&#9;welcomeLabel.setFont(new Font(&quot;&quot;, Font.PLAIN, 20)); // font&#13;&#10;&#9;&#9;welcomePanel.add(welcomeLabel);&#13;&#10;&#9;&#9;welcomePanel.setBounds(60, 20, 400, 40);&#13;&#10;&#9;&#9;welcomePanel.setOpaque(false); // panel color transparent&#13;&#10;&#9;&#9;this.add(welcomePanel);&#13;&#10;&#9;}&#13;&#10;&#9;&#13;&#10;&#9;private void setLogin(SetupFacade setupFacade) {&#13;&#10;&#9;&#9;&#13;&#10;&#9;&#9;this.setupFacade = setupFacade;&#13;&#10;&#9;&#9;this.credentialsMap = setupFacade.getCredentialsMap(); // {ID:password}&#13;&#10;&#9;&#9;&#13;&#10;&#9;&#9;// Panel&#13;&#10;&#9;&#9;loginPanel.setBounds(60,65,400,170);&#13;&#10;&#9;&#9;loginPanel.setLayout(null);&#13;&#10;&#9;&#9;&#13;&#10;&#9;&#9;// Label&#13;&#10;&#9;&#9;Font fontFields = new Font(&quot;&quot;, Font.PLAIN, 14);&#13;&#10;&#9;&#9;&#13;&#10;&#9;&#9;loginInfoLabel.setBounds(95, 0, 250, 20);&#9;&#13;&#10;&#9;&#9;loginInfoLabel.setForeground(new Color(0xFFFFF)); //set font color of text&#13;&#10;&#9;&#9;loginInfoLabel.setFont(new Font(&quot;&quot;, Font.PLAIN, 17)); // font&#13;&#10;&#9;&#9;&#13;&#10;&#9;&#9;userIDLabel.setBounds(25,30,75,25);&#13;&#10;&#9;&#9;userIDLabel.setForeground(new Color(0xFFFFF)); //set font color of text&#13;&#10;&#9;&#9;userIDLabel.setFont(fontFields); // font&#13;&#10;&#9;&#9;userIDField.setBounds(95,30,208,25);&#13;&#10;&#9;&#9;userIDField.setFont(fontFields); // font&#13;&#10;&#9;&#9;&#13;&#10;&#9;&#9;userPasswordLabel.setBounds(25,70,75,25);&#13;&#10;&#9;&#9;userPasswordLabel.setForeground(new Color(0xFFFFF)); //set font color of text&#13;&#10;&#9;&#9;userPasswordLabel.setFont(fontFields); // font&#13;&#10;&#9;&#9;userPasswordField.setBounds(95,70,208,25);&#13;&#10;&#9;&#9;userPasswordField.setFont(fontFields); // font&#13;&#10;&#9;&#9;&#13;&#10;&#9;&#9;messageLabel.setBounds(125,138,250,35);&#13;&#10;&#9;&#9;messageLabel.setFont(new Font(null,Font.PLAIN,17));&#13;&#10;&#9;&#9;&#13;&#10;&#9;&#9;loginButton.setBounds(95,110,104,25);&#13;&#10;&#9;&#9;loginButton.setFont(fontFields); // font&#13;&#10;&#9;&#9;loginButton.setFocusable(false);&#13;&#10;&#9;&#9;loginButton.addActionListener(this);&#13;&#10;&#9;&#9;&#13;&#10;&#9;&#9;resetButton.setBounds(199,110,104,25);&#13;&#10;&#9;&#9;resetButton.setFont(fontFields); // font&#13;&#10;&#9;&#9;resetButton.setFocusable(false);&#13;&#10;&#9;&#9;resetButton.addActionListener(this);&#13;&#10;&#9;&#9;&#13;&#10;&#9;&#9;loginPanel.add(loginInfoLabel);&#13;&#10;&#9;&#9;loginPanel.add(userIDLabel);&#13;&#10;&#9;&#9;loginPanel.add(userPasswordLabel);&#13;&#10;&#9;&#9;loginPanel.add(messageLabel);&#13;&#10;&#9;&#9;loginPanel.add(userIDField);&#13;&#10;&#9;&#9;loginPanel.add(userPasswordField);&#13;&#10;&#9;&#9;loginPanel.add(loginButton);&#13;&#10;&#9;&#9;loginPanel.add(resetButton);&#13;&#10;&#9;&#9;&#13;&#10;&#9;&#9;loginPanel.setOpaque(false);&#13;&#10;&#9;&#9;this.getRootPane().setDefaultButton(loginButton); // default triggered with enter key&#13;&#10;&#9;&#9;this.add(loginPanel);&#13;&#10;&#9;}&#13;&#10;&#9;&#13;&#10;&#9;private void setSignup() {&#13;&#10;&#9;&#9;&#13;&#10;&#9;&#9;Font fontFields = new Font(&quot;&quot;, Font.PLAIN, 14);&#13;&#10;&#9;&#9;&#13;&#10;&#9;&#9;signupPanel.setBounds(115, 235, 280, 120);&#13;&#10;&#9;&#9;signupPanel.setLayout(null);&#13;&#10;&#9;&#9;&#13;&#10;&#9;&#9;signupLabel.setBounds(20, 10, 250, 25);&#13;&#10;&#9;&#9;signupLabel.setForeground(new Color(0xFFFFF)); //set font color of text&#13;&#10;&#9;&#9;signupLabel.setFont(fontFields); // font&#13;&#10;&#9;&#9;signupButton.setBounds(175, 10, 90, 25);&#13;&#10;&#9;&#9;signupButton.setFont(fontFields); // font&#13;&#10;&#9;&#9;signupButton.addActionListener(this);&#13;&#10;&#9;&#9;&#13;&#10;&#9;&#9;guestLabel.setBounds(20, 40, 250, 25);&#13;&#10;&#9;&#9;guestLabel.setForeground(new Color(0xFFFFF)); //set font color of text&#13;&#10;&#9;&#9;guestLabel.setFont(fontFields); // font&#13;&#10;&#9;&#9;guestButton.setBounds(175, 40, 90, 25);&#13;&#10;&#9;&#9;guestButton.setFont(fontFields); // font&#13;&#10;&#9;&#9;guestButton.addActionListener(this);&#13;&#10;&#9;&#9;&#13;&#10;&#9;&#9;signupInfoLabel.setBounds(20, 60, 250, 50);&#13;&#10;&#9;&#9;signupInfoLabel.setText(&quot;&lt;html&gt;* Having an account allows you &lt;br&gt; to save your best scores&lt;/html&gt;&quot;);&#13;&#10;&#9;&#9;signupInfoLabel.setFont(fontFields); // font&#13;&#10;&#9;&#9;signupInfoLabel.setForeground(new Color(0xF400A1)); //set font color of text&#13;&#10;&#9;&#9;&#13;&#10;&#9;&#9;signupPanel.add(signupLabel);&#13;&#10;&#9;&#9;signupPanel.add(signupButton);&#13;&#10;&#9;&#9;signupPanel.add(guestLabel);&#13;&#10;&#9;&#9;signupPanel.add(guestButton);&#13;&#10;&#9;&#9;signupPanel.add(signupInfoLabel);&#13;&#10;&#9;&#9;this.add(signupPanel);&#13;&#10;&#9;&#9;&#13;&#10;&#9;&#9;signupPanel.setBackground(new Color(0x172d4d));&#13;&#10;&#9;&#9;Border signupPanelBorder = BorderFactory.createLineBorder(Color.CYAN, 2); // border cyan 2 pxl&#13;&#10;&#9;&#9;signupPanel.setBorder(signupPanelBorder);&#13;&#10;&#9;&#9;//signupPanel.setOpaque(false);&#13;&#10;&#9;}&#13;&#10;&#9;&#13;&#10;&#9;private void setIcon() {&#13;&#10;&#9;&#9;ImageIcon image = new ImageIcon(&quot;RetroGamingLogo.jpeg&quot;);&#13;&#10;&#9;&#9;this.setIconImage(image.getImage()); //change icon&#13;&#10;&#9;}&#13;&#10;&#9;&#13;&#10;&#9;private void setBackground() {&#13;&#10;&#9;&#9;try {&#13;&#10;&#9;&#9;&#9;Image background_image = ImageIO.read(new File(&quot;LoginBackground.jpg&quot;));&#13;&#10;&#9;&#9;&#9;this.setContentPane(new JPanel() {&#13;&#10;&#9;&#9;         @Override&#13;&#10;&#9;&#9;         public void paintComponent(Graphics g) {&#13;&#10;&#9;&#9;            super.paintComponent(g);&#13;&#10;&#9;&#9;            g.drawImage(background_image, 0, 0, null);&#13;&#10;&#9;&#9;         }&#13;&#10;&#9;&#9;      });&#13;&#10;&#9;&#9;} catch (IOException e) {&#13;&#10;&#9;&#9;&#9;this.getContentPane().setBackground(new Color(0x123456)); //change color of background&#13;&#10;&#9;&#9;&#9;e.printStackTrace();&#13;&#10;&#9;&#9;}&#13;&#10;&#9;&#9;&#13;&#10;&#9;}&#13;&#10;&#9;&#13;&#10;&#9;&#13;&#10;&#13;&#10;&#9;@Override&#13;&#10;&#9;public void actionPerformed(ActionEvent e) {&#13;&#10;&#9;&#9;&#13;&#10;&#9;&#9;if(e.getSource()==resetButton) {&#13;&#10;&#9;&#9;&#9;userIDField.setText(&quot;&quot;);&#13;&#10;&#9;&#9;&#9;userPasswordField.setText(&quot;&quot;);&#13;&#10;&#9;&#9;&#9;messageLabel.setText(&quot;&quot;);&#13;&#10;&#9;&#9;}&#13;&#10;&#9;&#9;&#13;&#10;&#9;&#9;if(e.getSource()==loginButton) {&#13;&#10;&#9;&#9;&#9;&#13;&#10;&#9;&#9;&#9;actions.loginButtonAction();&#13;&#10;&#9;&#9;&#9;&#13;&#10;&#9;&#9;}&#13;&#10;&#9;&#9;&#13;&#10;&#9;&#9;if(e.getSource()==signupButton) {&#13;&#10;&#9;&#9;&#9;SignupFrame signupFrame = new SignupFrame(credentialsMap);&#13;&#10;&#9;&#9;}&#13;&#10;&#9;&#9;&#13;&#10;&#9;&#9;if(e.getSource()==guestButton) {&#13;&#10;&#9;&#9;&#9;user = credentialsMap.get(&quot;guest&quot;);&#13;&#10;&#9;&#9;&#9;user.getScores().resetScores();&#13;&#10;&#9;&#9;&#9;this.dispose(); // close this frame&#13;&#10;&#9;&#9;&#9;GamesFrame gamesFrame = new GamesFrame(user, setupFacade.getGamesList());&#13;&#10;&#9;&#9;}&#13;&#10;&#9;}&#9;&#13;&#10;&#9;&#13;&#10;}&#13;&#10;" Filename="LoginFrame.java" Intrnl_Id="1"/>
    </SrcFileList>
    <CritList>
        <CritListEntry Name="org.codecover.model.utils.criteria.LoopCoverage" PluginName="org.codecover"/>
        <CritListEntry Name="org.codecover.model.utils.criteria.QMOCoverage" PluginName="org.codecover"/>
        <CritListEntry Name="org.codecover.model.utils.criteria.ConditionCoverage" PluginName="org.codecover"/>
        <CritListEntry Name="org.codecover.model.utils.criteria.BranchCoverage" PluginName="org.codecover"/>
        <CritListEntry Name="org.codecover.model.utils.criteria.SynchronizedStatementCoverage" PluginName="org.codecover"/>
        <CritListEntry Name="org.codecover.model.utils.criteria.StatementCoverage" PluginName="org.codecover"/>
    </CritList>
    <BoolOpList/>
    <HierarchyLvlTypeList>
        <HierarchyLvlType EnglishName="package" IntrnlName="package" Intrnl_Id="2"/>
        <HierarchyLvlType EnglishName="anonymous class" IntrnlName="class" Intrnl_Id="3"/>
        <HierarchyLvlType EnglishName="method" IntrnlName="method" Intrnl_Id="4"/>
        <HierarchyLvlType EnglishName="class" IntrnlName="class" Intrnl_Id="5"/>
        <HierarchyLvlType EnglishName="default package" IntrnlName="default package" Intrnl_Id="6"/>
    </HierarchyLvlTypeList>
    <MASTRoot>
        <HierarchyLvl HierarchyLvlId="41" HierarchyLvlTypeId="6" Intrnl_Id="7" Name="default package">
            <Header/>
            <LocList/>
            <HierarchyLvl HierarchyLvlId="40" HierarchyLvlTypeId="2" Intrnl_Id="8" Name="login">
                <Header/>
                <LocList/>
                <HierarchyLvl HierarchyLvlId="39" HierarchyLvlTypeId="5" Intrnl_Id="9" Name="LoginFrame">
                    <Header>
                        <Loc EndOffset="678" SrcFileId="1" StartOffset="614"/>
                    </Header>
                    <LocList>
                        <Loc EndOffset="7510" SrcFileId="1" StartOffset="614"/>
                    </LocList>
                    <StmntSeq Intrnl_Id="10">
                        <LocList>
                            <Loc EndOffset="733" SrcFileId="1" StartOffset="698"/>
                            <Loc EndOffset="808" SrcFileId="1" StartOffset="736"/>
                            <Loc EndOffset="889" SrcFileId="1" StartOffset="822"/>
                            <Loc EndOffset="925" SrcFileId="1" StartOffset="892"/>
                            <Loc EndOffset="979" SrcFileId="1" StartOffset="928"/>
                            <Loc EndOffset="1025" SrcFileId="1" StartOffset="982"/>
                            <Loc EndOffset="1070" SrcFileId="1" StartOffset="1028"/>
                            <Loc EndOffset="1129" SrcFileId="1" StartOffset="1073"/>
                            <Loc EndOffset="1177" SrcFileId="1" StartOffset="1132"/>
                            <Loc EndOffset="1231" SrcFileId="1" StartOffset="1180"/>
                            <Loc EndOffset="1269" SrcFileId="1" StartOffset="1234"/>
                            <Loc EndOffset="1401" SrcFileId="1" StartOffset="1367"/>
                            <Loc EndOffset="1462" SrcFileId="1" StartOffset="1404"/>
                            <Loc EndOffset="1511" SrcFileId="1" StartOffset="1465"/>
                            <Loc EndOffset="1572" SrcFileId="1" StartOffset="1514"/>
                            <Loc EndOffset="1618" SrcFileId="1" StartOffset="1575"/>
                            <Loc EndOffset="1659" SrcFileId="1" StartOffset="1621"/>
                        </LocList>
                        <BasicStmnt CovItemId="S1" CovItemPrefix="login.LoginFrame.java" Intrnl_Id="11">
                            <LocList>
                                <Loc EndOffset="733" SrcFileId="1" StartOffset="698"/>
                            </LocList>
                        </BasicStmnt>
                        <BasicStmnt CovItemId="S2" CovItemPrefix="login.LoginFrame.java" Intrnl_Id="12">
                            <LocList>
                                <Loc EndOffset="808" SrcFileId="1" StartOffset="736"/>
                            </LocList>
                        </BasicStmnt>
                        <BasicStmnt CovItemId="S3" CovItemPrefix="login.LoginFrame.java" Intrnl_Id="13">
                            <LocList>
                                <Loc EndOffset="889" SrcFileId="1" StartOffset="822"/>
                            </LocList>
                        </BasicStmnt>
                        <BasicStmnt CovItemId="S4" CovItemPrefix="login.LoginFrame.java" Intrnl_Id="14">
                            <LocList>
                                <Loc EndOffset="925" SrcFileId="1" StartOffset="892"/>
                            </LocList>
                        </BasicStmnt>
                        <BasicStmnt CovItemId="S5" CovItemPrefix="login.LoginFrame.java" Intrnl_Id="15">
                            <LocList>
                                <Loc EndOffset="979" SrcFileId="1" StartOffset="928"/>
                            </LocList>
                        </BasicStmnt>
                        <BasicStmnt CovItemId="S6" CovItemPrefix="login.LoginFrame.java" Intrnl_Id="16">
                            <LocList>
                                <Loc EndOffset="1025" SrcFileId="1" StartOffset="982"/>
                            </LocList>
                        </BasicStmnt>
                        <BasicStmnt CovItemId="S7" CovItemPrefix="login.LoginFrame.java" Intrnl_Id="17">
                            <LocList>
                                <Loc EndOffset="1070" SrcFileId="1" StartOffset="1028"/>
                            </LocList>
                        </BasicStmnt>
                        <BasicStmnt CovItemId="S8" CovItemPrefix="login.LoginFrame.java" Intrnl_Id="18">
                            <LocList>
                                <Loc EndOffset="1129" SrcFileId="1" StartOffset="1073"/>
                            </LocList>
                        </BasicStmnt>
                        <BasicStmnt CovItemId="S9" CovItemPrefix="login.LoginFrame.java" Intrnl_Id="19">
                            <LocList>
                                <Loc EndOffset="1177" SrcFileId="1" StartOffset="1132"/>
                            </LocList>
                        </BasicStmnt>
                        <BasicStmnt CovItemId="S10" CovItemPrefix="login.LoginFrame.java" Intrnl_Id="20">
                            <LocList>
                                <Loc EndOffset="1231" SrcFileId="1" StartOffset="1180"/>
                            </LocList>
                        </BasicStmnt>
                        <BasicStmnt CovItemId="S11" CovItemPrefix="login.LoginFrame.java" Intrnl_Id="21">
                            <LocList>
                                <Loc EndOffset="1269" SrcFileId="1" StartOffset="1234"/>
                            </LocList>
                        </BasicStmnt>
                        <BasicStmnt CovItemId="S12" CovItemPrefix="login.LoginFrame.java" Intrnl_Id="22">
                            <LocList>
                                <Loc EndOffset="1401" SrcFileId="1" StartOffset="1367"/>
                            </LocList>
                        </BasicStmnt>
                        <BasicStmnt CovItemId="S13" CovItemPrefix="login.LoginFrame.java" Intrnl_Id="23">
                            <LocList>
                                <Loc EndOffset="1462" SrcFileId="1" StartOffset="1404"/>
                            </LocList>
                        </BasicStmnt>
                        <BasicStmnt CovItemId="S14" CovItemPrefix="login.LoginFrame.java" Intrnl_Id="24">
                            <LocList>
                                <Loc EndOffset="1511" SrcFileId="1" StartOffset="1465"/>
                            </LocList>
                        </BasicStmnt>
                        <BasicStmnt CovItemId="S15" CovItemPrefix="login.LoginFrame.java" Intrnl_Id="25">
                            <LocList>
                                <Loc EndOffset="1572" SrcFileId="1" StartOffset="1514"/>
                            </LocList>
                        </BasicStmnt>
                        <BasicStmnt CovItemId="S16" CovItemPrefix="login.LoginFrame.java" Intrnl_Id="26">
                            <LocList>
                                <Loc EndOffset="1618" SrcFileId="1" StartOffset="1575"/>
                            </LocList>
                        </BasicStmnt>
                        <BasicStmnt CovItemId="S17" CovItemPrefix="login.LoginFrame.java" Intrnl_Id="27">
                            <LocList>
                                <Loc EndOffset="1659" SrcFileId="1" StartOffset="1621"/>
                            </LocList>
                        </BasicStmnt>
                    </StmntSeq>
                    <HierarchyLvl HierarchyLvlId="30" HierarchyLvlTypeId="4" Intrnl_Id="28" Name="LoginFrame">
                        <Header>
                            <Loc EndOffset="1707" SrcFileId="1" StartOffset="1665"/>
                        </Header>
                        <LocList>
                            <Loc EndOffset="2473" SrcFileId="1" StartOffset="1665"/>
                        </LocList>
                        <StmntSeq Intrnl_Id="29">
                            <LocList>
                                <Loc EndOffset="1751" SrcFileId="1" StartOffset="1713"/>
                                <Loc EndOffset="1807" SrcFileId="1" StartOffset="1755"/>
                                <Loc EndOffset="1860" SrcFileId="1" StartOffset="1835"/>
                                <Loc EndOffset="1915" SrcFileId="1" StartOffset="1893"/>
                                <Loc EndOffset="1992" SrcFileId="1" StartOffset="1959"/>
                                <Loc EndOffset="2072" SrcFileId="1" StartOffset="2057"/>
                                <Loc EndOffset="2124" SrcFileId="1" StartOffset="2103"/>
                                <Loc EndOffset="2170" SrcFileId="1" StartOffset="2152"/>
                                <Loc EndOffset="2223" SrcFileId="1" StartOffset="2196"/>
                                <Loc EndOffset="2267" SrcFileId="1" StartOffset="2250"/>
                                <Loc EndOffset="2324" SrcFileId="1" StartOffset="2288"/>
                                <Loc EndOffset="2408" SrcFileId="1" StartOffset="2387"/>
                                <Loc EndOffset="2451" SrcFileId="1" StartOffset="2429"/>
                            </LocList>
                            <BasicStmnt CovItemId="S18" CovItemPrefix="login.LoginFrame.java" Intrnl_Id="30">
                                <LocList>
                                    <Loc EndOffset="1751" SrcFileId="1" StartOffset="1713"/>
                                </LocList>
                            </BasicStmnt>
                            <BasicStmnt CovItemId="S19" CovItemPrefix="login.LoginFrame.java" Intrnl_Id="31">
                                <LocList>
                                    <Loc EndOffset="1807" SrcFileId="1" StartOffset="1755"/>
                                </LocList>
                            </BasicStmnt>
                            <BasicStmnt CovItemId="S20" CovItemPrefix="login.LoginFrame.java" Intrnl_Id="32">
                                <LocList>
                                    <Loc EndOffset="1860" SrcFileId="1" StartOffset="1835"/>
                                </LocList>
                            </BasicStmnt>
                            <BasicStmnt CovItemId="S21" CovItemPrefix="login.LoginFrame.java" Intrnl_Id="33">
                                <LocList>
                                    <Loc EndOffset="1915" SrcFileId="1" StartOffset="1893"/>
                                </LocList>
                            </BasicStmnt>
                            <BasicStmnt CovItemId="S22" CovItemPrefix="login.LoginFrame.java" Intrnl_Id="34">
                                <LocList>
                                    <Loc EndOffset="1992" SrcFileId="1" StartOffset="1959"/>
                                </LocList>
                            </BasicStmnt>
                            <BasicStmnt CovItemId="S23" CovItemPrefix="login.LoginFrame.java" Intrnl_Id="35">
                                <LocList>
                                    <Loc EndOffset="2072" SrcFileId="1" StartOffset="2057"/>
                                </LocList>
                            </BasicStmnt>
                            <BasicStmnt CovItemId="S24" CovItemPrefix="login.LoginFrame.java" Intrnl_Id="36">
                                <LocList>
                                    <Loc EndOffset="2124" SrcFileId="1" StartOffset="2103"/>
                                </LocList>
                            </BasicStmnt>
                            <BasicStmnt CovItemId="S25" CovItemPrefix="login.LoginFrame.java" Intrnl_Id="37">
                                <LocList>
                                    <Loc EndOffset="2170" SrcFileId="1" StartOffset="2152"/>
                                </LocList>
                            </BasicStmnt>
                            <BasicStmnt CovItemId="S26" CovItemPrefix="login.LoginFrame.java" Intrnl_Id="38">
                                <LocList>
                                    <Loc EndOffset="2223" SrcFileId="1" StartOffset="2196"/>
                                </LocList>
                            </BasicStmnt>
                            <BasicStmnt CovItemId="S27" CovItemPrefix="login.LoginFrame.java" Intrnl_Id="39">
                                <LocList>
                                    <Loc EndOffset="2267" SrcFileId="1" StartOffset="2250"/>
                                </LocList>
                            </BasicStmnt>
                            <BasicStmnt CovItemId="S28" CovItemPrefix="login.LoginFrame.java" Intrnl_Id="40">
                                <LocList>
                                    <Loc EndOffset="2324" SrcFileId="1" StartOffset="2288"/>
                                </LocList>
                            </BasicStmnt>
                            <BasicStmnt CovItemId="S29" CovItemPrefix="login.LoginFrame.java" Intrnl_Id="41">
                                <LocList>
                                    <Loc EndOffset="2408" SrcFileId="1" StartOffset="2387"/>
                                </LocList>
                            </BasicStmnt>
                            <BasicStmnt CovItemId="S30" CovItemPrefix="login.LoginFrame.java" Intrnl_Id="42">
                                <LocList>
                                    <Loc EndOffset="2451" SrcFileId="1" StartOffset="2429"/>
                                </LocList>
                            </BasicStmnt>
                        </StmntSeq>
                    </HierarchyLvl>
                    <HierarchyLvl HierarchyLvlId="31" HierarchyLvlTypeId="4" Intrnl_Id="43" Name="setWelcome">
                        <Header>
                            <Loc EndOffset="2504" SrcFileId="1" StartOffset="2479"/>
                        </Header>
                        <LocList>
                            <Loc EndOffset="2816" SrcFileId="1" StartOffset="2479"/>
                        </LocList>
                        <StmntSeq Intrnl_Id="44">
                            <LocList>
                                <Loc EndOffset="2557" SrcFileId="1" StartOffset="2510"/>
                                <Loc EndOffset="2637" SrcFileId="1" StartOffset="2586"/>
                                <Loc EndOffset="2680" SrcFileId="1" StartOffset="2649"/>
                                <Loc EndOffset="2724" SrcFileId="1" StartOffset="2684"/>
                                <Loc EndOffset="2758" SrcFileId="1" StartOffset="2728"/>
                                <Loc EndOffset="2812" SrcFileId="1" StartOffset="2789"/>
                            </LocList>
                            <BasicStmnt CovItemId="S31" CovItemPrefix="login.LoginFrame.java" Intrnl_Id="45">
                                <LocList>
                                    <Loc EndOffset="2557" SrcFileId="1" StartOffset="2510"/>
                                </LocList>
                            </BasicStmnt>
                            <BasicStmnt CovItemId="S32" CovItemPrefix="login.LoginFrame.java" Intrnl_Id="46">
                                <LocList>
                                    <Loc EndOffset="2637" SrcFileId="1" StartOffset="2586"/>
                                </LocList>
                            </BasicStmnt>
                            <BasicStmnt CovItemId="S33" CovItemPrefix="login.LoginFrame.java" Intrnl_Id="47">
                                <LocList>
                                    <Loc EndOffset="2680" SrcFileId="1" StartOffset="2649"/>
                                </LocList>
                            </BasicStmnt>
                            <BasicStmnt CovItemId="S34" CovItemPrefix="login.LoginFrame.java" Intrnl_Id="48">
                                <LocList>
                                    <Loc EndOffset="2724" SrcFileId="1" StartOffset="2684"/>
                                </LocList>
                            </BasicStmnt>
                            <BasicStmnt CovItemId="S35" CovItemPrefix="login.LoginFrame.java" Intrnl_Id="49">
                                <LocList>
                                    <Loc EndOffset="2758" SrcFileId="1" StartOffset="2728"/>
                                </LocList>
                            </BasicStmnt>
                            <BasicStmnt CovItemId="S36" CovItemPrefix="login.LoginFrame.java" Intrnl_Id="50">
                                <LocList>
                                    <Loc EndOffset="2812" SrcFileId="1" StartOffset="2789"/>
                                </LocList>
                            </BasicStmnt>
                        </StmntSeq>
                    </HierarchyLvl>
                    <HierarchyLvl HierarchyLvlId="32" HierarchyLvlTypeId="4" Intrnl_Id="51" Name="setLogin">
                        <Header>
                            <Loc EndOffset="2868" SrcFileId="1" StartOffset="2822"/>
                        </Header>
                        <LocList>
                            <Loc EndOffset="4716" SrcFileId="1" StartOffset="2822"/>
                        </LocList>
                        <StmntSeq Intrnl_Id="52">
                            <LocList>
                                <Loc EndOffset="2909" SrcFileId="1" StartOffset="2878"/>
                                <Loc EndOffset="2967" SrcFileId="1" StartOffset="2913"/>
                                <Loc EndOffset="3040" SrcFileId="1" StartOffset="3004"/>
                                <Loc EndOffset="3071" SrcFileId="1" StartOffset="3044"/>
                                <Loc EndOffset="3138" SrcFileId="1" StartOffset="3091"/>
                                <Loc EndOffset="3187" SrcFileId="1" StartOffset="3146"/>
                                <Loc EndOffset="3241" SrcFileId="1" StartOffset="3192"/>
                                <Loc EndOffset="3323" SrcFileId="1" StartOffset="3270"/>
                                <Loc EndOffset="3374" SrcFileId="1" StartOffset="3339"/>
                                <Loc EndOffset="3424" SrcFileId="1" StartOffset="3378"/>
                                <Loc EndOffset="3485" SrcFileId="1" StartOffset="3453"/>
                                <Loc EndOffset="3533" SrcFileId="1" StartOffset="3497"/>
                                <Loc EndOffset="3569" SrcFileId="1" StartOffset="3537"/>
                                <Loc EndOffset="3626" SrcFileId="1" StartOffset="3585"/>
                                <Loc EndOffset="3682" SrcFileId="1" StartOffset="3630"/>
                                <Loc EndOffset="3749" SrcFileId="1" StartOffset="3711"/>
                                <Loc EndOffset="3803" SrcFileId="1" StartOffset="3761"/>
                                <Loc EndOffset="3845" SrcFileId="1" StartOffset="3807"/>
                                <Loc EndOffset="3900" SrcFileId="1" StartOffset="3861"/>
                                <Loc EndOffset="3955" SrcFileId="1" StartOffset="3904"/>
                                <Loc EndOffset="4000" SrcFileId="1" StartOffset="3963"/>
                                <Loc EndOffset="4036" SrcFileId="1" StartOffset="4004"/>
                                <Loc EndOffset="4080" SrcFileId="1" StartOffset="4048"/>
                                <Loc EndOffset="4120" SrcFileId="1" StartOffset="4084"/>
                                <Loc EndOffset="4166" SrcFileId="1" StartOffset="4128"/>
                                <Loc EndOffset="4202" SrcFileId="1" StartOffset="4170"/>
                                <Loc EndOffset="4246" SrcFileId="1" StartOffset="4214"/>
                                <Loc EndOffset="4286" SrcFileId="1" StartOffset="4250"/>
                                <Loc EndOffset="4325" SrcFileId="1" StartOffset="4294"/>
                                <Loc EndOffset="4357" SrcFileId="1" StartOffset="4329"/>
                                <Loc EndOffset="4395" SrcFileId="1" StartOffset="4361"/>
                                <Loc EndOffset="4428" SrcFileId="1" StartOffset="4399"/>
                                <Loc EndOffset="4460" SrcFileId="1" StartOffset="4432"/>
                                <Loc EndOffset="4498" SrcFileId="1" StartOffset="4464"/>
                                <Loc EndOffset="4530" SrcFileId="1" StartOffset="4502"/>
                                <Loc EndOffset="4562" SrcFileId="1" StartOffset="4534"/>
                                <Loc EndOffset="4598" SrcFileId="1" StartOffset="4570"/>
                                <Loc EndOffset="4651" SrcFileId="1" StartOffset="4602"/>
                                <Loc EndOffset="4712" SrcFileId="1" StartOffset="4691"/>
                            </LocList>
                            <BasicStmnt CovItemId="S37" CovItemPrefix="login.LoginFrame.java" Intrnl_Id="53">
                                <LocList>
                                    <Loc EndOffset="2909" SrcFileId="1" StartOffset="2878"/>
                                </LocList>
                            </BasicStmnt>
                            <BasicStmnt CovItemId="S38" CovItemPrefix="login.LoginFrame.java" Intrnl_Id="54">
                                <LocList>
                                    <Loc EndOffset="2967" SrcFileId="1" StartOffset="2913"/>
                                </LocList>
                            </BasicStmnt>
                            <BasicStmnt CovItemId="S39" CovItemPrefix="login.LoginFrame.java" Intrnl_Id="55">
                                <LocList>
                                    <Loc EndOffset="3040" SrcFileId="1" StartOffset="3004"/>
                                </LocList>
                            </BasicStmnt>
                            <BasicStmnt CovItemId="S40" CovItemPrefix="login.LoginFrame.java" Intrnl_Id="56">
                                <LocList>
                                    <Loc EndOffset="3071" SrcFileId="1" StartOffset="3044"/>
                                </LocList>
                            </BasicStmnt>
                            <BasicStmnt CovItemId="S41" CovItemPrefix="login.LoginFrame.java" Intrnl_Id="57">
                                <LocList>
                                    <Loc EndOffset="3138" SrcFileId="1" StartOffset="3091"/>
                                </LocList>
                            </BasicStmnt>
                            <BasicStmnt CovItemId="S42" CovItemPrefix="login.LoginFrame.java" Intrnl_Id="58">
                                <LocList>
                                    <Loc EndOffset="3187" SrcFileId="1" StartOffset="3146"/>
                                </LocList>
                            </BasicStmnt>
                            <BasicStmnt CovItemId="S43" CovItemPrefix="login.LoginFrame.java" Intrnl_Id="59">
                                <LocList>
                                    <Loc EndOffset="3241" SrcFileId="1" StartOffset="3192"/>
                                </LocList>
                            </BasicStmnt>
                            <BasicStmnt CovItemId="S44" CovItemPrefix="login.LoginFrame.java" Intrnl_Id="60">
                                <LocList>
                                    <Loc EndOffset="3323" SrcFileId="1" StartOffset="3270"/>
                                </LocList>
                            </BasicStmnt>
                            <BasicStmnt CovItemId="S45" CovItemPrefix="login.LoginFrame.java" Intrnl_Id="61">
                                <LocList>
                                    <Loc EndOffset="3374" SrcFileId="1" StartOffset="3339"/>
                                </LocList>
                            </BasicStmnt>
                            <BasicStmnt CovItemId="S46" CovItemPrefix="login.LoginFrame.java" Intrnl_Id="62">
                                <LocList>
                                    <Loc EndOffset="3424" SrcFileId="1" StartOffset="3378"/>
                                </LocList>
                            </BasicStmnt>
                            <BasicStmnt CovItemId="S47" CovItemPrefix="login.LoginFrame.java" Intrnl_Id="63">
                                <LocList>
                                    <Loc EndOffset="3485" SrcFileId="1" StartOffset="3453"/>
                                </LocList>
                            </BasicStmnt>
                            <BasicStmnt CovItemId="S48" CovItemPrefix="login.LoginFrame.java" Intrnl_Id="64">
                                <LocList>
                                    <Loc EndOffset="3533" SrcFileId="1" StartOffset="3497"/>
                                </LocList>
                            </BasicStmnt>
                            <BasicStmnt CovItemId="S49" CovItemPrefix="login.LoginFrame.java" Intrnl_Id="65">
                                <LocList>
                                    <Loc EndOffset="3569" SrcFileId="1" StartOffset="3537"/>
                                </LocList>
                            </BasicStmnt>
                            <BasicStmnt CovItemId="S50" CovItemPrefix="login.LoginFrame.java" Intrnl_Id="66">
                                <LocList>
                                    <Loc EndOffset="3626" SrcFileId="1" StartOffset="3585"/>
                                </LocList>
                            </BasicStmnt>
                            <BasicStmnt CovItemId="S51" CovItemPrefix="login.LoginFrame.java" Intrnl_Id="67">
                                <LocList>
                                    <Loc EndOffset="3682" SrcFileId="1" StartOffset="3630"/>
                                </LocList>
                            </BasicStmnt>
                            <BasicStmnt CovItemId="S52" CovItemPrefix="login.LoginFrame.java" Intrnl_Id="68">
                                <LocList>
                                    <Loc EndOffset="3749" SrcFileId="1" StartOffset="3711"/>
                                </LocList>
                            </BasicStmnt>
                            <BasicStmnt CovItemId="S53" CovItemPrefix="login.LoginFrame.java" Intrnl_Id="69">
                                <LocList>
                                    <Loc EndOffset="3803" SrcFileId="1" StartOffset="3761"/>
                                </LocList>
                            </BasicStmnt>
                            <BasicStmnt CovItemId="S54" CovItemPrefix="login.LoginFrame.java" Intrnl_Id="70">
                                <LocList>
                                    <Loc EndOffset="3845" SrcFileId="1" StartOffset="3807"/>
                                </LocList>
                            </BasicStmnt>
                            <BasicStmnt CovItemId="S55" CovItemPrefix="login.LoginFrame.java" Intrnl_Id="71">
                                <LocList>
                                    <Loc EndOffset="3900" SrcFileId="1" StartOffset="3861"/>
                                </LocList>
                            </BasicStmnt>
                            <BasicStmnt CovItemId="S56" CovItemPrefix="login.LoginFrame.java" Intrnl_Id="72">
                                <LocList>
                                    <Loc EndOffset="3955" SrcFileId="1" StartOffset="3904"/>
                                </LocList>
                            </BasicStmnt>
                            <BasicStmnt CovItemId="S57" CovItemPrefix="login.LoginFrame.java" Intrnl_Id="73">
                                <LocList>
                                    <Loc EndOffset="4000" SrcFileId="1" StartOffset="3963"/>
                                </LocList>
                            </BasicStmnt>
                            <BasicStmnt CovItemId="S58" CovItemPrefix="login.LoginFrame.java" Intrnl_Id="74">
                                <LocList>
                                    <Loc EndOffset="4036" SrcFileId="1" StartOffset="4004"/>
                                </LocList>
                            </BasicStmnt>
                            <BasicStmnt CovItemId="S59" CovItemPrefix="login.LoginFrame.java" Intrnl_Id="75">
                                <LocList>
                                    <Loc EndOffset="4080" SrcFileId="1" StartOffset="4048"/>
                                </LocList>
                            </BasicStmnt>
                            <BasicStmnt CovItemId="S60" CovItemPrefix="login.LoginFrame.java" Intrnl_Id="76">
                                <LocList>
                                    <Loc EndOffset="4120" SrcFileId="1" StartOffset="4084"/>
                                </LocList>
                            </BasicStmnt>
                            <BasicStmnt CovItemId="S61" CovItemPrefix="login.LoginFrame.java" Intrnl_Id="77">
                                <LocList>
                                    <Loc EndOffset="4166" SrcFileId="1" StartOffset="4128"/>
                                </LocList>
                            </BasicStmnt>
                            <BasicStmnt CovItemId="S62" CovItemPrefix="login.LoginFrame.java" Intrnl_Id="78">
                                <LocList>
                                    <Loc EndOffset="4202" SrcFileId="1" StartOffset="4170"/>
                                </LocList>
                            </BasicStmnt>
                            <BasicStmnt CovItemId="S63" CovItemPrefix="login.LoginFrame.java" Intrnl_Id="79">
                                <LocList>
                                    <Loc EndOffset="4246" SrcFileId="1" StartOffset="4214"/>
                                </LocList>
                            </BasicStmnt>
                            <BasicStmnt CovItemId="S64" CovItemPrefix="login.LoginFrame.java" Intrnl_Id="80">
                                <LocList>
                                    <Loc EndOffset="4286" SrcFileId="1" StartOffset="4250"/>
                                </LocList>
                            </BasicStmnt>
                            <BasicStmnt CovItemId="S65" CovItemPrefix="login.LoginFrame.java" Intrnl_Id="81">
                                <LocList>
                                    <Loc EndOffset="4325" SrcFileId="1" StartOffset="4294"/>
                                </LocList>
                            </BasicStmnt>
                            <BasicStmnt CovItemId="S66" CovItemPrefix="login.LoginFrame.java" Intrnl_Id="82">
                                <LocList>
                                    <Loc EndOffset="4357" SrcFileId="1" StartOffset="4329"/>
                                </LocList>
                            </BasicStmnt>
                            <BasicStmnt CovItemId="S67" CovItemPrefix="login.LoginFrame.java" Intrnl_Id="83">
                                <LocList>
                                    <Loc EndOffset="4395" SrcFileId="1" StartOffset="4361"/>
                                </LocList>
                            </BasicStmnt>
                            <BasicStmnt CovItemId="S68" CovItemPrefix="login.LoginFrame.java" Intrnl_Id="84">
                                <LocList>
                                    <Loc EndOffset="4428" SrcFileId="1" StartOffset="4399"/>
                                </LocList>
                            </BasicStmnt>
                            <BasicStmnt CovItemId="S69" CovItemPrefix="login.LoginFrame.java" Intrnl_Id="85">
                                <LocList>
                                    <Loc EndOffset="4460" SrcFileId="1" StartOffset="4432"/>
                                </LocList>
                            </BasicStmnt>
                            <BasicStmnt CovItemId="S70" CovItemPrefix="login.LoginFrame.java" Intrnl_Id="86">
                                <LocList>
                                    <Loc EndOffset="4498" SrcFileId="1" StartOffset="4464"/>
                                </LocList>
                            </BasicStmnt>
                            <BasicStmnt CovItemId="S71" CovItemPrefix="login.LoginFrame.java" Intrnl_Id="87">
                                <LocList>
                                    <Loc EndOffset="4530" SrcFileId="1" StartOffset="4502"/>
                                </LocList>
                            </BasicStmnt>
                            <BasicStmnt CovItemId="S72" CovItemPrefix="login.LoginFrame.java" Intrnl_Id="88">
                                <LocList>
                                    <Loc EndOffset="4562" SrcFileId="1" StartOffset="4534"/>
                                </LocList>
                            </BasicStmnt>
                            <BasicStmnt CovItemId="S73" CovItemPrefix="login.LoginFrame.java" Intrnl_Id="89">
                                <LocList>
                                    <Loc EndOffset="4598" SrcFileId="1" StartOffset="4570"/>
                                </LocList>
                            </BasicStmnt>
                            <BasicStmnt CovItemId="S74" CovItemPrefix="login.LoginFrame.java" Intrnl_Id="90">
                                <LocList>
                                    <Loc EndOffset="4651" SrcFileId="1" StartOffset="4602"/>
                                </LocList>
                            </BasicStmnt>
                            <BasicStmnt CovItemId="S75" CovItemPrefix="login.LoginFrame.java" Intrnl_Id="91">
                                <LocList>
                                    <Loc EndOffset="4712" SrcFileId="1" StartOffset="4691"/>
                                </LocList>
                            </BasicStmnt>
                        </StmntSeq>
                    </HierarchyLvl>
                    <HierarchyLvl HierarchyLvlId="33" HierarchyLvlTypeId="4" Intrnl_Id="92" Name="setSignup">
                        <Header>
                            <Loc EndOffset="4746" SrcFileId="1" StartOffset="4722"/>
                        </Header>
                        <LocList>
                            <Loc EndOffset="6191" SrcFileId="1" StartOffset="4722"/>
                        </LocList>
                        <StmntSeq Intrnl_Id="93">
                            <LocList>
                                <Loc EndOffset="4803" SrcFileId="1" StartOffset="4756"/>
                                <Loc EndOffset="4853" SrcFileId="1" StartOffset="4811"/>
                                <Loc EndOffset="4885" SrcFileId="1" StartOffset="4857"/>
                                <Loc EndOffset="4932" SrcFileId="1" StartOffset="4893"/>
                                <Loc EndOffset="4982" SrcFileId="1" StartOffset="4936"/>
                                <Loc EndOffset="5043" SrcFileId="1" StartOffset="5011"/>
                                <Loc EndOffset="5095" SrcFileId="1" StartOffset="5055"/>
                                <Loc EndOffset="5132" SrcFileId="1" StartOffset="5099"/>
                                <Loc EndOffset="5181" SrcFileId="1" StartOffset="5144"/>
                                <Loc EndOffset="5227" SrcFileId="1" StartOffset="5189"/>
                                <Loc EndOffset="5276" SrcFileId="1" StartOffset="5231"/>
                                <Loc EndOffset="5336" SrcFileId="1" StartOffset="5305"/>
                                <Loc EndOffset="5387" SrcFileId="1" StartOffset="5348"/>
                                <Loc EndOffset="5423" SrcFileId="1" StartOffset="5391"/>
                                <Loc EndOffset="5471" SrcFileId="1" StartOffset="5435"/>
                                <Loc EndOffset="5522" SrcFileId="1" StartOffset="5479"/>
                                <Loc EndOffset="5627" SrcFileId="1" StartOffset="5526"/>
                                <Loc EndOffset="5667" SrcFileId="1" StartOffset="5631"/>
                                <Loc EndOffset="5730" SrcFileId="1" StartOffset="5679"/>
                                <Loc EndOffset="5792" SrcFileId="1" StartOffset="5763"/>
                                <Loc EndOffset="5826" SrcFileId="1" StartOffset="5796"/>
                                <Loc EndOffset="5858" SrcFileId="1" StartOffset="5830"/>
                                <Loc EndOffset="5891" SrcFileId="1" StartOffset="5862"/>
                                <Loc EndOffset="5928" SrcFileId="1" StartOffset="5895"/>
                                <Loc EndOffset="5954" SrcFileId="1" StartOffset="5932"/>
                                <Loc EndOffset="6009" SrcFileId="1" StartOffset="5962"/>
                                <Loc EndOffset="6086" SrcFileId="1" StartOffset="6013"/>
                                <Loc EndOffset="6152" SrcFileId="1" StartOffset="6111"/>
                            </LocList>
                            <BasicStmnt CovItemId="S76" CovItemPrefix="login.LoginFrame.java" Intrnl_Id="94">
                                <LocList>
                                    <Loc EndOffset="4803" SrcFileId="1" StartOffset="4756"/>
                                </LocList>
                            </BasicStmnt>
                            <BasicStmnt CovItemId="S77" CovItemPrefix="login.LoginFrame.java" Intrnl_Id="95">
                                <LocList>
                                    <Loc EndOffset="4853" SrcFileId="1" StartOffset="4811"/>
                                </LocList>
                            </BasicStmnt>
                            <BasicStmnt CovItemId="S78" CovItemPrefix="login.LoginFrame.java" Intrnl_Id="96">
                                <LocList>
                                    <Loc EndOffset="4885" SrcFileId="1" StartOffset="4857"/>
                                </LocList>
                            </BasicStmnt>
                            <BasicStmnt CovItemId="S79" CovItemPrefix="login.LoginFrame.java" Intrnl_Id="97">
                                <LocList>
                                    <Loc EndOffset="4932" SrcFileId="1" StartOffset="4893"/>
                                </LocList>
                            </BasicStmnt>
                            <BasicStmnt CovItemId="S80" CovItemPrefix="login.LoginFrame.java" Intrnl_Id="98">
                                <LocList>
                                    <Loc EndOffset="4982" SrcFileId="1" StartOffset="4936"/>
                                </LocList>
                            </BasicStmnt>
                            <BasicStmnt CovItemId="S81" CovItemPrefix="login.LoginFrame.java" Intrnl_Id="99">
                                <LocList>
                                    <Loc EndOffset="5043" SrcFileId="1" StartOffset="5011"/>
                                </LocList>
                            </BasicStmnt>
                            <BasicStmnt CovItemId="S82" CovItemPrefix="login.LoginFrame.java" Intrnl_Id="100">
                                <LocList>
                                    <Loc EndOffset="5095" SrcFileId="1" StartOffset="5055"/>
                                </LocList>
                            </BasicStmnt>
                            <BasicStmnt CovItemId="S83" CovItemPrefix="login.LoginFrame.java" Intrnl_Id="101">
                                <LocList>
                                    <Loc EndOffset="5132" SrcFileId="1" StartOffset="5099"/>
                                </LocList>
                            </BasicStmnt>
                            <BasicStmnt CovItemId="S84" CovItemPrefix="login.LoginFrame.java" Intrnl_Id="102">
                                <LocList>
                                    <Loc EndOffset="5181" SrcFileId="1" StartOffset="5144"/>
                                </LocList>
                            </BasicStmnt>
                            <BasicStmnt CovItemId="S85" CovItemPrefix="login.LoginFrame.java" Intrnl_Id="103">
                                <LocList>
                                    <Loc EndOffset="5227" SrcFileId="1" StartOffset="5189"/>
                                </LocList>
                            </BasicStmnt>
                            <BasicStmnt CovItemId="S86" CovItemPrefix="login.LoginFrame.java" Intrnl_Id="104">
                                <LocList>
                                    <Loc EndOffset="5276" SrcFileId="1" StartOffset="5231"/>
                                </LocList>
                            </BasicStmnt>
                            <BasicStmnt CovItemId="S87" CovItemPrefix="login.LoginFrame.java" Intrnl_Id="105">
                                <LocList>
                                    <Loc EndOffset="5336" SrcFileId="1" StartOffset="5305"/>
                                </LocList>
                            </BasicStmnt>
                            <BasicStmnt CovItemId="S88" CovItemPrefix="login.LoginFrame.java" Intrnl_Id="106">
                                <LocList>
                                    <Loc EndOffset="5387" SrcFileId="1" StartOffset="5348"/>
                                </LocList>
                            </BasicStmnt>
                            <BasicStmnt CovItemId="S89" CovItemPrefix="login.LoginFrame.java" Intrnl_Id="107">
                                <LocList>
                                    <Loc EndOffset="5423" SrcFileId="1" StartOffset="5391"/>
                                </LocList>
                            </BasicStmnt>
                            <BasicStmnt CovItemId="S90" CovItemPrefix="login.LoginFrame.java" Intrnl_Id="108">
                                <LocList>
                                    <Loc EndOffset="5471" SrcFileId="1" StartOffset="5435"/>
                                </LocList>
                            </BasicStmnt>
                            <BasicStmnt CovItemId="S91" CovItemPrefix="login.LoginFrame.java" Intrnl_Id="109">
                                <LocList>
                                    <Loc EndOffset="5522" SrcFileId="1" StartOffset="5479"/>
                                </LocList>
                            </BasicStmnt>
                            <BasicStmnt CovItemId="S92" CovItemPrefix="login.LoginFrame.java" Intrnl_Id="110">
                                <LocList>
                                    <Loc EndOffset="5627" SrcFileId="1" StartOffset="5526"/>
                                </LocList>
                            </BasicStmnt>
                            <BasicStmnt CovItemId="S93" CovItemPrefix="login.LoginFrame.java" Intrnl_Id="111">
                                <LocList>
                                    <Loc EndOffset="5667" SrcFileId="1" StartOffset="5631"/>
                                </LocList>
                            </BasicStmnt>
                            <BasicStmnt CovItemId="S94" CovItemPrefix="login.LoginFrame.java" Intrnl_Id="112">
                                <LocList>
                                    <Loc EndOffset="5730" SrcFileId="1" StartOffset="5679"/>
                                </LocList>
                            </BasicStmnt>
                            <BasicStmnt CovItemId="S95" CovItemPrefix="login.LoginFrame.java" Intrnl_Id="113">
                                <LocList>
                                    <Loc EndOffset="5792" SrcFileId="1" StartOffset="5763"/>
                                </LocList>
                            </BasicStmnt>
                            <BasicStmnt CovItemId="S96" CovItemPrefix="login.LoginFrame.java" Intrnl_Id="114">
                                <LocList>
                                    <Loc EndOffset="5826" SrcFileId="1" StartOffset="5796"/>
                                </LocList>
                            </BasicStmnt>
                            <BasicStmnt CovItemId="S97" CovItemPrefix="login.LoginFrame.java" Intrnl_Id="115">
                                <LocList>
                                    <Loc EndOffset="5858" SrcFileId="1" StartOffset="5830"/>
                                </LocList>
                            </BasicStmnt>
                            <BasicStmnt CovItemId="S98" CovItemPrefix="login.LoginFrame.java" Intrnl_Id="116">
                                <LocList>
                                    <Loc EndOffset="5891" SrcFileId="1" StartOffset="5862"/>
                                </LocList>
                            </BasicStmnt>
                            <BasicStmnt CovItemId="S99" CovItemPrefix="login.LoginFrame.java" Intrnl_Id="117">
                                <LocList>
                                    <Loc EndOffset="5928" SrcFileId="1" StartOffset="5895"/>
                                </LocList>
                            </BasicStmnt>
                            <BasicStmnt CovItemId="S100" CovItemPrefix="login.LoginFrame.java" Intrnl_Id="118">
                                <LocList>
                                    <Loc EndOffset="5954" SrcFileId="1" StartOffset="5932"/>
                                </LocList>
                            </BasicStmnt>
                            <BasicStmnt CovItemId="S101" CovItemPrefix="login.LoginFrame.java" Intrnl_Id="119">
                                <LocList>
                                    <Loc EndOffset="6009" SrcFileId="1" StartOffset="5962"/>
                                </LocList>
                            </BasicStmnt>
                            <BasicStmnt CovItemId="S102" CovItemPrefix="login.LoginFrame.java" Intrnl_Id="120">
                                <LocList>
                                    <Loc EndOffset="6086" SrcFileId="1" StartOffset="6013"/>
                                </LocList>
                            </BasicStmnt>
                            <BasicStmnt CovItemId="S103" CovItemPrefix="login.LoginFrame.java" Intrnl_Id="121">
                                <LocList>
                                    <Loc EndOffset="6152" SrcFileId="1" StartOffset="6111"/>
                                </LocList>
                            </BasicStmnt>
                        </StmntSeq>
                    </HierarchyLvl>
                    <HierarchyLvl HierarchyLvlId="34" HierarchyLvlTypeId="4" Intrnl_Id="122" Name="setIcon">
                        <Header>
                            <Loc EndOffset="6219" SrcFileId="1" StartOffset="6197"/>
                        </Header>
                        <LocList>
                            <Loc EndOffset="6339" SrcFileId="1" StartOffset="6197"/>
                        </LocList>
                        <StmntSeq Intrnl_Id="123">
                            <LocList>
                                <Loc EndOffset="6281" SrcFileId="1" StartOffset="6225"/>
                                <Loc EndOffset="6321" SrcFileId="1" StartOffset="6285"/>
                            </LocList>
                            <BasicStmnt CovItemId="S104" CovItemPrefix="login.LoginFrame.java" Intrnl_Id="124">
                                <LocList>
                                    <Loc EndOffset="6281" SrcFileId="1" StartOffset="6225"/>
                                </LocList>
                            </BasicStmnt>
                            <BasicStmnt CovItemId="S105" CovItemPrefix="login.LoginFrame.java" Intrnl_Id="125">
                                <LocList>
                                    <Loc EndOffset="6321" SrcFileId="1" StartOffset="6285"/>
                                </LocList>
                            </BasicStmnt>
                        </StmntSeq>
                    </HierarchyLvl>
                    <HierarchyLvl HierarchyLvlId="37" HierarchyLvlTypeId="4" Intrnl_Id="126" Name="setBackground">
                        <Header>
                            <Loc EndOffset="6373" SrcFileId="1" StartOffset="6345"/>
                        </Header>
                        <LocList>
                            <Loc EndOffset="6857" SrcFileId="1" StartOffset="6345"/>
                        </LocList>
                        <StmntSeq Intrnl_Id="127">
                            <LocList>
                                <Loc EndOffset="6460" SrcFileId="1" StartOffset="6389"/>
                                <Loc EndOffset="6485" SrcFileId="1" StartOffset="6465"/>
                                <Loc EndOffset="6699" SrcFileId="1" StartOffset="6697"/>
                                <Loc EndOffset="6849" SrcFileId="1" StartOffset="6379"/>
                            </LocList>
                            <BasicStmnt CovItemId="S107" CovItemPrefix="login.LoginFrame.java" Intrnl_Id="128">
                                <LocList>
                                    <Loc EndOffset="6460" SrcFileId="1" StartOffset="6389"/>
                                </LocList>
                            </BasicStmnt>
                            <BasicStmnt CovItemId="S108" CovItemPrefix="login.LoginFrame.java" Intrnl_Id="129">
                                <LocList>
                                    <Loc EndOffset="6485" SrcFileId="1" StartOffset="6465"/>
                                    <Loc EndOffset="6699" SrcFileId="1" StartOffset="6697"/>
                                </LocList>
                            </BasicStmnt>
                            <CondStmnt CovItemId="S106" CovItemPrefix="login.LoginFrame.java" Intrnl_Id="130">
                                <Branch CovItemId="B1" CovItemPrefix="login.LoginFrame.java" Implct="true" Intrnl_Id="131">
                                    <Cond/>
                                    <LocList/>
                                    <StmntSeq Intrnl_Id="132">
                                        <LocList/>
                                    </StmntSeq>
                                </Branch>
                                <Branch CovItemId="B2" CovItemPrefix="login.LoginFrame.java" Implct="false" Intrnl_Id="133">
                                    <Cond>
                                        <Loc EndOffset="6726" SrcFileId="1" StartOffset="6705"/>
                                    </Cond>
                                    <LocList>
                                        <Loc EndOffset="6849" SrcFileId="1" StartOffset="6727"/>
                                    </LocList>
                                    <StmntSeq Intrnl_Id="134">
                                        <LocList>
                                            <Loc EndOffset="6790" SrcFileId="1" StartOffset="6733"/>
                                            <Loc EndOffset="6844" SrcFileId="1" StartOffset="6824"/>
                                        </LocList>
                                        <BasicStmnt CovItemId="S111" CovItemPrefix="login.LoginFrame.java" Intrnl_Id="135">
                                            <LocList>
                                                <Loc EndOffset="6790" SrcFileId="1" StartOffset="6733"/>
                                            </LocList>
                                        </BasicStmnt>
                                        <BasicStmnt CovItemId="S112" CovItemPrefix="login.LoginFrame.java" Intrnl_Id="136">
                                            <LocList>
                                                <Loc EndOffset="6844" SrcFileId="1" StartOffset="6824"/>
                                            </LocList>
                                        </BasicStmnt>
                                    </StmntSeq>
                                </Branch>
                                <Keyword EndOffset="6382" SrcFileId="1" StartOffset="6379"/>
                                <LocList>
                                    <Loc EndOffset="6849" SrcFileId="1" StartOffset="6379"/>
                                </LocList>
                            </CondStmnt>
                        </StmntSeq>
                        <HierarchyLvl HierarchyLvlId="36" HierarchyLvlTypeId="3" Intrnl_Id="137" Name="JPanel">
                            <Header>
                                <Loc EndOffset="6497" SrcFileId="1" StartOffset="6489"/>
                            </Header>
                            <LocList>
                                <Loc EndOffset="6697" SrcFileId="1" StartOffset="6485"/>
                            </LocList>
                            <HierarchyLvl HierarchyLvlId="35" HierarchyLvlTypeId="4" Intrnl_Id="138" Name="paintComponent">
                                <Header>
                                    <Loc EndOffset="6572" SrcFileId="1" StartOffset="6512"/>
                                </Header>
                                <LocList>
                                    <Loc EndOffset="6686" SrcFileId="1" StartOffset="6512"/>
                                </LocList>
                                <StmntSeq Intrnl_Id="139">
                                    <LocList>
                                        <Loc EndOffset="6614" SrcFileId="1" StartOffset="6590"/>
                                        <Loc EndOffset="6672" SrcFileId="1" StartOffset="6630"/>
                                    </LocList>
                                    <BasicStmnt CovItemId="S109" CovItemPrefix="login.LoginFrame.java" Intrnl_Id="140">
                                        <LocList>
                                            <Loc EndOffset="6614" SrcFileId="1" StartOffset="6590"/>
                                        </LocList>
                                    </BasicStmnt>
                                    <BasicStmnt CovItemId="S110" CovItemPrefix="login.LoginFrame.java" Intrnl_Id="141">
                                        <LocList>
                                            <Loc EndOffset="6672" SrcFileId="1" StartOffset="6630"/>
                                        </LocList>
                                    </BasicStmnt>
                                </StmntSeq>
                            </HierarchyLvl>
                        </HierarchyLvl>
                    </HierarchyLvl>
                    <HierarchyLvl HierarchyLvlId="38" HierarchyLvlTypeId="4" Intrnl_Id="142" Name="actionPerformed">
                        <Header>
                            <Loc EndOffset="6922" SrcFileId="1" StartOffset="6868"/>
                        </Header>
                        <LocList>
                            <Loc EndOffset="7503" SrcFileId="1" StartOffset="6868"/>
                        </LocList>
                        <StmntSeq Intrnl_Id="143">
                            <LocList>
                                <Loc EndOffset="7063" SrcFileId="1" StartOffset="6932"/>
                                <Loc EndOffset="7151" SrcFileId="1" StartOffset="7071"/>
                                <Loc EndOffset="7260" SrcFileId="1" StartOffset="7159"/>
                                <Loc EndOffset="7499" SrcFileId="1" StartOffset="7268"/>
                            </LocList>
                            <CondStmnt CovItemId="S113" CovItemPrefix="login.LoginFrame.java" Intrnl_Id="144">
                                <Branch CovItemId="B3" CovItemPrefix="login.LoginFrame.java" Implct="false" Intrnl_Id="145">
                                    <Cond/>
                                    <LocList>
                                        <Loc EndOffset="7063" SrcFileId="1" StartOffset="6963"/>
                                    </LocList>
                                    <StmntSeq Intrnl_Id="146">
                                        <LocList>
                                            <Loc EndOffset="6993" SrcFileId="1" StartOffset="6969"/>
                                            <Loc EndOffset="7028" SrcFileId="1" StartOffset="6998"/>
                                            <Loc EndOffset="7058" SrcFileId="1" StartOffset="7033"/>
                                        </LocList>
                                        <BasicStmnt CovItemId="S114" CovItemPrefix="login.LoginFrame.java" Intrnl_Id="147">
                                            <LocList>
                                                <Loc EndOffset="6993" SrcFileId="1" StartOffset="6969"/>
                                            </LocList>
                                        </BasicStmnt>
                                        <BasicStmnt CovItemId="S115" CovItemPrefix="login.LoginFrame.java" Intrnl_Id="148">
                                            <LocList>
                                                <Loc EndOffset="7028" SrcFileId="1" StartOffset="6998"/>
                                            </LocList>
                                        </BasicStmnt>
                                        <BasicStmnt CovItemId="S116" CovItemPrefix="login.LoginFrame.java" Intrnl_Id="149">
                                            <LocList>
                                                <Loc EndOffset="7058" SrcFileId="1" StartOffset="7033"/>
                                            </LocList>
                                        </BasicStmnt>
                                    </StmntSeq>
                                </Branch>
                                <Branch CovItemId="B4" CovItemPrefix="login.LoginFrame.java" Implct="true" Intrnl_Id="150">
                                    <Cond/>
                                    <LocList/>
                                    <StmntSeq Intrnl_Id="151">
                                        <LocList/>
                                    </StmntSeq>
                                </Branch>
                                <Keyword EndOffset="6934" SrcFileId="1" StartOffset="6932"/>
                                <LocList>
                                    <Loc EndOffset="7063" SrcFileId="1" StartOffset="6932"/>
                                </LocList>
                                <RootTerm CovItemId="C1" CovItemPrefix="login.LoginFrame.java" Intrnl_Id="152">
                                    <BasicBoolTerm Intrnl_Id="153">
                                        <LocList>
                                            <Loc EndOffset="6961" SrcFileId="1" StartOffset="6935"/>
                                        </LocList>
                                    </BasicBoolTerm>
                                </RootTerm>
                            </CondStmnt>
                            <CondStmnt CovItemId="S117" CovItemPrefix="login.LoginFrame.java" Intrnl_Id="154">
                                <Branch CovItemId="B5" CovItemPrefix="login.LoginFrame.java" Implct="false" Intrnl_Id="155">
                                    <Cond/>
                                    <LocList>
                                        <Loc EndOffset="7151" SrcFileId="1" StartOffset="7102"/>
                                    </LocList>
                                    <StmntSeq Intrnl_Id="156">
                                        <LocList>
                                            <Loc EndOffset="7141" SrcFileId="1" StartOffset="7113"/>
                                        </LocList>
                                        <BasicStmnt CovItemId="S118" CovItemPrefix="login.LoginFrame.java" Intrnl_Id="157">
                                            <LocList>
                                                <Loc EndOffset="7141" SrcFileId="1" StartOffset="7113"/>
                                            </LocList>
                                        </BasicStmnt>
                                    </StmntSeq>
                                </Branch>
                                <Branch CovItemId="B6" CovItemPrefix="login.LoginFrame.java" Implct="true" Intrnl_Id="158">
                                    <Cond/>
                                    <LocList/>
                                    <StmntSeq Intrnl_Id="159">
                                        <LocList/>
                                    </StmntSeq>
                                </Branch>
                                <Keyword EndOffset="7073" SrcFileId="1" StartOffset="7071"/>
                                <LocList>
                                    <Loc EndOffset="7151" SrcFileId="1" StartOffset="7071"/>
                                </LocList>
                                <RootTerm CovItemId="C2" CovItemPrefix="login.LoginFrame.java" Intrnl_Id="160">
                                    <BasicBoolTerm Intrnl_Id="161">
                                        <LocList>
                                            <Loc EndOffset="7100" SrcFileId="1" StartOffset="7074"/>
                                        </LocList>
                                    </BasicBoolTerm>
                                </RootTerm>
                            </CondStmnt>
                            <CondStmnt CovItemId="S119" CovItemPrefix="login.LoginFrame.java" Intrnl_Id="162">
                                <Branch CovItemId="B7" CovItemPrefix="login.LoginFrame.java" Implct="false" Intrnl_Id="163">
                                    <Cond/>
                                    <LocList>
                                        <Loc EndOffset="7260" SrcFileId="1" StartOffset="7191"/>
                                    </LocList>
                                    <StmntSeq Intrnl_Id="164">
                                        <LocList>
                                            <Loc EndOffset="7255" SrcFileId="1" StartOffset="7197"/>
                                        </LocList>
                                        <BasicStmnt CovItemId="S120" CovItemPrefix="login.LoginFrame.java" Intrnl_Id="165">
                                            <LocList>
                                                <Loc EndOffset="7255" SrcFileId="1" StartOffset="7197"/>
                                            </LocList>
                                        </BasicStmnt>
                                    </StmntSeq>
                                </Branch>
                                <Branch CovItemId="B8" CovItemPrefix="login.LoginFrame.java" Implct="true" Intrnl_Id="166">
                                    <Cond/>
                                    <LocList/>
                                    <StmntSeq Intrnl_Id="167">
                                        <LocList/>
                                    </StmntSeq>
                                </Branch>
                                <Keyword EndOffset="7161" SrcFileId="1" StartOffset="7159"/>
                                <LocList>
                                    <Loc EndOffset="7260" SrcFileId="1" StartOffset="7159"/>
                                </LocList>
                                <RootTerm CovItemId="C3" CovItemPrefix="login.LoginFrame.java" Intrnl_Id="168">
                                    <BasicBoolTerm Intrnl_Id="169">
                                        <LocList>
                                            <Loc EndOffset="7189" SrcFileId="1" StartOffset="7162"/>
                                        </LocList>
                                    </BasicBoolTerm>
                                </RootTerm>
                            </CondStmnt>
                            <CondStmnt CovItemId="S121" CovItemPrefix="login.LoginFrame.java" Intrnl_Id="170">
                                <Branch CovItemId="B9" CovItemPrefix="login.LoginFrame.java" Implct="false" Intrnl_Id="171">
                                    <Cond/>
                                    <LocList>
                                        <Loc EndOffset="7499" SrcFileId="1" StartOffset="7299"/>
                                    </LocList>
                                    <StmntSeq Intrnl_Id="172">
                                        <LocList>
                                            <Loc EndOffset="7340" SrcFileId="1" StartOffset="7305"/>
                                            <Loc EndOffset="7376" SrcFileId="1" StartOffset="7345"/>
                                            <Loc EndOffset="7396" SrcFileId="1" StartOffset="7381"/>
                                            <Loc EndOffset="7494" SrcFileId="1" StartOffset="7421"/>
                                        </LocList>
                                        <BasicStmnt CovItemId="S122" CovItemPrefix="login.LoginFrame.java" Intrnl_Id="173">
                                            <LocList>
                                                <Loc EndOffset="7340" SrcFileId="1" StartOffset="7305"/>
                                            </LocList>
                                        </BasicStmnt>
                                        <BasicStmnt CovItemId="S123" CovItemPrefix="login.LoginFrame.java" Intrnl_Id="174">
                                            <LocList>
                                                <Loc EndOffset="7376" SrcFileId="1" StartOffset="7345"/>
                                            </LocList>
                                        </BasicStmnt>
                                        <BasicStmnt CovItemId="S124" CovItemPrefix="login.LoginFrame.java" Intrnl_Id="175">
                                            <LocList>
                                                <Loc EndOffset="7396" SrcFileId="1" StartOffset="7381"/>
                                            </LocList>
                                        </BasicStmnt>
                                        <BasicStmnt CovItemId="S125" CovItemPrefix="login.LoginFrame.java" Intrnl_Id="176">
                                            <LocList>
                                                <Loc EndOffset="7494" SrcFileId="1" StartOffset="7421"/>
                                            </LocList>
                                        </BasicStmnt>
                                    </StmntSeq>
                                </Branch>
                                <Branch CovItemId="B10" CovItemPrefix="login.LoginFrame.java" Implct="true" Intrnl_Id="177">
                                    <Cond/>
                                    <LocList/>
                                    <StmntSeq Intrnl_Id="178">
                                        <LocList/>
                                    </StmntSeq>
                                </Branch>
                                <Keyword EndOffset="7270" SrcFileId="1" StartOffset="7268"/>
                                <LocList>
                                    <Loc EndOffset="7499" SrcFileId="1" StartOffset="7268"/>
                                </LocList>
                                <RootTerm CovItemId="C4" CovItemPrefix="login.LoginFrame.java" Intrnl_Id="179">
                                    <BasicBoolTerm Intrnl_Id="180">
                                        <LocList>
                                            <Loc EndOffset="7297" SrcFileId="1" StartOffset="7271"/>
                                        </LocList>
                                    </BasicBoolTerm>
                                </RootTerm>
                            </CondStmnt>
                        </StmntSeq>
                    </HierarchyLvl>
                </HierarchyLvl>
            </HierarchyLvl>
        </HierarchyLvl>
    </MASTRoot>
</TestSessionContainer>
