<?xml version="1.0" encoding="UTF-8"?><TestSessionContainer xmlns="http://www.codecover.org/xml/testsession-container" Date="1690879959829" TestSessionContainerId="40b29555-96a8-4d3a-915a-7766b7f26bbc" version="1.0">
    <SrcFileList>
        <SrcFile Content="package login;&#13;&#10;&#13;&#10;import java.awt.Color;&#13;&#10;&#13;&#10;import games.GamesFrame;&#13;&#10;&#13;&#10;public class LoginActions {&#13;&#10;&#9;&#13;&#10;&#9;LoginFrame loginFrame;&#13;&#10;&#9;String userID;&#13;&#10;&#9;String password;&#13;&#10;&#9;&#13;&#10;&#9;public LoginActions(LoginFrame loginFrame){&#13;&#10;&#9;&#9;this.loginFrame = loginFrame;&#13;&#10;&#9;}&#13;&#10;&#9;&#13;&#10;&#9;void loginButtonAction() {&#13;&#10;&#9;&#9;&#13;&#10;&#9;&#9;userID = loginFrame.userIDField.getText().toLowerCase();&#13;&#10;&#9;&#9;password = String.valueOf(loginFrame.userPasswordField.getPassword());&#13;&#10;&#9;&#9;&#13;&#10;&#9;&#9;// For MCDC Testing purposes&#13;&#10;&#9;&#9;&#13;&#10;&#9;&#9;if(!(loginFrame.credentialsMap.isEmpty()) &amp;&amp;&#13;&#10;&#9;&#9;&#9;&#9;(((loginFrame.credentialsMap.containsKey(userID)) &#13;&#10;&#9;&#9;&#9;&#9;&amp;&amp; (loginFrame.credentialsMap.get(userID)).getPassword().equals(password)) &#13;&#10;&#9;&#9;&#9;&#9;|| (userID.equals(&quot;guest&quot;) &amp;&amp; password.equals(&quot;guest&quot;)))){&#13;&#10;&#9;&#9;&#9;&#13;&#10;&#9;&#9;&#9;loginFrame.messageLabel.setForeground(Color.green);&#13;&#10;&#9;&#9;&#9;loginFrame.messageLabel.setText(&quot;Login successful&quot;);&#13;&#10;&#9;&#9;&#9;// this.dispose(); // close this frame&#13;&#10;&#9;&#9;&#9;loginFrame.user = loginFrame.credentialsMap.get(userID);&#13;&#10;&#9;&#9;&#9;loginFrame.dispose(); // close this frame&#13;&#10;&#9;&#9;&#9;GamesFrame gamesFrame = new GamesFrame(loginFrame.user, loginFrame.setupFacade.getGamesList());&#13;&#10;&#9;&#9;&#9;&#13;&#10;&#9;&#9;}&#13;&#10;&#9;&#9;&#13;&#10;&#9;&#9;else if (!(loginFrame.credentialsMap.isEmpty()) &amp;&amp;&#13;&#10;&#9;&#9;&#9;&#9;((loginFrame.credentialsMap.containsKey(userID) &amp;&amp;&#13;&#10;&#9;&#9;&#9;&#9;!(loginFrame.credentialsMap.get(userID)).getPassword().equals(password))&#13;&#10;&#9;&#9;&#9;&#9;|| (userID.equals(&quot;guest&quot;) &amp;&amp; !(password.equals(&quot;guest&quot;))))) {&#13;&#10;&#9;&#9;&#9;&#13;&#10;&#9;&#9;&#9;loginFrame.messageLabel.setForeground(Color.red);&#13;&#10;&#9;&#9;&#9;loginFrame.messageLabel.setText(&quot;Wrong password&quot;);&#13;&#10;&#9;&#9;&#9;&#13;&#10;&#9;&#9;}&#13;&#10;&#9;&#9;&#13;&#10;&#9;&#9;else if (loginFrame.credentialsMap.isEmpty() ||&#13;&#10;&#9;&#9;&#9;&#9;!(loginFrame.credentialsMap.containsKey(userID)) || !(userID.equals(&quot;guest&quot;))) {&#13;&#10;&#9;&#9;&#9;loginFrame.messageLabel.setForeground(Color.red);&#13;&#10;&#9;&#9;&#9;loginFrame.messageLabel.setText(&quot;Username not found&quot;);&#13;&#10;&#9;&#9;}&#13;&#10;&#9;&#9;&#13;&#10;&#9;}&#13;&#10;&#13;&#10;}&#13;&#10;" Filename="LoginActions.java" Intrnl_Id="1"/>
    </SrcFileList>
    <CritList>
        <CritListEntry Name="org.codecover.model.utils.criteria.LoopCoverage" PluginName="org.codecover"/>
        <CritListEntry Name="org.codecover.model.utils.criteria.QMOCoverage" PluginName="org.codecover"/>
        <CritListEntry Name="org.codecover.model.utils.criteria.ConditionCoverage" PluginName="org.codecover"/>
        <CritListEntry Name="org.codecover.model.utils.criteria.BranchCoverage" PluginName="org.codecover"/>
        <CritListEntry Name="org.codecover.model.utils.criteria.SynchronizedStatementCoverage" PluginName="org.codecover"/>
        <CritListEntry Name="org.codecover.model.utils.criteria.StatementCoverage" PluginName="org.codecover"/>
    </CritList>
    <BoolOpList>
        <BoolOp Arity="2" Intrnl_Id="2" Name="conditional and (&amp;&amp;)">
            <BoolAssgnmntBoolMapList>
                <MapEntry BoolAssgnmnt="02" Value="false"/>
                <MapEntry BoolAssgnmnt="10" Value="false"/>
                <MapEntry BoolAssgnmnt="11" Value="true"/>
            </BoolAssgnmntBoolMapList>
        </BoolOp>
        <BoolOp Arity="2" Intrnl_Id="3" Name="conditional or (||)">
            <BoolAssgnmntBoolMapList>
                <MapEntry BoolAssgnmnt="00" Value="false"/>
                <MapEntry BoolAssgnmnt="01" Value="true"/>
                <MapEntry BoolAssgnmnt="12" Value="true"/>
            </BoolAssgnmntBoolMapList>
        </BoolOp>
        <BoolOp Arity="1" Intrnl_Id="4" Name="not (!)">
            <BoolAssgnmntBoolMapList>
                <MapEntry BoolAssgnmnt="1" Value="false"/>
                <MapEntry BoolAssgnmnt="0" Value="true"/>
            </BoolAssgnmntBoolMapList>
        </BoolOp>
    </BoolOpList>
    <HierarchyLvlTypeList>
        <HierarchyLvlType EnglishName="package" IntrnlName="package" Intrnl_Id="5"/>
        <HierarchyLvlType EnglishName="method" IntrnlName="method" Intrnl_Id="6"/>
        <HierarchyLvlType EnglishName="class" IntrnlName="class" Intrnl_Id="7"/>
        <HierarchyLvlType EnglishName="default package" IntrnlName="default package" Intrnl_Id="8"/>
    </HierarchyLvlTypeList>
    <MASTRoot>
        <HierarchyLvl HierarchyLvlId="107" HierarchyLvlTypeId="8" Intrnl_Id="9" Name="default package">
            <Header/>
            <LocList/>
            <HierarchyLvl HierarchyLvlId="106" HierarchyLvlTypeId="5" Intrnl_Id="10" Name="login">
                <Header/>
                <LocList/>
                <HierarchyLvl HierarchyLvlId="105" HierarchyLvlTypeId="7" Intrnl_Id="11" Name="LoginActions">
                    <Header>
                        <Loc EndOffset="97" SrcFileId="1" StartOffset="72"/>
                    </Header>
                    <LocList>
                        <Loc EndOffset="1742" SrcFileId="1" StartOffset="72"/>
                    </LocList>
                    <HierarchyLvl HierarchyLvlId="103" HierarchyLvlTypeId="6" Intrnl_Id="12" Name="LoginActions">
                        <Header>
                            <Loc EndOffset="211" SrcFileId="1" StartOffset="169"/>
                        </Header>
                        <LocList>
                            <Loc EndOffset="249" SrcFileId="1" StartOffset="169"/>
                        </LocList>
                        <StmntSeq Intrnl_Id="13">
                            <LocList>
                                <Loc EndOffset="245" SrcFileId="1" StartOffset="216"/>
                            </LocList>
                            <BasicStmnt CovItemId="S1" CovItemPrefix="login.LoginActions.java" Intrnl_Id="14">
                                <LocList>
                                    <Loc EndOffset="245" SrcFileId="1" StartOffset="216"/>
                                </LocList>
                            </BasicStmnt>
                        </StmntSeq>
                    </HierarchyLvl>
                    <HierarchyLvl HierarchyLvlId="104" HierarchyLvlTypeId="6" Intrnl_Id="15" Name="loginButtonAction">
                        <Header>
                            <Loc EndOffset="279" SrcFileId="1" StartOffset="255"/>
                        </Header>
                        <LocList>
                            <Loc EndOffset="1737" SrcFileId="1" StartOffset="255"/>
                        </LocList>
                        <StmntSeq Intrnl_Id="16">
                            <LocList>
                                <Loc EndOffset="345" SrcFileId="1" StartOffset="289"/>
                                <Loc EndOffset="419" SrcFileId="1" StartOffset="349"/>
                                <Loc EndOffset="1729" SrcFileId="1" StartOffset="463"/>
                            </LocList>
                            <BasicStmnt CovItemId="S2" CovItemPrefix="login.LoginActions.java" Intrnl_Id="17">
                                <LocList>
                                    <Loc EndOffset="345" SrcFileId="1" StartOffset="289"/>
                                </LocList>
                            </BasicStmnt>
                            <BasicStmnt CovItemId="S3" CovItemPrefix="login.LoginActions.java" Intrnl_Id="18">
                                <LocList>
                                    <Loc EndOffset="419" SrcFileId="1" StartOffset="349"/>
                                </LocList>
                            </BasicStmnt>
                            <CondStmnt CovItemId="S4" CovItemPrefix="login.LoginActions.java" Intrnl_Id="19">
                                <Branch CovItemId="B1" CovItemPrefix="login.LoginActions.java" Implct="false" Intrnl_Id="20">
                                    <Cond/>
                                    <LocList>
                                        <Loc EndOffset="1086" SrcFileId="1" StartOffset="707"/>
                                    </LocList>
                                    <StmntSeq Intrnl_Id="21">
                                        <LocList>
                                            <Loc EndOffset="769" SrcFileId="1" StartOffset="718"/>
                                            <Loc EndOffset="826" SrcFileId="1" StartOffset="774"/>
                                            <Loc EndOffset="930" SrcFileId="1" StartOffset="874"/>
                                            <Loc EndOffset="956" SrcFileId="1" StartOffset="935"/>
                                            <Loc EndOffset="1076" SrcFileId="1" StartOffset="981"/>
                                        </LocList>
                                        <BasicStmnt CovItemId="S5" CovItemPrefix="login.LoginActions.java" Intrnl_Id="22">
                                            <LocList>
                                                <Loc EndOffset="769" SrcFileId="1" StartOffset="718"/>
                                            </LocList>
                                        </BasicStmnt>
                                        <BasicStmnt CovItemId="S6" CovItemPrefix="login.LoginActions.java" Intrnl_Id="23">
                                            <LocList>
                                                <Loc EndOffset="826" SrcFileId="1" StartOffset="774"/>
                                            </LocList>
                                        </BasicStmnt>
                                        <BasicStmnt CovItemId="S7" CovItemPrefix="login.LoginActions.java" Intrnl_Id="24">
                                            <LocList>
                                                <Loc EndOffset="930" SrcFileId="1" StartOffset="874"/>
                                            </LocList>
                                        </BasicStmnt>
                                        <BasicStmnt CovItemId="S8" CovItemPrefix="login.LoginActions.java" Intrnl_Id="25">
                                            <LocList>
                                                <Loc EndOffset="956" SrcFileId="1" StartOffset="935"/>
                                            </LocList>
                                        </BasicStmnt>
                                        <BasicStmnt CovItemId="S9" CovItemPrefix="login.LoginActions.java" Intrnl_Id="26">
                                            <LocList>
                                                <Loc EndOffset="1076" SrcFileId="1" StartOffset="981"/>
                                            </LocList>
                                        </BasicStmnt>
                                    </StmntSeq>
                                </Branch>
                                <Branch CovItemId="B2" CovItemPrefix="login.LoginActions.java" Implct="false" Intrnl_Id="27">
                                    <Cond>
                                        <Loc EndOffset="1098" SrcFileId="1" StartOffset="1094"/>
                                    </Cond>
                                    <LocList>
                                        <Loc EndOffset="1729" SrcFileId="1" StartOffset="1099"/>
                                    </LocList>
                                    <StmntSeq Intrnl_Id="28">
                                        <LocList>
                                            <Loc EndOffset="1729" SrcFileId="1" StartOffset="1099"/>
                                        </LocList>
                                        <CondStmnt CovItemId="S10" CovItemPrefix="login.LoginActions.java" Intrnl_Id="29">
                                            <Branch CovItemId="B3" CovItemPrefix="login.LoginActions.java" Implct="false" Intrnl_Id="30">
                                                <Cond/>
                                                <LocList>
                                                    <Loc EndOffset="1470" SrcFileId="1" StartOffset="1345"/>
                                                </LocList>
                                                <StmntSeq Intrnl_Id="31">
                                                    <LocList>
                                                        <Loc EndOffset="1405" SrcFileId="1" StartOffset="1356"/>
                                                        <Loc EndOffset="1460" SrcFileId="1" StartOffset="1410"/>
                                                    </LocList>
                                                    <BasicStmnt CovItemId="S11" CovItemPrefix="login.LoginActions.java" Intrnl_Id="32">
                                                        <LocList>
                                                            <Loc EndOffset="1405" SrcFileId="1" StartOffset="1356"/>
                                                        </LocList>
                                                    </BasicStmnt>
                                                    <BasicStmnt CovItemId="S12" CovItemPrefix="login.LoginActions.java" Intrnl_Id="33">
                                                        <LocList>
                                                            <Loc EndOffset="1460" SrcFileId="1" StartOffset="1410"/>
                                                        </LocList>
                                                    </BasicStmnt>
                                                </StmntSeq>
                                            </Branch>
                                            <Branch CovItemId="B4" CovItemPrefix="login.LoginActions.java" Implct="false" Intrnl_Id="34">
                                                <Cond>
                                                    <Loc EndOffset="1482" SrcFileId="1" StartOffset="1478"/>
                                                </Cond>
                                                <LocList>
                                                    <Loc EndOffset="1729" SrcFileId="1" StartOffset="1483"/>
                                                </LocList>
                                                <StmntSeq Intrnl_Id="35">
                                                    <LocList>
                                                        <Loc EndOffset="1729" SrcFileId="1" StartOffset="1483"/>
                                                    </LocList>
                                                    <CondStmnt CovItemId="S13" CovItemPrefix="login.LoginActions.java" Intrnl_Id="36">
                                                        <Branch CovItemId="B5" CovItemPrefix="login.LoginActions.java" Implct="false" Intrnl_Id="37">
                                                            <Cond/>
                                                            <LocList>
                                                                <Loc EndOffset="1729" SrcFileId="1" StartOffset="1610"/>
                                                            </LocList>
                                                            <StmntSeq Intrnl_Id="38">
                                                                <LocList>
                                                                    <Loc EndOffset="1665" SrcFileId="1" StartOffset="1616"/>
                                                                    <Loc EndOffset="1724" SrcFileId="1" StartOffset="1670"/>
                                                                </LocList>
                                                                <BasicStmnt CovItemId="S14" CovItemPrefix="login.LoginActions.java" Intrnl_Id="39">
                                                                    <LocList>
                                                                        <Loc EndOffset="1665" SrcFileId="1" StartOffset="1616"/>
                                                                    </LocList>
                                                                </BasicStmnt>
                                                                <BasicStmnt CovItemId="S15" CovItemPrefix="login.LoginActions.java" Intrnl_Id="40">
                                                                    <LocList>
                                                                        <Loc EndOffset="1724" SrcFileId="1" StartOffset="1670"/>
                                                                    </LocList>
                                                                </BasicStmnt>
                                                            </StmntSeq>
                                                        </Branch>
                                                        <Branch CovItemId="B6" CovItemPrefix="login.LoginActions.java" Implct="true" Intrnl_Id="41">
                                                            <Cond/>
                                                            <LocList/>
                                                            <StmntSeq Intrnl_Id="42">
                                                                <LocList/>
                                                            </StmntSeq>
                                                        </Branch>
                                                        <Keyword EndOffset="1485" SrcFileId="1" StartOffset="1483"/>
                                                        <LocList>
                                                            <Loc EndOffset="1729" SrcFileId="1" StartOffset="1483"/>
                                                        </LocList>
                                                        <RootTerm CovItemId="C3" CovItemPrefix="login.LoginActions.java" Intrnl_Id="43">
                                                            <OpTerm BooleanOpId="3" Intrnl_Id="44">
                                                                <OpTerm BooleanOpId="3" Intrnl_Id="45">
                                                                    <BasicBoolTerm Intrnl_Id="46">
                                                                        <LocList>
                                                                            <Loc EndOffset="1522" SrcFileId="1" StartOffset="1487"/>
                                                                        </LocList>
                                                                    </BasicBoolTerm>
                                                                    <OpTerm BooleanOpId="4" Intrnl_Id="47">
                                                                        <BasicBoolTerm Intrnl_Id="48">
                                                                            <LocList>
                                                                                <Loc EndOffset="1578" SrcFileId="1" StartOffset="1533"/>
                                                                            </LocList>
                                                                        </BasicBoolTerm>
                                                                        <LocList>
                                                                            <Loc EndOffset="1532" SrcFileId="1" StartOffset="1531"/>
                                                                        </LocList>
                                                                    </OpTerm>
                                                                    <LocList>
                                                                        <Loc EndOffset="1525" SrcFileId="1" StartOffset="1523"/>
                                                                    </LocList>
                                                                </OpTerm>
                                                                <OpTerm BooleanOpId="4" Intrnl_Id="49">
                                                                    <BasicBoolTerm Intrnl_Id="50">
                                                                        <LocList>
                                                                            <Loc EndOffset="1607" SrcFileId="1" StartOffset="1585"/>
                                                                        </LocList>
                                                                    </BasicBoolTerm>
                                                                    <LocList>
                                                                        <Loc EndOffset="1584" SrcFileId="1" StartOffset="1583"/>
                                                                    </LocList>
                                                                </OpTerm>
                                                                <LocList>
                                                                    <Loc EndOffset="1582" SrcFileId="1" StartOffset="1580"/>
                                                                </LocList>
                                                            </OpTerm>
                                                        </RootTerm>
                                                    </CondStmnt>
                                                </StmntSeq>
                                            </Branch>
                                            <Keyword EndOffset="1101" SrcFileId="1" StartOffset="1099"/>
                                            <LocList>
                                                <Loc EndOffset="1729" SrcFileId="1" StartOffset="1099"/>
                                            </LocList>
                                            <RootTerm CovItemId="C2" CovItemPrefix="login.LoginActions.java" Intrnl_Id="51">
                                                <OpTerm BooleanOpId="2" Intrnl_Id="52">
                                                    <OpTerm BooleanOpId="4" Intrnl_Id="53">
                                                        <BasicBoolTerm Intrnl_Id="54">
                                                            <LocList>
                                                                <Loc EndOffset="1140" SrcFileId="1" StartOffset="1105"/>
                                                            </LocList>
                                                        </BasicBoolTerm>
                                                        <LocList>
                                                            <Loc EndOffset="1104" SrcFileId="1" StartOffset="1103"/>
                                                        </LocList>
                                                    </OpTerm>
                                                    <OpTerm BooleanOpId="3" Intrnl_Id="55">
                                                        <OpTerm BooleanOpId="2" Intrnl_Id="56">
                                                            <BasicBoolTerm Intrnl_Id="57">
                                                                <LocList>
                                                                    <Loc EndOffset="1197" SrcFileId="1" StartOffset="1152"/>
                                                                </LocList>
                                                            </BasicBoolTerm>
                                                            <OpTerm BooleanOpId="4" Intrnl_Id="58">
                                                                <BasicBoolTerm Intrnl_Id="59">
                                                                    <LocList>
                                                                        <Loc EndOffset="1277" SrcFileId="1" StartOffset="1207"/>
                                                                    </LocList>
                                                                </BasicBoolTerm>
                                                                <LocList>
                                                                    <Loc EndOffset="1207" SrcFileId="1" StartOffset="1206"/>
                                                                </LocList>
                                                            </OpTerm>
                                                            <LocList>
                                                                <Loc EndOffset="1200" SrcFileId="1" StartOffset="1198"/>
                                                            </LocList>
                                                        </OpTerm>
                                                        <OpTerm BooleanOpId="2" Intrnl_Id="60">
                                                            <BasicBoolTerm Intrnl_Id="61">
                                                                <LocList>
                                                                    <Loc EndOffset="1310" SrcFileId="1" StartOffset="1288"/>
                                                                </LocList>
                                                            </BasicBoolTerm>
                                                            <OpTerm BooleanOpId="4" Intrnl_Id="62">
                                                                <BasicBoolTerm Intrnl_Id="63">
                                                                    <LocList>
                                                                        <Loc EndOffset="1340" SrcFileId="1" StartOffset="1316"/>
                                                                    </LocList>
                                                                </BasicBoolTerm>
                                                                <LocList>
                                                                    <Loc EndOffset="1315" SrcFileId="1" StartOffset="1314"/>
                                                                </LocList>
                                                            </OpTerm>
                                                            <LocList>
                                                                <Loc EndOffset="1313" SrcFileId="1" StartOffset="1311"/>
                                                            </LocList>
                                                        </OpTerm>
                                                        <LocList>
                                                            <Loc EndOffset="1286" SrcFileId="1" StartOffset="1284"/>
                                                        </LocList>
                                                    </OpTerm>
                                                    <LocList>
                                                        <Loc EndOffset="1144" SrcFileId="1" StartOffset="1142"/>
                                                    </LocList>
                                                </OpTerm>
                                            </RootTerm>
                                        </CondStmnt>
                                    </StmntSeq>
                                </Branch>
                                <Keyword EndOffset="465" SrcFileId="1" StartOffset="463"/>
                                <LocList>
                                    <Loc EndOffset="1729" SrcFileId="1" StartOffset="463"/>
                                </LocList>
                                <RootTerm CovItemId="C1" CovItemPrefix="login.LoginActions.java" Intrnl_Id="64">
                                    <OpTerm BooleanOpId="2" Intrnl_Id="65">
                                        <OpTerm BooleanOpId="4" Intrnl_Id="66">
                                            <BasicBoolTerm Intrnl_Id="67">
                                                <LocList>
                                                    <Loc EndOffset="503" SrcFileId="1" StartOffset="468"/>
                                                </LocList>
                                            </BasicBoolTerm>
                                            <LocList>
                                                <Loc EndOffset="467" SrcFileId="1" StartOffset="466"/>
                                            </LocList>
                                        </OpTerm>
                                        <OpTerm BooleanOpId="3" Intrnl_Id="68">
                                            <OpTerm BooleanOpId="2" Intrnl_Id="69">
                                                <BasicBoolTerm Intrnl_Id="70">
                                                    <LocList>
                                                        <Loc EndOffset="561" SrcFileId="1" StartOffset="516"/>
                                                    </LocList>
                                                </BasicBoolTerm>
                                                <BasicBoolTerm Intrnl_Id="71">
                                                    <LocList>
                                                        <Loc EndOffset="642" SrcFileId="1" StartOffset="572"/>
                                                    </LocList>
                                                </BasicBoolTerm>
                                                <LocList>
                                                    <Loc EndOffset="571" SrcFileId="1" StartOffset="569"/>
                                                </LocList>
                                            </OpTerm>
                                            <OpTerm BooleanOpId="2" Intrnl_Id="72">
                                                <BasicBoolTerm Intrnl_Id="73">
                                                    <LocList>
                                                        <Loc EndOffset="676" SrcFileId="1" StartOffset="654"/>
                                                    </LocList>
                                                </BasicBoolTerm>
                                                <BasicBoolTerm Intrnl_Id="74">
                                                    <LocList>
                                                        <Loc EndOffset="704" SrcFileId="1" StartOffset="680"/>
                                                    </LocList>
                                                </BasicBoolTerm>
                                                <LocList>
                                                    <Loc EndOffset="679" SrcFileId="1" StartOffset="677"/>
                                                </LocList>
                                            </OpTerm>
                                            <LocList>
                                                <Loc EndOffset="652" SrcFileId="1" StartOffset="650"/>
                                            </LocList>
                                        </OpTerm>
                                        <LocList>
                                            <Loc EndOffset="507" SrcFileId="1" StartOffset="505"/>
                                        </LocList>
                                    </OpTerm>
                                </RootTerm>
                            </CondStmnt>
                        </StmntSeq>
                    </HierarchyLvl>
                </HierarchyLvl>
            </HierarchyLvl>
        </HierarchyLvl>
    </MASTRoot>
</TestSessionContainer>
