<?xml version="1.0" encoding="UTF-8"?><TestSessionContainer xmlns="http://www.codecover.org/xml/testsession-container" Date="1690920050648" TestSessionContainerId="1316d4b2-2bcf-41ee-b50a-db1f24989456" version="1.0">
    <SrcFileList>
        <SrcFile Content="package login;&#13;&#10;&#13;&#10;import java.awt.Color;&#13;&#10;&#13;&#10;import games.GamesFrame;&#13;&#10;&#13;&#10;public class LoginActions {&#13;&#10;&#9;&#13;&#10;&#9;LoginFrame loginFrame;&#13;&#10;&#9;String userID;&#13;&#10;&#9;String password;&#13;&#10;&#9;&#13;&#10;&#9;LoginActions(LoginFrame loginFrame){&#13;&#10;&#9;&#9;this.loginFrame = loginFrame;&#13;&#10;&#9;}&#13;&#10;&#9;&#13;&#10;&#9;void loginButtonAction() {&#13;&#10;&#9;&#9;&#13;&#10;&#9;&#9;userID = loginFrame.userIDField.getText().toLowerCase();&#13;&#10;&#9;&#9;password = String.valueOf(loginFrame.userPasswordField.getPassword());&#13;&#10;&#9;&#9;&#13;&#10;&#9;&#9;// Adapted for MCDC Testing purposes&#13;&#10;&#9;&#9;&#13;&#10;&#9;&#9;if(!(loginFrame.credentialsMap.isEmpty()) &amp;&amp;&#13;&#10;&#9;&#9;&#9;&#9;(((loginFrame.credentialsMap.containsKey(userID)) &#13;&#10;&#9;&#9;&#9;&#9;&amp;&amp; (loginFrame.credentialsMap.get(userID)).getPassword().equals(password))&#13;&#10;&#9;&#9;&#9;&#9;|| (userID.equals(&quot;guest&quot;) &amp;&amp; password.equals(&quot;guest&quot;)))){&#13;&#10;&#9;&#9;&#9;&#13;&#10;&#9;&#9;&#9;if (userID.equals(&quot;guest&quot;) &amp; password.equals(&quot;guest&quot;)) {&#13;&#10;&#9;&#9;&#9;&#9;// bitwise operator &amp; to avoid the short circuit evaluation&#13;&#10;&#9;&#9;&#9;&#9;// in order to cover all the conditions in testing&#13;&#10;&#9;&#9;&#9;&#9;if (loginFrame.credentialsMap.containsKey(&quot;guestuser&quot;)) {&#13;&#10;&#9;&#9;&#9;&#9;&#9;loginFrame.messageLabel.setForeground(Color.green);&#13;&#10;&#9;&#9;&#9;&#9;&#9;loginFrame.messageLabel.setText(&quot;Login successful&quot;);&#13;&#10;&#9;&#9;&#9;&#9;&#9;loginFrame.user = loginFrame.credentialsMap.get(&quot;guestuser&quot;);&#13;&#10;&#9;&#9;&#9;&#9;}&#13;&#10;&#9;&#9;&#9;&#9;else {&#13;&#10;&#9;&#9;&#9;&#9;&#9;loginFrame.messageLabel.setForeground(Color.red);&#13;&#10;&#9;&#9;&#9;&#9;&#9;loginFrame.messageLabel.setText(&quot;An error has occurred&quot;);&#13;&#10;&#9;&#9;&#9;&#9;&#9;return;&#13;&#10;&#9;&#9;&#9;&#9;}&#13;&#10;&#9;&#9;&#9;}&#13;&#10;&#9;&#9;&#9;else {&#13;&#10;&#9;&#9;&#9;&#9;loginFrame.messageLabel.setForeground(Color.green);&#13;&#10;&#9;&#9;&#9;&#9;loginFrame.messageLabel.setText(&quot;Login successful&quot;);&#13;&#10;&#9;&#9;&#9;&#9;loginFrame.user = loginFrame.credentialsMap.get(userID);&#13;&#10;&#9;&#9;&#9;}&#13;&#10;&#9;&#9;&#9;loginFrame.dispose(); // close loginFrame frame&#13;&#10;&#9;&#9;&#9;GamesFrame gamesFrame = new GamesFrame(loginFrame.user, loginFrame.setupFacade.getGamesList());&#13;&#10;&#9;&#9;&#9;&#13;&#10;&#9;&#9;}&#13;&#10;&#9;&#9;&#13;&#10;&#9;&#9;else if (!(loginFrame.credentialsMap.isEmpty()) &amp;&amp;&#13;&#10;&#9;&#9;&#9;&#9;((loginFrame.credentialsMap.containsKey(userID) &#13;&#10;&#9;&#9;&#9;&#9;&amp; !(loginFrame.credentialsMap.get(userID).getPassword().equals(password)))&#13;&#10;&#9;&#9;&#9;&#9;// It's Impossible to avoid the short circuit evaluation  &#13;&#10;&#9;&#9;&#9;&#9;|| (userID.equals(&quot;guest&quot;) &amp; !(password.equals(&quot;guest&quot;))))) {&#13;&#10;&#9;&#9;&#9;&#13;&#10;&#9;&#9;&#9;loginFrame.messageLabel.setForeground(Color.red);&#13;&#10;&#9;&#9;&#9;loginFrame.messageLabel.setText(&quot;Wrong password&quot;);&#13;&#10;&#9;&#9;&#9;&#13;&#10;&#9;&#9;}&#13;&#10;&#9;&#9;&#13;&#10;&#9;&#9;else {&#13;&#10;&#9;&#9;&#9;loginFrame.messageLabel.setForeground(Color.red);&#13;&#10;&#9;&#9;&#9;loginFrame.messageLabel.setText(&quot;Username not found&quot;);&#13;&#10;&#9;&#9;}&#13;&#10;&#9;&#9;&#13;&#10;&#9;}&#13;&#10;&#13;&#10;}&#13;&#10;" Filename="LoginActions.java" Intrnl_Id="1"/>
    </SrcFileList>
    <CritList>
        <CritListEntry Name="org.codecover.model.utils.criteria.LoopCoverage" PluginName="org.codecover"/>
        <CritListEntry Name="org.codecover.model.utils.criteria.QMOCoverage" PluginName="org.codecover"/>
        <CritListEntry Name="org.codecover.model.utils.criteria.ConditionCoverage" PluginName="org.codecover"/>
        <CritListEntry Name="org.codecover.model.utils.criteria.BranchCoverage" PluginName="org.codecover"/>
        <CritListEntry Name="org.codecover.model.utils.criteria.SynchronizedStatementCoverage" PluginName="org.codecover"/>
        <CritListEntry Name="org.codecover.model.utils.criteria.StatementCoverage" PluginName="org.codecover"/>
    </CritList>
    <BoolOpList>
        <BoolOp Arity="2" Intrnl_Id="2" Name="conditional and (&amp;&amp;)">
            <BoolAssgnmntBoolMapList>
                <MapEntry BoolAssgnmnt="02" Value="false"/>
                <MapEntry BoolAssgnmnt="10" Value="false"/>
                <MapEntry BoolAssgnmnt="11" Value="true"/>
            </BoolAssgnmntBoolMapList>
        </BoolOp>
        <BoolOp Arity="2" Intrnl_Id="3" Name="conditional or (||)">
            <BoolAssgnmntBoolMapList>
                <MapEntry BoolAssgnmnt="00" Value="false"/>
                <MapEntry BoolAssgnmnt="01" Value="true"/>
                <MapEntry BoolAssgnmnt="12" Value="true"/>
            </BoolAssgnmntBoolMapList>
        </BoolOp>
        <BoolOp Arity="1" Intrnl_Id="4" Name="not (!)">
            <BoolAssgnmntBoolMapList>
                <MapEntry BoolAssgnmnt="1" Value="false"/>
                <MapEntry BoolAssgnmnt="0" Value="true"/>
            </BoolAssgnmntBoolMapList>
        </BoolOp>
        <BoolOp Arity="2" Intrnl_Id="5" Name="and (&amp;)">
            <BoolAssgnmntBoolMapList>
                <MapEntry BoolAssgnmnt="00" Value="false"/>
                <MapEntry BoolAssgnmnt="01" Value="false"/>
                <MapEntry BoolAssgnmnt="10" Value="false"/>
                <MapEntry BoolAssgnmnt="11" Value="true"/>
            </BoolAssgnmntBoolMapList>
        </BoolOp>
    </BoolOpList>
    <HierarchyLvlTypeList>
        <HierarchyLvlType EnglishName="package" IntrnlName="package" Intrnl_Id="6"/>
        <HierarchyLvlType EnglishName="method" IntrnlName="method" Intrnl_Id="7"/>
        <HierarchyLvlType EnglishName="class" IntrnlName="class" Intrnl_Id="8"/>
        <HierarchyLvlType EnglishName="default package" IntrnlName="default package" Intrnl_Id="9"/>
    </HierarchyLvlTypeList>
    <MASTRoot>
        <HierarchyLvl HierarchyLvlId="205" HierarchyLvlTypeId="9" Intrnl_Id="10" Name="default package">
            <Header/>
            <LocList/>
            <HierarchyLvl HierarchyLvlId="204" HierarchyLvlTypeId="6" Intrnl_Id="11" Name="login">
                <Header/>
                <LocList/>
                <HierarchyLvl HierarchyLvlId="203" HierarchyLvlTypeId="8" Intrnl_Id="12" Name="LoginActions">
                    <Header>
                        <Loc EndOffset="97" SrcFileId="1" StartOffset="72"/>
                    </Header>
                    <LocList>
                        <Loc EndOffset="2257" SrcFileId="1" StartOffset="72"/>
                    </LocList>
                    <HierarchyLvl HierarchyLvlId="201" HierarchyLvlTypeId="7" Intrnl_Id="13" Name="LoginActions">
                        <Header>
                            <Loc EndOffset="204" SrcFileId="1" StartOffset="169"/>
                        </Header>
                        <LocList>
                            <Loc EndOffset="242" SrcFileId="1" StartOffset="169"/>
                        </LocList>
                        <StmntSeq Intrnl_Id="14">
                            <LocList>
                                <Loc EndOffset="238" SrcFileId="1" StartOffset="209"/>
                            </LocList>
                            <BasicStmnt CovItemId="S1" CovItemPrefix="login.LoginActions.java" Intrnl_Id="15">
                                <LocList>
                                    <Loc EndOffset="238" SrcFileId="1" StartOffset="209"/>
                                </LocList>
                            </BasicStmnt>
                        </StmntSeq>
                    </HierarchyLvl>
                    <HierarchyLvl HierarchyLvlId="202" HierarchyLvlTypeId="7" Intrnl_Id="16" Name="loginButtonAction">
                        <Header>
                            <Loc EndOffset="272" SrcFileId="1" StartOffset="248"/>
                        </Header>
                        <LocList>
                            <Loc EndOffset="2252" SrcFileId="1" StartOffset="248"/>
                        </LocList>
                        <StmntSeq Intrnl_Id="17">
                            <LocList>
                                <Loc EndOffset="338" SrcFileId="1" StartOffset="282"/>
                                <Loc EndOffset="412" SrcFileId="1" StartOffset="342"/>
                                <Loc EndOffset="2244" SrcFileId="1" StartOffset="464"/>
                            </LocList>
                            <BasicStmnt CovItemId="S2" CovItemPrefix="login.LoginActions.java" Intrnl_Id="18">
                                <LocList>
                                    <Loc EndOffset="338" SrcFileId="1" StartOffset="282"/>
                                </LocList>
                            </BasicStmnt>
                            <BasicStmnt CovItemId="S3" CovItemPrefix="login.LoginActions.java" Intrnl_Id="19">
                                <LocList>
                                    <Loc EndOffset="412" SrcFileId="1" StartOffset="342"/>
                                </LocList>
                            </BasicStmnt>
                            <CondStmnt CovItemId="S4" CovItemPrefix="login.LoginActions.java" Intrnl_Id="20">
                                <Branch CovItemId="B1" CovItemPrefix="login.LoginActions.java" Implct="false" Intrnl_Id="21">
                                    <Cond/>
                                    <LocList>
                                        <Loc EndOffset="1665" SrcFileId="1" StartOffset="707"/>
                                    </LocList>
                                    <StmntSeq Intrnl_Id="22">
                                        <LocList>
                                            <Loc EndOffset="1503" SrcFileId="1" StartOffset="718"/>
                                            <Loc EndOffset="1529" SrcFileId="1" StartOffset="1508"/>
                                            <Loc EndOffset="1655" SrcFileId="1" StartOffset="1560"/>
                                        </LocList>
                                        <CondStmnt CovItemId="S5" CovItemPrefix="login.LoginActions.java" Intrnl_Id="23">
                                            <Branch CovItemId="B3" CovItemPrefix="login.LoginActions.java" Implct="false" Intrnl_Id="24">
                                                <Cond/>
                                                <LocList>
                                                    <Loc EndOffset="1309" SrcFileId="1" StartOffset="773"/>
                                                </LocList>
                                                <StmntSeq Intrnl_Id="25">
                                                    <LocList>
                                                        <Loc EndOffset="1303" SrcFileId="1" StartOffset="901"/>
                                                    </LocList>
                                                    <CondStmnt CovItemId="S6" CovItemPrefix="login.LoginActions.java" Intrnl_Id="26">
                                                        <Branch CovItemId="B5" CovItemPrefix="login.LoginActions.java" Implct="false" Intrnl_Id="27">
                                                            <Cond/>
                                                            <LocList>
                                                                <Loc EndOffset="1150" SrcFileId="1" StartOffset="957"/>
                                                            </LocList>
                                                            <StmntSeq Intrnl_Id="28">
                                                                <LocList>
                                                                    <Loc EndOffset="1016" SrcFileId="1" StartOffset="965"/>
                                                                    <Loc EndOffset="1075" SrcFileId="1" StartOffset="1023"/>
                                                                    <Loc EndOffset="1143" SrcFileId="1" StartOffset="1082"/>
                                                                </LocList>
                                                                <BasicStmnt CovItemId="S7" CovItemPrefix="login.LoginActions.java" Intrnl_Id="29">
                                                                    <LocList>
                                                                        <Loc EndOffset="1016" SrcFileId="1" StartOffset="965"/>
                                                                    </LocList>
                                                                </BasicStmnt>
                                                                <BasicStmnt CovItemId="S8" CovItemPrefix="login.LoginActions.java" Intrnl_Id="30">
                                                                    <LocList>
                                                                        <Loc EndOffset="1075" SrcFileId="1" StartOffset="1023"/>
                                                                    </LocList>
                                                                </BasicStmnt>
                                                                <BasicStmnt CovItemId="S9" CovItemPrefix="login.LoginActions.java" Intrnl_Id="31">
                                                                    <LocList>
                                                                        <Loc EndOffset="1143" SrcFileId="1" StartOffset="1082"/>
                                                                    </LocList>
                                                                </BasicStmnt>
                                                            </StmntSeq>
                                                        </Branch>
                                                        <Branch CovItemId="B6" CovItemPrefix="login.LoginActions.java" Implct="false" Intrnl_Id="32">
                                                            <Cond>
                                                                <Loc EndOffset="1160" SrcFileId="1" StartOffset="1156"/>
                                                            </Cond>
                                                            <LocList>
                                                                <Loc EndOffset="1303" SrcFileId="1" StartOffset="1161"/>
                                                            </LocList>
                                                            <StmntSeq Intrnl_Id="33">
                                                                <LocList>
                                                                    <Loc EndOffset="1218" SrcFileId="1" StartOffset="1169"/>
                                                                    <Loc EndOffset="1282" SrcFileId="1" StartOffset="1225"/>
                                                                    <Loc EndOffset="1296" SrcFileId="1" StartOffset="1289"/>
                                                                </LocList>
                                                                <BasicStmnt CovItemId="S10" CovItemPrefix="login.LoginActions.java" Intrnl_Id="34">
                                                                    <LocList>
                                                                        <Loc EndOffset="1218" SrcFileId="1" StartOffset="1169"/>
                                                                    </LocList>
                                                                </BasicStmnt>
                                                                <BasicStmnt CovItemId="S11" CovItemPrefix="login.LoginActions.java" Intrnl_Id="35">
                                                                    <LocList>
                                                                        <Loc EndOffset="1282" SrcFileId="1" StartOffset="1225"/>
                                                                    </LocList>
                                                                </BasicStmnt>
                                                                <BasicStmnt CovItemId="S12" CovItemPrefix="login.LoginActions.java" Intrnl_Id="36">
                                                                    <LocList>
                                                                        <Loc EndOffset="1296" SrcFileId="1" StartOffset="1289"/>
                                                                    </LocList>
                                                                </BasicStmnt>
                                                            </StmntSeq>
                                                        </Branch>
                                                        <Keyword EndOffset="903" SrcFileId="1" StartOffset="901"/>
                                                        <LocList>
                                                            <Loc EndOffset="1303" SrcFileId="1" StartOffset="901"/>
                                                        </LocList>
                                                        <RootTerm CovItemId="C3" CovItemPrefix="login.LoginActions.java" Intrnl_Id="37">
                                                            <BasicBoolTerm Intrnl_Id="38">
                                                                <LocList>
                                                                    <Loc EndOffset="955" SrcFileId="1" StartOffset="905"/>
                                                                </LocList>
                                                            </BasicBoolTerm>
                                                        </RootTerm>
                                                    </CondStmnt>
                                                </StmntSeq>
                                            </Branch>
                                            <Branch CovItemId="B4" CovItemPrefix="login.LoginActions.java" Implct="false" Intrnl_Id="39">
                                                <Cond>
                                                    <Loc EndOffset="1318" SrcFileId="1" StartOffset="1314"/>
                                                </Cond>
                                                <LocList>
                                                    <Loc EndOffset="1503" SrcFileId="1" StartOffset="1319"/>
                                                </LocList>
                                                <StmntSeq Intrnl_Id="40">
                                                    <LocList>
                                                        <Loc EndOffset="1377" SrcFileId="1" StartOffset="1326"/>
                                                        <Loc EndOffset="1435" SrcFileId="1" StartOffset="1383"/>
                                                        <Loc EndOffset="1497" SrcFileId="1" StartOffset="1441"/>
                                                    </LocList>
                                                    <BasicStmnt CovItemId="S13" CovItemPrefix="login.LoginActions.java" Intrnl_Id="41">
                                                        <LocList>
                                                            <Loc EndOffset="1377" SrcFileId="1" StartOffset="1326"/>
                                                        </LocList>
                                                    </BasicStmnt>
                                                    <BasicStmnt CovItemId="S14" CovItemPrefix="login.LoginActions.java" Intrnl_Id="42">
                                                        <LocList>
                                                            <Loc EndOffset="1435" SrcFileId="1" StartOffset="1383"/>
                                                        </LocList>
                                                    </BasicStmnt>
                                                    <BasicStmnt CovItemId="S15" CovItemPrefix="login.LoginActions.java" Intrnl_Id="43">
                                                        <LocList>
                                                            <Loc EndOffset="1497" SrcFileId="1" StartOffset="1441"/>
                                                        </LocList>
                                                    </BasicStmnt>
                                                </StmntSeq>
                                            </Branch>
                                            <Keyword EndOffset="720" SrcFileId="1" StartOffset="718"/>
                                            <LocList>
                                                <Loc EndOffset="1503" SrcFileId="1" StartOffset="718"/>
                                            </LocList>
                                            <RootTerm CovItemId="C2" CovItemPrefix="login.LoginActions.java" Intrnl_Id="44">
                                                <OpTerm BooleanOpId="5" Intrnl_Id="45">
                                                    <BasicBoolTerm Intrnl_Id="46">
                                                        <LocList>
                                                            <Loc EndOffset="744" SrcFileId="1" StartOffset="722"/>
                                                        </LocList>
                                                    </BasicBoolTerm>
                                                    <BasicBoolTerm Intrnl_Id="47">
                                                        <LocList>
                                                            <Loc EndOffset="771" SrcFileId="1" StartOffset="747"/>
                                                        </LocList>
                                                    </BasicBoolTerm>
                                                    <LocList>
                                                        <Loc EndOffset="746" SrcFileId="1" StartOffset="745"/>
                                                    </LocList>
                                                </OpTerm>
                                            </RootTerm>
                                        </CondStmnt>
                                        <BasicStmnt CovItemId="S16" CovItemPrefix="login.LoginActions.java" Intrnl_Id="48">
                                            <LocList>
                                                <Loc EndOffset="1529" SrcFileId="1" StartOffset="1508"/>
                                            </LocList>
                                        </BasicStmnt>
                                        <BasicStmnt CovItemId="S17" CovItemPrefix="login.LoginActions.java" Intrnl_Id="49">
                                            <LocList>
                                                <Loc EndOffset="1655" SrcFileId="1" StartOffset="1560"/>
                                            </LocList>
                                        </BasicStmnt>
                                    </StmntSeq>
                                </Branch>
                                <Branch CovItemId="B2" CovItemPrefix="login.LoginActions.java" Implct="false" Intrnl_Id="50">
                                    <Cond>
                                        <Loc EndOffset="1677" SrcFileId="1" StartOffset="1673"/>
                                    </Cond>
                                    <LocList>
                                        <Loc EndOffset="2244" SrcFileId="1" StartOffset="1678"/>
                                    </LocList>
                                    <StmntSeq Intrnl_Id="51">
                                        <LocList>
                                            <Loc EndOffset="2244" SrcFileId="1" StartOffset="1678"/>
                                        </LocList>
                                        <CondStmnt CovItemId="S18" CovItemPrefix="login.LoginActions.java" Intrnl_Id="52">
                                            <Branch CovItemId="B7" CovItemPrefix="login.LoginActions.java" Implct="false" Intrnl_Id="53">
                                                <Cond/>
                                                <LocList>
                                                    <Loc EndOffset="2112" SrcFileId="1" StartOffset="1987"/>
                                                </LocList>
                                                <StmntSeq Intrnl_Id="54">
                                                    <LocList>
                                                        <Loc EndOffset="2047" SrcFileId="1" StartOffset="1998"/>
                                                        <Loc EndOffset="2102" SrcFileId="1" StartOffset="2052"/>
                                                    </LocList>
                                                    <BasicStmnt CovItemId="S19" CovItemPrefix="login.LoginActions.java" Intrnl_Id="55">
                                                        <LocList>
                                                            <Loc EndOffset="2047" SrcFileId="1" StartOffset="1998"/>
                                                        </LocList>
                                                    </BasicStmnt>
                                                    <BasicStmnt CovItemId="S20" CovItemPrefix="login.LoginActions.java" Intrnl_Id="56">
                                                        <LocList>
                                                            <Loc EndOffset="2102" SrcFileId="1" StartOffset="2052"/>
                                                        </LocList>
                                                    </BasicStmnt>
                                                </StmntSeq>
                                            </Branch>
                                            <Branch CovItemId="B8" CovItemPrefix="login.LoginActions.java" Implct="false" Intrnl_Id="57">
                                                <Cond>
                                                    <Loc EndOffset="2124" SrcFileId="1" StartOffset="2120"/>
                                                </Cond>
                                                <LocList>
                                                    <Loc EndOffset="2244" SrcFileId="1" StartOffset="2125"/>
                                                </LocList>
                                                <StmntSeq Intrnl_Id="58">
                                                    <LocList>
                                                        <Loc EndOffset="2180" SrcFileId="1" StartOffset="2131"/>
                                                        <Loc EndOffset="2239" SrcFileId="1" StartOffset="2185"/>
                                                    </LocList>
                                                    <BasicStmnt CovItemId="S21" CovItemPrefix="login.LoginActions.java" Intrnl_Id="59">
                                                        <LocList>
                                                            <Loc EndOffset="2180" SrcFileId="1" StartOffset="2131"/>
                                                        </LocList>
                                                    </BasicStmnt>
                                                    <BasicStmnt CovItemId="S22" CovItemPrefix="login.LoginActions.java" Intrnl_Id="60">
                                                        <LocList>
                                                            <Loc EndOffset="2239" SrcFileId="1" StartOffset="2185"/>
                                                        </LocList>
                                                    </BasicStmnt>
                                                </StmntSeq>
                                            </Branch>
                                            <Keyword EndOffset="1680" SrcFileId="1" StartOffset="1678"/>
                                            <LocList>
                                                <Loc EndOffset="2244" SrcFileId="1" StartOffset="1678"/>
                                            </LocList>
                                            <RootTerm CovItemId="C4" CovItemPrefix="login.LoginActions.java" Intrnl_Id="61">
                                                <OpTerm BooleanOpId="2" Intrnl_Id="62">
                                                    <OpTerm BooleanOpId="4" Intrnl_Id="63">
                                                        <BasicBoolTerm Intrnl_Id="64">
                                                            <LocList>
                                                                <Loc EndOffset="1719" SrcFileId="1" StartOffset="1684"/>
                                                            </LocList>
                                                        </BasicBoolTerm>
                                                        <LocList>
                                                            <Loc EndOffset="1683" SrcFileId="1" StartOffset="1682"/>
                                                        </LocList>
                                                    </OpTerm>
                                                    <OpTerm BooleanOpId="3" Intrnl_Id="65">
                                                        <OpTerm BooleanOpId="5" Intrnl_Id="66">
                                                            <BasicBoolTerm Intrnl_Id="67">
                                                                <LocList>
                                                                    <Loc EndOffset="1776" SrcFileId="1" StartOffset="1731"/>
                                                                </LocList>
                                                            </BasicBoolTerm>
                                                            <OpTerm BooleanOpId="4" Intrnl_Id="68">
                                                                <BasicBoolTerm Intrnl_Id="69">
                                                                    <LocList>
                                                                        <Loc EndOffset="1855" SrcFileId="1" StartOffset="1787"/>
                                                                    </LocList>
                                                                </BasicBoolTerm>
                                                                <LocList>
                                                                    <Loc EndOffset="1786" SrcFileId="1" StartOffset="1785"/>
                                                                </LocList>
                                                            </OpTerm>
                                                            <LocList>
                                                                <Loc EndOffset="1784" SrcFileId="1" StartOffset="1783"/>
                                                            </LocList>
                                                        </OpTerm>
                                                        <OpTerm BooleanOpId="5" Intrnl_Id="70">
                                                            <BasicBoolTerm Intrnl_Id="71">
                                                                <LocList>
                                                                    <Loc EndOffset="1953" SrcFileId="1" StartOffset="1931"/>
                                                                </LocList>
                                                            </BasicBoolTerm>
                                                            <OpTerm BooleanOpId="4" Intrnl_Id="72">
                                                                <BasicBoolTerm Intrnl_Id="73">
                                                                    <LocList>
                                                                        <Loc EndOffset="1982" SrcFileId="1" StartOffset="1958"/>
                                                                    </LocList>
                                                                </BasicBoolTerm>
                                                                <LocList>
                                                                    <Loc EndOffset="1957" SrcFileId="1" StartOffset="1956"/>
                                                                </LocList>
                                                            </OpTerm>
                                                            <LocList>
                                                                <Loc EndOffset="1955" SrcFileId="1" StartOffset="1954"/>
                                                            </LocList>
                                                        </OpTerm>
                                                        <LocList>
                                                            <Loc EndOffset="1929" SrcFileId="1" StartOffset="1927"/>
                                                        </LocList>
                                                    </OpTerm>
                                                    <LocList>
                                                        <Loc EndOffset="1723" SrcFileId="1" StartOffset="1721"/>
                                                    </LocList>
                                                </OpTerm>
                                            </RootTerm>
                                        </CondStmnt>
                                    </StmntSeq>
                                </Branch>
                                <Keyword EndOffset="466" SrcFileId="1" StartOffset="464"/>
                                <LocList>
                                    <Loc EndOffset="2244" SrcFileId="1" StartOffset="464"/>
                                </LocList>
                                <RootTerm CovItemId="C1" CovItemPrefix="login.LoginActions.java" Intrnl_Id="74">
                                    <OpTerm BooleanOpId="2" Intrnl_Id="75">
                                        <OpTerm BooleanOpId="4" Intrnl_Id="76">
                                            <BasicBoolTerm Intrnl_Id="77">
                                                <LocList>
                                                    <Loc EndOffset="504" SrcFileId="1" StartOffset="469"/>
                                                </LocList>
                                            </BasicBoolTerm>
                                            <LocList>
                                                <Loc EndOffset="468" SrcFileId="1" StartOffset="467"/>
                                            </LocList>
                                        </OpTerm>
                                        <OpTerm BooleanOpId="3" Intrnl_Id="78">
                                            <OpTerm BooleanOpId="2" Intrnl_Id="79">
                                                <BasicBoolTerm Intrnl_Id="80">
                                                    <LocList>
                                                        <Loc EndOffset="562" SrcFileId="1" StartOffset="517"/>
                                                    </LocList>
                                                </BasicBoolTerm>
                                                <BasicBoolTerm Intrnl_Id="81">
                                                    <LocList>
                                                        <Loc EndOffset="643" SrcFileId="1" StartOffset="573"/>
                                                    </LocList>
                                                </BasicBoolTerm>
                                                <LocList>
                                                    <Loc EndOffset="572" SrcFileId="1" StartOffset="570"/>
                                                </LocList>
                                            </OpTerm>
                                            <OpTerm BooleanOpId="2" Intrnl_Id="82">
                                                <BasicBoolTerm Intrnl_Id="83">
                                                    <LocList>
                                                        <Loc EndOffset="676" SrcFileId="1" StartOffset="654"/>
                                                    </LocList>
                                                </BasicBoolTerm>
                                                <BasicBoolTerm Intrnl_Id="84">
                                                    <LocList>
                                                        <Loc EndOffset="704" SrcFileId="1" StartOffset="680"/>
                                                    </LocList>
                                                </BasicBoolTerm>
                                                <LocList>
                                                    <Loc EndOffset="679" SrcFileId="1" StartOffset="677"/>
                                                </LocList>
                                            </OpTerm>
                                            <LocList>
                                                <Loc EndOffset="652" SrcFileId="1" StartOffset="650"/>
                                            </LocList>
                                        </OpTerm>
                                        <LocList>
                                            <Loc EndOffset="508" SrcFileId="1" StartOffset="506"/>
                                        </LocList>
                                    </OpTerm>
                                </RootTerm>
                            </CondStmnt>
                        </StmntSeq>
                    </HierarchyLvl>
                </HierarchyLvl>
            </HierarchyLvl>
        </HierarchyLvl>
    </MASTRoot>
</TestSessionContainer>
