<?xml version="1.0" encoding="UTF-8"?><TestSessionContainer xmlns="http://www.codecover.org/xml/testsession-container" Date="1690880685479" TestSessionContainerId="2aa8743c-6869-45f4-87fb-90aa44cd2563" version="1.0">
    <SrcFileList>
        <SrcFile Content="package login;&#13;&#10;&#13;&#10;import java.awt.Color;&#13;&#10;&#13;&#10;import games.GamesFrame;&#13;&#10;&#13;&#10;public class LoginActions {&#13;&#10;&#9;&#13;&#10;&#9;LoginFrame loginFrame;&#13;&#10;&#9;String userID;&#13;&#10;&#9;String password;&#13;&#10;&#9;&#13;&#10;&#9;public LoginActions(LoginFrame loginFrame){&#13;&#10;&#9;&#9;this.loginFrame = loginFrame;&#13;&#10;&#9;}&#13;&#10;&#9;&#13;&#10;&#9;public void loginButtonAction() {&#13;&#10;&#9;&#9;&#13;&#10;&#9;&#9;userID = loginFrame.userIDField.getText().toLowerCase();&#13;&#10;&#9;&#9;password = String.valueOf(loginFrame.userPasswordField.getPassword());&#13;&#10;&#9;&#9;&#13;&#10;&#9;&#9;// For MCDC Testing purposes&#13;&#10;&#9;&#9;&#13;&#10;&#9;&#9;if(!(loginFrame.credentialsMap.isEmpty()) &amp;&amp;&#13;&#10;&#9;&#9;&#9;&#9;(((loginFrame.credentialsMap.containsKey(userID)) &#13;&#10;&#9;&#9;&#9;&#9;&amp;&amp; (loginFrame.credentialsMap.get(userID)).getPassword().equals(password)) &#13;&#10;&#9;&#9;&#9;&#9;|| (userID.equals(&quot;guest&quot;) &amp;&amp; password.equals(&quot;guest&quot;)))){&#13;&#10;&#9;&#9;&#9;&#13;&#10;&#9;&#9;&#9;loginFrame.messageLabel.setForeground(Color.green);&#13;&#10;&#9;&#9;&#9;loginFrame.messageLabel.setText(&quot;Login successful&quot;);&#13;&#10;&#9;&#9;&#9;loginFrame.user = loginFrame.credentialsMap.get(userID);&#13;&#10;&#9;&#9;&#9;loginFrame.dispose(); // close loginFrame frame&#13;&#10;&#9;&#9;&#9;GamesFrame gamesFrame = new GamesFrame(loginFrame.user, loginFrame.setupFacade.getGamesList());&#13;&#10;&#9;&#9;&#9;&#13;&#10;&#9;&#9;}&#13;&#10;&#9;&#9;&#13;&#10;&#9;&#9;else if (!(loginFrame.credentialsMap.isEmpty()) &amp;&amp;&#13;&#10;&#9;&#9;&#9;&#9;((loginFrame.credentialsMap.containsKey(userID) &amp;&amp;&#13;&#10;&#9;&#9;&#9;&#9;!(loginFrame.credentialsMap.get(userID)).getPassword().equals(password))&#13;&#10;&#9;&#9;&#9;&#9;|| (userID.equals(&quot;guest&quot;) &amp;&amp; !(password.equals(&quot;guest&quot;))))) {&#13;&#10;&#9;&#9;&#9;&#13;&#10;&#9;&#9;&#9;loginFrame.messageLabel.setForeground(Color.red);&#13;&#10;&#9;&#9;&#9;loginFrame.messageLabel.setText(&quot;Wrong password&quot;);&#13;&#10;&#9;&#9;&#9;&#13;&#10;&#9;&#9;}&#13;&#10;&#9;&#9;&#13;&#10;&#9;&#9;else if (loginFrame.credentialsMap.isEmpty() ||&#13;&#10;&#9;&#9;&#9;&#9;!(loginFrame.credentialsMap.containsKey(userID)) || !(userID.equals(&quot;guest&quot;))) {&#13;&#10;&#9;&#9;&#9;loginFrame.messageLabel.setForeground(Color.red);&#13;&#10;&#9;&#9;&#9;loginFrame.messageLabel.setText(&quot;Username not found&quot;);&#13;&#10;&#9;&#9;}&#13;&#10;&#9;&#9;&#13;&#10;&#9;}&#13;&#10;&#13;&#10;}&#13;&#10;" Filename="LoginActions.java" Intrnl_Id="1"/>
    </SrcFileList>
    <CritList>
        <CritListEntry Name="org.codecover.model.utils.criteria.LoopCoverage" PluginName="org.codecover"/>
        <CritListEntry Name="org.codecover.model.utils.criteria.QMOCoverage" PluginName="org.codecover"/>
        <CritListEntry Name="org.codecover.model.utils.criteria.ConditionCoverage" PluginName="org.codecover"/>
        <CritListEntry Name="org.codecover.model.utils.criteria.BranchCoverage" PluginName="org.codecover"/>
        <CritListEntry Name="org.codecover.model.utils.criteria.SynchronizedStatementCoverage" PluginName="org.codecover"/>
        <CritListEntry Name="org.codecover.model.utils.criteria.StatementCoverage" PluginName="org.codecover"/>
    </CritList>
    <BoolOpList>
        <BoolOp Arity="2" Intrnl_Id="2" Name="conditional and (&amp;&amp;)">
            <BoolAssgnmntBoolMapList>
                <MapEntry BoolAssgnmnt="02" Value="false"/>
                <MapEntry BoolAssgnmnt="10" Value="false"/>
                <MapEntry BoolAssgnmnt="11" Value="true"/>
            </BoolAssgnmntBoolMapList>
        </BoolOp>
        <BoolOp Arity="2" Intrnl_Id="3" Name="conditional or (||)">
            <BoolAssgnmntBoolMapList>
                <MapEntry BoolAssgnmnt="00" Value="false"/>
                <MapEntry BoolAssgnmnt="01" Value="true"/>
                <MapEntry BoolAssgnmnt="12" Value="true"/>
            </BoolAssgnmntBoolMapList>
        </BoolOp>
        <BoolOp Arity="1" Intrnl_Id="4" Name="not (!)">
            <BoolAssgnmntBoolMapList>
                <MapEntry BoolAssgnmnt="1" Value="false"/>
                <MapEntry BoolAssgnmnt="0" Value="true"/>
            </BoolAssgnmntBoolMapList>
        </BoolOp>
    </BoolOpList>
    <HierarchyLvlTypeList>
        <HierarchyLvlType EnglishName="package" IntrnlName="package" Intrnl_Id="5"/>
        <HierarchyLvlType EnglishName="method" IntrnlName="method" Intrnl_Id="6"/>
        <HierarchyLvlType EnglishName="class" IntrnlName="class" Intrnl_Id="7"/>
        <HierarchyLvlType EnglishName="default package" IntrnlName="default package" Intrnl_Id="8"/>
    </HierarchyLvlTypeList>
    <MASTRoot>
        <HierarchyLvl HierarchyLvlId="127" HierarchyLvlTypeId="8" Intrnl_Id="9" Name="default package">
            <Header/>
            <LocList/>
            <HierarchyLvl HierarchyLvlId="126" HierarchyLvlTypeId="5" Intrnl_Id="10" Name="login">
                <Header/>
                <LocList/>
                <HierarchyLvl HierarchyLvlId="125" HierarchyLvlTypeId="7" Intrnl_Id="11" Name="LoginActions">
                    <Header>
                        <Loc EndOffset="97" SrcFileId="1" StartOffset="72"/>
                    </Header>
                    <LocList>
                        <Loc EndOffset="1712" SrcFileId="1" StartOffset="72"/>
                    </LocList>
                    <HierarchyLvl HierarchyLvlId="123" HierarchyLvlTypeId="6" Intrnl_Id="12" Name="LoginActions">
                        <Header>
                            <Loc EndOffset="211" SrcFileId="1" StartOffset="169"/>
                        </Header>
                        <LocList>
                            <Loc EndOffset="249" SrcFileId="1" StartOffset="169"/>
                        </LocList>
                        <StmntSeq Intrnl_Id="13">
                            <LocList>
                                <Loc EndOffset="245" SrcFileId="1" StartOffset="216"/>
                            </LocList>
                            <BasicStmnt CovItemId="S1" CovItemPrefix="login.LoginActions.java" Intrnl_Id="14">
                                <LocList>
                                    <Loc EndOffset="245" SrcFileId="1" StartOffset="216"/>
                                </LocList>
                            </BasicStmnt>
                        </StmntSeq>
                    </HierarchyLvl>
                    <HierarchyLvl HierarchyLvlId="124" HierarchyLvlTypeId="6" Intrnl_Id="15" Name="loginButtonAction">
                        <Header>
                            <Loc EndOffset="286" SrcFileId="1" StartOffset="255"/>
                        </Header>
                        <LocList>
                            <Loc EndOffset="1707" SrcFileId="1" StartOffset="255"/>
                        </LocList>
                        <StmntSeq Intrnl_Id="16">
                            <LocList>
                                <Loc EndOffset="352" SrcFileId="1" StartOffset="296"/>
                                <Loc EndOffset="426" SrcFileId="1" StartOffset="356"/>
                                <Loc EndOffset="1699" SrcFileId="1" StartOffset="470"/>
                            </LocList>
                            <BasicStmnt CovItemId="S2" CovItemPrefix="login.LoginActions.java" Intrnl_Id="17">
                                <LocList>
                                    <Loc EndOffset="352" SrcFileId="1" StartOffset="296"/>
                                </LocList>
                            </BasicStmnt>
                            <BasicStmnt CovItemId="S3" CovItemPrefix="login.LoginActions.java" Intrnl_Id="18">
                                <LocList>
                                    <Loc EndOffset="426" SrcFileId="1" StartOffset="356"/>
                                </LocList>
                            </BasicStmnt>
                            <CondStmnt CovItemId="S4" CovItemPrefix="login.LoginActions.java" Intrnl_Id="19">
                                <Branch CovItemId="B1" CovItemPrefix="login.LoginActions.java" Implct="false" Intrnl_Id="20">
                                    <Cond/>
                                    <LocList>
                                        <Loc EndOffset="1056" SrcFileId="1" StartOffset="714"/>
                                    </LocList>
                                    <StmntSeq Intrnl_Id="21">
                                        <LocList>
                                            <Loc EndOffset="776" SrcFileId="1" StartOffset="725"/>
                                            <Loc EndOffset="833" SrcFileId="1" StartOffset="781"/>
                                            <Loc EndOffset="894" SrcFileId="1" StartOffset="838"/>
                                            <Loc EndOffset="920" SrcFileId="1" StartOffset="899"/>
                                            <Loc EndOffset="1046" SrcFileId="1" StartOffset="951"/>
                                        </LocList>
                                        <BasicStmnt CovItemId="S5" CovItemPrefix="login.LoginActions.java" Intrnl_Id="22">
                                            <LocList>
                                                <Loc EndOffset="776" SrcFileId="1" StartOffset="725"/>
                                            </LocList>
                                        </BasicStmnt>
                                        <BasicStmnt CovItemId="S6" CovItemPrefix="login.LoginActions.java" Intrnl_Id="23">
                                            <LocList>
                                                <Loc EndOffset="833" SrcFileId="1" StartOffset="781"/>
                                            </LocList>
                                        </BasicStmnt>
                                        <BasicStmnt CovItemId="S7" CovItemPrefix="login.LoginActions.java" Intrnl_Id="24">
                                            <LocList>
                                                <Loc EndOffset="894" SrcFileId="1" StartOffset="838"/>
                                            </LocList>
                                        </BasicStmnt>
                                        <BasicStmnt CovItemId="S8" CovItemPrefix="login.LoginActions.java" Intrnl_Id="25">
                                            <LocList>
                                                <Loc EndOffset="920" SrcFileId="1" StartOffset="899"/>
                                            </LocList>
                                        </BasicStmnt>
                                        <BasicStmnt CovItemId="S9" CovItemPrefix="login.LoginActions.java" Intrnl_Id="26">
                                            <LocList>
                                                <Loc EndOffset="1046" SrcFileId="1" StartOffset="951"/>
                                            </LocList>
                                        </BasicStmnt>
                                    </StmntSeq>
                                </Branch>
                                <Branch CovItemId="B2" CovItemPrefix="login.LoginActions.java" Implct="false" Intrnl_Id="27">
                                    <Cond>
                                        <Loc EndOffset="1068" SrcFileId="1" StartOffset="1064"/>
                                    </Cond>
                                    <LocList>
                                        <Loc EndOffset="1699" SrcFileId="1" StartOffset="1069"/>
                                    </LocList>
                                    <StmntSeq Intrnl_Id="28">
                                        <LocList>
                                            <Loc EndOffset="1699" SrcFileId="1" StartOffset="1069"/>
                                        </LocList>
                                        <CondStmnt CovItemId="S10" CovItemPrefix="login.LoginActions.java" Intrnl_Id="29">
                                            <Branch CovItemId="B3" CovItemPrefix="login.LoginActions.java" Implct="false" Intrnl_Id="30">
                                                <Cond/>
                                                <LocList>
                                                    <Loc EndOffset="1440" SrcFileId="1" StartOffset="1315"/>
                                                </LocList>
                                                <StmntSeq Intrnl_Id="31">
                                                    <LocList>
                                                        <Loc EndOffset="1375" SrcFileId="1" StartOffset="1326"/>
                                                        <Loc EndOffset="1430" SrcFileId="1" StartOffset="1380"/>
                                                    </LocList>
                                                    <BasicStmnt CovItemId="S11" CovItemPrefix="login.LoginActions.java" Intrnl_Id="32">
                                                        <LocList>
                                                            <Loc EndOffset="1375" SrcFileId="1" StartOffset="1326"/>
                                                        </LocList>
                                                    </BasicStmnt>
                                                    <BasicStmnt CovItemId="S12" CovItemPrefix="login.LoginActions.java" Intrnl_Id="33">
                                                        <LocList>
                                                            <Loc EndOffset="1430" SrcFileId="1" StartOffset="1380"/>
                                                        </LocList>
                                                    </BasicStmnt>
                                                </StmntSeq>
                                            </Branch>
                                            <Branch CovItemId="B4" CovItemPrefix="login.LoginActions.java" Implct="false" Intrnl_Id="34">
                                                <Cond>
                                                    <Loc EndOffset="1452" SrcFileId="1" StartOffset="1448"/>
                                                </Cond>
                                                <LocList>
                                                    <Loc EndOffset="1699" SrcFileId="1" StartOffset="1453"/>
                                                </LocList>
                                                <StmntSeq Intrnl_Id="35">
                                                    <LocList>
                                                        <Loc EndOffset="1699" SrcFileId="1" StartOffset="1453"/>
                                                    </LocList>
                                                    <CondStmnt CovItemId="S13" CovItemPrefix="login.LoginActions.java" Intrnl_Id="36">
                                                        <Branch CovItemId="B5" CovItemPrefix="login.LoginActions.java" Implct="false" Intrnl_Id="37">
                                                            <Cond/>
                                                            <LocList>
                                                                <Loc EndOffset="1699" SrcFileId="1" StartOffset="1580"/>
                                                            </LocList>
                                                            <StmntSeq Intrnl_Id="38">
                                                                <LocList>
                                                                    <Loc EndOffset="1635" SrcFileId="1" StartOffset="1586"/>
                                                                    <Loc EndOffset="1694" SrcFileId="1" StartOffset="1640"/>
                                                                </LocList>
                                                                <BasicStmnt CovItemId="S14" CovItemPrefix="login.LoginActions.java" Intrnl_Id="39">
                                                                    <LocList>
                                                                        <Loc EndOffset="1635" SrcFileId="1" StartOffset="1586"/>
                                                                    </LocList>
                                                                </BasicStmnt>
                                                                <BasicStmnt CovItemId="S15" CovItemPrefix="login.LoginActions.java" Intrnl_Id="40">
                                                                    <LocList>
                                                                        <Loc EndOffset="1694" SrcFileId="1" StartOffset="1640"/>
                                                                    </LocList>
                                                                </BasicStmnt>
                                                            </StmntSeq>
                                                        </Branch>
                                                        <Branch CovItemId="B6" CovItemPrefix="login.LoginActions.java" Implct="true" Intrnl_Id="41">
                                                            <Cond/>
                                                            <LocList/>
                                                            <StmntSeq Intrnl_Id="42">
                                                                <LocList/>
                                                            </StmntSeq>
                                                        </Branch>
                                                        <Keyword EndOffset="1455" SrcFileId="1" StartOffset="1453"/>
                                                        <LocList>
                                                            <Loc EndOffset="1699" SrcFileId="1" StartOffset="1453"/>
                                                        </LocList>
                                                        <RootTerm CovItemId="C3" CovItemPrefix="login.LoginActions.java" Intrnl_Id="43">
                                                            <OpTerm BooleanOpId="3" Intrnl_Id="44">
                                                                <OpTerm BooleanOpId="3" Intrnl_Id="45">
                                                                    <BasicBoolTerm Intrnl_Id="46">
                                                                        <LocList>
                                                                            <Loc EndOffset="1492" SrcFileId="1" StartOffset="1457"/>
                                                                        </LocList>
                                                                    </BasicBoolTerm>
                                                                    <OpTerm BooleanOpId="4" Intrnl_Id="47">
                                                                        <BasicBoolTerm Intrnl_Id="48">
                                                                            <LocList>
                                                                                <Loc EndOffset="1548" SrcFileId="1" StartOffset="1503"/>
                                                                            </LocList>
                                                                        </BasicBoolTerm>
                                                                        <LocList>
                                                                            <Loc EndOffset="1502" SrcFileId="1" StartOffset="1501"/>
                                                                        </LocList>
                                                                    </OpTerm>
                                                                    <LocList>
                                                                        <Loc EndOffset="1495" SrcFileId="1" StartOffset="1493"/>
                                                                    </LocList>
                                                                </OpTerm>
                                                                <OpTerm BooleanOpId="4" Intrnl_Id="49">
                                                                    <BasicBoolTerm Intrnl_Id="50">
                                                                        <LocList>
                                                                            <Loc EndOffset="1577" SrcFileId="1" StartOffset="1555"/>
                                                                        </LocList>
                                                                    </BasicBoolTerm>
                                                                    <LocList>
                                                                        <Loc EndOffset="1554" SrcFileId="1" StartOffset="1553"/>
                                                                    </LocList>
                                                                </OpTerm>
                                                                <LocList>
                                                                    <Loc EndOffset="1552" SrcFileId="1" StartOffset="1550"/>
                                                                </LocList>
                                                            </OpTerm>
                                                        </RootTerm>
                                                    </CondStmnt>
                                                </StmntSeq>
                                            </Branch>
                                            <Keyword EndOffset="1071" SrcFileId="1" StartOffset="1069"/>
                                            <LocList>
                                                <Loc EndOffset="1699" SrcFileId="1" StartOffset="1069"/>
                                            </LocList>
                                            <RootTerm CovItemId="C2" CovItemPrefix="login.LoginActions.java" Intrnl_Id="51">
                                                <OpTerm BooleanOpId="2" Intrnl_Id="52">
                                                    <OpTerm BooleanOpId="4" Intrnl_Id="53">
                                                        <BasicBoolTerm Intrnl_Id="54">
                                                            <LocList>
                                                                <Loc EndOffset="1110" SrcFileId="1" StartOffset="1075"/>
                                                            </LocList>
                                                        </BasicBoolTerm>
                                                        <LocList>
                                                            <Loc EndOffset="1074" SrcFileId="1" StartOffset="1073"/>
                                                        </LocList>
                                                    </OpTerm>
                                                    <OpTerm BooleanOpId="3" Intrnl_Id="55">
                                                        <OpTerm BooleanOpId="2" Intrnl_Id="56">
                                                            <BasicBoolTerm Intrnl_Id="57">
                                                                <LocList>
                                                                    <Loc EndOffset="1167" SrcFileId="1" StartOffset="1122"/>
                                                                </LocList>
                                                            </BasicBoolTerm>
                                                            <OpTerm BooleanOpId="4" Intrnl_Id="58">
                                                                <BasicBoolTerm Intrnl_Id="59">
                                                                    <LocList>
                                                                        <Loc EndOffset="1247" SrcFileId="1" StartOffset="1177"/>
                                                                    </LocList>
                                                                </BasicBoolTerm>
                                                                <LocList>
                                                                    <Loc EndOffset="1177" SrcFileId="1" StartOffset="1176"/>
                                                                </LocList>
                                                            </OpTerm>
                                                            <LocList>
                                                                <Loc EndOffset="1170" SrcFileId="1" StartOffset="1168"/>
                                                            </LocList>
                                                        </OpTerm>
                                                        <OpTerm BooleanOpId="2" Intrnl_Id="60">
                                                            <BasicBoolTerm Intrnl_Id="61">
                                                                <LocList>
                                                                    <Loc EndOffset="1280" SrcFileId="1" StartOffset="1258"/>
                                                                </LocList>
                                                            </BasicBoolTerm>
                                                            <OpTerm BooleanOpId="4" Intrnl_Id="62">
                                                                <BasicBoolTerm Intrnl_Id="63">
                                                                    <LocList>
                                                                        <Loc EndOffset="1310" SrcFileId="1" StartOffset="1286"/>
                                                                    </LocList>
                                                                </BasicBoolTerm>
                                                                <LocList>
                                                                    <Loc EndOffset="1285" SrcFileId="1" StartOffset="1284"/>
                                                                </LocList>
                                                            </OpTerm>
                                                            <LocList>
                                                                <Loc EndOffset="1283" SrcFileId="1" StartOffset="1281"/>
                                                            </LocList>
                                                        </OpTerm>
                                                        <LocList>
                                                            <Loc EndOffset="1256" SrcFileId="1" StartOffset="1254"/>
                                                        </LocList>
                                                    </OpTerm>
                                                    <LocList>
                                                        <Loc EndOffset="1114" SrcFileId="1" StartOffset="1112"/>
                                                    </LocList>
                                                </OpTerm>
                                            </RootTerm>
                                        </CondStmnt>
                                    </StmntSeq>
                                </Branch>
                                <Keyword EndOffset="472" SrcFileId="1" StartOffset="470"/>
                                <LocList>
                                    <Loc EndOffset="1699" SrcFileId="1" StartOffset="470"/>
                                </LocList>
                                <RootTerm CovItemId="C1" CovItemPrefix="login.LoginActions.java" Intrnl_Id="64">
                                    <OpTerm BooleanOpId="2" Intrnl_Id="65">
                                        <OpTerm BooleanOpId="4" Intrnl_Id="66">
                                            <BasicBoolTerm Intrnl_Id="67">
                                                <LocList>
                                                    <Loc EndOffset="510" SrcFileId="1" StartOffset="475"/>
                                                </LocList>
                                            </BasicBoolTerm>
                                            <LocList>
                                                <Loc EndOffset="474" SrcFileId="1" StartOffset="473"/>
                                            </LocList>
                                        </OpTerm>
                                        <OpTerm BooleanOpId="3" Intrnl_Id="68">
                                            <OpTerm BooleanOpId="2" Intrnl_Id="69">
                                                <BasicBoolTerm Intrnl_Id="70">
                                                    <LocList>
                                                        <Loc EndOffset="568" SrcFileId="1" StartOffset="523"/>
                                                    </LocList>
                                                </BasicBoolTerm>
                                                <BasicBoolTerm Intrnl_Id="71">
                                                    <LocList>
                                                        <Loc EndOffset="649" SrcFileId="1" StartOffset="579"/>
                                                    </LocList>
                                                </BasicBoolTerm>
                                                <LocList>
                                                    <Loc EndOffset="578" SrcFileId="1" StartOffset="576"/>
                                                </LocList>
                                            </OpTerm>
                                            <OpTerm BooleanOpId="2" Intrnl_Id="72">
                                                <BasicBoolTerm Intrnl_Id="73">
                                                    <LocList>
                                                        <Loc EndOffset="683" SrcFileId="1" StartOffset="661"/>
                                                    </LocList>
                                                </BasicBoolTerm>
                                                <BasicBoolTerm Intrnl_Id="74">
                                                    <LocList>
                                                        <Loc EndOffset="711" SrcFileId="1" StartOffset="687"/>
                                                    </LocList>
                                                </BasicBoolTerm>
                                                <LocList>
                                                    <Loc EndOffset="686" SrcFileId="1" StartOffset="684"/>
                                                </LocList>
                                            </OpTerm>
                                            <LocList>
                                                <Loc EndOffset="659" SrcFileId="1" StartOffset="657"/>
                                            </LocList>
                                        </OpTerm>
                                        <LocList>
                                            <Loc EndOffset="514" SrcFileId="1" StartOffset="512"/>
                                        </LocList>
                                    </OpTerm>
                                </RootTerm>
                            </CondStmnt>
                        </StmntSeq>
                    </HierarchyLvl>
                </HierarchyLvl>
            </HierarchyLvl>
        </HierarchyLvl>
    </MASTRoot>
    <TestSession Comment="" Date="1690880693209" Name="1 ago 2023, 11:04:53">
        <TestCase Comment="" Date="1690880691318" Name="code_testing.LoginActions_MCDC:test">
            <CovList>
                <CovPrefix CovItemPrefix="login.LoginActions.java">
                    <Cov CovItemId="B1" Value="1"/>
                    <Cov CovItemId="S1" Value="2"/>
                    <Cov CovItemId="S2" Value="1"/>
                    <Cov CovItemId="S3" Value="1"/>
                    <Cov CovItemId="S4" Value="1"/>
                    <Cov CovItemId="S5" Value="1"/>
                    <Cov CovItemId="S6" Value="1"/>
                    <Cov CovItemId="S7" Value="1"/>
                    <Cov CovItemId="S8" Value="1"/>
                    <Cov CovItemId="S9" Value="1"/>
                </CovPrefix>
            </CovList>
            <AssgnmntList>
                <AssgnmntPrefix RootTermCovItemPrefix="login.LoginActions.java">
                    <AssgnmntListEntry Length="5" RootTermCovItemId="C1">
                        <MapEntry BoolAssgnmnt="01122" Value="1"/>
                    </AssgnmntListEntry>
                </AssgnmntPrefix>
            </AssgnmntList>
            <ObjMetaDataList/>
            <MetaDataList/>
        </TestCase>
        <MetaDataList/>
    </TestSession>
</TestSessionContainer>
