<?xml version="1.0" encoding="UTF-8"?><TestSessionContainer xmlns="http://www.codecover.org/xml/testsession-container" Date="1690879307680" TestSessionContainerId="c4053565-1d62-4569-9ed0-27f5133a5a7b" version="1.0">
    <SrcFileList>
        <SrcFile Content="package login;&#13;&#10;&#13;&#10;import java.awt.Color;&#13;&#10;&#13;&#10;import games.GamesFrame;&#13;&#10;&#13;&#10;public class LoginActions {&#13;&#10;&#9;&#13;&#10;&#9;LoginFrame loginFrame;&#13;&#10;&#9;&#13;&#10;&#9;LoginActions(LoginFrame loginFrame){&#13;&#10;&#9;&#9;&#13;&#10;&#9;&#9;this.loginFrame = loginFrame;&#13;&#10;&#9;&#9;&#13;&#10;&#9;}&#13;&#10;&#9;&#13;&#10;&#9;void loginButtonAction() {&#13;&#10;&#9;&#9;&#13;&#10;&#9;&#9;String userID = loginFrame.userIDField.getText().toLowerCase();&#13;&#10;&#9;&#9;String password = String.valueOf(loginFrame.userPasswordField.getPassword());&#13;&#10;&#9;&#9;&#13;&#10;&#9;&#9;// For MCDC Testing purposes&#13;&#10;&#9;&#9;&#13;&#10;&#9;&#9;if(!(loginFrame.credentialsMap.isEmpty()) &amp;&amp;&#13;&#10;&#9;&#9;&#9;&#9;(((loginFrame.credentialsMap.containsKey(userID)) &#13;&#10;&#9;&#9;&#9;&#9;&amp;&amp; (loginFrame.credentialsMap.get(userID)).getPassword().equals(password)) &#13;&#10;&#9;&#9;&#9;&#9;|| (userID.equals(&quot;guest&quot;) &amp;&amp; password.equals(&quot;guest&quot;)))){&#13;&#10;&#9;&#9;&#9;&#13;&#10;&#9;&#9;&#9;loginFrame.messageLabel.setForeground(Color.green);&#13;&#10;&#9;&#9;&#9;loginFrame.messageLabel.setText(&quot;Login successful&quot;);&#13;&#10;&#9;&#9;&#9;// this.dispose(); // close this frame&#13;&#10;&#9;&#9;&#9;loginFrame.user = loginFrame.credentialsMap.get(userID);&#13;&#10;&#9;&#9;&#9;loginFrame.dispose(); // close this frame&#13;&#10;&#9;&#9;&#9;GamesFrame gamesFrame = new GamesFrame(loginFrame.user, loginFrame.setupFacade.getGamesList());&#13;&#10;&#9;&#9;&#9;&#13;&#10;&#9;&#9;}&#13;&#10;&#9;&#9;&#13;&#10;&#9;&#9;else if (!(loginFrame.credentialsMap.isEmpty()) &amp;&amp;&#13;&#10;&#9;&#9;&#9;&#9;((loginFrame.credentialsMap.containsKey(userID) &amp;&amp;&#13;&#10;&#9;&#9;&#9;&#9;!(loginFrame.credentialsMap.get(userID)).getPassword().equals(password))&#13;&#10;&#9;&#9;&#9;&#9;|| (userID.equals(&quot;guest&quot;) &amp;&amp; !(password.equals(&quot;guest&quot;))))) {&#13;&#10;&#9;&#9;&#9;&#13;&#10;&#9;&#9;&#9;loginFrame.messageLabel.setForeground(Color.red);&#13;&#10;&#9;&#9;&#9;loginFrame.messageLabel.setText(&quot;Wrong password&quot;);&#13;&#10;&#9;&#9;&#9;&#13;&#10;&#9;&#9;}&#13;&#10;&#9;&#9;&#13;&#10;&#9;&#9;else if (loginFrame.credentialsMap.isEmpty() ||&#13;&#10;&#9;&#9;&#9;&#9;!(loginFrame.credentialsMap.containsKey(userID)) || !(userID.equals(&quot;guest&quot;))) {&#13;&#10;&#9;&#9;&#9;loginFrame.messageLabel.setForeground(Color.red);&#13;&#10;&#9;&#9;&#9;loginFrame.messageLabel.setText(&quot;Username not found&quot;);&#13;&#10;&#9;&#9;}&#13;&#10;&#9;&#9;&#13;&#10;&#9;}&#13;&#10;&#13;&#10;}&#13;&#10;" Filename="LoginActions.java" Intrnl_Id="1"/>
    </SrcFileList>
    <CritList>
        <CritListEntry Name="org.codecover.model.utils.criteria.LoopCoverage" PluginName="org.codecover"/>
        <CritListEntry Name="org.codecover.model.utils.criteria.QMOCoverage" PluginName="org.codecover"/>
        <CritListEntry Name="org.codecover.model.utils.criteria.ConditionCoverage" PluginName="org.codecover"/>
        <CritListEntry Name="org.codecover.model.utils.criteria.BranchCoverage" PluginName="org.codecover"/>
        <CritListEntry Name="org.codecover.model.utils.criteria.SynchronizedStatementCoverage" PluginName="org.codecover"/>
        <CritListEntry Name="org.codecover.model.utils.criteria.StatementCoverage" PluginName="org.codecover"/>
    </CritList>
    <BoolOpList>
        <BoolOp Arity="2" Intrnl_Id="2" Name="conditional and (&amp;&amp;)">
            <BoolAssgnmntBoolMapList>
                <MapEntry BoolAssgnmnt="02" Value="false"/>
                <MapEntry BoolAssgnmnt="10" Value="false"/>
                <MapEntry BoolAssgnmnt="11" Value="true"/>
            </BoolAssgnmntBoolMapList>
        </BoolOp>
        <BoolOp Arity="2" Intrnl_Id="3" Name="conditional or (||)">
            <BoolAssgnmntBoolMapList>
                <MapEntry BoolAssgnmnt="00" Value="false"/>
                <MapEntry BoolAssgnmnt="01" Value="true"/>
                <MapEntry BoolAssgnmnt="12" Value="true"/>
            </BoolAssgnmntBoolMapList>
        </BoolOp>
        <BoolOp Arity="1" Intrnl_Id="4" Name="not (!)">
            <BoolAssgnmntBoolMapList>
                <MapEntry BoolAssgnmnt="1" Value="false"/>
                <MapEntry BoolAssgnmnt="0" Value="true"/>
            </BoolAssgnmntBoolMapList>
        </BoolOp>
    </BoolOpList>
    <HierarchyLvlTypeList>
        <HierarchyLvlType EnglishName="package" IntrnlName="package" Intrnl_Id="5"/>
        <HierarchyLvlType EnglishName="method" IntrnlName="method" Intrnl_Id="6"/>
        <HierarchyLvlType EnglishName="class" IntrnlName="class" Intrnl_Id="7"/>
        <HierarchyLvlType EnglishName="default package" IntrnlName="default package" Intrnl_Id="8"/>
    </HierarchyLvlTypeList>
    <MASTRoot>
        <HierarchyLvl HierarchyLvlId="97" HierarchyLvlTypeId="8" Intrnl_Id="9" Name="default package">
            <Header/>
            <LocList/>
            <HierarchyLvl HierarchyLvlId="96" HierarchyLvlTypeId="5" Intrnl_Id="10" Name="login">
                <Header/>
                <LocList/>
                <HierarchyLvl HierarchyLvlId="95" HierarchyLvlTypeId="7" Intrnl_Id="11" Name="LoginActions">
                    <Header>
                        <Loc EndOffset="97" SrcFileId="1" StartOffset="72"/>
                    </Header>
                    <LocList>
                        <Loc EndOffset="1721" SrcFileId="1" StartOffset="72"/>
                    </LocList>
                    <HierarchyLvl HierarchyLvlId="93" HierarchyLvlTypeId="6" Intrnl_Id="12" Name="LoginActions">
                        <Header>
                            <Loc EndOffset="168" SrcFileId="1" StartOffset="133"/>
                        </Header>
                        <LocList>
                            <Loc EndOffset="214" SrcFileId="1" StartOffset="133"/>
                        </LocList>
                        <StmntSeq Intrnl_Id="13">
                            <LocList>
                                <Loc EndOffset="206" SrcFileId="1" StartOffset="177"/>
                            </LocList>
                            <BasicStmnt CovItemId="S1" CovItemPrefix="login.LoginActions.java" Intrnl_Id="14">
                                <LocList>
                                    <Loc EndOffset="206" SrcFileId="1" StartOffset="177"/>
                                </LocList>
                            </BasicStmnt>
                        </StmntSeq>
                    </HierarchyLvl>
                    <HierarchyLvl HierarchyLvlId="94" HierarchyLvlTypeId="6" Intrnl_Id="15" Name="loginButtonAction">
                        <Header>
                            <Loc EndOffset="244" SrcFileId="1" StartOffset="220"/>
                        </Header>
                        <LocList>
                            <Loc EndOffset="1716" SrcFileId="1" StartOffset="220"/>
                        </LocList>
                        <StmntSeq Intrnl_Id="16">
                            <LocList>
                                <Loc EndOffset="317" SrcFileId="1" StartOffset="254"/>
                                <Loc EndOffset="398" SrcFileId="1" StartOffset="321"/>
                                <Loc EndOffset="1708" SrcFileId="1" StartOffset="442"/>
                            </LocList>
                            <BasicStmnt CovItemId="S2" CovItemPrefix="login.LoginActions.java" Intrnl_Id="17">
                                <LocList>
                                    <Loc EndOffset="317" SrcFileId="1" StartOffset="254"/>
                                </LocList>
                            </BasicStmnt>
                            <BasicStmnt CovItemId="S3" CovItemPrefix="login.LoginActions.java" Intrnl_Id="18">
                                <LocList>
                                    <Loc EndOffset="398" SrcFileId="1" StartOffset="321"/>
                                </LocList>
                            </BasicStmnt>
                            <CondStmnt CovItemId="S4" CovItemPrefix="login.LoginActions.java" Intrnl_Id="19">
                                <Branch CovItemId="B1" CovItemPrefix="login.LoginActions.java" Implct="false" Intrnl_Id="20">
                                    <Cond/>
                                    <LocList>
                                        <Loc EndOffset="1065" SrcFileId="1" StartOffset="686"/>
                                    </LocList>
                                    <StmntSeq Intrnl_Id="21">
                                        <LocList>
                                            <Loc EndOffset="748" SrcFileId="1" StartOffset="697"/>
                                            <Loc EndOffset="805" SrcFileId="1" StartOffset="753"/>
                                            <Loc EndOffset="909" SrcFileId="1" StartOffset="853"/>
                                            <Loc EndOffset="935" SrcFileId="1" StartOffset="914"/>
                                            <Loc EndOffset="1055" SrcFileId="1" StartOffset="960"/>
                                        </LocList>
                                        <BasicStmnt CovItemId="S5" CovItemPrefix="login.LoginActions.java" Intrnl_Id="22">
                                            <LocList>
                                                <Loc EndOffset="748" SrcFileId="1" StartOffset="697"/>
                                            </LocList>
                                        </BasicStmnt>
                                        <BasicStmnt CovItemId="S6" CovItemPrefix="login.LoginActions.java" Intrnl_Id="23">
                                            <LocList>
                                                <Loc EndOffset="805" SrcFileId="1" StartOffset="753"/>
                                            </LocList>
                                        </BasicStmnt>
                                        <BasicStmnt CovItemId="S7" CovItemPrefix="login.LoginActions.java" Intrnl_Id="24">
                                            <LocList>
                                                <Loc EndOffset="909" SrcFileId="1" StartOffset="853"/>
                                            </LocList>
                                        </BasicStmnt>
                                        <BasicStmnt CovItemId="S8" CovItemPrefix="login.LoginActions.java" Intrnl_Id="25">
                                            <LocList>
                                                <Loc EndOffset="935" SrcFileId="1" StartOffset="914"/>
                                            </LocList>
                                        </BasicStmnt>
                                        <BasicStmnt CovItemId="S9" CovItemPrefix="login.LoginActions.java" Intrnl_Id="26">
                                            <LocList>
                                                <Loc EndOffset="1055" SrcFileId="1" StartOffset="960"/>
                                            </LocList>
                                        </BasicStmnt>
                                    </StmntSeq>
                                </Branch>
                                <Branch CovItemId="B2" CovItemPrefix="login.LoginActions.java" Implct="false" Intrnl_Id="27">
                                    <Cond>
                                        <Loc EndOffset="1077" SrcFileId="1" StartOffset="1073"/>
                                    </Cond>
                                    <LocList>
                                        <Loc EndOffset="1708" SrcFileId="1" StartOffset="1078"/>
                                    </LocList>
                                    <StmntSeq Intrnl_Id="28">
                                        <LocList>
                                            <Loc EndOffset="1708" SrcFileId="1" StartOffset="1078"/>
                                        </LocList>
                                        <CondStmnt CovItemId="S10" CovItemPrefix="login.LoginActions.java" Intrnl_Id="29">
                                            <Branch CovItemId="B3" CovItemPrefix="login.LoginActions.java" Implct="false" Intrnl_Id="30">
                                                <Cond/>
                                                <LocList>
                                                    <Loc EndOffset="1449" SrcFileId="1" StartOffset="1324"/>
                                                </LocList>
                                                <StmntSeq Intrnl_Id="31">
                                                    <LocList>
                                                        <Loc EndOffset="1384" SrcFileId="1" StartOffset="1335"/>
                                                        <Loc EndOffset="1439" SrcFileId="1" StartOffset="1389"/>
                                                    </LocList>
                                                    <BasicStmnt CovItemId="S11" CovItemPrefix="login.LoginActions.java" Intrnl_Id="32">
                                                        <LocList>
                                                            <Loc EndOffset="1384" SrcFileId="1" StartOffset="1335"/>
                                                        </LocList>
                                                    </BasicStmnt>
                                                    <BasicStmnt CovItemId="S12" CovItemPrefix="login.LoginActions.java" Intrnl_Id="33">
                                                        <LocList>
                                                            <Loc EndOffset="1439" SrcFileId="1" StartOffset="1389"/>
                                                        </LocList>
                                                    </BasicStmnt>
                                                </StmntSeq>
                                            </Branch>
                                            <Branch CovItemId="B4" CovItemPrefix="login.LoginActions.java" Implct="false" Intrnl_Id="34">
                                                <Cond>
                                                    <Loc EndOffset="1461" SrcFileId="1" StartOffset="1457"/>
                                                </Cond>
                                                <LocList>
                                                    <Loc EndOffset="1708" SrcFileId="1" StartOffset="1462"/>
                                                </LocList>
                                                <StmntSeq Intrnl_Id="35">
                                                    <LocList>
                                                        <Loc EndOffset="1708" SrcFileId="1" StartOffset="1462"/>
                                                    </LocList>
                                                    <CondStmnt CovItemId="S13" CovItemPrefix="login.LoginActions.java" Intrnl_Id="36">
                                                        <Branch CovItemId="B5" CovItemPrefix="login.LoginActions.java" Implct="false" Intrnl_Id="37">
                                                            <Cond/>
                                                            <LocList>
                                                                <Loc EndOffset="1708" SrcFileId="1" StartOffset="1589"/>
                                                            </LocList>
                                                            <StmntSeq Intrnl_Id="38">
                                                                <LocList>
                                                                    <Loc EndOffset="1644" SrcFileId="1" StartOffset="1595"/>
                                                                    <Loc EndOffset="1703" SrcFileId="1" StartOffset="1649"/>
                                                                </LocList>
                                                                <BasicStmnt CovItemId="S14" CovItemPrefix="login.LoginActions.java" Intrnl_Id="39">
                                                                    <LocList>
                                                                        <Loc EndOffset="1644" SrcFileId="1" StartOffset="1595"/>
                                                                    </LocList>
                                                                </BasicStmnt>
                                                                <BasicStmnt CovItemId="S15" CovItemPrefix="login.LoginActions.java" Intrnl_Id="40">
                                                                    <LocList>
                                                                        <Loc EndOffset="1703" SrcFileId="1" StartOffset="1649"/>
                                                                    </LocList>
                                                                </BasicStmnt>
                                                            </StmntSeq>
                                                        </Branch>
                                                        <Branch CovItemId="B6" CovItemPrefix="login.LoginActions.java" Implct="true" Intrnl_Id="41">
                                                            <Cond/>
                                                            <LocList/>
                                                            <StmntSeq Intrnl_Id="42">
                                                                <LocList/>
                                                            </StmntSeq>
                                                        </Branch>
                                                        <Keyword EndOffset="1464" SrcFileId="1" StartOffset="1462"/>
                                                        <LocList>
                                                            <Loc EndOffset="1708" SrcFileId="1" StartOffset="1462"/>
                                                        </LocList>
                                                        <RootTerm CovItemId="C3" CovItemPrefix="login.LoginActions.java" Intrnl_Id="43">
                                                            <OpTerm BooleanOpId="3" Intrnl_Id="44">
                                                                <OpTerm BooleanOpId="3" Intrnl_Id="45">
                                                                    <BasicBoolTerm Intrnl_Id="46">
                                                                        <LocList>
                                                                            <Loc EndOffset="1501" SrcFileId="1" StartOffset="1466"/>
                                                                        </LocList>
                                                                    </BasicBoolTerm>
                                                                    <OpTerm BooleanOpId="4" Intrnl_Id="47">
                                                                        <BasicBoolTerm Intrnl_Id="48">
                                                                            <LocList>
                                                                                <Loc EndOffset="1557" SrcFileId="1" StartOffset="1512"/>
                                                                            </LocList>
                                                                        </BasicBoolTerm>
                                                                        <LocList>
                                                                            <Loc EndOffset="1511" SrcFileId="1" StartOffset="1510"/>
                                                                        </LocList>
                                                                    </OpTerm>
                                                                    <LocList>
                                                                        <Loc EndOffset="1504" SrcFileId="1" StartOffset="1502"/>
                                                                    </LocList>
                                                                </OpTerm>
                                                                <OpTerm BooleanOpId="4" Intrnl_Id="49">
                                                                    <BasicBoolTerm Intrnl_Id="50">
                                                                        <LocList>
                                                                            <Loc EndOffset="1586" SrcFileId="1" StartOffset="1564"/>
                                                                        </LocList>
                                                                    </BasicBoolTerm>
                                                                    <LocList>
                                                                        <Loc EndOffset="1563" SrcFileId="1" StartOffset="1562"/>
                                                                    </LocList>
                                                                </OpTerm>
                                                                <LocList>
                                                                    <Loc EndOffset="1561" SrcFileId="1" StartOffset="1559"/>
                                                                </LocList>
                                                            </OpTerm>
                                                        </RootTerm>
                                                    </CondStmnt>
                                                </StmntSeq>
                                            </Branch>
                                            <Keyword EndOffset="1080" SrcFileId="1" StartOffset="1078"/>
                                            <LocList>
                                                <Loc EndOffset="1708" SrcFileId="1" StartOffset="1078"/>
                                            </LocList>
                                            <RootTerm CovItemId="C2" CovItemPrefix="login.LoginActions.java" Intrnl_Id="51">
                                                <OpTerm BooleanOpId="2" Intrnl_Id="52">
                                                    <OpTerm BooleanOpId="4" Intrnl_Id="53">
                                                        <BasicBoolTerm Intrnl_Id="54">
                                                            <LocList>
                                                                <Loc EndOffset="1119" SrcFileId="1" StartOffset="1084"/>
                                                            </LocList>
                                                        </BasicBoolTerm>
                                                        <LocList>
                                                            <Loc EndOffset="1083" SrcFileId="1" StartOffset="1082"/>
                                                        </LocList>
                                                    </OpTerm>
                                                    <OpTerm BooleanOpId="3" Intrnl_Id="55">
                                                        <OpTerm BooleanOpId="2" Intrnl_Id="56">
                                                            <BasicBoolTerm Intrnl_Id="57">
                                                                <LocList>
                                                                    <Loc EndOffset="1176" SrcFileId="1" StartOffset="1131"/>
                                                                </LocList>
                                                            </BasicBoolTerm>
                                                            <OpTerm BooleanOpId="4" Intrnl_Id="58">
                                                                <BasicBoolTerm Intrnl_Id="59">
                                                                    <LocList>
                                                                        <Loc EndOffset="1256" SrcFileId="1" StartOffset="1186"/>
                                                                    </LocList>
                                                                </BasicBoolTerm>
                                                                <LocList>
                                                                    <Loc EndOffset="1186" SrcFileId="1" StartOffset="1185"/>
                                                                </LocList>
                                                            </OpTerm>
                                                            <LocList>
                                                                <Loc EndOffset="1179" SrcFileId="1" StartOffset="1177"/>
                                                            </LocList>
                                                        </OpTerm>
                                                        <OpTerm BooleanOpId="2" Intrnl_Id="60">
                                                            <BasicBoolTerm Intrnl_Id="61">
                                                                <LocList>
                                                                    <Loc EndOffset="1289" SrcFileId="1" StartOffset="1267"/>
                                                                </LocList>
                                                            </BasicBoolTerm>
                                                            <OpTerm BooleanOpId="4" Intrnl_Id="62">
                                                                <BasicBoolTerm Intrnl_Id="63">
                                                                    <LocList>
                                                                        <Loc EndOffset="1319" SrcFileId="1" StartOffset="1295"/>
                                                                    </LocList>
                                                                </BasicBoolTerm>
                                                                <LocList>
                                                                    <Loc EndOffset="1294" SrcFileId="1" StartOffset="1293"/>
                                                                </LocList>
                                                            </OpTerm>
                                                            <LocList>
                                                                <Loc EndOffset="1292" SrcFileId="1" StartOffset="1290"/>
                                                            </LocList>
                                                        </OpTerm>
                                                        <LocList>
                                                            <Loc EndOffset="1265" SrcFileId="1" StartOffset="1263"/>
                                                        </LocList>
                                                    </OpTerm>
                                                    <LocList>
                                                        <Loc EndOffset="1123" SrcFileId="1" StartOffset="1121"/>
                                                    </LocList>
                                                </OpTerm>
                                            </RootTerm>
                                        </CondStmnt>
                                    </StmntSeq>
                                </Branch>
                                <Keyword EndOffset="444" SrcFileId="1" StartOffset="442"/>
                                <LocList>
                                    <Loc EndOffset="1708" SrcFileId="1" StartOffset="442"/>
                                </LocList>
                                <RootTerm CovItemId="C1" CovItemPrefix="login.LoginActions.java" Intrnl_Id="64">
                                    <OpTerm BooleanOpId="2" Intrnl_Id="65">
                                        <OpTerm BooleanOpId="4" Intrnl_Id="66">
                                            <BasicBoolTerm Intrnl_Id="67">
                                                <LocList>
                                                    <Loc EndOffset="482" SrcFileId="1" StartOffset="447"/>
                                                </LocList>
                                            </BasicBoolTerm>
                                            <LocList>
                                                <Loc EndOffset="446" SrcFileId="1" StartOffset="445"/>
                                            </LocList>
                                        </OpTerm>
                                        <OpTerm BooleanOpId="3" Intrnl_Id="68">
                                            <OpTerm BooleanOpId="2" Intrnl_Id="69">
                                                <BasicBoolTerm Intrnl_Id="70">
                                                    <LocList>
                                                        <Loc EndOffset="540" SrcFileId="1" StartOffset="495"/>
                                                    </LocList>
                                                </BasicBoolTerm>
                                                <BasicBoolTerm Intrnl_Id="71">
                                                    <LocList>
                                                        <Loc EndOffset="621" SrcFileId="1" StartOffset="551"/>
                                                    </LocList>
                                                </BasicBoolTerm>
                                                <LocList>
                                                    <Loc EndOffset="550" SrcFileId="1" StartOffset="548"/>
                                                </LocList>
                                            </OpTerm>
                                            <OpTerm BooleanOpId="2" Intrnl_Id="72">
                                                <BasicBoolTerm Intrnl_Id="73">
                                                    <LocList>
                                                        <Loc EndOffset="655" SrcFileId="1" StartOffset="633"/>
                                                    </LocList>
                                                </BasicBoolTerm>
                                                <BasicBoolTerm Intrnl_Id="74">
                                                    <LocList>
                                                        <Loc EndOffset="683" SrcFileId="1" StartOffset="659"/>
                                                    </LocList>
                                                </BasicBoolTerm>
                                                <LocList>
                                                    <Loc EndOffset="658" SrcFileId="1" StartOffset="656"/>
                                                </LocList>
                                            </OpTerm>
                                            <LocList>
                                                <Loc EndOffset="631" SrcFileId="1" StartOffset="629"/>
                                            </LocList>
                                        </OpTerm>
                                        <LocList>
                                            <Loc EndOffset="486" SrcFileId="1" StartOffset="484"/>
                                        </LocList>
                                    </OpTerm>
                                </RootTerm>
                            </CondStmnt>
                        </StmntSeq>
                    </HierarchyLvl>
                </HierarchyLvl>
            </HierarchyLvl>
        </HierarchyLvl>
    </MASTRoot>
</TestSessionContainer>
