<?xml version="1.0" encoding="UTF-8"?><TestSessionContainer xmlns="http://www.codecover.org/xml/testsession-container" Date="1690906221435" TestSessionContainerId="7fae08ed-a887-405a-8994-bc26372274a4" version="1.0">
    <SrcFileList>
        <SrcFile Content="package login;&#13;&#10;&#13;&#10;import java.awt.Color;&#13;&#10;&#13;&#10;import games.GamesFrame;&#13;&#10;&#13;&#10;public class LoginActions {&#13;&#10;&#9;&#13;&#10;&#9;LoginFrame loginFrame;&#13;&#10;&#9;String userID;&#13;&#10;&#9;String password;&#13;&#10;&#9;&#13;&#10;&#9;LoginActions(LoginFrame loginFrame){&#13;&#10;&#9;&#9;this.loginFrame = loginFrame;&#13;&#10;&#9;}&#13;&#10;&#9;&#13;&#10;&#9;void loginButtonAction() {&#13;&#10;&#9;&#9;&#13;&#10;&#9;&#9;userID = loginFrame.userIDField.getText().toLowerCase();&#13;&#10;&#9;&#9;password = String.valueOf(loginFrame.userPasswordField.getPassword());&#13;&#10;&#9;&#9;&#13;&#10;&#9;&#9;// For MCDC Testing purposes&#13;&#10;&#9;&#9;&#13;&#10;&#9;&#9;if(!(loginFrame.credentialsMap.isEmpty()) &amp;&amp;&#13;&#10;&#9;&#9;&#9;&#9;(((loginFrame.credentialsMap.containsKey(userID)) &#13;&#10;&#9;&#9;&#9;&#9;&amp;&amp; (loginFrame.credentialsMap.get(userID)).getPassword().equals(password)) &#13;&#10;&#9;&#9;&#9;&#9;|| (userID.equals(&quot;guest&quot;) &amp;&amp; password.equals(&quot;guest&quot;)))){&#13;&#10;&#9;&#9;&#9;&#13;&#10;&#9;&#9;&#9;if (userID.equals(&quot;guest&quot;) &amp;&amp; password.equals(&quot;guest&quot;)) {&#13;&#10;&#9;&#9;&#9;&#9;if (loginFrame.credentialsMap.containsKey(&quot;guestUser&quot;)) {&#13;&#10;&#9;&#9;&#9;&#9;&#9;loginFrame.messageLabel.setForeground(Color.green);&#13;&#10;&#9;&#9;&#9;&#9;&#9;loginFrame.messageLabel.setText(&quot;Login successful&quot;);&#13;&#10;&#9;&#9;&#9;&#9;&#9;loginFrame.user = loginFrame.credentialsMap.get(&quot;guestUser&quot;);&#13;&#10;&#9;&#9;&#9;&#9;}&#13;&#10;&#9;&#9;&#9;&#9;else {&#13;&#10;&#9;&#9;&#9;&#9;&#9;loginFrame.messageLabel.setForeground(Color.red);&#13;&#10;&#9;&#9;&#9;&#9;&#9;loginFrame.messageLabel.setText(&quot;An error has occurred&quot;);&#13;&#10;&#9;&#9;&#9;&#9;&#9;return;&#13;&#10;&#9;&#9;&#9;&#9;}&#13;&#10;&#9;&#9;&#9;}&#13;&#10;&#9;&#9;&#9;else {&#13;&#10;&#9;&#9;&#9;&#9;loginFrame.messageLabel.setForeground(Color.green);&#13;&#10;&#9;&#9;&#9;&#9;loginFrame.messageLabel.setText(&quot;Login successful&quot;);&#13;&#10;&#9;&#9;&#9;&#9;loginFrame.user = loginFrame.credentialsMap.get(userID);&#13;&#10;&#9;&#9;&#9;}&#13;&#10;&#9;&#9;&#9;loginFrame.dispose(); // close loginFrame frame&#13;&#10;&#9;&#9;&#9;GamesFrame gamesFrame = new GamesFrame(loginFrame.user, loginFrame.setupFacade.getGamesList());&#13;&#10;&#9;&#9;&#9;&#13;&#10;&#9;&#9;}&#13;&#10;&#9;&#9;&#13;&#10;&#9;&#9;else if (!(loginFrame.credentialsMap.isEmpty()) &amp;&amp;&#13;&#10;&#9;&#9;&#9;&#9;((loginFrame.credentialsMap.containsKey(userID) &amp;&amp;&#13;&#10;&#9;&#9;&#9;&#9;!(loginFrame.credentialsMap.get(userID)).getPassword().equals(password))&#13;&#10;&#9;&#9;&#9;&#9;|| (userID.equals(&quot;guest&quot;) &amp;&amp; !(password.equals(&quot;guest&quot;))))) {&#13;&#10;&#9;&#9;&#9;&#13;&#10;&#9;&#9;&#9;loginFrame.messageLabel.setForeground(Color.red);&#13;&#10;&#9;&#9;&#9;loginFrame.messageLabel.setText(&quot;Wrong password&quot;);&#13;&#10;&#9;&#9;&#9;&#13;&#10;&#9;&#9;}&#13;&#10;&#9;&#9;&#13;&#10;&#9;&#9;else if (loginFrame.credentialsMap.isEmpty() ||&#13;&#10;&#9;&#9;&#9;&#9;!(loginFrame.credentialsMap.containsKey(userID)) || !(userID.equals(&quot;guest&quot;))) {&#13;&#10;&#9;&#9;&#9;loginFrame.messageLabel.setForeground(Color.red);&#13;&#10;&#9;&#9;&#9;loginFrame.messageLabel.setText(&quot;Username not found&quot;);&#13;&#10;&#9;&#9;}&#13;&#10;&#9;&#9;&#13;&#10;&#9;}&#13;&#10;&#13;&#10;}&#13;&#10;" Filename="LoginActions.java" Intrnl_Id="1"/>
    </SrcFileList>
    <CritList>
        <CritListEntry Name="org.codecover.model.utils.criteria.LoopCoverage" PluginName="org.codecover"/>
        <CritListEntry Name="org.codecover.model.utils.criteria.QMOCoverage" PluginName="org.codecover"/>
        <CritListEntry Name="org.codecover.model.utils.criteria.ConditionCoverage" PluginName="org.codecover"/>
        <CritListEntry Name="org.codecover.model.utils.criteria.BranchCoverage" PluginName="org.codecover"/>
        <CritListEntry Name="org.codecover.model.utils.criteria.SynchronizedStatementCoverage" PluginName="org.codecover"/>
        <CritListEntry Name="org.codecover.model.utils.criteria.StatementCoverage" PluginName="org.codecover"/>
    </CritList>
    <BoolOpList>
        <BoolOp Arity="2" Intrnl_Id="2" Name="conditional and (&amp;&amp;)">
            <BoolAssgnmntBoolMapList>
                <MapEntry BoolAssgnmnt="02" Value="false"/>
                <MapEntry BoolAssgnmnt="10" Value="false"/>
                <MapEntry BoolAssgnmnt="11" Value="true"/>
            </BoolAssgnmntBoolMapList>
        </BoolOp>
        <BoolOp Arity="2" Intrnl_Id="3" Name="conditional or (||)">
            <BoolAssgnmntBoolMapList>
                <MapEntry BoolAssgnmnt="00" Value="false"/>
                <MapEntry BoolAssgnmnt="01" Value="true"/>
                <MapEntry BoolAssgnmnt="12" Value="true"/>
            </BoolAssgnmntBoolMapList>
        </BoolOp>
        <BoolOp Arity="1" Intrnl_Id="4" Name="not (!)">
            <BoolAssgnmntBoolMapList>
                <MapEntry BoolAssgnmnt="1" Value="false"/>
                <MapEntry BoolAssgnmnt="0" Value="true"/>
            </BoolAssgnmntBoolMapList>
        </BoolOp>
    </BoolOpList>
    <HierarchyLvlTypeList>
        <HierarchyLvlType EnglishName="package" IntrnlName="package" Intrnl_Id="5"/>
        <HierarchyLvlType EnglishName="method" IntrnlName="method" Intrnl_Id="6"/>
        <HierarchyLvlType EnglishName="class" IntrnlName="class" Intrnl_Id="7"/>
        <HierarchyLvlType EnglishName="default package" IntrnlName="default package" Intrnl_Id="8"/>
    </HierarchyLvlTypeList>
    <MASTRoot>
        <HierarchyLvl HierarchyLvlId="153" HierarchyLvlTypeId="8" Intrnl_Id="9" Name="default package">
            <Header/>
            <LocList/>
            <HierarchyLvl HierarchyLvlId="152" HierarchyLvlTypeId="5" Intrnl_Id="10" Name="login">
                <Header/>
                <LocList/>
                <HierarchyLvl HierarchyLvlId="151" HierarchyLvlTypeId="7" Intrnl_Id="11" Name="LoginActions">
                    <Header>
                        <Loc EndOffset="97" SrcFileId="1" StartOffset="72"/>
                    </Header>
                    <LocList>
                        <Loc EndOffset="2194" SrcFileId="1" StartOffset="72"/>
                    </LocList>
                    <HierarchyLvl HierarchyLvlId="149" HierarchyLvlTypeId="6" Intrnl_Id="12" Name="LoginActions">
                        <Header>
                            <Loc EndOffset="204" SrcFileId="1" StartOffset="169"/>
                        </Header>
                        <LocList>
                            <Loc EndOffset="242" SrcFileId="1" StartOffset="169"/>
                        </LocList>
                        <StmntSeq Intrnl_Id="13">
                            <LocList>
                                <Loc EndOffset="238" SrcFileId="1" StartOffset="209"/>
                            </LocList>
                            <BasicStmnt CovItemId="S1" CovItemPrefix="login.LoginActions.java" Intrnl_Id="14">
                                <LocList>
                                    <Loc EndOffset="238" SrcFileId="1" StartOffset="209"/>
                                </LocList>
                            </BasicStmnt>
                        </StmntSeq>
                    </HierarchyLvl>
                    <HierarchyLvl HierarchyLvlId="150" HierarchyLvlTypeId="6" Intrnl_Id="15" Name="loginButtonAction">
                        <Header>
                            <Loc EndOffset="272" SrcFileId="1" StartOffset="248"/>
                        </Header>
                        <LocList>
                            <Loc EndOffset="2189" SrcFileId="1" StartOffset="248"/>
                        </LocList>
                        <StmntSeq Intrnl_Id="16">
                            <LocList>
                                <Loc EndOffset="338" SrcFileId="1" StartOffset="282"/>
                                <Loc EndOffset="412" SrcFileId="1" StartOffset="342"/>
                                <Loc EndOffset="2181" SrcFileId="1" StartOffset="456"/>
                            </LocList>
                            <BasicStmnt CovItemId="S2" CovItemPrefix="login.LoginActions.java" Intrnl_Id="17">
                                <LocList>
                                    <Loc EndOffset="338" SrcFileId="1" StartOffset="282"/>
                                </LocList>
                            </BasicStmnt>
                            <BasicStmnt CovItemId="S3" CovItemPrefix="login.LoginActions.java" Intrnl_Id="18">
                                <LocList>
                                    <Loc EndOffset="412" SrcFileId="1" StartOffset="342"/>
                                </LocList>
                            </BasicStmnt>
                            <CondStmnt CovItemId="S4" CovItemPrefix="login.LoginActions.java" Intrnl_Id="19">
                                <Branch CovItemId="B1" CovItemPrefix="login.LoginActions.java" Implct="false" Intrnl_Id="20">
                                    <Cond/>
                                    <LocList>
                                        <Loc EndOffset="1538" SrcFileId="1" StartOffset="700"/>
                                    </LocList>
                                    <StmntSeq Intrnl_Id="21">
                                        <LocList>
                                            <Loc EndOffset="1376" SrcFileId="1" StartOffset="711"/>
                                            <Loc EndOffset="1402" SrcFileId="1" StartOffset="1381"/>
                                            <Loc EndOffset="1528" SrcFileId="1" StartOffset="1433"/>
                                        </LocList>
                                        <CondStmnt CovItemId="S5" CovItemPrefix="login.LoginActions.java" Intrnl_Id="22">
                                            <Branch CovItemId="B3" CovItemPrefix="login.LoginActions.java" Implct="false" Intrnl_Id="23">
                                                <Cond/>
                                                <LocList>
                                                    <Loc EndOffset="1182" SrcFileId="1" StartOffset="767"/>
                                                </LocList>
                                                <StmntSeq Intrnl_Id="24">
                                                    <LocList>
                                                        <Loc EndOffset="1176" SrcFileId="1" StartOffset="774"/>
                                                    </LocList>
                                                    <CondStmnt CovItemId="S6" CovItemPrefix="login.LoginActions.java" Intrnl_Id="25">
                                                        <Branch CovItemId="B5" CovItemPrefix="login.LoginActions.java" Implct="false" Intrnl_Id="26">
                                                            <Cond/>
                                                            <LocList>
                                                                <Loc EndOffset="1023" SrcFileId="1" StartOffset="830"/>
                                                            </LocList>
                                                            <StmntSeq Intrnl_Id="27">
                                                                <LocList>
                                                                    <Loc EndOffset="889" SrcFileId="1" StartOffset="838"/>
                                                                    <Loc EndOffset="948" SrcFileId="1" StartOffset="896"/>
                                                                    <Loc EndOffset="1016" SrcFileId="1" StartOffset="955"/>
                                                                </LocList>
                                                                <BasicStmnt CovItemId="S7" CovItemPrefix="login.LoginActions.java" Intrnl_Id="28">
                                                                    <LocList>
                                                                        <Loc EndOffset="889" SrcFileId="1" StartOffset="838"/>
                                                                    </LocList>
                                                                </BasicStmnt>
                                                                <BasicStmnt CovItemId="S8" CovItemPrefix="login.LoginActions.java" Intrnl_Id="29">
                                                                    <LocList>
                                                                        <Loc EndOffset="948" SrcFileId="1" StartOffset="896"/>
                                                                    </LocList>
                                                                </BasicStmnt>
                                                                <BasicStmnt CovItemId="S9" CovItemPrefix="login.LoginActions.java" Intrnl_Id="30">
                                                                    <LocList>
                                                                        <Loc EndOffset="1016" SrcFileId="1" StartOffset="955"/>
                                                                    </LocList>
                                                                </BasicStmnt>
                                                            </StmntSeq>
                                                        </Branch>
                                                        <Branch CovItemId="B6" CovItemPrefix="login.LoginActions.java" Implct="false" Intrnl_Id="31">
                                                            <Cond>
                                                                <Loc EndOffset="1033" SrcFileId="1" StartOffset="1029"/>
                                                            </Cond>
                                                            <LocList>
                                                                <Loc EndOffset="1176" SrcFileId="1" StartOffset="1034"/>
                                                            </LocList>
                                                            <StmntSeq Intrnl_Id="32">
                                                                <LocList>
                                                                    <Loc EndOffset="1091" SrcFileId="1" StartOffset="1042"/>
                                                                    <Loc EndOffset="1155" SrcFileId="1" StartOffset="1098"/>
                                                                    <Loc EndOffset="1169" SrcFileId="1" StartOffset="1162"/>
                                                                </LocList>
                                                                <BasicStmnt CovItemId="S10" CovItemPrefix="login.LoginActions.java" Intrnl_Id="33">
                                                                    <LocList>
                                                                        <Loc EndOffset="1091" SrcFileId="1" StartOffset="1042"/>
                                                                    </LocList>
                                                                </BasicStmnt>
                                                                <BasicStmnt CovItemId="S11" CovItemPrefix="login.LoginActions.java" Intrnl_Id="34">
                                                                    <LocList>
                                                                        <Loc EndOffset="1155" SrcFileId="1" StartOffset="1098"/>
                                                                    </LocList>
                                                                </BasicStmnt>
                                                                <BasicStmnt CovItemId="S12" CovItemPrefix="login.LoginActions.java" Intrnl_Id="35">
                                                                    <LocList>
                                                                        <Loc EndOffset="1169" SrcFileId="1" StartOffset="1162"/>
                                                                    </LocList>
                                                                </BasicStmnt>
                                                            </StmntSeq>
                                                        </Branch>
                                                        <Keyword EndOffset="776" SrcFileId="1" StartOffset="774"/>
                                                        <LocList>
                                                            <Loc EndOffset="1176" SrcFileId="1" StartOffset="774"/>
                                                        </LocList>
                                                        <RootTerm CovItemId="C3" CovItemPrefix="login.LoginActions.java" Intrnl_Id="36">
                                                            <BasicBoolTerm Intrnl_Id="37">
                                                                <LocList>
                                                                    <Loc EndOffset="828" SrcFileId="1" StartOffset="778"/>
                                                                </LocList>
                                                            </BasicBoolTerm>
                                                        </RootTerm>
                                                    </CondStmnt>
                                                </StmntSeq>
                                            </Branch>
                                            <Branch CovItemId="B4" CovItemPrefix="login.LoginActions.java" Implct="false" Intrnl_Id="38">
                                                <Cond>
                                                    <Loc EndOffset="1191" SrcFileId="1" StartOffset="1187"/>
                                                </Cond>
                                                <LocList>
                                                    <Loc EndOffset="1376" SrcFileId="1" StartOffset="1192"/>
                                                </LocList>
                                                <StmntSeq Intrnl_Id="39">
                                                    <LocList>
                                                        <Loc EndOffset="1250" SrcFileId="1" StartOffset="1199"/>
                                                        <Loc EndOffset="1308" SrcFileId="1" StartOffset="1256"/>
                                                        <Loc EndOffset="1370" SrcFileId="1" StartOffset="1314"/>
                                                    </LocList>
                                                    <BasicStmnt CovItemId="S13" CovItemPrefix="login.LoginActions.java" Intrnl_Id="40">
                                                        <LocList>
                                                            <Loc EndOffset="1250" SrcFileId="1" StartOffset="1199"/>
                                                        </LocList>
                                                    </BasicStmnt>
                                                    <BasicStmnt CovItemId="S14" CovItemPrefix="login.LoginActions.java" Intrnl_Id="41">
                                                        <LocList>
                                                            <Loc EndOffset="1308" SrcFileId="1" StartOffset="1256"/>
                                                        </LocList>
                                                    </BasicStmnt>
                                                    <BasicStmnt CovItemId="S15" CovItemPrefix="login.LoginActions.java" Intrnl_Id="42">
                                                        <LocList>
                                                            <Loc EndOffset="1370" SrcFileId="1" StartOffset="1314"/>
                                                        </LocList>
                                                    </BasicStmnt>
                                                </StmntSeq>
                                            </Branch>
                                            <Keyword EndOffset="713" SrcFileId="1" StartOffset="711"/>
                                            <LocList>
                                                <Loc EndOffset="1376" SrcFileId="1" StartOffset="711"/>
                                            </LocList>
                                            <RootTerm CovItemId="C2" CovItemPrefix="login.LoginActions.java" Intrnl_Id="43">
                                                <OpTerm BooleanOpId="2" Intrnl_Id="44">
                                                    <BasicBoolTerm Intrnl_Id="45">
                                                        <LocList>
                                                            <Loc EndOffset="737" SrcFileId="1" StartOffset="715"/>
                                                        </LocList>
                                                    </BasicBoolTerm>
                                                    <BasicBoolTerm Intrnl_Id="46">
                                                        <LocList>
                                                            <Loc EndOffset="765" SrcFileId="1" StartOffset="741"/>
                                                        </LocList>
                                                    </BasicBoolTerm>
                                                    <LocList>
                                                        <Loc EndOffset="740" SrcFileId="1" StartOffset="738"/>
                                                    </LocList>
                                                </OpTerm>
                                            </RootTerm>
                                        </CondStmnt>
                                        <BasicStmnt CovItemId="S16" CovItemPrefix="login.LoginActions.java" Intrnl_Id="47">
                                            <LocList>
                                                <Loc EndOffset="1402" SrcFileId="1" StartOffset="1381"/>
                                            </LocList>
                                        </BasicStmnt>
                                        <BasicStmnt CovItemId="S17" CovItemPrefix="login.LoginActions.java" Intrnl_Id="48">
                                            <LocList>
                                                <Loc EndOffset="1528" SrcFileId="1" StartOffset="1433"/>
                                            </LocList>
                                        </BasicStmnt>
                                    </StmntSeq>
                                </Branch>
                                <Branch CovItemId="B2" CovItemPrefix="login.LoginActions.java" Implct="false" Intrnl_Id="49">
                                    <Cond>
                                        <Loc EndOffset="1550" SrcFileId="1" StartOffset="1546"/>
                                    </Cond>
                                    <LocList>
                                        <Loc EndOffset="2181" SrcFileId="1" StartOffset="1551"/>
                                    </LocList>
                                    <StmntSeq Intrnl_Id="50">
                                        <LocList>
                                            <Loc EndOffset="2181" SrcFileId="1" StartOffset="1551"/>
                                        </LocList>
                                        <CondStmnt CovItemId="S18" CovItemPrefix="login.LoginActions.java" Intrnl_Id="51">
                                            <Branch CovItemId="B7" CovItemPrefix="login.LoginActions.java" Implct="false" Intrnl_Id="52">
                                                <Cond/>
                                                <LocList>
                                                    <Loc EndOffset="1922" SrcFileId="1" StartOffset="1797"/>
                                                </LocList>
                                                <StmntSeq Intrnl_Id="53">
                                                    <LocList>
                                                        <Loc EndOffset="1857" SrcFileId="1" StartOffset="1808"/>
                                                        <Loc EndOffset="1912" SrcFileId="1" StartOffset="1862"/>
                                                    </LocList>
                                                    <BasicStmnt CovItemId="S19" CovItemPrefix="login.LoginActions.java" Intrnl_Id="54">
                                                        <LocList>
                                                            <Loc EndOffset="1857" SrcFileId="1" StartOffset="1808"/>
                                                        </LocList>
                                                    </BasicStmnt>
                                                    <BasicStmnt CovItemId="S20" CovItemPrefix="login.LoginActions.java" Intrnl_Id="55">
                                                        <LocList>
                                                            <Loc EndOffset="1912" SrcFileId="1" StartOffset="1862"/>
                                                        </LocList>
                                                    </BasicStmnt>
                                                </StmntSeq>
                                            </Branch>
                                            <Branch CovItemId="B8" CovItemPrefix="login.LoginActions.java" Implct="false" Intrnl_Id="56">
                                                <Cond>
                                                    <Loc EndOffset="1934" SrcFileId="1" StartOffset="1930"/>
                                                </Cond>
                                                <LocList>
                                                    <Loc EndOffset="2181" SrcFileId="1" StartOffset="1935"/>
                                                </LocList>
                                                <StmntSeq Intrnl_Id="57">
                                                    <LocList>
                                                        <Loc EndOffset="2181" SrcFileId="1" StartOffset="1935"/>
                                                    </LocList>
                                                    <CondStmnt CovItemId="S21" CovItemPrefix="login.LoginActions.java" Intrnl_Id="58">
                                                        <Branch CovItemId="B9" CovItemPrefix="login.LoginActions.java" Implct="false" Intrnl_Id="59">
                                                            <Cond/>
                                                            <LocList>
                                                                <Loc EndOffset="2181" SrcFileId="1" StartOffset="2062"/>
                                                            </LocList>
                                                            <StmntSeq Intrnl_Id="60">
                                                                <LocList>
                                                                    <Loc EndOffset="2117" SrcFileId="1" StartOffset="2068"/>
                                                                    <Loc EndOffset="2176" SrcFileId="1" StartOffset="2122"/>
                                                                </LocList>
                                                                <BasicStmnt CovItemId="S22" CovItemPrefix="login.LoginActions.java" Intrnl_Id="61">
                                                                    <LocList>
                                                                        <Loc EndOffset="2117" SrcFileId="1" StartOffset="2068"/>
                                                                    </LocList>
                                                                </BasicStmnt>
                                                                <BasicStmnt CovItemId="S23" CovItemPrefix="login.LoginActions.java" Intrnl_Id="62">
                                                                    <LocList>
                                                                        <Loc EndOffset="2176" SrcFileId="1" StartOffset="2122"/>
                                                                    </LocList>
                                                                </BasicStmnt>
                                                            </StmntSeq>
                                                        </Branch>
                                                        <Branch CovItemId="B10" CovItemPrefix="login.LoginActions.java" Implct="true" Intrnl_Id="63">
                                                            <Cond/>
                                                            <LocList/>
                                                            <StmntSeq Intrnl_Id="64">
                                                                <LocList/>
                                                            </StmntSeq>
                                                        </Branch>
                                                        <Keyword EndOffset="1937" SrcFileId="1" StartOffset="1935"/>
                                                        <LocList>
                                                            <Loc EndOffset="2181" SrcFileId="1" StartOffset="1935"/>
                                                        </LocList>
                                                        <RootTerm CovItemId="C5" CovItemPrefix="login.LoginActions.java" Intrnl_Id="65">
                                                            <OpTerm BooleanOpId="3" Intrnl_Id="66">
                                                                <OpTerm BooleanOpId="3" Intrnl_Id="67">
                                                                    <BasicBoolTerm Intrnl_Id="68">
                                                                        <LocList>
                                                                            <Loc EndOffset="1974" SrcFileId="1" StartOffset="1939"/>
                                                                        </LocList>
                                                                    </BasicBoolTerm>
                                                                    <OpTerm BooleanOpId="4" Intrnl_Id="69">
                                                                        <BasicBoolTerm Intrnl_Id="70">
                                                                            <LocList>
                                                                                <Loc EndOffset="2030" SrcFileId="1" StartOffset="1985"/>
                                                                            </LocList>
                                                                        </BasicBoolTerm>
                                                                        <LocList>
                                                                            <Loc EndOffset="1984" SrcFileId="1" StartOffset="1983"/>
                                                                        </LocList>
                                                                    </OpTerm>
                                                                    <LocList>
                                                                        <Loc EndOffset="1977" SrcFileId="1" StartOffset="1975"/>
                                                                    </LocList>
                                                                </OpTerm>
                                                                <OpTerm BooleanOpId="4" Intrnl_Id="71">
                                                                    <BasicBoolTerm Intrnl_Id="72">
                                                                        <LocList>
                                                                            <Loc EndOffset="2059" SrcFileId="1" StartOffset="2037"/>
                                                                        </LocList>
                                                                    </BasicBoolTerm>
                                                                    <LocList>
                                                                        <Loc EndOffset="2036" SrcFileId="1" StartOffset="2035"/>
                                                                    </LocList>
                                                                </OpTerm>
                                                                <LocList>
                                                                    <Loc EndOffset="2034" SrcFileId="1" StartOffset="2032"/>
                                                                </LocList>
                                                            </OpTerm>
                                                        </RootTerm>
                                                    </CondStmnt>
                                                </StmntSeq>
                                            </Branch>
                                            <Keyword EndOffset="1553" SrcFileId="1" StartOffset="1551"/>
                                            <LocList>
                                                <Loc EndOffset="2181" SrcFileId="1" StartOffset="1551"/>
                                            </LocList>
                                            <RootTerm CovItemId="C4" CovItemPrefix="login.LoginActions.java" Intrnl_Id="73">
                                                <OpTerm BooleanOpId="2" Intrnl_Id="74">
                                                    <OpTerm BooleanOpId="4" Intrnl_Id="75">
                                                        <BasicBoolTerm Intrnl_Id="76">
                                                            <LocList>
                                                                <Loc EndOffset="1592" SrcFileId="1" StartOffset="1557"/>
                                                            </LocList>
                                                        </BasicBoolTerm>
                                                        <LocList>
                                                            <Loc EndOffset="1556" SrcFileId="1" StartOffset="1555"/>
                                                        </LocList>
                                                    </OpTerm>
                                                    <OpTerm BooleanOpId="3" Intrnl_Id="77">
                                                        <OpTerm BooleanOpId="2" Intrnl_Id="78">
                                                            <BasicBoolTerm Intrnl_Id="79">
                                                                <LocList>
                                                                    <Loc EndOffset="1649" SrcFileId="1" StartOffset="1604"/>
                                                                </LocList>
                                                            </BasicBoolTerm>
                                                            <OpTerm BooleanOpId="4" Intrnl_Id="80">
                                                                <BasicBoolTerm Intrnl_Id="81">
                                                                    <LocList>
                                                                        <Loc EndOffset="1729" SrcFileId="1" StartOffset="1659"/>
                                                                    </LocList>
                                                                </BasicBoolTerm>
                                                                <LocList>
                                                                    <Loc EndOffset="1659" SrcFileId="1" StartOffset="1658"/>
                                                                </LocList>
                                                            </OpTerm>
                                                            <LocList>
                                                                <Loc EndOffset="1652" SrcFileId="1" StartOffset="1650"/>
                                                            </LocList>
                                                        </OpTerm>
                                                        <OpTerm BooleanOpId="2" Intrnl_Id="82">
                                                            <BasicBoolTerm Intrnl_Id="83">
                                                                <LocList>
                                                                    <Loc EndOffset="1762" SrcFileId="1" StartOffset="1740"/>
                                                                </LocList>
                                                            </BasicBoolTerm>
                                                            <OpTerm BooleanOpId="4" Intrnl_Id="84">
                                                                <BasicBoolTerm Intrnl_Id="85">
                                                                    <LocList>
                                                                        <Loc EndOffset="1792" SrcFileId="1" StartOffset="1768"/>
                                                                    </LocList>
                                                                </BasicBoolTerm>
                                                                <LocList>
                                                                    <Loc EndOffset="1767" SrcFileId="1" StartOffset="1766"/>
                                                                </LocList>
                                                            </OpTerm>
                                                            <LocList>
                                                                <Loc EndOffset="1765" SrcFileId="1" StartOffset="1763"/>
                                                            </LocList>
                                                        </OpTerm>
                                                        <LocList>
                                                            <Loc EndOffset="1738" SrcFileId="1" StartOffset="1736"/>
                                                        </LocList>
                                                    </OpTerm>
                                                    <LocList>
                                                        <Loc EndOffset="1596" SrcFileId="1" StartOffset="1594"/>
                                                    </LocList>
                                                </OpTerm>
                                            </RootTerm>
                                        </CondStmnt>
                                    </StmntSeq>
                                </Branch>
                                <Keyword EndOffset="458" SrcFileId="1" StartOffset="456"/>
                                <LocList>
                                    <Loc EndOffset="2181" SrcFileId="1" StartOffset="456"/>
                                </LocList>
                                <RootTerm CovItemId="C1" CovItemPrefix="login.LoginActions.java" Intrnl_Id="86">
                                    <OpTerm BooleanOpId="2" Intrnl_Id="87">
                                        <OpTerm BooleanOpId="4" Intrnl_Id="88">
                                            <BasicBoolTerm Intrnl_Id="89">
                                                <LocList>
                                                    <Loc EndOffset="496" SrcFileId="1" StartOffset="461"/>
                                                </LocList>
                                            </BasicBoolTerm>
                                            <LocList>
                                                <Loc EndOffset="460" SrcFileId="1" StartOffset="459"/>
                                            </LocList>
                                        </OpTerm>
                                        <OpTerm BooleanOpId="3" Intrnl_Id="90">
                                            <OpTerm BooleanOpId="2" Intrnl_Id="91">
                                                <BasicBoolTerm Intrnl_Id="92">
                                                    <LocList>
                                                        <Loc EndOffset="554" SrcFileId="1" StartOffset="509"/>
                                                    </LocList>
                                                </BasicBoolTerm>
                                                <BasicBoolTerm Intrnl_Id="93">
                                                    <LocList>
                                                        <Loc EndOffset="635" SrcFileId="1" StartOffset="565"/>
                                                    </LocList>
                                                </BasicBoolTerm>
                                                <LocList>
                                                    <Loc EndOffset="564" SrcFileId="1" StartOffset="562"/>
                                                </LocList>
                                            </OpTerm>
                                            <OpTerm BooleanOpId="2" Intrnl_Id="94">
                                                <BasicBoolTerm Intrnl_Id="95">
                                                    <LocList>
                                                        <Loc EndOffset="669" SrcFileId="1" StartOffset="647"/>
                                                    </LocList>
                                                </BasicBoolTerm>
                                                <BasicBoolTerm Intrnl_Id="96">
                                                    <LocList>
                                                        <Loc EndOffset="697" SrcFileId="1" StartOffset="673"/>
                                                    </LocList>
                                                </BasicBoolTerm>
                                                <LocList>
                                                    <Loc EndOffset="672" SrcFileId="1" StartOffset="670"/>
                                                </LocList>
                                            </OpTerm>
                                            <LocList>
                                                <Loc EndOffset="645" SrcFileId="1" StartOffset="643"/>
                                            </LocList>
                                        </OpTerm>
                                        <LocList>
                                            <Loc EndOffset="500" SrcFileId="1" StartOffset="498"/>
                                        </LocList>
                                    </OpTerm>
                                </RootTerm>
                            </CondStmnt>
                        </StmntSeq>
                    </HierarchyLvl>
                </HierarchyLvl>
            </HierarchyLvl>
        </HierarchyLvl>
    </MASTRoot>
</TestSessionContainer>
