<?xml version="1.0" encoding="UTF-8"?><TestSessionContainer xmlns="http://www.codecover.org/xml/testsession-container" Date="1690918282147" TestSessionContainerId="fa9f851d-b2be-4180-88df-a83d2adb7a01" version="1.0">
    <SrcFileList>
        <SrcFile Content="package login;&#13;&#10;&#13;&#10;import java.awt.Color;&#13;&#10;&#13;&#10;import games.GamesFrame;&#13;&#10;&#13;&#10;public class LoginActions {&#13;&#10;&#9;&#13;&#10;&#9;LoginFrame loginFrame;&#13;&#10;&#9;String userID;&#13;&#10;&#9;String password;&#13;&#10;&#9;&#13;&#10;&#9;LoginActions(LoginFrame loginFrame){&#13;&#10;&#9;&#9;this.loginFrame = loginFrame;&#13;&#10;&#9;}&#13;&#10;&#9;&#13;&#10;&#9;void loginButtonAction() {&#13;&#10;&#9;&#9;&#13;&#10;&#9;&#9;userID = loginFrame.userIDField.getText().toLowerCase();&#13;&#10;&#9;&#9;password = String.valueOf(loginFrame.userPasswordField.getPassword());&#13;&#10;&#9;&#9;&#13;&#10;&#9;&#9;// Adapted for MCDC Testing purposes&#13;&#10;&#9;&#9;&#13;&#10;&#9;&#9;if(!(loginFrame.credentialsMap.isEmpty()) &amp;&amp;&#13;&#10;&#9;&#9;&#9;&#9;(((loginFrame.credentialsMap.containsKey(userID)) &#13;&#10;&#9;&#9;&#9;&#9;&amp;&amp; (loginFrame.credentialsMap.get(userID)).getPassword().equals(password)) &#13;&#10;&#9;&#9;&#9;&#9;|| (userID.equals(&quot;guest&quot;) &amp;&amp; password.equals(&quot;guest&quot;)))){&#13;&#10;&#9;&#9;&#9;&#13;&#10;&#9;&#9;&#9;if (userID.equals(&quot;guest&quot;) &amp;&amp; password.equals(&quot;guest&quot;)) {&#13;&#10;&#9;&#9;&#9;&#9;// bitwise operator &amp; to avoid the short circuit evaluation&#13;&#10;&#9;&#9;&#9;&#9;// in order to cover all the conditions in testing&#13;&#10;&#9;&#9;&#9;&#9;if (loginFrame.credentialsMap.containsKey(&quot;guestUser&quot;)) {&#13;&#10;&#9;&#9;&#9;&#9;&#9;loginFrame.messageLabel.setForeground(Color.green);&#13;&#10;&#9;&#9;&#9;&#9;&#9;loginFrame.messageLabel.setText(&quot;Login successful&quot;);&#13;&#10;&#9;&#9;&#9;&#9;&#9;loginFrame.user = loginFrame.credentialsMap.get(&quot;guestUser&quot;);&#13;&#10;&#9;&#9;&#9;&#9;}&#13;&#10;&#9;&#9;&#9;&#9;else {&#13;&#10;&#9;&#9;&#9;&#9;&#9;loginFrame.messageLabel.setForeground(Color.red);&#13;&#10;&#9;&#9;&#9;&#9;&#9;loginFrame.messageLabel.setText(&quot;An error has occurred&quot;);&#13;&#10;&#9;&#9;&#9;&#9;&#9;return;&#13;&#10;&#9;&#9;&#9;&#9;}&#13;&#10;&#9;&#9;&#9;}&#13;&#10;&#9;&#9;&#9;else {&#13;&#10;&#9;&#9;&#9;&#9;loginFrame.messageLabel.setForeground(Color.green);&#13;&#10;&#9;&#9;&#9;&#9;loginFrame.messageLabel.setText(&quot;Login successful&quot;);&#13;&#10;&#9;&#9;&#9;&#9;loginFrame.user = loginFrame.credentialsMap.get(userID);&#13;&#10;&#9;&#9;&#9;}&#13;&#10;&#9;&#9;&#9;loginFrame.dispose(); // close loginFrame frame&#13;&#10;&#9;&#9;&#9;GamesFrame gamesFrame = new GamesFrame(loginFrame.user, loginFrame.setupFacade.getGamesList());&#13;&#10;&#9;&#9;&#9;&#13;&#10;&#9;&#9;}&#13;&#10;&#9;&#9;&#13;&#10;&#9;&#9;else if (!(loginFrame.credentialsMap.isEmpty()) &amp;&amp;&#13;&#10;&#9;&#9;&#9;&#9;((loginFrame.credentialsMap.containsKey(userID) &#13;&#10;&#9;&#9;&#9;&#9;&amp;&amp; !(loginFrame.credentialsMap.get(userID).getPassword().equals(password)))&#13;&#10;&#9;&#9;&#9;&#9;|| (userID.equals(&quot;guest&quot;) &amp;&amp; !(password.equals(&quot;guest&quot;))))) {&#13;&#10;&#9;&#9;&#9;&#13;&#10;&#9;&#9;&#9;loginFrame.messageLabel.setForeground(Color.red);&#13;&#10;&#9;&#9;&#9;loginFrame.messageLabel.setText(&quot;Wrong password&quot;);&#13;&#10;&#9;&#9;&#9;&#13;&#10;&#9;&#9;}&#13;&#10;&#9;&#9;&#13;&#10;&#9;&#9;else {&#13;&#10;&#9;&#9;&#9;// if( loginFrame.credentialsMap.isEmpty() ||&#13;&#10;&#9;&#9;&#9;// !(loginFrame.credentialsMap.containsKey(userID)) || !(userID.equals(&quot;guest&quot;)))&#13;&#10;&#9;&#9;&#9;loginFrame.messageLabel.setForeground(Color.red);&#13;&#10;&#9;&#9;&#9;loginFrame.messageLabel.setText(&quot;Username not found&quot;);&#13;&#10;&#9;&#9;}&#13;&#10;&#9;&#9;&#13;&#10;&#9;}&#13;&#10;&#13;&#10;}&#13;&#10;" Filename="LoginActions.java" Intrnl_Id="1"/>
    </SrcFileList>
    <CritList>
        <CritListEntry Name="org.codecover.model.utils.criteria.LoopCoverage" PluginName="org.codecover"/>
        <CritListEntry Name="org.codecover.model.utils.criteria.QMOCoverage" PluginName="org.codecover"/>
        <CritListEntry Name="org.codecover.model.utils.criteria.ConditionCoverage" PluginName="org.codecover"/>
        <CritListEntry Name="org.codecover.model.utils.criteria.BranchCoverage" PluginName="org.codecover"/>
        <CritListEntry Name="org.codecover.model.utils.criteria.SynchronizedStatementCoverage" PluginName="org.codecover"/>
        <CritListEntry Name="org.codecover.model.utils.criteria.StatementCoverage" PluginName="org.codecover"/>
    </CritList>
    <BoolOpList>
        <BoolOp Arity="2" Intrnl_Id="2" Name="conditional and (&amp;&amp;)">
            <BoolAssgnmntBoolMapList>
                <MapEntry BoolAssgnmnt="02" Value="false"/>
                <MapEntry BoolAssgnmnt="10" Value="false"/>
                <MapEntry BoolAssgnmnt="11" Value="true"/>
            </BoolAssgnmntBoolMapList>
        </BoolOp>
        <BoolOp Arity="2" Intrnl_Id="3" Name="conditional or (||)">
            <BoolAssgnmntBoolMapList>
                <MapEntry BoolAssgnmnt="00" Value="false"/>
                <MapEntry BoolAssgnmnt="01" Value="true"/>
                <MapEntry BoolAssgnmnt="12" Value="true"/>
            </BoolAssgnmntBoolMapList>
        </BoolOp>
        <BoolOp Arity="1" Intrnl_Id="4" Name="not (!)">
            <BoolAssgnmntBoolMapList>
                <MapEntry BoolAssgnmnt="1" Value="false"/>
                <MapEntry BoolAssgnmnt="0" Value="true"/>
            </BoolAssgnmntBoolMapList>
        </BoolOp>
    </BoolOpList>
    <HierarchyLvlTypeList>
        <HierarchyLvlType EnglishName="package" IntrnlName="package" Intrnl_Id="5"/>
        <HierarchyLvlType EnglishName="method" IntrnlName="method" Intrnl_Id="6"/>
        <HierarchyLvlType EnglishName="class" IntrnlName="class" Intrnl_Id="7"/>
        <HierarchyLvlType EnglishName="default package" IntrnlName="default package" Intrnl_Id="8"/>
    </HierarchyLvlTypeList>
    <MASTRoot>
        <HierarchyLvl HierarchyLvlId="150" HierarchyLvlTypeId="8" Intrnl_Id="9" Name="default package">
            <Header/>
            <LocList/>
            <HierarchyLvl HierarchyLvlId="149" HierarchyLvlTypeId="5" Intrnl_Id="10" Name="login">
                <Header/>
                <LocList/>
                <HierarchyLvl HierarchyLvlId="148" HierarchyLvlTypeId="7" Intrnl_Id="11" Name="LoginActions">
                    <Header>
                        <Loc EndOffset="97" SrcFileId="1" StartOffset="72"/>
                    </Header>
                    <LocList>
                        <Loc EndOffset="2333" SrcFileId="1" StartOffset="72"/>
                    </LocList>
                    <HierarchyLvl HierarchyLvlId="146" HierarchyLvlTypeId="6" Intrnl_Id="12" Name="LoginActions">
                        <Header>
                            <Loc EndOffset="204" SrcFileId="1" StartOffset="169"/>
                        </Header>
                        <LocList>
                            <Loc EndOffset="242" SrcFileId="1" StartOffset="169"/>
                        </LocList>
                        <StmntSeq Intrnl_Id="13">
                            <LocList>
                                <Loc EndOffset="238" SrcFileId="1" StartOffset="209"/>
                            </LocList>
                            <BasicStmnt CovItemId="S1" CovItemPrefix="login.LoginActions.java" Intrnl_Id="14">
                                <LocList>
                                    <Loc EndOffset="238" SrcFileId="1" StartOffset="209"/>
                                </LocList>
                            </BasicStmnt>
                        </StmntSeq>
                    </HierarchyLvl>
                    <HierarchyLvl HierarchyLvlId="147" HierarchyLvlTypeId="6" Intrnl_Id="15" Name="loginButtonAction">
                        <Header>
                            <Loc EndOffset="272" SrcFileId="1" StartOffset="248"/>
                        </Header>
                        <LocList>
                            <Loc EndOffset="2328" SrcFileId="1" StartOffset="248"/>
                        </LocList>
                        <StmntSeq Intrnl_Id="16">
                            <LocList>
                                <Loc EndOffset="338" SrcFileId="1" StartOffset="282"/>
                                <Loc EndOffset="412" SrcFileId="1" StartOffset="342"/>
                                <Loc EndOffset="2320" SrcFileId="1" StartOffset="464"/>
                            </LocList>
                            <BasicStmnt CovItemId="S2" CovItemPrefix="login.LoginActions.java" Intrnl_Id="17">
                                <LocList>
                                    <Loc EndOffset="338" SrcFileId="1" StartOffset="282"/>
                                </LocList>
                            </BasicStmnt>
                            <BasicStmnt CovItemId="S3" CovItemPrefix="login.LoginActions.java" Intrnl_Id="18">
                                <LocList>
                                    <Loc EndOffset="412" SrcFileId="1" StartOffset="342"/>
                                </LocList>
                            </BasicStmnt>
                            <CondStmnt CovItemId="S4" CovItemPrefix="login.LoginActions.java" Intrnl_Id="19">
                                <Branch CovItemId="B1" CovItemPrefix="login.LoginActions.java" Implct="false" Intrnl_Id="20">
                                    <Cond/>
                                    <LocList>
                                        <Loc EndOffset="1667" SrcFileId="1" StartOffset="708"/>
                                    </LocList>
                                    <StmntSeq Intrnl_Id="21">
                                        <LocList>
                                            <Loc EndOffset="1505" SrcFileId="1" StartOffset="719"/>
                                            <Loc EndOffset="1531" SrcFileId="1" StartOffset="1510"/>
                                            <Loc EndOffset="1657" SrcFileId="1" StartOffset="1562"/>
                                        </LocList>
                                        <CondStmnt CovItemId="S5" CovItemPrefix="login.LoginActions.java" Intrnl_Id="22">
                                            <Branch CovItemId="B3" CovItemPrefix="login.LoginActions.java" Implct="false" Intrnl_Id="23">
                                                <Cond/>
                                                <LocList>
                                                    <Loc EndOffset="1311" SrcFileId="1" StartOffset="775"/>
                                                </LocList>
                                                <StmntSeq Intrnl_Id="24">
                                                    <LocList>
                                                        <Loc EndOffset="1305" SrcFileId="1" StartOffset="903"/>
                                                    </LocList>
                                                    <CondStmnt CovItemId="S6" CovItemPrefix="login.LoginActions.java" Intrnl_Id="25">
                                                        <Branch CovItemId="B5" CovItemPrefix="login.LoginActions.java" Implct="false" Intrnl_Id="26">
                                                            <Cond/>
                                                            <LocList>
                                                                <Loc EndOffset="1152" SrcFileId="1" StartOffset="959"/>
                                                            </LocList>
                                                            <StmntSeq Intrnl_Id="27">
                                                                <LocList>
                                                                    <Loc EndOffset="1018" SrcFileId="1" StartOffset="967"/>
                                                                    <Loc EndOffset="1077" SrcFileId="1" StartOffset="1025"/>
                                                                    <Loc EndOffset="1145" SrcFileId="1" StartOffset="1084"/>
                                                                </LocList>
                                                                <BasicStmnt CovItemId="S7" CovItemPrefix="login.LoginActions.java" Intrnl_Id="28">
                                                                    <LocList>
                                                                        <Loc EndOffset="1018" SrcFileId="1" StartOffset="967"/>
                                                                    </LocList>
                                                                </BasicStmnt>
                                                                <BasicStmnt CovItemId="S8" CovItemPrefix="login.LoginActions.java" Intrnl_Id="29">
                                                                    <LocList>
                                                                        <Loc EndOffset="1077" SrcFileId="1" StartOffset="1025"/>
                                                                    </LocList>
                                                                </BasicStmnt>
                                                                <BasicStmnt CovItemId="S9" CovItemPrefix="login.LoginActions.java" Intrnl_Id="30">
                                                                    <LocList>
                                                                        <Loc EndOffset="1145" SrcFileId="1" StartOffset="1084"/>
                                                                    </LocList>
                                                                </BasicStmnt>
                                                            </StmntSeq>
                                                        </Branch>
                                                        <Branch CovItemId="B6" CovItemPrefix="login.LoginActions.java" Implct="false" Intrnl_Id="31">
                                                            <Cond>
                                                                <Loc EndOffset="1162" SrcFileId="1" StartOffset="1158"/>
                                                            </Cond>
                                                            <LocList>
                                                                <Loc EndOffset="1305" SrcFileId="1" StartOffset="1163"/>
                                                            </LocList>
                                                            <StmntSeq Intrnl_Id="32">
                                                                <LocList>
                                                                    <Loc EndOffset="1220" SrcFileId="1" StartOffset="1171"/>
                                                                    <Loc EndOffset="1284" SrcFileId="1" StartOffset="1227"/>
                                                                    <Loc EndOffset="1298" SrcFileId="1" StartOffset="1291"/>
                                                                </LocList>
                                                                <BasicStmnt CovItemId="S10" CovItemPrefix="login.LoginActions.java" Intrnl_Id="33">
                                                                    <LocList>
                                                                        <Loc EndOffset="1220" SrcFileId="1" StartOffset="1171"/>
                                                                    </LocList>
                                                                </BasicStmnt>
                                                                <BasicStmnt CovItemId="S11" CovItemPrefix="login.LoginActions.java" Intrnl_Id="34">
                                                                    <LocList>
                                                                        <Loc EndOffset="1284" SrcFileId="1" StartOffset="1227"/>
                                                                    </LocList>
                                                                </BasicStmnt>
                                                                <BasicStmnt CovItemId="S12" CovItemPrefix="login.LoginActions.java" Intrnl_Id="35">
                                                                    <LocList>
                                                                        <Loc EndOffset="1298" SrcFileId="1" StartOffset="1291"/>
                                                                    </LocList>
                                                                </BasicStmnt>
                                                            </StmntSeq>
                                                        </Branch>
                                                        <Keyword EndOffset="905" SrcFileId="1" StartOffset="903"/>
                                                        <LocList>
                                                            <Loc EndOffset="1305" SrcFileId="1" StartOffset="903"/>
                                                        </LocList>
                                                        <RootTerm CovItemId="C3" CovItemPrefix="login.LoginActions.java" Intrnl_Id="36">
                                                            <BasicBoolTerm Intrnl_Id="37">
                                                                <LocList>
                                                                    <Loc EndOffset="957" SrcFileId="1" StartOffset="907"/>
                                                                </LocList>
                                                            </BasicBoolTerm>
                                                        </RootTerm>
                                                    </CondStmnt>
                                                </StmntSeq>
                                            </Branch>
                                            <Branch CovItemId="B4" CovItemPrefix="login.LoginActions.java" Implct="false" Intrnl_Id="38">
                                                <Cond>
                                                    <Loc EndOffset="1320" SrcFileId="1" StartOffset="1316"/>
                                                </Cond>
                                                <LocList>
                                                    <Loc EndOffset="1505" SrcFileId="1" StartOffset="1321"/>
                                                </LocList>
                                                <StmntSeq Intrnl_Id="39">
                                                    <LocList>
                                                        <Loc EndOffset="1379" SrcFileId="1" StartOffset="1328"/>
                                                        <Loc EndOffset="1437" SrcFileId="1" StartOffset="1385"/>
                                                        <Loc EndOffset="1499" SrcFileId="1" StartOffset="1443"/>
                                                    </LocList>
                                                    <BasicStmnt CovItemId="S13" CovItemPrefix="login.LoginActions.java" Intrnl_Id="40">
                                                        <LocList>
                                                            <Loc EndOffset="1379" SrcFileId="1" StartOffset="1328"/>
                                                        </LocList>
                                                    </BasicStmnt>
                                                    <BasicStmnt CovItemId="S14" CovItemPrefix="login.LoginActions.java" Intrnl_Id="41">
                                                        <LocList>
                                                            <Loc EndOffset="1437" SrcFileId="1" StartOffset="1385"/>
                                                        </LocList>
                                                    </BasicStmnt>
                                                    <BasicStmnt CovItemId="S15" CovItemPrefix="login.LoginActions.java" Intrnl_Id="42">
                                                        <LocList>
                                                            <Loc EndOffset="1499" SrcFileId="1" StartOffset="1443"/>
                                                        </LocList>
                                                    </BasicStmnt>
                                                </StmntSeq>
                                            </Branch>
                                            <Keyword EndOffset="721" SrcFileId="1" StartOffset="719"/>
                                            <LocList>
                                                <Loc EndOffset="1505" SrcFileId="1" StartOffset="719"/>
                                            </LocList>
                                            <RootTerm CovItemId="C2" CovItemPrefix="login.LoginActions.java" Intrnl_Id="43">
                                                <OpTerm BooleanOpId="2" Intrnl_Id="44">
                                                    <BasicBoolTerm Intrnl_Id="45">
                                                        <LocList>
                                                            <Loc EndOffset="745" SrcFileId="1" StartOffset="723"/>
                                                        </LocList>
                                                    </BasicBoolTerm>
                                                    <BasicBoolTerm Intrnl_Id="46">
                                                        <LocList>
                                                            <Loc EndOffset="773" SrcFileId="1" StartOffset="749"/>
                                                        </LocList>
                                                    </BasicBoolTerm>
                                                    <LocList>
                                                        <Loc EndOffset="748" SrcFileId="1" StartOffset="746"/>
                                                    </LocList>
                                                </OpTerm>
                                            </RootTerm>
                                        </CondStmnt>
                                        <BasicStmnt CovItemId="S16" CovItemPrefix="login.LoginActions.java" Intrnl_Id="47">
                                            <LocList>
                                                <Loc EndOffset="1531" SrcFileId="1" StartOffset="1510"/>
                                            </LocList>
                                        </BasicStmnt>
                                        <BasicStmnt CovItemId="S17" CovItemPrefix="login.LoginActions.java" Intrnl_Id="48">
                                            <LocList>
                                                <Loc EndOffset="1657" SrcFileId="1" StartOffset="1562"/>
                                            </LocList>
                                        </BasicStmnt>
                                    </StmntSeq>
                                </Branch>
                                <Branch CovItemId="B2" CovItemPrefix="login.LoginActions.java" Implct="false" Intrnl_Id="49">
                                    <Cond>
                                        <Loc EndOffset="1679" SrcFileId="1" StartOffset="1675"/>
                                    </Cond>
                                    <LocList>
                                        <Loc EndOffset="2320" SrcFileId="1" StartOffset="1680"/>
                                    </LocList>
                                    <StmntSeq Intrnl_Id="50">
                                        <LocList>
                                            <Loc EndOffset="2320" SrcFileId="1" StartOffset="1680"/>
                                        </LocList>
                                        <CondStmnt CovItemId="S18" CovItemPrefix="login.LoginActions.java" Intrnl_Id="51">
                                            <Branch CovItemId="B7" CovItemPrefix="login.LoginActions.java" Implct="false" Intrnl_Id="52">
                                                <Cond/>
                                                <LocList>
                                                    <Loc EndOffset="2052" SrcFileId="1" StartOffset="1927"/>
                                                </LocList>
                                                <StmntSeq Intrnl_Id="53">
                                                    <LocList>
                                                        <Loc EndOffset="1987" SrcFileId="1" StartOffset="1938"/>
                                                        <Loc EndOffset="2042" SrcFileId="1" StartOffset="1992"/>
                                                    </LocList>
                                                    <BasicStmnt CovItemId="S19" CovItemPrefix="login.LoginActions.java" Intrnl_Id="54">
                                                        <LocList>
                                                            <Loc EndOffset="1987" SrcFileId="1" StartOffset="1938"/>
                                                        </LocList>
                                                    </BasicStmnt>
                                                    <BasicStmnt CovItemId="S20" CovItemPrefix="login.LoginActions.java" Intrnl_Id="55">
                                                        <LocList>
                                                            <Loc EndOffset="2042" SrcFileId="1" StartOffset="1992"/>
                                                        </LocList>
                                                    </BasicStmnt>
                                                </StmntSeq>
                                            </Branch>
                                            <Branch CovItemId="B8" CovItemPrefix="login.LoginActions.java" Implct="false" Intrnl_Id="56">
                                                <Cond>
                                                    <Loc EndOffset="2064" SrcFileId="1" StartOffset="2060"/>
                                                </Cond>
                                                <LocList>
                                                    <Loc EndOffset="2320" SrcFileId="1" StartOffset="2065"/>
                                                </LocList>
                                                <StmntSeq Intrnl_Id="57">
                                                    <LocList>
                                                        <Loc EndOffset="2256" SrcFileId="1" StartOffset="2207"/>
                                                        <Loc EndOffset="2315" SrcFileId="1" StartOffset="2261"/>
                                                    </LocList>
                                                    <BasicStmnt CovItemId="S21" CovItemPrefix="login.LoginActions.java" Intrnl_Id="58">
                                                        <LocList>
                                                            <Loc EndOffset="2256" SrcFileId="1" StartOffset="2207"/>
                                                        </LocList>
                                                    </BasicStmnt>
                                                    <BasicStmnt CovItemId="S22" CovItemPrefix="login.LoginActions.java" Intrnl_Id="59">
                                                        <LocList>
                                                            <Loc EndOffset="2315" SrcFileId="1" StartOffset="2261"/>
                                                        </LocList>
                                                    </BasicStmnt>
                                                </StmntSeq>
                                            </Branch>
                                            <Keyword EndOffset="1682" SrcFileId="1" StartOffset="1680"/>
                                            <LocList>
                                                <Loc EndOffset="2320" SrcFileId="1" StartOffset="1680"/>
                                            </LocList>
                                            <RootTerm CovItemId="C4" CovItemPrefix="login.LoginActions.java" Intrnl_Id="60">
                                                <OpTerm BooleanOpId="2" Intrnl_Id="61">
                                                    <OpTerm BooleanOpId="4" Intrnl_Id="62">
                                                        <BasicBoolTerm Intrnl_Id="63">
                                                            <LocList>
                                                                <Loc EndOffset="1721" SrcFileId="1" StartOffset="1686"/>
                                                            </LocList>
                                                        </BasicBoolTerm>
                                                        <LocList>
                                                            <Loc EndOffset="1685" SrcFileId="1" StartOffset="1684"/>
                                                        </LocList>
                                                    </OpTerm>
                                                    <OpTerm BooleanOpId="3" Intrnl_Id="64">
                                                        <OpTerm BooleanOpId="2" Intrnl_Id="65">
                                                            <BasicBoolTerm Intrnl_Id="66">
                                                                <LocList>
                                                                    <Loc EndOffset="1778" SrcFileId="1" StartOffset="1733"/>
                                                                </LocList>
                                                            </BasicBoolTerm>
                                                            <OpTerm BooleanOpId="4" Intrnl_Id="67">
                                                                <BasicBoolTerm Intrnl_Id="68">
                                                                    <LocList>
                                                                        <Loc EndOffset="1858" SrcFileId="1" StartOffset="1790"/>
                                                                    </LocList>
                                                                </BasicBoolTerm>
                                                                <LocList>
                                                                    <Loc EndOffset="1789" SrcFileId="1" StartOffset="1788"/>
                                                                </LocList>
                                                            </OpTerm>
                                                            <LocList>
                                                                <Loc EndOffset="1787" SrcFileId="1" StartOffset="1785"/>
                                                            </LocList>
                                                        </OpTerm>
                                                        <OpTerm BooleanOpId="2" Intrnl_Id="69">
                                                            <BasicBoolTerm Intrnl_Id="70">
                                                                <LocList>
                                                                    <Loc EndOffset="1892" SrcFileId="1" StartOffset="1870"/>
                                                                </LocList>
                                                            </BasicBoolTerm>
                                                            <OpTerm BooleanOpId="4" Intrnl_Id="71">
                                                                <BasicBoolTerm Intrnl_Id="72">
                                                                    <LocList>
                                                                        <Loc EndOffset="1922" SrcFileId="1" StartOffset="1898"/>
                                                                    </LocList>
                                                                </BasicBoolTerm>
                                                                <LocList>
                                                                    <Loc EndOffset="1897" SrcFileId="1" StartOffset="1896"/>
                                                                </LocList>
                                                            </OpTerm>
                                                            <LocList>
                                                                <Loc EndOffset="1895" SrcFileId="1" StartOffset="1893"/>
                                                            </LocList>
                                                        </OpTerm>
                                                        <LocList>
                                                            <Loc EndOffset="1868" SrcFileId="1" StartOffset="1866"/>
                                                        </LocList>
                                                    </OpTerm>
                                                    <LocList>
                                                        <Loc EndOffset="1725" SrcFileId="1" StartOffset="1723"/>
                                                    </LocList>
                                                </OpTerm>
                                            </RootTerm>
                                        </CondStmnt>
                                    </StmntSeq>
                                </Branch>
                                <Keyword EndOffset="466" SrcFileId="1" StartOffset="464"/>
                                <LocList>
                                    <Loc EndOffset="2320" SrcFileId="1" StartOffset="464"/>
                                </LocList>
                                <RootTerm CovItemId="C1" CovItemPrefix="login.LoginActions.java" Intrnl_Id="73">
                                    <OpTerm BooleanOpId="2" Intrnl_Id="74">
                                        <OpTerm BooleanOpId="4" Intrnl_Id="75">
                                            <BasicBoolTerm Intrnl_Id="76">
                                                <LocList>
                                                    <Loc EndOffset="504" SrcFileId="1" StartOffset="469"/>
                                                </LocList>
                                            </BasicBoolTerm>
                                            <LocList>
                                                <Loc EndOffset="468" SrcFileId="1" StartOffset="467"/>
                                            </LocList>
                                        </OpTerm>
                                        <OpTerm BooleanOpId="3" Intrnl_Id="77">
                                            <OpTerm BooleanOpId="2" Intrnl_Id="78">
                                                <BasicBoolTerm Intrnl_Id="79">
                                                    <LocList>
                                                        <Loc EndOffset="562" SrcFileId="1" StartOffset="517"/>
                                                    </LocList>
                                                </BasicBoolTerm>
                                                <BasicBoolTerm Intrnl_Id="80">
                                                    <LocList>
                                                        <Loc EndOffset="643" SrcFileId="1" StartOffset="573"/>
                                                    </LocList>
                                                </BasicBoolTerm>
                                                <LocList>
                                                    <Loc EndOffset="572" SrcFileId="1" StartOffset="570"/>
                                                </LocList>
                                            </OpTerm>
                                            <OpTerm BooleanOpId="2" Intrnl_Id="81">
                                                <BasicBoolTerm Intrnl_Id="82">
                                                    <LocList>
                                                        <Loc EndOffset="677" SrcFileId="1" StartOffset="655"/>
                                                    </LocList>
                                                </BasicBoolTerm>
                                                <BasicBoolTerm Intrnl_Id="83">
                                                    <LocList>
                                                        <Loc EndOffset="705" SrcFileId="1" StartOffset="681"/>
                                                    </LocList>
                                                </BasicBoolTerm>
                                                <LocList>
                                                    <Loc EndOffset="680" SrcFileId="1" StartOffset="678"/>
                                                </LocList>
                                            </OpTerm>
                                            <LocList>
                                                <Loc EndOffset="653" SrcFileId="1" StartOffset="651"/>
                                            </LocList>
                                        </OpTerm>
                                        <LocList>
                                            <Loc EndOffset="508" SrcFileId="1" StartOffset="506"/>
                                        </LocList>
                                    </OpTerm>
                                </RootTerm>
                            </CondStmnt>
                        </StmntSeq>
                    </HierarchyLvl>
                </HierarchyLvl>
            </HierarchyLvl>
        </HierarchyLvl>
    </MASTRoot>
</TestSessionContainer>
