<?xml version="1.0" encoding="UTF-8"?><TestSessionContainer xmlns="http://www.codecover.org/xml/testsession-container" Date="1690878541465" TestSessionContainerId="fff7c0f7-7407-4bff-a548-97868974a12f" version="1.0">
    <SrcFileList>
        <SrcFile Content="package login;&#13;&#10;&#13;&#10;import java.awt.Color;&#13;&#10;import java.awt.Font;&#13;&#10;import java.awt.Graphics;&#13;&#10;import java.awt.Image;&#13;&#10;import java.awt.event.ActionEvent;&#13;&#10;import java.awt.event.ActionListener;&#13;&#10;import java.io.File;&#13;&#10;import java.io.IOException;&#13;&#10;import java.util.HashMap;&#13;&#10;&#13;&#10;import javax.imageio.ImageIO;&#13;&#10;import javax.swing.BorderFactory;&#13;&#10;import javax.swing.ImageIcon;&#13;&#10;import javax.swing.JButton;&#13;&#10;import javax.swing.JFrame;&#13;&#10;import javax.swing.JLabel;&#13;&#10;import javax.swing.JPanel;&#13;&#10;import javax.swing.JPasswordField;&#13;&#10;import javax.swing.JTextField;&#13;&#10;import javax.swing.border.Border;&#13;&#10;&#13;&#10;import games.GamesFrame;&#13;&#10;&#13;&#10;public class LoginFrame extends JFrame implements ActionListener{&#13;&#10;&#9;&#13;&#10;&#9;// welcome&#13;&#10;&#9;JPanel welcomePanel = new JPanel();&#13;&#10;&#9;JLabel welcomeLabel = new JLabel(&quot;Welcome to the Retro Gaming Console&quot;);&#13;&#10;&#9;// login&#13;&#10;&#9;JLabel loginInfoLabel = new JLabel(&quot;Please login to your account&quot;);&#13;&#10;&#9;JPanel loginPanel = new JPanel();&#13;&#10;&#9;public JButton loginButton = new JButton(&quot;Log in&quot;);&#13;&#10;&#9;JButton resetButton = new JButton(&quot;Reset&quot;);&#13;&#10;&#9;JTextField userIDField = new JTextField();&#13;&#10;&#9;JPasswordField userPasswordField = new JPasswordField();&#13;&#10;&#9;JLabel userIDLabel = new JLabel(&quot;Username:&quot;);&#13;&#10;&#9;JLabel userPasswordLabel = new JLabel(&quot;Password:&quot;);&#13;&#10;&#9;JLabel messageLabel = new JLabel();&#13;&#10;&#9;SetupFacade setupFacade;&#13;&#10;&#9;HashMap&lt;String,Person&gt; credentialsMap;&#13;&#10;&#9;Person user;&#13;&#10;&#9;// signup&#13;&#10;&#9;JPanel signupPanel = new JPanel();&#13;&#10;&#9;JLabel signupLabel = new JLabel(&quot;Don't have an account?&quot;);&#13;&#10;&#9;JButton signupButton = new JButton(&quot;Sign up&quot;);&#13;&#10;&#9;JLabel guestLabel = new JLabel(&quot;or continue as a guest*&quot;);&#13;&#10;&#9;JButton guestButton = new JButton(&quot;Guest&quot;);&#13;&#10;&#9;JLabel signupInfoLabel = new JLabel();&#13;&#10;&#9;// Actions&#13;&#10;&#9;Actions actions;&#13;&#10;&#9;&#13;&#10;&#9;public LoginFrame(SetupFacade setupFacade) {&#13;&#10;&#9;&#9;this.setTitle(&quot;Retro Gaming Console&quot;);&#13;&#10;&#9;&#9;this.setDefaultCloseOperation(JFrame.EXIT_ON_CLOSE); //exit from application&#13;&#10;&#9;&#9;this.setResizable(false); //prevent from being resized&#13;&#10;&#9;&#9;this.setSize(900,506); //sets the x-dimension, and y-dimension&#13;&#10;&#9;&#9;this.setLocationRelativeTo(null); // position of the frame center of the screen&#13;&#10;&#9;&#9;&#13;&#10;&#9;&#9;// icon&#13;&#10;&#9;&#9;this.setIcon();&#13;&#10;&#9;&#9;&#13;&#10;&#9;&#9;// background image&#13;&#10;&#9;&#9;this.setBackground();&#13;&#10;&#9;&#9;&#13;&#10;&#9;&#9;// Welcome Panel&#13;&#10;&#9;&#9;this.setWelcome();&#13;&#10;&#9;&#9;&#13;&#10;&#9;&#9;// login panel&#13;&#10;&#9;&#9;this.setLogin(setupFacade);&#13;&#10;&#9;&#9;&#13;&#10;&#9;&#9;// signup panel&#13;&#10;&#9;&#9;this.setSignup();&#13;&#10;&#9;&#9;&#13;&#10;&#9;&#9;//Actions&#13;&#10;&#9;&#9;actions = new Actions(this);&#13;&#10;&#13;&#10;&#9;&#9;//pack(); // resize to accommodate all the components&#13;&#10;&#9;&#9;this.setLayout(null); // custom layout&#13;&#10;&#9;&#9;this.setVisible(true); // frame visible&#9;&#13;&#10;&#9;}&#13;&#10;&#9;&#13;&#10;&#9;private void setWelcome() {&#13;&#10;&#9;&#9;welcomeLabel.setForeground(new Color(0xFFFFF)); //set font color of text&#13;&#10;&#9;&#9;welcomeLabel.setFont(new Font(&quot;&quot;, Font.PLAIN, 20)); // font&#13;&#10;&#9;&#9;welcomePanel.add(welcomeLabel);&#13;&#10;&#9;&#9;welcomePanel.setBounds(60, 20, 400, 40);&#13;&#10;&#9;&#9;welcomePanel.setOpaque(false); // panel color transparent&#13;&#10;&#9;&#9;this.add(welcomePanel);&#13;&#10;&#9;}&#13;&#10;&#9;&#13;&#10;&#9;private void setLogin(SetupFacade setupFacade) {&#13;&#10;&#9;&#9;&#13;&#10;&#9;&#9;this.setupFacade = setupFacade;&#13;&#10;&#9;&#9;this.credentialsMap = setupFacade.getCredentialsMap(); // {ID:password}&#13;&#10;&#9;&#9;&#13;&#10;&#9;&#9;// Panel&#13;&#10;&#9;&#9;loginPanel.setBounds(60,65,400,170);&#13;&#10;&#9;&#9;loginPanel.setLayout(null);&#13;&#10;&#9;&#9;&#13;&#10;&#9;&#9;// Label&#13;&#10;&#9;&#9;Font fontFields = new Font(&quot;&quot;, Font.PLAIN, 14);&#13;&#10;&#9;&#9;&#13;&#10;&#9;&#9;loginInfoLabel.setBounds(95, 0, 250, 20);&#9;&#13;&#10;&#9;&#9;loginInfoLabel.setForeground(new Color(0xFFFFF)); //set font color of text&#13;&#10;&#9;&#9;loginInfoLabel.setFont(new Font(&quot;&quot;, Font.PLAIN, 17)); // font&#13;&#10;&#9;&#9;&#13;&#10;&#9;&#9;userIDLabel.setBounds(25,30,75,25);&#13;&#10;&#9;&#9;userIDLabel.setForeground(new Color(0xFFFFF)); //set font color of text&#13;&#10;&#9;&#9;userIDLabel.setFont(fontFields); // font&#13;&#10;&#9;&#9;userIDField.setBounds(95,30,208,25);&#13;&#10;&#9;&#9;userIDField.setFont(fontFields); // font&#13;&#10;&#9;&#9;&#13;&#10;&#9;&#9;userPasswordLabel.setBounds(25,70,75,25);&#13;&#10;&#9;&#9;userPasswordLabel.setForeground(new Color(0xFFFFF)); //set font color of text&#13;&#10;&#9;&#9;userPasswordLabel.setFont(fontFields); // font&#13;&#10;&#9;&#9;userPasswordField.setBounds(95,70,208,25);&#13;&#10;&#9;&#9;userPasswordField.setFont(fontFields); // font&#13;&#10;&#9;&#9;&#13;&#10;&#9;&#9;messageLabel.setBounds(125,138,250,35);&#13;&#10;&#9;&#9;messageLabel.setFont(new Font(null,Font.PLAIN,17));&#13;&#10;&#9;&#9;&#13;&#10;&#9;&#9;loginButton.setBounds(95,110,104,25);&#13;&#10;&#9;&#9;loginButton.setFont(fontFields); // font&#13;&#10;&#9;&#9;loginButton.setFocusable(false);&#13;&#10;&#9;&#9;loginButton.addActionListener(this);&#13;&#10;&#9;&#9;&#13;&#10;&#9;&#9;resetButton.setBounds(199,110,104,25);&#13;&#10;&#9;&#9;resetButton.setFont(fontFields); // font&#13;&#10;&#9;&#9;resetButton.setFocusable(false);&#13;&#10;&#9;&#9;resetButton.addActionListener(this);&#13;&#10;&#9;&#9;&#13;&#10;&#9;&#9;loginPanel.add(loginInfoLabel);&#13;&#10;&#9;&#9;loginPanel.add(userIDLabel);&#13;&#10;&#9;&#9;loginPanel.add(userPasswordLabel);&#13;&#10;&#9;&#9;loginPanel.add(messageLabel);&#13;&#10;&#9;&#9;loginPanel.add(userIDField);&#13;&#10;&#9;&#9;loginPanel.add(userPasswordField);&#13;&#10;&#9;&#9;loginPanel.add(loginButton);&#13;&#10;&#9;&#9;loginPanel.add(resetButton);&#13;&#10;&#9;&#9;&#13;&#10;&#9;&#9;loginPanel.setOpaque(false);&#13;&#10;&#9;&#9;this.getRootPane().setDefaultButton(loginButton); // default triggered with enter key&#13;&#10;&#9;&#9;this.add(loginPanel);&#13;&#10;&#9;}&#13;&#10;&#9;&#13;&#10;&#9;private void setSignup() {&#13;&#10;&#9;&#9;&#13;&#10;&#9;&#9;Font fontFields = new Font(&quot;&quot;, Font.PLAIN, 14);&#13;&#10;&#9;&#9;&#13;&#10;&#9;&#9;signupPanel.setBounds(115, 235, 280, 120);&#13;&#10;&#9;&#9;signupPanel.setLayout(null);&#13;&#10;&#9;&#9;&#13;&#10;&#9;&#9;signupLabel.setBounds(20, 10, 250, 25);&#13;&#10;&#9;&#9;signupLabel.setForeground(new Color(0xFFFFF)); //set font color of text&#13;&#10;&#9;&#9;signupLabel.setFont(fontFields); // font&#13;&#10;&#9;&#9;signupButton.setBounds(175, 10, 90, 25);&#13;&#10;&#9;&#9;signupButton.setFont(fontFields); // font&#13;&#10;&#9;&#9;signupButton.addActionListener(this);&#13;&#10;&#9;&#9;&#13;&#10;&#9;&#9;guestLabel.setBounds(20, 40, 250, 25);&#13;&#10;&#9;&#9;guestLabel.setForeground(new Color(0xFFFFF)); //set font color of text&#13;&#10;&#9;&#9;guestLabel.setFont(fontFields); // font&#13;&#10;&#9;&#9;guestButton.setBounds(175, 40, 90, 25);&#13;&#10;&#9;&#9;guestButton.setFont(fontFields); // font&#13;&#10;&#9;&#9;guestButton.addActionListener(this);&#13;&#10;&#9;&#9;&#13;&#10;&#9;&#9;signupInfoLabel.setBounds(20, 60, 250, 50);&#13;&#10;&#9;&#9;signupInfoLabel.setText(&quot;&lt;html&gt;* Having an account allows you &lt;br&gt; to save your best scores&lt;/html&gt;&quot;);&#13;&#10;&#9;&#9;signupInfoLabel.setFont(fontFields); // font&#13;&#10;&#9;&#9;signupInfoLabel.setForeground(new Color(0xF400A1)); //set font color of text&#13;&#10;&#9;&#9;&#13;&#10;&#9;&#9;signupPanel.add(signupLabel);&#13;&#10;&#9;&#9;signupPanel.add(signupButton);&#13;&#10;&#9;&#9;signupPanel.add(guestLabel);&#13;&#10;&#9;&#9;signupPanel.add(guestButton);&#13;&#10;&#9;&#9;signupPanel.add(signupInfoLabel);&#13;&#10;&#9;&#9;this.add(signupPanel);&#13;&#10;&#9;&#9;&#13;&#10;&#9;&#9;signupPanel.setBackground(new Color(0x172d4d));&#13;&#10;&#9;&#9;Border signupPanelBorder = BorderFactory.createLineBorder(Color.CYAN, 2); // border cyan 2 pxl&#13;&#10;&#9;&#9;signupPanel.setBorder(signupPanelBorder);&#13;&#10;&#9;&#9;//signupPanel.setOpaque(false);&#13;&#10;&#9;}&#13;&#10;&#9;&#13;&#10;&#9;private void setIcon() {&#13;&#10;&#9;&#9;ImageIcon image = new ImageIcon(&quot;RetroGamingLogo.jpeg&quot;);&#13;&#10;&#9;&#9;this.setIconImage(image.getImage()); //change icon&#13;&#10;&#9;}&#13;&#10;&#9;&#13;&#10;&#9;private void setBackground() {&#13;&#10;&#9;&#9;try {&#13;&#10;&#9;&#9;&#9;Image background_image = ImageIO.read(new File(&quot;LoginBackground.jpg&quot;));&#13;&#10;&#9;&#9;&#9;this.setContentPane(new JPanel() {&#13;&#10;&#9;&#9;         @Override&#13;&#10;&#9;&#9;         public void paintComponent(Graphics g) {&#13;&#10;&#9;&#9;            super.paintComponent(g);&#13;&#10;&#9;&#9;            g.drawImage(background_image, 0, 0, null);&#13;&#10;&#9;&#9;         }&#13;&#10;&#9;&#9;      });&#13;&#10;&#9;&#9;} catch (IOException e) {&#13;&#10;&#9;&#9;&#9;this.getContentPane().setBackground(new Color(0x123456)); //change color of background&#13;&#10;&#9;&#9;&#9;e.printStackTrace();&#13;&#10;&#9;&#9;}&#13;&#10;&#9;&#9;&#13;&#10;&#9;}&#13;&#10;&#9;&#13;&#10;&#9;&#13;&#10;&#13;&#10;&#9;@Override&#13;&#10;&#9;public void actionPerformed(ActionEvent e) {&#13;&#10;&#9;&#9;&#13;&#10;&#9;&#9;if(e.getSource()==resetButton) {&#13;&#10;&#9;&#9;&#9;userIDField.setText(&quot;&quot;);&#13;&#10;&#9;&#9;&#9;userPasswordField.setText(&quot;&quot;);&#13;&#10;&#9;&#9;&#9;messageLabel.setText(&quot;&quot;);&#13;&#10;&#9;&#9;}&#13;&#10;&#9;&#9;&#13;&#10;&#9;&#9;if(e.getSource()==loginButton) {&#13;&#10;&#9;&#9;&#9;&#13;&#10;&#9;&#9;&#9;actions.loginButtonAction();&#13;&#10;&#9;&#9;&#9;&#13;&#10;&#9;&#9;}&#13;&#10;&#9;&#9;&#13;&#10;&#9;&#9;if(e.getSource()==signupButton) {&#13;&#10;&#9;&#9;&#9;SignupFrame signupFrame = new SignupFrame(credentialsMap);&#13;&#10;&#9;&#9;}&#13;&#10;&#9;&#9;&#13;&#10;&#9;&#9;if(e.getSource()==guestButton) {&#13;&#10;&#9;&#9;&#9;user = credentialsMap.get(&quot;guest&quot;);&#13;&#10;&#9;&#9;&#9;user.getScores().resetScores();&#13;&#10;&#9;&#9;&#9;this.dispose(); // close this frame&#13;&#10;&#9;&#9;&#9;GamesFrame gamesFrame = new GamesFrame(user, setupFacade.getGamesList());&#13;&#10;&#9;&#9;}&#13;&#10;&#9;}&#9;&#13;&#10;&#9;&#13;&#10;}&#13;&#10;" Filename="LoginFrame.java" Intrnl_Id="1"/>
    </SrcFileList>
    <CritList>
        <CritListEntry Name="org.codecover.model.utils.criteria.LoopCoverage" PluginName="org.codecover"/>
        <CritListEntry Name="org.codecover.model.utils.criteria.QMOCoverage" PluginName="org.codecover"/>
        <CritListEntry Name="org.codecover.model.utils.criteria.ConditionCoverage" PluginName="org.codecover"/>
        <CritListEntry Name="org.codecover.model.utils.criteria.BranchCoverage" PluginName="org.codecover"/>
        <CritListEntry Name="org.codecover.model.utils.criteria.SynchronizedStatementCoverage" PluginName="org.codecover"/>
        <CritListEntry Name="org.codecover.model.utils.criteria.StatementCoverage" PluginName="org.codecover"/>
    </CritList>
    <BoolOpList/>
    <HierarchyLvlTypeList>
        <HierarchyLvlType EnglishName="package" IntrnlName="package" Intrnl_Id="2"/>
        <HierarchyLvlType EnglishName="anonymous class" IntrnlName="class" Intrnl_Id="3"/>
        <HierarchyLvlType EnglishName="method" IntrnlName="method" Intrnl_Id="4"/>
        <HierarchyLvlType EnglishName="class" IntrnlName="class" Intrnl_Id="5"/>
        <HierarchyLvlType EnglishName="default package" IntrnlName="default package" Intrnl_Id="6"/>
    </HierarchyLvlTypeList>
    <MASTRoot>
        <HierarchyLvl HierarchyLvlId="77" HierarchyLvlTypeId="6" Intrnl_Id="7" Name="default package">
            <Header/>
            <LocList/>
            <HierarchyLvl HierarchyLvlId="76" HierarchyLvlTypeId="2" Intrnl_Id="8" Name="login">
                <Header/>
                <LocList/>
                <HierarchyLvl HierarchyLvlId="75" HierarchyLvlTypeId="5" Intrnl_Id="9" Name="LoginFrame">
                    <Header>
                        <Loc EndOffset="678" SrcFileId="1" StartOffset="614"/>
                    </Header>
                    <LocList>
                        <Loc EndOffset="7534" SrcFileId="1" StartOffset="614"/>
                    </LocList>
                    <StmntSeq Intrnl_Id="10">
                        <LocList>
                            <Loc EndOffset="733" SrcFileId="1" StartOffset="698"/>
                            <Loc EndOffset="808" SrcFileId="1" StartOffset="736"/>
                            <Loc EndOffset="889" SrcFileId="1" StartOffset="822"/>
                            <Loc EndOffset="925" SrcFileId="1" StartOffset="892"/>
                            <Loc EndOffset="979" SrcFileId="1" StartOffset="928"/>
                            <Loc EndOffset="1025" SrcFileId="1" StartOffset="982"/>
                            <Loc EndOffset="1070" SrcFileId="1" StartOffset="1028"/>
                            <Loc EndOffset="1129" SrcFileId="1" StartOffset="1073"/>
                            <Loc EndOffset="1177" SrcFileId="1" StartOffset="1132"/>
                            <Loc EndOffset="1231" SrcFileId="1" StartOffset="1180"/>
                            <Loc EndOffset="1269" SrcFileId="1" StartOffset="1234"/>
                            <Loc EndOffset="1401" SrcFileId="1" StartOffset="1367"/>
                            <Loc EndOffset="1462" SrcFileId="1" StartOffset="1404"/>
                            <Loc EndOffset="1511" SrcFileId="1" StartOffset="1465"/>
                            <Loc EndOffset="1572" SrcFileId="1" StartOffset="1514"/>
                            <Loc EndOffset="1618" SrcFileId="1" StartOffset="1575"/>
                            <Loc EndOffset="1659" SrcFileId="1" StartOffset="1621"/>
                        </LocList>
                        <BasicStmnt CovItemId="S1" CovItemPrefix="login.LoginFrame.java" Intrnl_Id="11">
                            <LocList>
                                <Loc EndOffset="733" SrcFileId="1" StartOffset="698"/>
                            </LocList>
                        </BasicStmnt>
                        <BasicStmnt CovItemId="S2" CovItemPrefix="login.LoginFrame.java" Intrnl_Id="12">
                            <LocList>
                                <Loc EndOffset="808" SrcFileId="1" StartOffset="736"/>
                            </LocList>
                        </BasicStmnt>
                        <BasicStmnt CovItemId="S3" CovItemPrefix="login.LoginFrame.java" Intrnl_Id="13">
                            <LocList>
                                <Loc EndOffset="889" SrcFileId="1" StartOffset="822"/>
                            </LocList>
                        </BasicStmnt>
                        <BasicStmnt CovItemId="S4" CovItemPrefix="login.LoginFrame.java" Intrnl_Id="14">
                            <LocList>
                                <Loc EndOffset="925" SrcFileId="1" StartOffset="892"/>
                            </LocList>
                        </BasicStmnt>
                        <BasicStmnt CovItemId="S5" CovItemPrefix="login.LoginFrame.java" Intrnl_Id="15">
                            <LocList>
                                <Loc EndOffset="979" SrcFileId="1" StartOffset="928"/>
                            </LocList>
                        </BasicStmnt>
                        <BasicStmnt CovItemId="S6" CovItemPrefix="login.LoginFrame.java" Intrnl_Id="16">
                            <LocList>
                                <Loc EndOffset="1025" SrcFileId="1" StartOffset="982"/>
                            </LocList>
                        </BasicStmnt>
                        <BasicStmnt CovItemId="S7" CovItemPrefix="login.LoginFrame.java" Intrnl_Id="17">
                            <LocList>
                                <Loc EndOffset="1070" SrcFileId="1" StartOffset="1028"/>
                            </LocList>
                        </BasicStmnt>
                        <BasicStmnt CovItemId="S8" CovItemPrefix="login.LoginFrame.java" Intrnl_Id="18">
                            <LocList>
                                <Loc EndOffset="1129" SrcFileId="1" StartOffset="1073"/>
                            </LocList>
                        </BasicStmnt>
                        <BasicStmnt CovItemId="S9" CovItemPrefix="login.LoginFrame.java" Intrnl_Id="19">
                            <LocList>
                                <Loc EndOffset="1177" SrcFileId="1" StartOffset="1132"/>
                            </LocList>
                        </BasicStmnt>
                        <BasicStmnt CovItemId="S10" CovItemPrefix="login.LoginFrame.java" Intrnl_Id="20">
                            <LocList>
                                <Loc EndOffset="1231" SrcFileId="1" StartOffset="1180"/>
                            </LocList>
                        </BasicStmnt>
                        <BasicStmnt CovItemId="S11" CovItemPrefix="login.LoginFrame.java" Intrnl_Id="21">
                            <LocList>
                                <Loc EndOffset="1269" SrcFileId="1" StartOffset="1234"/>
                            </LocList>
                        </BasicStmnt>
                        <BasicStmnt CovItemId="S12" CovItemPrefix="login.LoginFrame.java" Intrnl_Id="22">
                            <LocList>
                                <Loc EndOffset="1401" SrcFileId="1" StartOffset="1367"/>
                            </LocList>
                        </BasicStmnt>
                        <BasicStmnt CovItemId="S13" CovItemPrefix="login.LoginFrame.java" Intrnl_Id="23">
                            <LocList>
                                <Loc EndOffset="1462" SrcFileId="1" StartOffset="1404"/>
                            </LocList>
                        </BasicStmnt>
                        <BasicStmnt CovItemId="S14" CovItemPrefix="login.LoginFrame.java" Intrnl_Id="24">
                            <LocList>
                                <Loc EndOffset="1511" SrcFileId="1" StartOffset="1465"/>
                            </LocList>
                        </BasicStmnt>
                        <BasicStmnt CovItemId="S15" CovItemPrefix="login.LoginFrame.java" Intrnl_Id="25">
                            <LocList>
                                <Loc EndOffset="1572" SrcFileId="1" StartOffset="1514"/>
                            </LocList>
                        </BasicStmnt>
                        <BasicStmnt CovItemId="S16" CovItemPrefix="login.LoginFrame.java" Intrnl_Id="26">
                            <LocList>
                                <Loc EndOffset="1618" SrcFileId="1" StartOffset="1575"/>
                            </LocList>
                        </BasicStmnt>
                        <BasicStmnt CovItemId="S17" CovItemPrefix="login.LoginFrame.java" Intrnl_Id="27">
                            <LocList>
                                <Loc EndOffset="1659" SrcFileId="1" StartOffset="1621"/>
                            </LocList>
                        </BasicStmnt>
                    </StmntSeq>
                    <HierarchyLvl HierarchyLvlId="66" HierarchyLvlTypeId="4" Intrnl_Id="28" Name="LoginFrame">
                        <Header>
                            <Loc EndOffset="1739" SrcFileId="1" StartOffset="1697"/>
                        </Header>
                        <LocList>
                            <Loc EndOffset="2497" SrcFileId="1" StartOffset="1697"/>
                        </LocList>
                        <StmntSeq Intrnl_Id="29">
                            <LocList>
                                <Loc EndOffset="1783" SrcFileId="1" StartOffset="1745"/>
                                <Loc EndOffset="1839" SrcFileId="1" StartOffset="1787"/>
                                <Loc EndOffset="1892" SrcFileId="1" StartOffset="1867"/>
                                <Loc EndOffset="1947" SrcFileId="1" StartOffset="1925"/>
                                <Loc EndOffset="2024" SrcFileId="1" StartOffset="1991"/>
                                <Loc EndOffset="2104" SrcFileId="1" StartOffset="2089"/>
                                <Loc EndOffset="2156" SrcFileId="1" StartOffset="2135"/>
                                <Loc EndOffset="2202" SrcFileId="1" StartOffset="2184"/>
                                <Loc EndOffset="2255" SrcFileId="1" StartOffset="2228"/>
                                <Loc EndOffset="2299" SrcFileId="1" StartOffset="2282"/>
                                <Loc EndOffset="2348" SrcFileId="1" StartOffset="2320"/>
                                <Loc EndOffset="2432" SrcFileId="1" StartOffset="2411"/>
                                <Loc EndOffset="2475" SrcFileId="1" StartOffset="2453"/>
                            </LocList>
                            <BasicStmnt CovItemId="S18" CovItemPrefix="login.LoginFrame.java" Intrnl_Id="30">
                                <LocList>
                                    <Loc EndOffset="1783" SrcFileId="1" StartOffset="1745"/>
                                </LocList>
                            </BasicStmnt>
                            <BasicStmnt CovItemId="S19" CovItemPrefix="login.LoginFrame.java" Intrnl_Id="31">
                                <LocList>
                                    <Loc EndOffset="1839" SrcFileId="1" StartOffset="1787"/>
                                </LocList>
                            </BasicStmnt>
                            <BasicStmnt CovItemId="S20" CovItemPrefix="login.LoginFrame.java" Intrnl_Id="32">
                                <LocList>
                                    <Loc EndOffset="1892" SrcFileId="1" StartOffset="1867"/>
                                </LocList>
                            </BasicStmnt>
                            <BasicStmnt CovItemId="S21" CovItemPrefix="login.LoginFrame.java" Intrnl_Id="33">
                                <LocList>
                                    <Loc EndOffset="1947" SrcFileId="1" StartOffset="1925"/>
                                </LocList>
                            </BasicStmnt>
                            <BasicStmnt CovItemId="S22" CovItemPrefix="login.LoginFrame.java" Intrnl_Id="34">
                                <LocList>
                                    <Loc EndOffset="2024" SrcFileId="1" StartOffset="1991"/>
                                </LocList>
                            </BasicStmnt>
                            <BasicStmnt CovItemId="S23" CovItemPrefix="login.LoginFrame.java" Intrnl_Id="35">
                                <LocList>
                                    <Loc EndOffset="2104" SrcFileId="1" StartOffset="2089"/>
                                </LocList>
                            </BasicStmnt>
                            <BasicStmnt CovItemId="S24" CovItemPrefix="login.LoginFrame.java" Intrnl_Id="36">
                                <LocList>
                                    <Loc EndOffset="2156" SrcFileId="1" StartOffset="2135"/>
                                </LocList>
                            </BasicStmnt>
                            <BasicStmnt CovItemId="S25" CovItemPrefix="login.LoginFrame.java" Intrnl_Id="37">
                                <LocList>
                                    <Loc EndOffset="2202" SrcFileId="1" StartOffset="2184"/>
                                </LocList>
                            </BasicStmnt>
                            <BasicStmnt CovItemId="S26" CovItemPrefix="login.LoginFrame.java" Intrnl_Id="38">
                                <LocList>
                                    <Loc EndOffset="2255" SrcFileId="1" StartOffset="2228"/>
                                </LocList>
                            </BasicStmnt>
                            <BasicStmnt CovItemId="S27" CovItemPrefix="login.LoginFrame.java" Intrnl_Id="39">
                                <LocList>
                                    <Loc EndOffset="2299" SrcFileId="1" StartOffset="2282"/>
                                </LocList>
                            </BasicStmnt>
                            <BasicStmnt CovItemId="S28" CovItemPrefix="login.LoginFrame.java" Intrnl_Id="40">
                                <LocList>
                                    <Loc EndOffset="2348" SrcFileId="1" StartOffset="2320"/>
                                </LocList>
                            </BasicStmnt>
                            <BasicStmnt CovItemId="S29" CovItemPrefix="login.LoginFrame.java" Intrnl_Id="41">
                                <LocList>
                                    <Loc EndOffset="2432" SrcFileId="1" StartOffset="2411"/>
                                </LocList>
                            </BasicStmnt>
                            <BasicStmnt CovItemId="S30" CovItemPrefix="login.LoginFrame.java" Intrnl_Id="42">
                                <LocList>
                                    <Loc EndOffset="2475" SrcFileId="1" StartOffset="2453"/>
                                </LocList>
                            </BasicStmnt>
                        </StmntSeq>
                    </HierarchyLvl>
                    <HierarchyLvl HierarchyLvlId="67" HierarchyLvlTypeId="4" Intrnl_Id="43" Name="setWelcome">
                        <Header>
                            <Loc EndOffset="2528" SrcFileId="1" StartOffset="2503"/>
                        </Header>
                        <LocList>
                            <Loc EndOffset="2840" SrcFileId="1" StartOffset="2503"/>
                        </LocList>
                        <StmntSeq Intrnl_Id="44">
                            <LocList>
                                <Loc EndOffset="2581" SrcFileId="1" StartOffset="2534"/>
                                <Loc EndOffset="2661" SrcFileId="1" StartOffset="2610"/>
                                <Loc EndOffset="2704" SrcFileId="1" StartOffset="2673"/>
                                <Loc EndOffset="2748" SrcFileId="1" StartOffset="2708"/>
                                <Loc EndOffset="2782" SrcFileId="1" StartOffset="2752"/>
                                <Loc EndOffset="2836" SrcFileId="1" StartOffset="2813"/>
                            </LocList>
                            <BasicStmnt CovItemId="S31" CovItemPrefix="login.LoginFrame.java" Intrnl_Id="45">
                                <LocList>
                                    <Loc EndOffset="2581" SrcFileId="1" StartOffset="2534"/>
                                </LocList>
                            </BasicStmnt>
                            <BasicStmnt CovItemId="S32" CovItemPrefix="login.LoginFrame.java" Intrnl_Id="46">
                                <LocList>
                                    <Loc EndOffset="2661" SrcFileId="1" StartOffset="2610"/>
                                </LocList>
                            </BasicStmnt>
                            <BasicStmnt CovItemId="S33" CovItemPrefix="login.LoginFrame.java" Intrnl_Id="47">
                                <LocList>
                                    <Loc EndOffset="2704" SrcFileId="1" StartOffset="2673"/>
                                </LocList>
                            </BasicStmnt>
                            <BasicStmnt CovItemId="S34" CovItemPrefix="login.LoginFrame.java" Intrnl_Id="48">
                                <LocList>
                                    <Loc EndOffset="2748" SrcFileId="1" StartOffset="2708"/>
                                </LocList>
                            </BasicStmnt>
                            <BasicStmnt CovItemId="S35" CovItemPrefix="login.LoginFrame.java" Intrnl_Id="49">
                                <LocList>
                                    <Loc EndOffset="2782" SrcFileId="1" StartOffset="2752"/>
                                </LocList>
                            </BasicStmnt>
                            <BasicStmnt CovItemId="S36" CovItemPrefix="login.LoginFrame.java" Intrnl_Id="50">
                                <LocList>
                                    <Loc EndOffset="2836" SrcFileId="1" StartOffset="2813"/>
                                </LocList>
                            </BasicStmnt>
                        </StmntSeq>
                    </HierarchyLvl>
                    <HierarchyLvl HierarchyLvlId="68" HierarchyLvlTypeId="4" Intrnl_Id="51" Name="setLogin">
                        <Header>
                            <Loc EndOffset="2892" SrcFileId="1" StartOffset="2846"/>
                        </Header>
                        <LocList>
                            <Loc EndOffset="4740" SrcFileId="1" StartOffset="2846"/>
                        </LocList>
                        <StmntSeq Intrnl_Id="52">
                            <LocList>
                                <Loc EndOffset="2933" SrcFileId="1" StartOffset="2902"/>
                                <Loc EndOffset="2991" SrcFileId="1" StartOffset="2937"/>
                                <Loc EndOffset="3064" SrcFileId="1" StartOffset="3028"/>
                                <Loc EndOffset="3095" SrcFileId="1" StartOffset="3068"/>
                                <Loc EndOffset="3162" SrcFileId="1" StartOffset="3115"/>
                                <Loc EndOffset="3211" SrcFileId="1" StartOffset="3170"/>
                                <Loc EndOffset="3265" SrcFileId="1" StartOffset="3216"/>
                                <Loc EndOffset="3347" SrcFileId="1" StartOffset="3294"/>
                                <Loc EndOffset="3398" SrcFileId="1" StartOffset="3363"/>
                                <Loc EndOffset="3448" SrcFileId="1" StartOffset="3402"/>
                                <Loc EndOffset="3509" SrcFileId="1" StartOffset="3477"/>
                                <Loc EndOffset="3557" SrcFileId="1" StartOffset="3521"/>
                                <Loc EndOffset="3593" SrcFileId="1" StartOffset="3561"/>
                                <Loc EndOffset="3650" SrcFileId="1" StartOffset="3609"/>
                                <Loc EndOffset="3706" SrcFileId="1" StartOffset="3654"/>
                                <Loc EndOffset="3773" SrcFileId="1" StartOffset="3735"/>
                                <Loc EndOffset="3827" SrcFileId="1" StartOffset="3785"/>
                                <Loc EndOffset="3869" SrcFileId="1" StartOffset="3831"/>
                                <Loc EndOffset="3924" SrcFileId="1" StartOffset="3885"/>
                                <Loc EndOffset="3979" SrcFileId="1" StartOffset="3928"/>
                                <Loc EndOffset="4024" SrcFileId="1" StartOffset="3987"/>
                                <Loc EndOffset="4060" SrcFileId="1" StartOffset="4028"/>
                                <Loc EndOffset="4104" SrcFileId="1" StartOffset="4072"/>
                                <Loc EndOffset="4144" SrcFileId="1" StartOffset="4108"/>
                                <Loc EndOffset="4190" SrcFileId="1" StartOffset="4152"/>
                                <Loc EndOffset="4226" SrcFileId="1" StartOffset="4194"/>
                                <Loc EndOffset="4270" SrcFileId="1" StartOffset="4238"/>
                                <Loc EndOffset="4310" SrcFileId="1" StartOffset="4274"/>
                                <Loc EndOffset="4349" SrcFileId="1" StartOffset="4318"/>
                                <Loc EndOffset="4381" SrcFileId="1" StartOffset="4353"/>
                                <Loc EndOffset="4419" SrcFileId="1" StartOffset="4385"/>
                                <Loc EndOffset="4452" SrcFileId="1" StartOffset="4423"/>
                                <Loc EndOffset="4484" SrcFileId="1" StartOffset="4456"/>
                                <Loc EndOffset="4522" SrcFileId="1" StartOffset="4488"/>
                                <Loc EndOffset="4554" SrcFileId="1" StartOffset="4526"/>
                                <Loc EndOffset="4586" SrcFileId="1" StartOffset="4558"/>
                                <Loc EndOffset="4622" SrcFileId="1" StartOffset="4594"/>
                                <Loc EndOffset="4675" SrcFileId="1" StartOffset="4626"/>
                                <Loc EndOffset="4736" SrcFileId="1" StartOffset="4715"/>
                            </LocList>
                            <BasicStmnt CovItemId="S37" CovItemPrefix="login.LoginFrame.java" Intrnl_Id="53">
                                <LocList>
                                    <Loc EndOffset="2933" SrcFileId="1" StartOffset="2902"/>
                                </LocList>
                            </BasicStmnt>
                            <BasicStmnt CovItemId="S38" CovItemPrefix="login.LoginFrame.java" Intrnl_Id="54">
                                <LocList>
                                    <Loc EndOffset="2991" SrcFileId="1" StartOffset="2937"/>
                                </LocList>
                            </BasicStmnt>
                            <BasicStmnt CovItemId="S39" CovItemPrefix="login.LoginFrame.java" Intrnl_Id="55">
                                <LocList>
                                    <Loc EndOffset="3064" SrcFileId="1" StartOffset="3028"/>
                                </LocList>
                            </BasicStmnt>
                            <BasicStmnt CovItemId="S40" CovItemPrefix="login.LoginFrame.java" Intrnl_Id="56">
                                <LocList>
                                    <Loc EndOffset="3095" SrcFileId="1" StartOffset="3068"/>
                                </LocList>
                            </BasicStmnt>
                            <BasicStmnt CovItemId="S41" CovItemPrefix="login.LoginFrame.java" Intrnl_Id="57">
                                <LocList>
                                    <Loc EndOffset="3162" SrcFileId="1" StartOffset="3115"/>
                                </LocList>
                            </BasicStmnt>
                            <BasicStmnt CovItemId="S42" CovItemPrefix="login.LoginFrame.java" Intrnl_Id="58">
                                <LocList>
                                    <Loc EndOffset="3211" SrcFileId="1" StartOffset="3170"/>
                                </LocList>
                            </BasicStmnt>
                            <BasicStmnt CovItemId="S43" CovItemPrefix="login.LoginFrame.java" Intrnl_Id="59">
                                <LocList>
                                    <Loc EndOffset="3265" SrcFileId="1" StartOffset="3216"/>
                                </LocList>
                            </BasicStmnt>
                            <BasicStmnt CovItemId="S44" CovItemPrefix="login.LoginFrame.java" Intrnl_Id="60">
                                <LocList>
                                    <Loc EndOffset="3347" SrcFileId="1" StartOffset="3294"/>
                                </LocList>
                            </BasicStmnt>
                            <BasicStmnt CovItemId="S45" CovItemPrefix="login.LoginFrame.java" Intrnl_Id="61">
                                <LocList>
                                    <Loc EndOffset="3398" SrcFileId="1" StartOffset="3363"/>
                                </LocList>
                            </BasicStmnt>
                            <BasicStmnt CovItemId="S46" CovItemPrefix="login.LoginFrame.java" Intrnl_Id="62">
                                <LocList>
                                    <Loc EndOffset="3448" SrcFileId="1" StartOffset="3402"/>
                                </LocList>
                            </BasicStmnt>
                            <BasicStmnt CovItemId="S47" CovItemPrefix="login.LoginFrame.java" Intrnl_Id="63">
                                <LocList>
                                    <Loc EndOffset="3509" SrcFileId="1" StartOffset="3477"/>
                                </LocList>
                            </BasicStmnt>
                            <BasicStmnt CovItemId="S48" CovItemPrefix="login.LoginFrame.java" Intrnl_Id="64">
                                <LocList>
                                    <Loc EndOffset="3557" SrcFileId="1" StartOffset="3521"/>
                                </LocList>
                            </BasicStmnt>
                            <BasicStmnt CovItemId="S49" CovItemPrefix="login.LoginFrame.java" Intrnl_Id="65">
                                <LocList>
                                    <Loc EndOffset="3593" SrcFileId="1" StartOffset="3561"/>
                                </LocList>
                            </BasicStmnt>
                            <BasicStmnt CovItemId="S50" CovItemPrefix="login.LoginFrame.java" Intrnl_Id="66">
                                <LocList>
                                    <Loc EndOffset="3650" SrcFileId="1" StartOffset="3609"/>
                                </LocList>
                            </BasicStmnt>
                            <BasicStmnt CovItemId="S51" CovItemPrefix="login.LoginFrame.java" Intrnl_Id="67">
                                <LocList>
                                    <Loc EndOffset="3706" SrcFileId="1" StartOffset="3654"/>
                                </LocList>
                            </BasicStmnt>
                            <BasicStmnt CovItemId="S52" CovItemPrefix="login.LoginFrame.java" Intrnl_Id="68">
                                <LocList>
                                    <Loc EndOffset="3773" SrcFileId="1" StartOffset="3735"/>
                                </LocList>
                            </BasicStmnt>
                            <BasicStmnt CovItemId="S53" CovItemPrefix="login.LoginFrame.java" Intrnl_Id="69">
                                <LocList>
                                    <Loc EndOffset="3827" SrcFileId="1" StartOffset="3785"/>
                                </LocList>
                            </BasicStmnt>
                            <BasicStmnt CovItemId="S54" CovItemPrefix="login.LoginFrame.java" Intrnl_Id="70">
                                <LocList>
                                    <Loc EndOffset="3869" SrcFileId="1" StartOffset="3831"/>
                                </LocList>
                            </BasicStmnt>
                            <BasicStmnt CovItemId="S55" CovItemPrefix="login.LoginFrame.java" Intrnl_Id="71">
                                <LocList>
                                    <Loc EndOffset="3924" SrcFileId="1" StartOffset="3885"/>
                                </LocList>
                            </BasicStmnt>
                            <BasicStmnt CovItemId="S56" CovItemPrefix="login.LoginFrame.java" Intrnl_Id="72">
                                <LocList>
                                    <Loc EndOffset="3979" SrcFileId="1" StartOffset="3928"/>
                                </LocList>
                            </BasicStmnt>
                            <BasicStmnt CovItemId="S57" CovItemPrefix="login.LoginFrame.java" Intrnl_Id="73">
                                <LocList>
                                    <Loc EndOffset="4024" SrcFileId="1" StartOffset="3987"/>
                                </LocList>
                            </BasicStmnt>
                            <BasicStmnt CovItemId="S58" CovItemPrefix="login.LoginFrame.java" Intrnl_Id="74">
                                <LocList>
                                    <Loc EndOffset="4060" SrcFileId="1" StartOffset="4028"/>
                                </LocList>
                            </BasicStmnt>
                            <BasicStmnt CovItemId="S59" CovItemPrefix="login.LoginFrame.java" Intrnl_Id="75">
                                <LocList>
                                    <Loc EndOffset="4104" SrcFileId="1" StartOffset="4072"/>
                                </LocList>
                            </BasicStmnt>
                            <BasicStmnt CovItemId="S60" CovItemPrefix="login.LoginFrame.java" Intrnl_Id="76">
                                <LocList>
                                    <Loc EndOffset="4144" SrcFileId="1" StartOffset="4108"/>
                                </LocList>
                            </BasicStmnt>
                            <BasicStmnt CovItemId="S61" CovItemPrefix="login.LoginFrame.java" Intrnl_Id="77">
                                <LocList>
                                    <Loc EndOffset="4190" SrcFileId="1" StartOffset="4152"/>
                                </LocList>
                            </BasicStmnt>
                            <BasicStmnt CovItemId="S62" CovItemPrefix="login.LoginFrame.java" Intrnl_Id="78">
                                <LocList>
                                    <Loc EndOffset="4226" SrcFileId="1" StartOffset="4194"/>
                                </LocList>
                            </BasicStmnt>
                            <BasicStmnt CovItemId="S63" CovItemPrefix="login.LoginFrame.java" Intrnl_Id="79">
                                <LocList>
                                    <Loc EndOffset="4270" SrcFileId="1" StartOffset="4238"/>
                                </LocList>
                            </BasicStmnt>
                            <BasicStmnt CovItemId="S64" CovItemPrefix="login.LoginFrame.java" Intrnl_Id="80">
                                <LocList>
                                    <Loc EndOffset="4310" SrcFileId="1" StartOffset="4274"/>
                                </LocList>
                            </BasicStmnt>
                            <BasicStmnt CovItemId="S65" CovItemPrefix="login.LoginFrame.java" Intrnl_Id="81">
                                <LocList>
                                    <Loc EndOffset="4349" SrcFileId="1" StartOffset="4318"/>
                                </LocList>
                            </BasicStmnt>
                            <BasicStmnt CovItemId="S66" CovItemPrefix="login.LoginFrame.java" Intrnl_Id="82">
                                <LocList>
                                    <Loc EndOffset="4381" SrcFileId="1" StartOffset="4353"/>
                                </LocList>
                            </BasicStmnt>
                            <BasicStmnt CovItemId="S67" CovItemPrefix="login.LoginFrame.java" Intrnl_Id="83">
                                <LocList>
                                    <Loc EndOffset="4419" SrcFileId="1" StartOffset="4385"/>
                                </LocList>
                            </BasicStmnt>
                            <BasicStmnt CovItemId="S68" CovItemPrefix="login.LoginFrame.java" Intrnl_Id="84">
                                <LocList>
                                    <Loc EndOffset="4452" SrcFileId="1" StartOffset="4423"/>
                                </LocList>
                            </BasicStmnt>
                            <BasicStmnt CovItemId="S69" CovItemPrefix="login.LoginFrame.java" Intrnl_Id="85">
                                <LocList>
                                    <Loc EndOffset="4484" SrcFileId="1" StartOffset="4456"/>
                                </LocList>
                            </BasicStmnt>
                            <BasicStmnt CovItemId="S70" CovItemPrefix="login.LoginFrame.java" Intrnl_Id="86">
                                <LocList>
                                    <Loc EndOffset="4522" SrcFileId="1" StartOffset="4488"/>
                                </LocList>
                            </BasicStmnt>
                            <BasicStmnt CovItemId="S71" CovItemPrefix="login.LoginFrame.java" Intrnl_Id="87">
                                <LocList>
                                    <Loc EndOffset="4554" SrcFileId="1" StartOffset="4526"/>
                                </LocList>
                            </BasicStmnt>
                            <BasicStmnt CovItemId="S72" CovItemPrefix="login.LoginFrame.java" Intrnl_Id="88">
                                <LocList>
                                    <Loc EndOffset="4586" SrcFileId="1" StartOffset="4558"/>
                                </LocList>
                            </BasicStmnt>
                            <BasicStmnt CovItemId="S73" CovItemPrefix="login.LoginFrame.java" Intrnl_Id="89">
                                <LocList>
                                    <Loc EndOffset="4622" SrcFileId="1" StartOffset="4594"/>
                                </LocList>
                            </BasicStmnt>
                            <BasicStmnt CovItemId="S74" CovItemPrefix="login.LoginFrame.java" Intrnl_Id="90">
                                <LocList>
                                    <Loc EndOffset="4675" SrcFileId="1" StartOffset="4626"/>
                                </LocList>
                            </BasicStmnt>
                            <BasicStmnt CovItemId="S75" CovItemPrefix="login.LoginFrame.java" Intrnl_Id="91">
                                <LocList>
                                    <Loc EndOffset="4736" SrcFileId="1" StartOffset="4715"/>
                                </LocList>
                            </BasicStmnt>
                        </StmntSeq>
                    </HierarchyLvl>
                    <HierarchyLvl HierarchyLvlId="69" HierarchyLvlTypeId="4" Intrnl_Id="92" Name="setSignup">
                        <Header>
                            <Loc EndOffset="4770" SrcFileId="1" StartOffset="4746"/>
                        </Header>
                        <LocList>
                            <Loc EndOffset="6215" SrcFileId="1" StartOffset="4746"/>
                        </LocList>
                        <StmntSeq Intrnl_Id="93">
                            <LocList>
                                <Loc EndOffset="4827" SrcFileId="1" StartOffset="4780"/>
                                <Loc EndOffset="4877" SrcFileId="1" StartOffset="4835"/>
                                <Loc EndOffset="4909" SrcFileId="1" StartOffset="4881"/>
                                <Loc EndOffset="4956" SrcFileId="1" StartOffset="4917"/>
                                <Loc EndOffset="5006" SrcFileId="1" StartOffset="4960"/>
                                <Loc EndOffset="5067" SrcFileId="1" StartOffset="5035"/>
                                <Loc EndOffset="5119" SrcFileId="1" StartOffset="5079"/>
                                <Loc EndOffset="5156" SrcFileId="1" StartOffset="5123"/>
                                <Loc EndOffset="5205" SrcFileId="1" StartOffset="5168"/>
                                <Loc EndOffset="5251" SrcFileId="1" StartOffset="5213"/>
                                <Loc EndOffset="5300" SrcFileId="1" StartOffset="5255"/>
                                <Loc EndOffset="5360" SrcFileId="1" StartOffset="5329"/>
                                <Loc EndOffset="5411" SrcFileId="1" StartOffset="5372"/>
                                <Loc EndOffset="5447" SrcFileId="1" StartOffset="5415"/>
                                <Loc EndOffset="5495" SrcFileId="1" StartOffset="5459"/>
                                <Loc EndOffset="5546" SrcFileId="1" StartOffset="5503"/>
                                <Loc EndOffset="5651" SrcFileId="1" StartOffset="5550"/>
                                <Loc EndOffset="5691" SrcFileId="1" StartOffset="5655"/>
                                <Loc EndOffset="5754" SrcFileId="1" StartOffset="5703"/>
                                <Loc EndOffset="5816" SrcFileId="1" StartOffset="5787"/>
                                <Loc EndOffset="5850" SrcFileId="1" StartOffset="5820"/>
                                <Loc EndOffset="5882" SrcFileId="1" StartOffset="5854"/>
                                <Loc EndOffset="5915" SrcFileId="1" StartOffset="5886"/>
                                <Loc EndOffset="5952" SrcFileId="1" StartOffset="5919"/>
                                <Loc EndOffset="5978" SrcFileId="1" StartOffset="5956"/>
                                <Loc EndOffset="6033" SrcFileId="1" StartOffset="5986"/>
                                <Loc EndOffset="6110" SrcFileId="1" StartOffset="6037"/>
                                <Loc EndOffset="6176" SrcFileId="1" StartOffset="6135"/>
                            </LocList>
                            <BasicStmnt CovItemId="S76" CovItemPrefix="login.LoginFrame.java" Intrnl_Id="94">
                                <LocList>
                                    <Loc EndOffset="4827" SrcFileId="1" StartOffset="4780"/>
                                </LocList>
                            </BasicStmnt>
                            <BasicStmnt CovItemId="S77" CovItemPrefix="login.LoginFrame.java" Intrnl_Id="95">
                                <LocList>
                                    <Loc EndOffset="4877" SrcFileId="1" StartOffset="4835"/>
                                </LocList>
                            </BasicStmnt>
                            <BasicStmnt CovItemId="S78" CovItemPrefix="login.LoginFrame.java" Intrnl_Id="96">
                                <LocList>
                                    <Loc EndOffset="4909" SrcFileId="1" StartOffset="4881"/>
                                </LocList>
                            </BasicStmnt>
                            <BasicStmnt CovItemId="S79" CovItemPrefix="login.LoginFrame.java" Intrnl_Id="97">
                                <LocList>
                                    <Loc EndOffset="4956" SrcFileId="1" StartOffset="4917"/>
                                </LocList>
                            </BasicStmnt>
                            <BasicStmnt CovItemId="S80" CovItemPrefix="login.LoginFrame.java" Intrnl_Id="98">
                                <LocList>
                                    <Loc EndOffset="5006" SrcFileId="1" StartOffset="4960"/>
                                </LocList>
                            </BasicStmnt>
                            <BasicStmnt CovItemId="S81" CovItemPrefix="login.LoginFrame.java" Intrnl_Id="99">
                                <LocList>
                                    <Loc EndOffset="5067" SrcFileId="1" StartOffset="5035"/>
                                </LocList>
                            </BasicStmnt>
                            <BasicStmnt CovItemId="S82" CovItemPrefix="login.LoginFrame.java" Intrnl_Id="100">
                                <LocList>
                                    <Loc EndOffset="5119" SrcFileId="1" StartOffset="5079"/>
                                </LocList>
                            </BasicStmnt>
                            <BasicStmnt CovItemId="S83" CovItemPrefix="login.LoginFrame.java" Intrnl_Id="101">
                                <LocList>
                                    <Loc EndOffset="5156" SrcFileId="1" StartOffset="5123"/>
                                </LocList>
                            </BasicStmnt>
                            <BasicStmnt CovItemId="S84" CovItemPrefix="login.LoginFrame.java" Intrnl_Id="102">
                                <LocList>
                                    <Loc EndOffset="5205" SrcFileId="1" StartOffset="5168"/>
                                </LocList>
                            </BasicStmnt>
                            <BasicStmnt CovItemId="S85" CovItemPrefix="login.LoginFrame.java" Intrnl_Id="103">
                                <LocList>
                                    <Loc EndOffset="5251" SrcFileId="1" StartOffset="5213"/>
                                </LocList>
                            </BasicStmnt>
                            <BasicStmnt CovItemId="S86" CovItemPrefix="login.LoginFrame.java" Intrnl_Id="104">
                                <LocList>
                                    <Loc EndOffset="5300" SrcFileId="1" StartOffset="5255"/>
                                </LocList>
                            </BasicStmnt>
                            <BasicStmnt CovItemId="S87" CovItemPrefix="login.LoginFrame.java" Intrnl_Id="105">
                                <LocList>
                                    <Loc EndOffset="5360" SrcFileId="1" StartOffset="5329"/>
                                </LocList>
                            </BasicStmnt>
                            <BasicStmnt CovItemId="S88" CovItemPrefix="login.LoginFrame.java" Intrnl_Id="106">
                                <LocList>
                                    <Loc EndOffset="5411" SrcFileId="1" StartOffset="5372"/>
                                </LocList>
                            </BasicStmnt>
                            <BasicStmnt CovItemId="S89" CovItemPrefix="login.LoginFrame.java" Intrnl_Id="107">
                                <LocList>
                                    <Loc EndOffset="5447" SrcFileId="1" StartOffset="5415"/>
                                </LocList>
                            </BasicStmnt>
                            <BasicStmnt CovItemId="S90" CovItemPrefix="login.LoginFrame.java" Intrnl_Id="108">
                                <LocList>
                                    <Loc EndOffset="5495" SrcFileId="1" StartOffset="5459"/>
                                </LocList>
                            </BasicStmnt>
                            <BasicStmnt CovItemId="S91" CovItemPrefix="login.LoginFrame.java" Intrnl_Id="109">
                                <LocList>
                                    <Loc EndOffset="5546" SrcFileId="1" StartOffset="5503"/>
                                </LocList>
                            </BasicStmnt>
                            <BasicStmnt CovItemId="S92" CovItemPrefix="login.LoginFrame.java" Intrnl_Id="110">
                                <LocList>
                                    <Loc EndOffset="5651" SrcFileId="1" StartOffset="5550"/>
                                </LocList>
                            </BasicStmnt>
                            <BasicStmnt CovItemId="S93" CovItemPrefix="login.LoginFrame.java" Intrnl_Id="111">
                                <LocList>
                                    <Loc EndOffset="5691" SrcFileId="1" StartOffset="5655"/>
                                </LocList>
                            </BasicStmnt>
                            <BasicStmnt CovItemId="S94" CovItemPrefix="login.LoginFrame.java" Intrnl_Id="112">
                                <LocList>
                                    <Loc EndOffset="5754" SrcFileId="1" StartOffset="5703"/>
                                </LocList>
                            </BasicStmnt>
                            <BasicStmnt CovItemId="S95" CovItemPrefix="login.LoginFrame.java" Intrnl_Id="113">
                                <LocList>
                                    <Loc EndOffset="5816" SrcFileId="1" StartOffset="5787"/>
                                </LocList>
                            </BasicStmnt>
                            <BasicStmnt CovItemId="S96" CovItemPrefix="login.LoginFrame.java" Intrnl_Id="114">
                                <LocList>
                                    <Loc EndOffset="5850" SrcFileId="1" StartOffset="5820"/>
                                </LocList>
                            </BasicStmnt>
                            <BasicStmnt CovItemId="S97" CovItemPrefix="login.LoginFrame.java" Intrnl_Id="115">
                                <LocList>
                                    <Loc EndOffset="5882" SrcFileId="1" StartOffset="5854"/>
                                </LocList>
                            </BasicStmnt>
                            <BasicStmnt CovItemId="S98" CovItemPrefix="login.LoginFrame.java" Intrnl_Id="116">
                                <LocList>
                                    <Loc EndOffset="5915" SrcFileId="1" StartOffset="5886"/>
                                </LocList>
                            </BasicStmnt>
                            <BasicStmnt CovItemId="S99" CovItemPrefix="login.LoginFrame.java" Intrnl_Id="117">
                                <LocList>
                                    <Loc EndOffset="5952" SrcFileId="1" StartOffset="5919"/>
                                </LocList>
                            </BasicStmnt>
                            <BasicStmnt CovItemId="S100" CovItemPrefix="login.LoginFrame.java" Intrnl_Id="118">
                                <LocList>
                                    <Loc EndOffset="5978" SrcFileId="1" StartOffset="5956"/>
                                </LocList>
                            </BasicStmnt>
                            <BasicStmnt CovItemId="S101" CovItemPrefix="login.LoginFrame.java" Intrnl_Id="119">
                                <LocList>
                                    <Loc EndOffset="6033" SrcFileId="1" StartOffset="5986"/>
                                </LocList>
                            </BasicStmnt>
                            <BasicStmnt CovItemId="S102" CovItemPrefix="login.LoginFrame.java" Intrnl_Id="120">
                                <LocList>
                                    <Loc EndOffset="6110" SrcFileId="1" StartOffset="6037"/>
                                </LocList>
                            </BasicStmnt>
                            <BasicStmnt CovItemId="S103" CovItemPrefix="login.LoginFrame.java" Intrnl_Id="121">
                                <LocList>
                                    <Loc EndOffset="6176" SrcFileId="1" StartOffset="6135"/>
                                </LocList>
                            </BasicStmnt>
                        </StmntSeq>
                    </HierarchyLvl>
                    <HierarchyLvl HierarchyLvlId="70" HierarchyLvlTypeId="4" Intrnl_Id="122" Name="setIcon">
                        <Header>
                            <Loc EndOffset="6243" SrcFileId="1" StartOffset="6221"/>
                        </Header>
                        <LocList>
                            <Loc EndOffset="6363" SrcFileId="1" StartOffset="6221"/>
                        </LocList>
                        <StmntSeq Intrnl_Id="123">
                            <LocList>
                                <Loc EndOffset="6305" SrcFileId="1" StartOffset="6249"/>
                                <Loc EndOffset="6345" SrcFileId="1" StartOffset="6309"/>
                            </LocList>
                            <BasicStmnt CovItemId="S104" CovItemPrefix="login.LoginFrame.java" Intrnl_Id="124">
                                <LocList>
                                    <Loc EndOffset="6305" SrcFileId="1" StartOffset="6249"/>
                                </LocList>
                            </BasicStmnt>
                            <BasicStmnt CovItemId="S105" CovItemPrefix="login.LoginFrame.java" Intrnl_Id="125">
                                <LocList>
                                    <Loc EndOffset="6345" SrcFileId="1" StartOffset="6309"/>
                                </LocList>
                            </BasicStmnt>
                        </StmntSeq>
                    </HierarchyLvl>
                    <HierarchyLvl HierarchyLvlId="73" HierarchyLvlTypeId="4" Intrnl_Id="126" Name="setBackground">
                        <Header>
                            <Loc EndOffset="6397" SrcFileId="1" StartOffset="6369"/>
                        </Header>
                        <LocList>
                            <Loc EndOffset="6881" SrcFileId="1" StartOffset="6369"/>
                        </LocList>
                        <StmntSeq Intrnl_Id="127">
                            <LocList>
                                <Loc EndOffset="6484" SrcFileId="1" StartOffset="6413"/>
                                <Loc EndOffset="6509" SrcFileId="1" StartOffset="6489"/>
                                <Loc EndOffset="6723" SrcFileId="1" StartOffset="6721"/>
                                <Loc EndOffset="6873" SrcFileId="1" StartOffset="6403"/>
                            </LocList>
                            <BasicStmnt CovItemId="S107" CovItemPrefix="login.LoginFrame.java" Intrnl_Id="128">
                                <LocList>
                                    <Loc EndOffset="6484" SrcFileId="1" StartOffset="6413"/>
                                </LocList>
                            </BasicStmnt>
                            <BasicStmnt CovItemId="S108" CovItemPrefix="login.LoginFrame.java" Intrnl_Id="129">
                                <LocList>
                                    <Loc EndOffset="6509" SrcFileId="1" StartOffset="6489"/>
                                    <Loc EndOffset="6723" SrcFileId="1" StartOffset="6721"/>
                                </LocList>
                            </BasicStmnt>
                            <CondStmnt CovItemId="S106" CovItemPrefix="login.LoginFrame.java" Intrnl_Id="130">
                                <Branch CovItemId="B1" CovItemPrefix="login.LoginFrame.java" Implct="true" Intrnl_Id="131">
                                    <Cond/>
                                    <LocList/>
                                    <StmntSeq Intrnl_Id="132">
                                        <LocList/>
                                    </StmntSeq>
                                </Branch>
                                <Branch CovItemId="B2" CovItemPrefix="login.LoginFrame.java" Implct="false" Intrnl_Id="133">
                                    <Cond>
                                        <Loc EndOffset="6750" SrcFileId="1" StartOffset="6729"/>
                                    </Cond>
                                    <LocList>
                                        <Loc EndOffset="6873" SrcFileId="1" StartOffset="6751"/>
                                    </LocList>
                                    <StmntSeq Intrnl_Id="134">
                                        <LocList>
                                            <Loc EndOffset="6814" SrcFileId="1" StartOffset="6757"/>
                                            <Loc EndOffset="6868" SrcFileId="1" StartOffset="6848"/>
                                        </LocList>
                                        <BasicStmnt CovItemId="S111" CovItemPrefix="login.LoginFrame.java" Intrnl_Id="135">
                                            <LocList>
                                                <Loc EndOffset="6814" SrcFileId="1" StartOffset="6757"/>
                                            </LocList>
                                        </BasicStmnt>
                                        <BasicStmnt CovItemId="S112" CovItemPrefix="login.LoginFrame.java" Intrnl_Id="136">
                                            <LocList>
                                                <Loc EndOffset="6868" SrcFileId="1" StartOffset="6848"/>
                                            </LocList>
                                        </BasicStmnt>
                                    </StmntSeq>
                                </Branch>
                                <Keyword EndOffset="6406" SrcFileId="1" StartOffset="6403"/>
                                <LocList>
                                    <Loc EndOffset="6873" SrcFileId="1" StartOffset="6403"/>
                                </LocList>
                            </CondStmnt>
                        </StmntSeq>
                        <HierarchyLvl HierarchyLvlId="72" HierarchyLvlTypeId="3" Intrnl_Id="137" Name="JPanel">
                            <Header>
                                <Loc EndOffset="6521" SrcFileId="1" StartOffset="6513"/>
                            </Header>
                            <LocList>
                                <Loc EndOffset="6721" SrcFileId="1" StartOffset="6509"/>
                            </LocList>
                            <HierarchyLvl HierarchyLvlId="71" HierarchyLvlTypeId="4" Intrnl_Id="138" Name="paintComponent">
                                <Header>
                                    <Loc EndOffset="6596" SrcFileId="1" StartOffset="6536"/>
                                </Header>
                                <LocList>
                                    <Loc EndOffset="6710" SrcFileId="1" StartOffset="6536"/>
                                </LocList>
                                <StmntSeq Intrnl_Id="139">
                                    <LocList>
                                        <Loc EndOffset="6638" SrcFileId="1" StartOffset="6614"/>
                                        <Loc EndOffset="6696" SrcFileId="1" StartOffset="6654"/>
                                    </LocList>
                                    <BasicStmnt CovItemId="S109" CovItemPrefix="login.LoginFrame.java" Intrnl_Id="140">
                                        <LocList>
                                            <Loc EndOffset="6638" SrcFileId="1" StartOffset="6614"/>
                                        </LocList>
                                    </BasicStmnt>
                                    <BasicStmnt CovItemId="S110" CovItemPrefix="login.LoginFrame.java" Intrnl_Id="141">
                                        <LocList>
                                            <Loc EndOffset="6696" SrcFileId="1" StartOffset="6654"/>
                                        </LocList>
                                    </BasicStmnt>
                                </StmntSeq>
                            </HierarchyLvl>
                        </HierarchyLvl>
                    </HierarchyLvl>
                    <HierarchyLvl HierarchyLvlId="74" HierarchyLvlTypeId="4" Intrnl_Id="142" Name="actionPerformed">
                        <Header>
                            <Loc EndOffset="6946" SrcFileId="1" StartOffset="6892"/>
                        </Header>
                        <LocList>
                            <Loc EndOffset="7527" SrcFileId="1" StartOffset="6892"/>
                        </LocList>
                        <StmntSeq Intrnl_Id="143">
                            <LocList>
                                <Loc EndOffset="7087" SrcFileId="1" StartOffset="6956"/>
                                <Loc EndOffset="7175" SrcFileId="1" StartOffset="7095"/>
                                <Loc EndOffset="7284" SrcFileId="1" StartOffset="7183"/>
                                <Loc EndOffset="7523" SrcFileId="1" StartOffset="7292"/>
                            </LocList>
                            <CondStmnt CovItemId="S113" CovItemPrefix="login.LoginFrame.java" Intrnl_Id="144">
                                <Branch CovItemId="B3" CovItemPrefix="login.LoginFrame.java" Implct="false" Intrnl_Id="145">
                                    <Cond/>
                                    <LocList>
                                        <Loc EndOffset="7087" SrcFileId="1" StartOffset="6987"/>
                                    </LocList>
                                    <StmntSeq Intrnl_Id="146">
                                        <LocList>
                                            <Loc EndOffset="7017" SrcFileId="1" StartOffset="6993"/>
                                            <Loc EndOffset="7052" SrcFileId="1" StartOffset="7022"/>
                                            <Loc EndOffset="7082" SrcFileId="1" StartOffset="7057"/>
                                        </LocList>
                                        <BasicStmnt CovItemId="S114" CovItemPrefix="login.LoginFrame.java" Intrnl_Id="147">
                                            <LocList>
                                                <Loc EndOffset="7017" SrcFileId="1" StartOffset="6993"/>
                                            </LocList>
                                        </BasicStmnt>
                                        <BasicStmnt CovItemId="S115" CovItemPrefix="login.LoginFrame.java" Intrnl_Id="148">
                                            <LocList>
                                                <Loc EndOffset="7052" SrcFileId="1" StartOffset="7022"/>
                                            </LocList>
                                        </BasicStmnt>
                                        <BasicStmnt CovItemId="S116" CovItemPrefix="login.LoginFrame.java" Intrnl_Id="149">
                                            <LocList>
                                                <Loc EndOffset="7082" SrcFileId="1" StartOffset="7057"/>
                                            </LocList>
                                        </BasicStmnt>
                                    </StmntSeq>
                                </Branch>
                                <Branch CovItemId="B4" CovItemPrefix="login.LoginFrame.java" Implct="true" Intrnl_Id="150">
                                    <Cond/>
                                    <LocList/>
                                    <StmntSeq Intrnl_Id="151">
                                        <LocList/>
                                    </StmntSeq>
                                </Branch>
                                <Keyword EndOffset="6958" SrcFileId="1" StartOffset="6956"/>
                                <LocList>
                                    <Loc EndOffset="7087" SrcFileId="1" StartOffset="6956"/>
                                </LocList>
                                <RootTerm CovItemId="C1" CovItemPrefix="login.LoginFrame.java" Intrnl_Id="152">
                                    <BasicBoolTerm Intrnl_Id="153">
                                        <LocList>
                                            <Loc EndOffset="6985" SrcFileId="1" StartOffset="6959"/>
                                        </LocList>
                                    </BasicBoolTerm>
                                </RootTerm>
                            </CondStmnt>
                            <CondStmnt CovItemId="S117" CovItemPrefix="login.LoginFrame.java" Intrnl_Id="154">
                                <Branch CovItemId="B5" CovItemPrefix="login.LoginFrame.java" Implct="false" Intrnl_Id="155">
                                    <Cond/>
                                    <LocList>
                                        <Loc EndOffset="7175" SrcFileId="1" StartOffset="7126"/>
                                    </LocList>
                                    <StmntSeq Intrnl_Id="156">
                                        <LocList>
                                            <Loc EndOffset="7165" SrcFileId="1" StartOffset="7137"/>
                                        </LocList>
                                        <BasicStmnt CovItemId="S118" CovItemPrefix="login.LoginFrame.java" Intrnl_Id="157">
                                            <LocList>
                                                <Loc EndOffset="7165" SrcFileId="1" StartOffset="7137"/>
                                            </LocList>
                                        </BasicStmnt>
                                    </StmntSeq>
                                </Branch>
                                <Branch CovItemId="B6" CovItemPrefix="login.LoginFrame.java" Implct="true" Intrnl_Id="158">
                                    <Cond/>
                                    <LocList/>
                                    <StmntSeq Intrnl_Id="159">
                                        <LocList/>
                                    </StmntSeq>
                                </Branch>
                                <Keyword EndOffset="7097" SrcFileId="1" StartOffset="7095"/>
                                <LocList>
                                    <Loc EndOffset="7175" SrcFileId="1" StartOffset="7095"/>
                                </LocList>
                                <RootTerm CovItemId="C2" CovItemPrefix="login.LoginFrame.java" Intrnl_Id="160">
                                    <BasicBoolTerm Intrnl_Id="161">
                                        <LocList>
                                            <Loc EndOffset="7124" SrcFileId="1" StartOffset="7098"/>
                                        </LocList>
                                    </BasicBoolTerm>
                                </RootTerm>
                            </CondStmnt>
                            <CondStmnt CovItemId="S119" CovItemPrefix="login.LoginFrame.java" Intrnl_Id="162">
                                <Branch CovItemId="B7" CovItemPrefix="login.LoginFrame.java" Implct="false" Intrnl_Id="163">
                                    <Cond/>
                                    <LocList>
                                        <Loc EndOffset="7284" SrcFileId="1" StartOffset="7215"/>
                                    </LocList>
                                    <StmntSeq Intrnl_Id="164">
                                        <LocList>
                                            <Loc EndOffset="7279" SrcFileId="1" StartOffset="7221"/>
                                        </LocList>
                                        <BasicStmnt CovItemId="S120" CovItemPrefix="login.LoginFrame.java" Intrnl_Id="165">
                                            <LocList>
                                                <Loc EndOffset="7279" SrcFileId="1" StartOffset="7221"/>
                                            </LocList>
                                        </BasicStmnt>
                                    </StmntSeq>
                                </Branch>
                                <Branch CovItemId="B8" CovItemPrefix="login.LoginFrame.java" Implct="true" Intrnl_Id="166">
                                    <Cond/>
                                    <LocList/>
                                    <StmntSeq Intrnl_Id="167">
                                        <LocList/>
                                    </StmntSeq>
                                </Branch>
                                <Keyword EndOffset="7185" SrcFileId="1" StartOffset="7183"/>
                                <LocList>
                                    <Loc EndOffset="7284" SrcFileId="1" StartOffset="7183"/>
                                </LocList>
                                <RootTerm CovItemId="C3" CovItemPrefix="login.LoginFrame.java" Intrnl_Id="168">
                                    <BasicBoolTerm Intrnl_Id="169">
                                        <LocList>
                                            <Loc EndOffset="7213" SrcFileId="1" StartOffset="7186"/>
                                        </LocList>
                                    </BasicBoolTerm>
                                </RootTerm>
                            </CondStmnt>
                            <CondStmnt CovItemId="S121" CovItemPrefix="login.LoginFrame.java" Intrnl_Id="170">
                                <Branch CovItemId="B9" CovItemPrefix="login.LoginFrame.java" Implct="false" Intrnl_Id="171">
                                    <Cond/>
                                    <LocList>
                                        <Loc EndOffset="7523" SrcFileId="1" StartOffset="7323"/>
                                    </LocList>
                                    <StmntSeq Intrnl_Id="172">
                                        <LocList>
                                            <Loc EndOffset="7364" SrcFileId="1" StartOffset="7329"/>
                                            <Loc EndOffset="7400" SrcFileId="1" StartOffset="7369"/>
                                            <Loc EndOffset="7420" SrcFileId="1" StartOffset="7405"/>
                                            <Loc EndOffset="7518" SrcFileId="1" StartOffset="7445"/>
                                        </LocList>
                                        <BasicStmnt CovItemId="S122" CovItemPrefix="login.LoginFrame.java" Intrnl_Id="173">
                                            <LocList>
                                                <Loc EndOffset="7364" SrcFileId="1" StartOffset="7329"/>
                                            </LocList>
                                        </BasicStmnt>
                                        <BasicStmnt CovItemId="S123" CovItemPrefix="login.LoginFrame.java" Intrnl_Id="174">
                                            <LocList>
                                                <Loc EndOffset="7400" SrcFileId="1" StartOffset="7369"/>
                                            </LocList>
                                        </BasicStmnt>
                                        <BasicStmnt CovItemId="S124" CovItemPrefix="login.LoginFrame.java" Intrnl_Id="175">
                                            <LocList>
                                                <Loc EndOffset="7420" SrcFileId="1" StartOffset="7405"/>
                                            </LocList>
                                        </BasicStmnt>
                                        <BasicStmnt CovItemId="S125" CovItemPrefix="login.LoginFrame.java" Intrnl_Id="176">
                                            <LocList>
                                                <Loc EndOffset="7518" SrcFileId="1" StartOffset="7445"/>
                                            </LocList>
                                        </BasicStmnt>
                                    </StmntSeq>
                                </Branch>
                                <Branch CovItemId="B10" CovItemPrefix="login.LoginFrame.java" Implct="true" Intrnl_Id="177">
                                    <Cond/>
                                    <LocList/>
                                    <StmntSeq Intrnl_Id="178">
                                        <LocList/>
                                    </StmntSeq>
                                </Branch>
                                <Keyword EndOffset="7294" SrcFileId="1" StartOffset="7292"/>
                                <LocList>
                                    <Loc EndOffset="7523" SrcFileId="1" StartOffset="7292"/>
                                </LocList>
                                <RootTerm CovItemId="C4" CovItemPrefix="login.LoginFrame.java" Intrnl_Id="179">
                                    <BasicBoolTerm Intrnl_Id="180">
                                        <LocList>
                                            <Loc EndOffset="7321" SrcFileId="1" StartOffset="7295"/>
                                        </LocList>
                                    </BasicBoolTerm>
                                </RootTerm>
                            </CondStmnt>
                        </StmntSeq>
                    </HierarchyLvl>
                </HierarchyLvl>
            </HierarchyLvl>
        </HierarchyLvl>
    </MASTRoot>
</TestSessionContainer>
