<?xml version="1.0" encoding="UTF-8"?><TestSessionContainer xmlns="http://www.codecover.org/xml/testsession-container" Date="1690904489512" TestSessionContainerId="a1a7f058-7996-41bb-89ab-ff5323dafe38" version="1.0">
    <SrcFileList>
        <SrcFile Content="package login;&#13;&#10;&#13;&#10;import java.awt.Color;&#13;&#10;&#13;&#10;import games.GamesFrame;&#13;&#10;&#13;&#10;public class LoginActions {&#13;&#10;&#9;&#13;&#10;&#9;LoginFrame loginFrame;&#13;&#10;&#9;String userID;&#13;&#10;&#9;String password;&#13;&#10;&#9;&#13;&#10;&#9;public LoginActions(LoginFrame loginFrame){&#13;&#10;&#9;&#9;this.loginFrame = loginFrame;&#13;&#10;&#9;}&#13;&#10;&#9;&#13;&#10;&#9;public void loginButtonAction() {&#13;&#10;&#9;&#9;&#13;&#10;&#9;&#9;userID = loginFrame.userIDField.getText().toLowerCase();&#13;&#10;&#9;&#9;password = String.valueOf(loginFrame.userPasswordField.getPassword());&#13;&#10;&#9;&#9;&#13;&#10;&#9;&#9;// For MCDC Testing purposes&#13;&#10;&#9;&#9;&#13;&#10;&#9;&#9;if(!(loginFrame.credentialsMap.isEmpty()) &amp;&amp;&#13;&#10;&#9;&#9;&#9;&#9;(((loginFrame.credentialsMap.containsKey(userID)) &#13;&#10;&#9;&#9;&#9;&#9;&amp;&amp; (loginFrame.credentialsMap.get(userID)).getPassword().equals(password)) &#13;&#10;&#9;&#9;&#9;&#9;|| (userID.equals(&quot;guest&quot;) &amp;&amp; password.equals(&quot;guest&quot;)))){&#13;&#10;&#9;&#9;&#9;&#13;&#10;&#9;&#9;&#9;if (userID.equals(&quot;guest&quot;) &amp;&amp; password.equals(&quot;guest&quot;)) {&#13;&#10;&#9;&#9;&#9;&#9;if (loginFrame.credentialsMap.containsKey(&quot;guestUser&quot;)) {&#13;&#10;&#9;&#9;&#9;&#9;&#9;loginFrame.messageLabel.setForeground(Color.green);&#13;&#10;&#9;&#9;&#9;&#9;&#9;loginFrame.messageLabel.setText(&quot;Login successful&quot;);&#13;&#10;&#9;&#9;&#9;&#9;&#9;loginFrame.user = loginFrame.credentialsMap.get(&quot;guestUser&quot;);&#13;&#10;&#9;&#9;&#9;&#9;}&#13;&#10;&#9;&#9;&#9;&#9;else {&#13;&#10;&#9;&#9;&#9;&#9;&#9;loginFrame.messageLabel.setForeground(Color.red);&#13;&#10;&#9;&#9;&#9;&#9;&#9;loginFrame.messageLabel.setText(&quot;An error has occurred&quot;);&#13;&#10;&#9;&#9;&#9;&#9;&#9;return;&#13;&#10;&#9;&#9;&#9;&#9;}&#13;&#10;&#9;&#9;&#9;}&#13;&#10;&#9;&#9;&#9;else {&#13;&#10;&#9;&#9;&#9;&#9;loginFrame.messageLabel.setForeground(Color.green);&#13;&#10;&#9;&#9;&#9;&#9;loginFrame.messageLabel.setText(&quot;Login successful&quot;);&#13;&#10;&#9;&#9;&#9;&#9;loginFrame.user = loginFrame.credentialsMap.get(userID);&#13;&#10;&#9;&#9;&#9;}&#13;&#10;&#9;&#9;&#9;loginFrame.dispose(); // close loginFrame frame&#13;&#10;&#9;&#9;&#9;GamesFrame gamesFrame = new GamesFrame(loginFrame.user, loginFrame.setupFacade.getGamesList());&#13;&#10;&#9;&#9;&#9;&#13;&#10;&#9;&#9;}&#13;&#10;&#9;&#9;&#13;&#10;&#9;&#9;else if (!(loginFrame.credentialsMap.isEmpty()) &amp;&amp;&#13;&#10;&#9;&#9;&#9;&#9;((loginFrame.credentialsMap.containsKey(userID) &amp;&amp;&#13;&#10;&#9;&#9;&#9;&#9;!(loginFrame.credentialsMap.get(userID)).getPassword().equals(password))&#13;&#10;&#9;&#9;&#9;&#9;|| (userID.equals(&quot;guest&quot;) &amp;&amp; !(password.equals(&quot;guest&quot;))))) {&#13;&#10;&#9;&#9;&#9;&#13;&#10;&#9;&#9;&#9;loginFrame.messageLabel.setForeground(Color.red);&#13;&#10;&#9;&#9;&#9;loginFrame.messageLabel.setText(&quot;Wrong password&quot;);&#13;&#10;&#9;&#9;&#9;&#13;&#10;&#9;&#9;}&#13;&#10;&#9;&#9;&#13;&#10;&#9;&#9;else if (loginFrame.credentialsMap.isEmpty() ||&#13;&#10;&#9;&#9;&#9;&#9;!(loginFrame.credentialsMap.containsKey(userID)) || !(userID.equals(&quot;guest&quot;))) {&#13;&#10;&#9;&#9;&#9;loginFrame.messageLabel.setForeground(Color.red);&#13;&#10;&#9;&#9;&#9;loginFrame.messageLabel.setText(&quot;Username not found&quot;);&#13;&#10;&#9;&#9;}&#13;&#10;&#9;&#9;&#13;&#10;&#9;}&#13;&#10;&#13;&#10;}&#13;&#10;" Filename="LoginActions.java" Intrnl_Id="1"/>
    </SrcFileList>
    <CritList>
        <CritListEntry Name="org.codecover.model.utils.criteria.LoopCoverage" PluginName="org.codecover"/>
        <CritListEntry Name="org.codecover.model.utils.criteria.QMOCoverage" PluginName="org.codecover"/>
        <CritListEntry Name="org.codecover.model.utils.criteria.ConditionCoverage" PluginName="org.codecover"/>
        <CritListEntry Name="org.codecover.model.utils.criteria.BranchCoverage" PluginName="org.codecover"/>
        <CritListEntry Name="org.codecover.model.utils.criteria.SynchronizedStatementCoverage" PluginName="org.codecover"/>
        <CritListEntry Name="org.codecover.model.utils.criteria.StatementCoverage" PluginName="org.codecover"/>
    </CritList>
    <BoolOpList>
        <BoolOp Arity="2" Intrnl_Id="2" Name="conditional and (&amp;&amp;)">
            <BoolAssgnmntBoolMapList>
                <MapEntry BoolAssgnmnt="02" Value="false"/>
                <MapEntry BoolAssgnmnt="10" Value="false"/>
                <MapEntry BoolAssgnmnt="11" Value="true"/>
            </BoolAssgnmntBoolMapList>
        </BoolOp>
        <BoolOp Arity="2" Intrnl_Id="3" Name="conditional or (||)">
            <BoolAssgnmntBoolMapList>
                <MapEntry BoolAssgnmnt="00" Value="false"/>
                <MapEntry BoolAssgnmnt="01" Value="true"/>
                <MapEntry BoolAssgnmnt="12" Value="true"/>
            </BoolAssgnmntBoolMapList>
        </BoolOp>
        <BoolOp Arity="1" Intrnl_Id="4" Name="not (!)">
            <BoolAssgnmntBoolMapList>
                <MapEntry BoolAssgnmnt="1" Value="false"/>
                <MapEntry BoolAssgnmnt="0" Value="true"/>
            </BoolAssgnmntBoolMapList>
        </BoolOp>
    </BoolOpList>
    <HierarchyLvlTypeList>
        <HierarchyLvlType EnglishName="package" IntrnlName="package" Intrnl_Id="5"/>
        <HierarchyLvlType EnglishName="method" IntrnlName="method" Intrnl_Id="6"/>
        <HierarchyLvlType EnglishName="class" IntrnlName="class" Intrnl_Id="7"/>
        <HierarchyLvlType EnglishName="default package" IntrnlName="default package" Intrnl_Id="8"/>
    </HierarchyLvlTypeList>
    <MASTRoot>
        <HierarchyLvl HierarchyLvlId="128" HierarchyLvlTypeId="8" Intrnl_Id="9" Name="default package">
            <Header/>
            <LocList/>
            <HierarchyLvl HierarchyLvlId="127" HierarchyLvlTypeId="5" Intrnl_Id="10" Name="login">
                <Header/>
                <LocList/>
                <HierarchyLvl HierarchyLvlId="126" HierarchyLvlTypeId="7" Intrnl_Id="11" Name="LoginActions">
                    <Header>
                        <Loc EndOffset="97" SrcFileId="1" StartOffset="72"/>
                    </Header>
                    <LocList>
                        <Loc EndOffset="2208" SrcFileId="1" StartOffset="72"/>
                    </LocList>
                    <HierarchyLvl HierarchyLvlId="124" HierarchyLvlTypeId="6" Intrnl_Id="12" Name="LoginActions">
                        <Header>
                            <Loc EndOffset="211" SrcFileId="1" StartOffset="169"/>
                        </Header>
                        <LocList>
                            <Loc EndOffset="249" SrcFileId="1" StartOffset="169"/>
                        </LocList>
                        <StmntSeq Intrnl_Id="13">
                            <LocList>
                                <Loc EndOffset="245" SrcFileId="1" StartOffset="216"/>
                            </LocList>
                            <BasicStmnt CovItemId="S1" CovItemPrefix="login.LoginActions.java" Intrnl_Id="14">
                                <LocList>
                                    <Loc EndOffset="245" SrcFileId="1" StartOffset="216"/>
                                </LocList>
                            </BasicStmnt>
                        </StmntSeq>
                    </HierarchyLvl>
                    <HierarchyLvl HierarchyLvlId="125" HierarchyLvlTypeId="6" Intrnl_Id="15" Name="loginButtonAction">
                        <Header>
                            <Loc EndOffset="286" SrcFileId="1" StartOffset="255"/>
                        </Header>
                        <LocList>
                            <Loc EndOffset="2203" SrcFileId="1" StartOffset="255"/>
                        </LocList>
                        <StmntSeq Intrnl_Id="16">
                            <LocList>
                                <Loc EndOffset="352" SrcFileId="1" StartOffset="296"/>
                                <Loc EndOffset="426" SrcFileId="1" StartOffset="356"/>
                                <Loc EndOffset="2195" SrcFileId="1" StartOffset="470"/>
                            </LocList>
                            <BasicStmnt CovItemId="S2" CovItemPrefix="login.LoginActions.java" Intrnl_Id="17">
                                <LocList>
                                    <Loc EndOffset="352" SrcFileId="1" StartOffset="296"/>
                                </LocList>
                            </BasicStmnt>
                            <BasicStmnt CovItemId="S3" CovItemPrefix="login.LoginActions.java" Intrnl_Id="18">
                                <LocList>
                                    <Loc EndOffset="426" SrcFileId="1" StartOffset="356"/>
                                </LocList>
                            </BasicStmnt>
                            <CondStmnt CovItemId="S4" CovItemPrefix="login.LoginActions.java" Intrnl_Id="19">
                                <Branch CovItemId="B1" CovItemPrefix="login.LoginActions.java" Implct="false" Intrnl_Id="20">
                                    <Cond/>
                                    <LocList>
                                        <Loc EndOffset="1552" SrcFileId="1" StartOffset="714"/>
                                    </LocList>
                                    <StmntSeq Intrnl_Id="21">
                                        <LocList>
                                            <Loc EndOffset="1390" SrcFileId="1" StartOffset="725"/>
                                            <Loc EndOffset="1416" SrcFileId="1" StartOffset="1395"/>
                                            <Loc EndOffset="1542" SrcFileId="1" StartOffset="1447"/>
                                        </LocList>
                                        <CondStmnt CovItemId="S5" CovItemPrefix="login.LoginActions.java" Intrnl_Id="22">
                                            <Branch CovItemId="B3" CovItemPrefix="login.LoginActions.java" Implct="false" Intrnl_Id="23">
                                                <Cond/>
                                                <LocList>
                                                    <Loc EndOffset="1196" SrcFileId="1" StartOffset="781"/>
                                                </LocList>
                                                <StmntSeq Intrnl_Id="24">
                                                    <LocList>
                                                        <Loc EndOffset="1190" SrcFileId="1" StartOffset="788"/>
                                                    </LocList>
                                                    <CondStmnt CovItemId="S6" CovItemPrefix="login.LoginActions.java" Intrnl_Id="25">
                                                        <Branch CovItemId="B5" CovItemPrefix="login.LoginActions.java" Implct="false" Intrnl_Id="26">
                                                            <Cond/>
                                                            <LocList>
                                                                <Loc EndOffset="1037" SrcFileId="1" StartOffset="844"/>
                                                            </LocList>
                                                            <StmntSeq Intrnl_Id="27">
                                                                <LocList>
                                                                    <Loc EndOffset="903" SrcFileId="1" StartOffset="852"/>
                                                                    <Loc EndOffset="962" SrcFileId="1" StartOffset="910"/>
                                                                    <Loc EndOffset="1030" SrcFileId="1" StartOffset="969"/>
                                                                </LocList>
                                                                <BasicStmnt CovItemId="S7" CovItemPrefix="login.LoginActions.java" Intrnl_Id="28">
                                                                    <LocList>
                                                                        <Loc EndOffset="903" SrcFileId="1" StartOffset="852"/>
                                                                    </LocList>
                                                                </BasicStmnt>
                                                                <BasicStmnt CovItemId="S8" CovItemPrefix="login.LoginActions.java" Intrnl_Id="29">
                                                                    <LocList>
                                                                        <Loc EndOffset="962" SrcFileId="1" StartOffset="910"/>
                                                                    </LocList>
                                                                </BasicStmnt>
                                                                <BasicStmnt CovItemId="S9" CovItemPrefix="login.LoginActions.java" Intrnl_Id="30">
                                                                    <LocList>
                                                                        <Loc EndOffset="1030" SrcFileId="1" StartOffset="969"/>
                                                                    </LocList>
                                                                </BasicStmnt>
                                                            </StmntSeq>
                                                        </Branch>
                                                        <Branch CovItemId="B6" CovItemPrefix="login.LoginActions.java" Implct="false" Intrnl_Id="31">
                                                            <Cond>
                                                                <Loc EndOffset="1047" SrcFileId="1" StartOffset="1043"/>
                                                            </Cond>
                                                            <LocList>
                                                                <Loc EndOffset="1190" SrcFileId="1" StartOffset="1048"/>
                                                            </LocList>
                                                            <StmntSeq Intrnl_Id="32">
                                                                <LocList>
                                                                    <Loc EndOffset="1105" SrcFileId="1" StartOffset="1056"/>
                                                                    <Loc EndOffset="1169" SrcFileId="1" StartOffset="1112"/>
                                                                    <Loc EndOffset="1183" SrcFileId="1" StartOffset="1176"/>
                                                                </LocList>
                                                                <BasicStmnt CovItemId="S10" CovItemPrefix="login.LoginActions.java" Intrnl_Id="33">
                                                                    <LocList>
                                                                        <Loc EndOffset="1105" SrcFileId="1" StartOffset="1056"/>
                                                                    </LocList>
                                                                </BasicStmnt>
                                                                <BasicStmnt CovItemId="S11" CovItemPrefix="login.LoginActions.java" Intrnl_Id="34">
                                                                    <LocList>
                                                                        <Loc EndOffset="1169" SrcFileId="1" StartOffset="1112"/>
                                                                    </LocList>
                                                                </BasicStmnt>
                                                                <BasicStmnt CovItemId="S12" CovItemPrefix="login.LoginActions.java" Intrnl_Id="35">
                                                                    <LocList>
                                                                        <Loc EndOffset="1183" SrcFileId="1" StartOffset="1176"/>
                                                                    </LocList>
                                                                </BasicStmnt>
                                                            </StmntSeq>
                                                        </Branch>
                                                        <Keyword EndOffset="790" SrcFileId="1" StartOffset="788"/>
                                                        <LocList>
                                                            <Loc EndOffset="1190" SrcFileId="1" StartOffset="788"/>
                                                        </LocList>
                                                        <RootTerm CovItemId="C3" CovItemPrefix="login.LoginActions.java" Intrnl_Id="36">
                                                            <BasicBoolTerm Intrnl_Id="37">
                                                                <LocList>
                                                                    <Loc EndOffset="842" SrcFileId="1" StartOffset="792"/>
                                                                </LocList>
                                                            </BasicBoolTerm>
                                                        </RootTerm>
                                                    </CondStmnt>
                                                </StmntSeq>
                                            </Branch>
                                            <Branch CovItemId="B4" CovItemPrefix="login.LoginActions.java" Implct="false" Intrnl_Id="38">
                                                <Cond>
                                                    <Loc EndOffset="1205" SrcFileId="1" StartOffset="1201"/>
                                                </Cond>
                                                <LocList>
                                                    <Loc EndOffset="1390" SrcFileId="1" StartOffset="1206"/>
                                                </LocList>
                                                <StmntSeq Intrnl_Id="39">
                                                    <LocList>
                                                        <Loc EndOffset="1264" SrcFileId="1" StartOffset="1213"/>
                                                        <Loc EndOffset="1322" SrcFileId="1" StartOffset="1270"/>
                                                        <Loc EndOffset="1384" SrcFileId="1" StartOffset="1328"/>
                                                    </LocList>
                                                    <BasicStmnt CovItemId="S13" CovItemPrefix="login.LoginActions.java" Intrnl_Id="40">
                                                        <LocList>
                                                            <Loc EndOffset="1264" SrcFileId="1" StartOffset="1213"/>
                                                        </LocList>
                                                    </BasicStmnt>
                                                    <BasicStmnt CovItemId="S14" CovItemPrefix="login.LoginActions.java" Intrnl_Id="41">
                                                        <LocList>
                                                            <Loc EndOffset="1322" SrcFileId="1" StartOffset="1270"/>
                                                        </LocList>
                                                    </BasicStmnt>
                                                    <BasicStmnt CovItemId="S15" CovItemPrefix="login.LoginActions.java" Intrnl_Id="42">
                                                        <LocList>
                                                            <Loc EndOffset="1384" SrcFileId="1" StartOffset="1328"/>
                                                        </LocList>
                                                    </BasicStmnt>
                                                </StmntSeq>
                                            </Branch>
                                            <Keyword EndOffset="727" SrcFileId="1" StartOffset="725"/>
                                            <LocList>
                                                <Loc EndOffset="1390" SrcFileId="1" StartOffset="725"/>
                                            </LocList>
                                            <RootTerm CovItemId="C2" CovItemPrefix="login.LoginActions.java" Intrnl_Id="43">
                                                <OpTerm BooleanOpId="2" Intrnl_Id="44">
                                                    <BasicBoolTerm Intrnl_Id="45">
                                                        <LocList>
                                                            <Loc EndOffset="751" SrcFileId="1" StartOffset="729"/>
                                                        </LocList>
                                                    </BasicBoolTerm>
                                                    <BasicBoolTerm Intrnl_Id="46">
                                                        <LocList>
                                                            <Loc EndOffset="779" SrcFileId="1" StartOffset="755"/>
                                                        </LocList>
                                                    </BasicBoolTerm>
                                                    <LocList>
                                                        <Loc EndOffset="754" SrcFileId="1" StartOffset="752"/>
                                                    </LocList>
                                                </OpTerm>
                                            </RootTerm>
                                        </CondStmnt>
                                        <BasicStmnt CovItemId="S16" CovItemPrefix="login.LoginActions.java" Intrnl_Id="47">
                                            <LocList>
                                                <Loc EndOffset="1416" SrcFileId="1" StartOffset="1395"/>
                                            </LocList>
                                        </BasicStmnt>
                                        <BasicStmnt CovItemId="S17" CovItemPrefix="login.LoginActions.java" Intrnl_Id="48">
                                            <LocList>
                                                <Loc EndOffset="1542" SrcFileId="1" StartOffset="1447"/>
                                            </LocList>
                                        </BasicStmnt>
                                    </StmntSeq>
                                </Branch>
                                <Branch CovItemId="B2" CovItemPrefix="login.LoginActions.java" Implct="false" Intrnl_Id="49">
                                    <Cond>
                                        <Loc EndOffset="1564" SrcFileId="1" StartOffset="1560"/>
                                    </Cond>
                                    <LocList>
                                        <Loc EndOffset="2195" SrcFileId="1" StartOffset="1565"/>
                                    </LocList>
                                    <StmntSeq Intrnl_Id="50">
                                        <LocList>
                                            <Loc EndOffset="2195" SrcFileId="1" StartOffset="1565"/>
                                        </LocList>
                                        <CondStmnt CovItemId="S18" CovItemPrefix="login.LoginActions.java" Intrnl_Id="51">
                                            <Branch CovItemId="B7" CovItemPrefix="login.LoginActions.java" Implct="false" Intrnl_Id="52">
                                                <Cond/>
                                                <LocList>
                                                    <Loc EndOffset="1936" SrcFileId="1" StartOffset="1811"/>
                                                </LocList>
                                                <StmntSeq Intrnl_Id="53">
                                                    <LocList>
                                                        <Loc EndOffset="1871" SrcFileId="1" StartOffset="1822"/>
                                                        <Loc EndOffset="1926" SrcFileId="1" StartOffset="1876"/>
                                                    </LocList>
                                                    <BasicStmnt CovItemId="S19" CovItemPrefix="login.LoginActions.java" Intrnl_Id="54">
                                                        <LocList>
                                                            <Loc EndOffset="1871" SrcFileId="1" StartOffset="1822"/>
                                                        </LocList>
                                                    </BasicStmnt>
                                                    <BasicStmnt CovItemId="S20" CovItemPrefix="login.LoginActions.java" Intrnl_Id="55">
                                                        <LocList>
                                                            <Loc EndOffset="1926" SrcFileId="1" StartOffset="1876"/>
                                                        </LocList>
                                                    </BasicStmnt>
                                                </StmntSeq>
                                            </Branch>
                                            <Branch CovItemId="B8" CovItemPrefix="login.LoginActions.java" Implct="false" Intrnl_Id="56">
                                                <Cond>
                                                    <Loc EndOffset="1948" SrcFileId="1" StartOffset="1944"/>
                                                </Cond>
                                                <LocList>
                                                    <Loc EndOffset="2195" SrcFileId="1" StartOffset="1949"/>
                                                </LocList>
                                                <StmntSeq Intrnl_Id="57">
                                                    <LocList>
                                                        <Loc EndOffset="2195" SrcFileId="1" StartOffset="1949"/>
                                                    </LocList>
                                                    <CondStmnt CovItemId="S21" CovItemPrefix="login.LoginActions.java" Intrnl_Id="58">
                                                        <Branch CovItemId="B9" CovItemPrefix="login.LoginActions.java" Implct="false" Intrnl_Id="59">
                                                            <Cond/>
                                                            <LocList>
                                                                <Loc EndOffset="2195" SrcFileId="1" StartOffset="2076"/>
                                                            </LocList>
                                                            <StmntSeq Intrnl_Id="60">
                                                                <LocList>
                                                                    <Loc EndOffset="2131" SrcFileId="1" StartOffset="2082"/>
                                                                    <Loc EndOffset="2190" SrcFileId="1" StartOffset="2136"/>
                                                                </LocList>
                                                                <BasicStmnt CovItemId="S22" CovItemPrefix="login.LoginActions.java" Intrnl_Id="61">
                                                                    <LocList>
                                                                        <Loc EndOffset="2131" SrcFileId="1" StartOffset="2082"/>
                                                                    </LocList>
                                                                </BasicStmnt>
                                                                <BasicStmnt CovItemId="S23" CovItemPrefix="login.LoginActions.java" Intrnl_Id="62">
                                                                    <LocList>
                                                                        <Loc EndOffset="2190" SrcFileId="1" StartOffset="2136"/>
                                                                    </LocList>
                                                                </BasicStmnt>
                                                            </StmntSeq>
                                                        </Branch>
                                                        <Branch CovItemId="B10" CovItemPrefix="login.LoginActions.java" Implct="true" Intrnl_Id="63">
                                                            <Cond/>
                                                            <LocList/>
                                                            <StmntSeq Intrnl_Id="64">
                                                                <LocList/>
                                                            </StmntSeq>
                                                        </Branch>
                                                        <Keyword EndOffset="1951" SrcFileId="1" StartOffset="1949"/>
                                                        <LocList>
                                                            <Loc EndOffset="2195" SrcFileId="1" StartOffset="1949"/>
                                                        </LocList>
                                                        <RootTerm CovItemId="C5" CovItemPrefix="login.LoginActions.java" Intrnl_Id="65">
                                                            <OpTerm BooleanOpId="3" Intrnl_Id="66">
                                                                <OpTerm BooleanOpId="3" Intrnl_Id="67">
                                                                    <BasicBoolTerm Intrnl_Id="68">
                                                                        <LocList>
                                                                            <Loc EndOffset="1988" SrcFileId="1" StartOffset="1953"/>
                                                                        </LocList>
                                                                    </BasicBoolTerm>
                                                                    <OpTerm BooleanOpId="4" Intrnl_Id="69">
                                                                        <BasicBoolTerm Intrnl_Id="70">
                                                                            <LocList>
                                                                                <Loc EndOffset="2044" SrcFileId="1" StartOffset="1999"/>
                                                                            </LocList>
                                                                        </BasicBoolTerm>
                                                                        <LocList>
                                                                            <Loc EndOffset="1998" SrcFileId="1" StartOffset="1997"/>
                                                                        </LocList>
                                                                    </OpTerm>
                                                                    <LocList>
                                                                        <Loc EndOffset="1991" SrcFileId="1" StartOffset="1989"/>
                                                                    </LocList>
                                                                </OpTerm>
                                                                <OpTerm BooleanOpId="4" Intrnl_Id="71">
                                                                    <BasicBoolTerm Intrnl_Id="72">
                                                                        <LocList>
                                                                            <Loc EndOffset="2073" SrcFileId="1" StartOffset="2051"/>
                                                                        </LocList>
                                                                    </BasicBoolTerm>
                                                                    <LocList>
                                                                        <Loc EndOffset="2050" SrcFileId="1" StartOffset="2049"/>
                                                                    </LocList>
                                                                </OpTerm>
                                                                <LocList>
                                                                    <Loc EndOffset="2048" SrcFileId="1" StartOffset="2046"/>
                                                                </LocList>
                                                            </OpTerm>
                                                        </RootTerm>
                                                    </CondStmnt>
                                                </StmntSeq>
                                            </Branch>
                                            <Keyword EndOffset="1567" SrcFileId="1" StartOffset="1565"/>
                                            <LocList>
                                                <Loc EndOffset="2195" SrcFileId="1" StartOffset="1565"/>
                                            </LocList>
                                            <RootTerm CovItemId="C4" CovItemPrefix="login.LoginActions.java" Intrnl_Id="73">
                                                <OpTerm BooleanOpId="2" Intrnl_Id="74">
                                                    <OpTerm BooleanOpId="4" Intrnl_Id="75">
                                                        <BasicBoolTerm Intrnl_Id="76">
                                                            <LocList>
                                                                <Loc EndOffset="1606" SrcFileId="1" StartOffset="1571"/>
                                                            </LocList>
                                                        </BasicBoolTerm>
                                                        <LocList>
                                                            <Loc EndOffset="1570" SrcFileId="1" StartOffset="1569"/>
                                                        </LocList>
                                                    </OpTerm>
                                                    <OpTerm BooleanOpId="3" Intrnl_Id="77">
                                                        <OpTerm BooleanOpId="2" Intrnl_Id="78">
                                                            <BasicBoolTerm Intrnl_Id="79">
                                                                <LocList>
                                                                    <Loc EndOffset="1663" SrcFileId="1" StartOffset="1618"/>
                                                                </LocList>
                                                            </BasicBoolTerm>
                                                            <OpTerm BooleanOpId="4" Intrnl_Id="80">
                                                                <BasicBoolTerm Intrnl_Id="81">
                                                                    <LocList>
                                                                        <Loc EndOffset="1743" SrcFileId="1" StartOffset="1673"/>
                                                                    </LocList>
                                                                </BasicBoolTerm>
                                                                <LocList>
                                                                    <Loc EndOffset="1673" SrcFileId="1" StartOffset="1672"/>
                                                                </LocList>
                                                            </OpTerm>
                                                            <LocList>
                                                                <Loc EndOffset="1666" SrcFileId="1" StartOffset="1664"/>
                                                            </LocList>
                                                        </OpTerm>
                                                        <OpTerm BooleanOpId="2" Intrnl_Id="82">
                                                            <BasicBoolTerm Intrnl_Id="83">
                                                                <LocList>
                                                                    <Loc EndOffset="1776" SrcFileId="1" StartOffset="1754"/>
                                                                </LocList>
                                                            </BasicBoolTerm>
                                                            <OpTerm BooleanOpId="4" Intrnl_Id="84">
                                                                <BasicBoolTerm Intrnl_Id="85">
                                                                    <LocList>
                                                                        <Loc EndOffset="1806" SrcFileId="1" StartOffset="1782"/>
                                                                    </LocList>
                                                                </BasicBoolTerm>
                                                                <LocList>
                                                                    <Loc EndOffset="1781" SrcFileId="1" StartOffset="1780"/>
                                                                </LocList>
                                                            </OpTerm>
                                                            <LocList>
                                                                <Loc EndOffset="1779" SrcFileId="1" StartOffset="1777"/>
                                                            </LocList>
                                                        </OpTerm>
                                                        <LocList>
                                                            <Loc EndOffset="1752" SrcFileId="1" StartOffset="1750"/>
                                                        </LocList>
                                                    </OpTerm>
                                                    <LocList>
                                                        <Loc EndOffset="1610" SrcFileId="1" StartOffset="1608"/>
                                                    </LocList>
                                                </OpTerm>
                                            </RootTerm>
                                        </CondStmnt>
                                    </StmntSeq>
                                </Branch>
                                <Keyword EndOffset="472" SrcFileId="1" StartOffset="470"/>
                                <LocList>
                                    <Loc EndOffset="2195" SrcFileId="1" StartOffset="470"/>
                                </LocList>
                                <RootTerm CovItemId="C1" CovItemPrefix="login.LoginActions.java" Intrnl_Id="86">
                                    <OpTerm BooleanOpId="2" Intrnl_Id="87">
                                        <OpTerm BooleanOpId="4" Intrnl_Id="88">
                                            <BasicBoolTerm Intrnl_Id="89">
                                                <LocList>
                                                    <Loc EndOffset="510" SrcFileId="1" StartOffset="475"/>
                                                </LocList>
                                            </BasicBoolTerm>
                                            <LocList>
                                                <Loc EndOffset="474" SrcFileId="1" StartOffset="473"/>
                                            </LocList>
                                        </OpTerm>
                                        <OpTerm BooleanOpId="3" Intrnl_Id="90">
                                            <OpTerm BooleanOpId="2" Intrnl_Id="91">
                                                <BasicBoolTerm Intrnl_Id="92">
                                                    <LocList>
                                                        <Loc EndOffset="568" SrcFileId="1" StartOffset="523"/>
                                                    </LocList>
                                                </BasicBoolTerm>
                                                <BasicBoolTerm Intrnl_Id="93">
                                                    <LocList>
                                                        <Loc EndOffset="649" SrcFileId="1" StartOffset="579"/>
                                                    </LocList>
                                                </BasicBoolTerm>
                                                <LocList>
                                                    <Loc EndOffset="578" SrcFileId="1" StartOffset="576"/>
                                                </LocList>
                                            </OpTerm>
                                            <OpTerm BooleanOpId="2" Intrnl_Id="94">
                                                <BasicBoolTerm Intrnl_Id="95">
                                                    <LocList>
                                                        <Loc EndOffset="683" SrcFileId="1" StartOffset="661"/>
                                                    </LocList>
                                                </BasicBoolTerm>
                                                <BasicBoolTerm Intrnl_Id="96">
                                                    <LocList>
                                                        <Loc EndOffset="711" SrcFileId="1" StartOffset="687"/>
                                                    </LocList>
                                                </BasicBoolTerm>
                                                <LocList>
                                                    <Loc EndOffset="686" SrcFileId="1" StartOffset="684"/>
                                                </LocList>
                                            </OpTerm>
                                            <LocList>
                                                <Loc EndOffset="659" SrcFileId="1" StartOffset="657"/>
                                            </LocList>
                                        </OpTerm>
                                        <LocList>
                                            <Loc EndOffset="514" SrcFileId="1" StartOffset="512"/>
                                        </LocList>
                                    </OpTerm>
                                </RootTerm>
                            </CondStmnt>
                        </StmntSeq>
                    </HierarchyLvl>
                </HierarchyLvl>
            </HierarchyLvl>
        </HierarchyLvl>
    </MASTRoot>
</TestSessionContainer>
