<?xml version="1.0" encoding="UTF-8"?><TestSessionContainer xmlns="http://www.codecover.org/xml/testsession-container" Date="1690879634059" TestSessionContainerId="ba04eebe-2827-463a-ab4c-a6d8c474a745" version="1.0">
    <SrcFileList>
        <SrcFile Content="package login;&#13;&#10;&#13;&#10;import java.awt.Color;&#13;&#10;&#13;&#10;import games.GamesFrame;&#13;&#10;&#13;&#10;public class LoginActions {&#13;&#10;&#9;&#13;&#10;&#9;LoginFrame loginFrame;&#13;&#10;&#9;&#13;&#10;&#9;public LoginActions(LoginFrame loginFrame){&#13;&#10;&#9;&#9;&#13;&#10;&#9;&#9;this.loginFrame = loginFrame;&#13;&#10;&#9;&#9;&#13;&#10;&#9;}&#13;&#10;&#9;&#13;&#10;&#9;void loginButtonAction() {&#13;&#10;&#9;&#9;&#13;&#10;&#9;&#9;String userID = loginFrame.userIDField.getText().toLowerCase();&#13;&#10;&#9;&#9;String password = String.valueOf(loginFrame.userPasswordField.getPassword());&#13;&#10;&#9;&#9;&#13;&#10;&#9;&#9;// For MCDC Testing purposes&#13;&#10;&#9;&#9;&#13;&#10;&#9;&#9;if(!(loginFrame.credentialsMap.isEmpty()) &amp;&amp;&#13;&#10;&#9;&#9;&#9;&#9;(((loginFrame.credentialsMap.containsKey(userID)) &#13;&#10;&#9;&#9;&#9;&#9;&amp;&amp; (loginFrame.credentialsMap.get(userID)).getPassword().equals(password)) &#13;&#10;&#9;&#9;&#9;&#9;|| (userID.equals(&quot;guest&quot;) &amp;&amp; password.equals(&quot;guest&quot;)))){&#13;&#10;&#9;&#9;&#9;&#13;&#10;&#9;&#9;&#9;loginFrame.messageLabel.setForeground(Color.green);&#13;&#10;&#9;&#9;&#9;loginFrame.messageLabel.setText(&quot;Login successful&quot;);&#13;&#10;&#9;&#9;&#9;// this.dispose(); // close this frame&#13;&#10;&#9;&#9;&#9;loginFrame.user = loginFrame.credentialsMap.get(userID);&#13;&#10;&#9;&#9;&#9;loginFrame.dispose(); // close this frame&#13;&#10;&#9;&#9;&#9;GamesFrame gamesFrame = new GamesFrame(loginFrame.user, loginFrame.setupFacade.getGamesList());&#13;&#10;&#9;&#9;&#9;&#13;&#10;&#9;&#9;}&#13;&#10;&#9;&#9;&#13;&#10;&#9;&#9;else if (!(loginFrame.credentialsMap.isEmpty()) &amp;&amp;&#13;&#10;&#9;&#9;&#9;&#9;((loginFrame.credentialsMap.containsKey(userID) &amp;&amp;&#13;&#10;&#9;&#9;&#9;&#9;!(loginFrame.credentialsMap.get(userID)).getPassword().equals(password))&#13;&#10;&#9;&#9;&#9;&#9;|| (userID.equals(&quot;guest&quot;) &amp;&amp; !(password.equals(&quot;guest&quot;))))) {&#13;&#10;&#9;&#9;&#9;&#13;&#10;&#9;&#9;&#9;loginFrame.messageLabel.setForeground(Color.red);&#13;&#10;&#9;&#9;&#9;loginFrame.messageLabel.setText(&quot;Wrong password&quot;);&#13;&#10;&#9;&#9;&#9;&#13;&#10;&#9;&#9;}&#13;&#10;&#9;&#9;&#13;&#10;&#9;&#9;else if (loginFrame.credentialsMap.isEmpty() ||&#13;&#10;&#9;&#9;&#9;&#9;!(loginFrame.credentialsMap.containsKey(userID)) || !(userID.equals(&quot;guest&quot;))) {&#13;&#10;&#9;&#9;&#9;loginFrame.messageLabel.setForeground(Color.red);&#13;&#10;&#9;&#9;&#9;loginFrame.messageLabel.setText(&quot;Username not found&quot;);&#13;&#10;&#9;&#9;}&#13;&#10;&#9;&#9;&#13;&#10;&#9;}&#13;&#10;&#13;&#10;}&#13;&#10;" Filename="LoginActions.java" Intrnl_Id="1"/>
    </SrcFileList>
    <CritList>
        <CritListEntry Name="org.codecover.model.utils.criteria.LoopCoverage" PluginName="org.codecover"/>
        <CritListEntry Name="org.codecover.model.utils.criteria.QMOCoverage" PluginName="org.codecover"/>
        <CritListEntry Name="org.codecover.model.utils.criteria.ConditionCoverage" PluginName="org.codecover"/>
        <CritListEntry Name="org.codecover.model.utils.criteria.BranchCoverage" PluginName="org.codecover"/>
        <CritListEntry Name="org.codecover.model.utils.criteria.SynchronizedStatementCoverage" PluginName="org.codecover"/>
        <CritListEntry Name="org.codecover.model.utils.criteria.StatementCoverage" PluginName="org.codecover"/>
    </CritList>
    <BoolOpList>
        <BoolOp Arity="2" Intrnl_Id="2" Name="conditional and (&amp;&amp;)">
            <BoolAssgnmntBoolMapList>
                <MapEntry BoolAssgnmnt="02" Value="false"/>
                <MapEntry BoolAssgnmnt="10" Value="false"/>
                <MapEntry BoolAssgnmnt="11" Value="true"/>
            </BoolAssgnmntBoolMapList>
        </BoolOp>
        <BoolOp Arity="2" Intrnl_Id="3" Name="conditional or (||)">
            <BoolAssgnmntBoolMapList>
                <MapEntry BoolAssgnmnt="00" Value="false"/>
                <MapEntry BoolAssgnmnt="01" Value="true"/>
                <MapEntry BoolAssgnmnt="12" Value="true"/>
            </BoolAssgnmntBoolMapList>
        </BoolOp>
        <BoolOp Arity="1" Intrnl_Id="4" Name="not (!)">
            <BoolAssgnmntBoolMapList>
                <MapEntry BoolAssgnmnt="1" Value="false"/>
                <MapEntry BoolAssgnmnt="0" Value="true"/>
            </BoolAssgnmntBoolMapList>
        </BoolOp>
    </BoolOpList>
    <HierarchyLvlTypeList>
        <HierarchyLvlType EnglishName="package" IntrnlName="package" Intrnl_Id="5"/>
        <HierarchyLvlType EnglishName="method" IntrnlName="method" Intrnl_Id="6"/>
        <HierarchyLvlType EnglishName="class" IntrnlName="class" Intrnl_Id="7"/>
        <HierarchyLvlType EnglishName="default package" IntrnlName="default package" Intrnl_Id="8"/>
    </HierarchyLvlTypeList>
    <MASTRoot>
        <HierarchyLvl HierarchyLvlId="102" HierarchyLvlTypeId="8" Intrnl_Id="9" Name="default package">
            <Header/>
            <LocList/>
            <HierarchyLvl HierarchyLvlId="101" HierarchyLvlTypeId="5" Intrnl_Id="10" Name="login">
                <Header/>
                <LocList/>
                <HierarchyLvl HierarchyLvlId="100" HierarchyLvlTypeId="7" Intrnl_Id="11" Name="LoginActions">
                    <Header>
                        <Loc EndOffset="97" SrcFileId="1" StartOffset="72"/>
                    </Header>
                    <LocList>
                        <Loc EndOffset="1728" SrcFileId="1" StartOffset="72"/>
                    </LocList>
                    <HierarchyLvl HierarchyLvlId="98" HierarchyLvlTypeId="6" Intrnl_Id="12" Name="LoginActions">
                        <Header>
                            <Loc EndOffset="175" SrcFileId="1" StartOffset="133"/>
                        </Header>
                        <LocList>
                            <Loc EndOffset="221" SrcFileId="1" StartOffset="133"/>
                        </LocList>
                        <StmntSeq Intrnl_Id="13">
                            <LocList>
                                <Loc EndOffset="213" SrcFileId="1" StartOffset="184"/>
                            </LocList>
                            <BasicStmnt CovItemId="S1" CovItemPrefix="login.LoginActions.java" Intrnl_Id="14">
                                <LocList>
                                    <Loc EndOffset="213" SrcFileId="1" StartOffset="184"/>
                                </LocList>
                            </BasicStmnt>
                        </StmntSeq>
                    </HierarchyLvl>
                    <HierarchyLvl HierarchyLvlId="99" HierarchyLvlTypeId="6" Intrnl_Id="15" Name="loginButtonAction">
                        <Header>
                            <Loc EndOffset="251" SrcFileId="1" StartOffset="227"/>
                        </Header>
                        <LocList>
                            <Loc EndOffset="1723" SrcFileId="1" StartOffset="227"/>
                        </LocList>
                        <StmntSeq Intrnl_Id="16">
                            <LocList>
                                <Loc EndOffset="324" SrcFileId="1" StartOffset="261"/>
                                <Loc EndOffset="405" SrcFileId="1" StartOffset="328"/>
                                <Loc EndOffset="1715" SrcFileId="1" StartOffset="449"/>
                            </LocList>
                            <BasicStmnt CovItemId="S2" CovItemPrefix="login.LoginActions.java" Intrnl_Id="17">
                                <LocList>
                                    <Loc EndOffset="324" SrcFileId="1" StartOffset="261"/>
                                </LocList>
                            </BasicStmnt>
                            <BasicStmnt CovItemId="S3" CovItemPrefix="login.LoginActions.java" Intrnl_Id="18">
                                <LocList>
                                    <Loc EndOffset="405" SrcFileId="1" StartOffset="328"/>
                                </LocList>
                            </BasicStmnt>
                            <CondStmnt CovItemId="S4" CovItemPrefix="login.LoginActions.java" Intrnl_Id="19">
                                <Branch CovItemId="B1" CovItemPrefix="login.LoginActions.java" Implct="false" Intrnl_Id="20">
                                    <Cond/>
                                    <LocList>
                                        <Loc EndOffset="1072" SrcFileId="1" StartOffset="693"/>
                                    </LocList>
                                    <StmntSeq Intrnl_Id="21">
                                        <LocList>
                                            <Loc EndOffset="755" SrcFileId="1" StartOffset="704"/>
                                            <Loc EndOffset="812" SrcFileId="1" StartOffset="760"/>
                                            <Loc EndOffset="916" SrcFileId="1" StartOffset="860"/>
                                            <Loc EndOffset="942" SrcFileId="1" StartOffset="921"/>
                                            <Loc EndOffset="1062" SrcFileId="1" StartOffset="967"/>
                                        </LocList>
                                        <BasicStmnt CovItemId="S5" CovItemPrefix="login.LoginActions.java" Intrnl_Id="22">
                                            <LocList>
                                                <Loc EndOffset="755" SrcFileId="1" StartOffset="704"/>
                                            </LocList>
                                        </BasicStmnt>
                                        <BasicStmnt CovItemId="S6" CovItemPrefix="login.LoginActions.java" Intrnl_Id="23">
                                            <LocList>
                                                <Loc EndOffset="812" SrcFileId="1" StartOffset="760"/>
                                            </LocList>
                                        </BasicStmnt>
                                        <BasicStmnt CovItemId="S7" CovItemPrefix="login.LoginActions.java" Intrnl_Id="24">
                                            <LocList>
                                                <Loc EndOffset="916" SrcFileId="1" StartOffset="860"/>
                                            </LocList>
                                        </BasicStmnt>
                                        <BasicStmnt CovItemId="S8" CovItemPrefix="login.LoginActions.java" Intrnl_Id="25">
                                            <LocList>
                                                <Loc EndOffset="942" SrcFileId="1" StartOffset="921"/>
                                            </LocList>
                                        </BasicStmnt>
                                        <BasicStmnt CovItemId="S9" CovItemPrefix="login.LoginActions.java" Intrnl_Id="26">
                                            <LocList>
                                                <Loc EndOffset="1062" SrcFileId="1" StartOffset="967"/>
                                            </LocList>
                                        </BasicStmnt>
                                    </StmntSeq>
                                </Branch>
                                <Branch CovItemId="B2" CovItemPrefix="login.LoginActions.java" Implct="false" Intrnl_Id="27">
                                    <Cond>
                                        <Loc EndOffset="1084" SrcFileId="1" StartOffset="1080"/>
                                    </Cond>
                                    <LocList>
                                        <Loc EndOffset="1715" SrcFileId="1" StartOffset="1085"/>
                                    </LocList>
                                    <StmntSeq Intrnl_Id="28">
                                        <LocList>
                                            <Loc EndOffset="1715" SrcFileId="1" StartOffset="1085"/>
                                        </LocList>
                                        <CondStmnt CovItemId="S10" CovItemPrefix="login.LoginActions.java" Intrnl_Id="29">
                                            <Branch CovItemId="B3" CovItemPrefix="login.LoginActions.java" Implct="false" Intrnl_Id="30">
                                                <Cond/>
                                                <LocList>
                                                    <Loc EndOffset="1456" SrcFileId="1" StartOffset="1331"/>
                                                </LocList>
                                                <StmntSeq Intrnl_Id="31">
                                                    <LocList>
                                                        <Loc EndOffset="1391" SrcFileId="1" StartOffset="1342"/>
                                                        <Loc EndOffset="1446" SrcFileId="1" StartOffset="1396"/>
                                                    </LocList>
                                                    <BasicStmnt CovItemId="S11" CovItemPrefix="login.LoginActions.java" Intrnl_Id="32">
                                                        <LocList>
                                                            <Loc EndOffset="1391" SrcFileId="1" StartOffset="1342"/>
                                                        </LocList>
                                                    </BasicStmnt>
                                                    <BasicStmnt CovItemId="S12" CovItemPrefix="login.LoginActions.java" Intrnl_Id="33">
                                                        <LocList>
                                                            <Loc EndOffset="1446" SrcFileId="1" StartOffset="1396"/>
                                                        </LocList>
                                                    </BasicStmnt>
                                                </StmntSeq>
                                            </Branch>
                                            <Branch CovItemId="B4" CovItemPrefix="login.LoginActions.java" Implct="false" Intrnl_Id="34">
                                                <Cond>
                                                    <Loc EndOffset="1468" SrcFileId="1" StartOffset="1464"/>
                                                </Cond>
                                                <LocList>
                                                    <Loc EndOffset="1715" SrcFileId="1" StartOffset="1469"/>
                                                </LocList>
                                                <StmntSeq Intrnl_Id="35">
                                                    <LocList>
                                                        <Loc EndOffset="1715" SrcFileId="1" StartOffset="1469"/>
                                                    </LocList>
                                                    <CondStmnt CovItemId="S13" CovItemPrefix="login.LoginActions.java" Intrnl_Id="36">
                                                        <Branch CovItemId="B5" CovItemPrefix="login.LoginActions.java" Implct="false" Intrnl_Id="37">
                                                            <Cond/>
                                                            <LocList>
                                                                <Loc EndOffset="1715" SrcFileId="1" StartOffset="1596"/>
                                                            </LocList>
                                                            <StmntSeq Intrnl_Id="38">
                                                                <LocList>
                                                                    <Loc EndOffset="1651" SrcFileId="1" StartOffset="1602"/>
                                                                    <Loc EndOffset="1710" SrcFileId="1" StartOffset="1656"/>
                                                                </LocList>
                                                                <BasicStmnt CovItemId="S14" CovItemPrefix="login.LoginActions.java" Intrnl_Id="39">
                                                                    <LocList>
                                                                        <Loc EndOffset="1651" SrcFileId="1" StartOffset="1602"/>
                                                                    </LocList>
                                                                </BasicStmnt>
                                                                <BasicStmnt CovItemId="S15" CovItemPrefix="login.LoginActions.java" Intrnl_Id="40">
                                                                    <LocList>
                                                                        <Loc EndOffset="1710" SrcFileId="1" StartOffset="1656"/>
                                                                    </LocList>
                                                                </BasicStmnt>
                                                            </StmntSeq>
                                                        </Branch>
                                                        <Branch CovItemId="B6" CovItemPrefix="login.LoginActions.java" Implct="true" Intrnl_Id="41">
                                                            <Cond/>
                                                            <LocList/>
                                                            <StmntSeq Intrnl_Id="42">
                                                                <LocList/>
                                                            </StmntSeq>
                                                        </Branch>
                                                        <Keyword EndOffset="1471" SrcFileId="1" StartOffset="1469"/>
                                                        <LocList>
                                                            <Loc EndOffset="1715" SrcFileId="1" StartOffset="1469"/>
                                                        </LocList>
                                                        <RootTerm CovItemId="C3" CovItemPrefix="login.LoginActions.java" Intrnl_Id="43">
                                                            <OpTerm BooleanOpId="3" Intrnl_Id="44">
                                                                <OpTerm BooleanOpId="3" Intrnl_Id="45">
                                                                    <BasicBoolTerm Intrnl_Id="46">
                                                                        <LocList>
                                                                            <Loc EndOffset="1508" SrcFileId="1" StartOffset="1473"/>
                                                                        </LocList>
                                                                    </BasicBoolTerm>
                                                                    <OpTerm BooleanOpId="4" Intrnl_Id="47">
                                                                        <BasicBoolTerm Intrnl_Id="48">
                                                                            <LocList>
                                                                                <Loc EndOffset="1564" SrcFileId="1" StartOffset="1519"/>
                                                                            </LocList>
                                                                        </BasicBoolTerm>
                                                                        <LocList>
                                                                            <Loc EndOffset="1518" SrcFileId="1" StartOffset="1517"/>
                                                                        </LocList>
                                                                    </OpTerm>
                                                                    <LocList>
                                                                        <Loc EndOffset="1511" SrcFileId="1" StartOffset="1509"/>
                                                                    </LocList>
                                                                </OpTerm>
                                                                <OpTerm BooleanOpId="4" Intrnl_Id="49">
                                                                    <BasicBoolTerm Intrnl_Id="50">
                                                                        <LocList>
                                                                            <Loc EndOffset="1593" SrcFileId="1" StartOffset="1571"/>
                                                                        </LocList>
                                                                    </BasicBoolTerm>
                                                                    <LocList>
                                                                        <Loc EndOffset="1570" SrcFileId="1" StartOffset="1569"/>
                                                                    </LocList>
                                                                </OpTerm>
                                                                <LocList>
                                                                    <Loc EndOffset="1568" SrcFileId="1" StartOffset="1566"/>
                                                                </LocList>
                                                            </OpTerm>
                                                        </RootTerm>
                                                    </CondStmnt>
                                                </StmntSeq>
                                            </Branch>
                                            <Keyword EndOffset="1087" SrcFileId="1" StartOffset="1085"/>
                                            <LocList>
                                                <Loc EndOffset="1715" SrcFileId="1" StartOffset="1085"/>
                                            </LocList>
                                            <RootTerm CovItemId="C2" CovItemPrefix="login.LoginActions.java" Intrnl_Id="51">
                                                <OpTerm BooleanOpId="2" Intrnl_Id="52">
                                                    <OpTerm BooleanOpId="4" Intrnl_Id="53">
                                                        <BasicBoolTerm Intrnl_Id="54">
                                                            <LocList>
                                                                <Loc EndOffset="1126" SrcFileId="1" StartOffset="1091"/>
                                                            </LocList>
                                                        </BasicBoolTerm>
                                                        <LocList>
                                                            <Loc EndOffset="1090" SrcFileId="1" StartOffset="1089"/>
                                                        </LocList>
                                                    </OpTerm>
                                                    <OpTerm BooleanOpId="3" Intrnl_Id="55">
                                                        <OpTerm BooleanOpId="2" Intrnl_Id="56">
                                                            <BasicBoolTerm Intrnl_Id="57">
                                                                <LocList>
                                                                    <Loc EndOffset="1183" SrcFileId="1" StartOffset="1138"/>
                                                                </LocList>
                                                            </BasicBoolTerm>
                                                            <OpTerm BooleanOpId="4" Intrnl_Id="58">
                                                                <BasicBoolTerm Intrnl_Id="59">
                                                                    <LocList>
                                                                        <Loc EndOffset="1263" SrcFileId="1" StartOffset="1193"/>
                                                                    </LocList>
                                                                </BasicBoolTerm>
                                                                <LocList>
                                                                    <Loc EndOffset="1193" SrcFileId="1" StartOffset="1192"/>
                                                                </LocList>
                                                            </OpTerm>
                                                            <LocList>
                                                                <Loc EndOffset="1186" SrcFileId="1" StartOffset="1184"/>
                                                            </LocList>
                                                        </OpTerm>
                                                        <OpTerm BooleanOpId="2" Intrnl_Id="60">
                                                            <BasicBoolTerm Intrnl_Id="61">
                                                                <LocList>
                                                                    <Loc EndOffset="1296" SrcFileId="1" StartOffset="1274"/>
                                                                </LocList>
                                                            </BasicBoolTerm>
                                                            <OpTerm BooleanOpId="4" Intrnl_Id="62">
                                                                <BasicBoolTerm Intrnl_Id="63">
                                                                    <LocList>
                                                                        <Loc EndOffset="1326" SrcFileId="1" StartOffset="1302"/>
                                                                    </LocList>
                                                                </BasicBoolTerm>
                                                                <LocList>
                                                                    <Loc EndOffset="1301" SrcFileId="1" StartOffset="1300"/>
                                                                </LocList>
                                                            </OpTerm>
                                                            <LocList>
                                                                <Loc EndOffset="1299" SrcFileId="1" StartOffset="1297"/>
                                                            </LocList>
                                                        </OpTerm>
                                                        <LocList>
                                                            <Loc EndOffset="1272" SrcFileId="1" StartOffset="1270"/>
                                                        </LocList>
                                                    </OpTerm>
                                                    <LocList>
                                                        <Loc EndOffset="1130" SrcFileId="1" StartOffset="1128"/>
                                                    </LocList>
                                                </OpTerm>
                                            </RootTerm>
                                        </CondStmnt>
                                    </StmntSeq>
                                </Branch>
                                <Keyword EndOffset="451" SrcFileId="1" StartOffset="449"/>
                                <LocList>
                                    <Loc EndOffset="1715" SrcFileId="1" StartOffset="449"/>
                                </LocList>
                                <RootTerm CovItemId="C1" CovItemPrefix="login.LoginActions.java" Intrnl_Id="64">
                                    <OpTerm BooleanOpId="2" Intrnl_Id="65">
                                        <OpTerm BooleanOpId="4" Intrnl_Id="66">
                                            <BasicBoolTerm Intrnl_Id="67">
                                                <LocList>
                                                    <Loc EndOffset="489" SrcFileId="1" StartOffset="454"/>
                                                </LocList>
                                            </BasicBoolTerm>
                                            <LocList>
                                                <Loc EndOffset="453" SrcFileId="1" StartOffset="452"/>
                                            </LocList>
                                        </OpTerm>
                                        <OpTerm BooleanOpId="3" Intrnl_Id="68">
                                            <OpTerm BooleanOpId="2" Intrnl_Id="69">
                                                <BasicBoolTerm Intrnl_Id="70">
                                                    <LocList>
                                                        <Loc EndOffset="547" SrcFileId="1" StartOffset="502"/>
                                                    </LocList>
                                                </BasicBoolTerm>
                                                <BasicBoolTerm Intrnl_Id="71">
                                                    <LocList>
                                                        <Loc EndOffset="628" SrcFileId="1" StartOffset="558"/>
                                                    </LocList>
                                                </BasicBoolTerm>
                                                <LocList>
                                                    <Loc EndOffset="557" SrcFileId="1" StartOffset="555"/>
                                                </LocList>
                                            </OpTerm>
                                            <OpTerm BooleanOpId="2" Intrnl_Id="72">
                                                <BasicBoolTerm Intrnl_Id="73">
                                                    <LocList>
                                                        <Loc EndOffset="662" SrcFileId="1" StartOffset="640"/>
                                                    </LocList>
                                                </BasicBoolTerm>
                                                <BasicBoolTerm Intrnl_Id="74">
                                                    <LocList>
                                                        <Loc EndOffset="690" SrcFileId="1" StartOffset="666"/>
                                                    </LocList>
                                                </BasicBoolTerm>
                                                <LocList>
                                                    <Loc EndOffset="665" SrcFileId="1" StartOffset="663"/>
                                                </LocList>
                                            </OpTerm>
                                            <LocList>
                                                <Loc EndOffset="638" SrcFileId="1" StartOffset="636"/>
                                            </LocList>
                                        </OpTerm>
                                        <LocList>
                                            <Loc EndOffset="493" SrcFileId="1" StartOffset="491"/>
                                        </LocList>
                                    </OpTerm>
                                </RootTerm>
                            </CondStmnt>
                        </StmntSeq>
                    </HierarchyLvl>
                </HierarchyLvl>
            </HierarchyLvl>
        </HierarchyLvl>
    </MASTRoot>
</TestSessionContainer>
